#
# There is insufficient memory for the Java Runtime Environment to continue.
# Native memory allocation (mmap) failed to map 174063616 bytes for committing reserved memory.
# Possible reasons:
#   The system is out of physical RAM or swap space
#   In 32 bit mode, the process size limit was hit
# Possible solutions:
#   Reduce memory load on the system
#   Increase physical memory or swap space
#   Check if swap backing store is full
#   Use 64 bit Java on a 64 bit OS
#   Decrease Java heap size (-Xmx/-Xms)
#   Decrease number of Java threads
#   Decrease Java thread stack sizes (-Xss)
#   Set larger code cache with -XX:ReservedCodeCacheSize=
# This output file may be truncated or incomplete.
#
#  Out of Memory Error (os_linux.cpp:2627), pid=11918, tid=139710847072000
#
# JRE version: Java(TM) SE Runtime Environment (8.0_91-b14) (build 1.8.0_91-b14)
# Java VM: Java HotSpot(TM) 64-Bit Server VM (25.91-b14 mixed mode linux-amd64 compressed oops)
# Failed to write core dump. Core dumps have been disabled. To enable core dumping, try "ulimit -c unlimited" before starting Java again
#

---------------  T H R E A D  ---------------

Current thread (0x00007f1114078000):  VMThread [stack: 0x00007f10f7593000,0x00007f10f7694000] [id=11953]

Stack: [0x00007f10f7593000,0x00007f10f7694000],  sp=0x00007f10f76921e0,  free space=1020k
Native frames: (J=compiled Java code, j=interpreted, Vv=VM code, C=native code)
V  [libjvm.so+0xabc18a]  VMError::report_and_die()+0x2ba
V  [libjvm.so+0x4fafeb]  report_vm_out_of_memory(char const*, int, unsigned long, VMErrorType, char const*)+0x8b
V  [libjvm.so+0x91cbb3]  os::Linux::commit_memory_impl(char*, unsigned long, bool)+0x103
V  [libjvm.so+0x91d109]  os::pd_commit_memory(char*, unsigned long, unsigned long, bool)+0x29
V  [libjvm.so+0x91740a]  os::commit_memory(char*, unsigned long, unsigned long, bool)+0x2a
V  [libjvm.so+0x98b033]  PSVirtualSpace::expand_by(unsigned long)+0x53
V  [libjvm.so+0x98c438]  PSYoungGen::resize_generation(unsigned long, unsigned long)+0xf8
V  [libjvm.so+0x98b592]  PSYoungGen::resize(unsigned long, unsigned long)+0x22
V  [libjvm.so+0x98886b]  PSScavenge::invoke_no_policy()+0xf3b
V  [libjvm.so+0x988ff1]  PSScavenge::invoke()+0x41
V  [libjvm.so+0x9408b0]  ParallelScavengeHeap::failed_mem_allocate(unsigned long)+0x70
V  [libjvm.so+0xabdba7]  VM_ParallelGCFailedAllocation::doit()+0x97
V  [libjvm.so+0xac55d5]  VM_Operation::evaluate()+0x55
V  [libjvm.so+0xac39aa]  VMThread::evaluate_operation(VM_Operation*)+0xba
V  [libjvm.so+0xac3d2e]  VMThread::loop()+0x1ce
V  [libjvm.so+0xac41a0]  VMThread::run()+0x70
V  [libjvm.so+0x91ef78]  java_start(Thread*)+0x108

VM_Operation (0x00007f111cd85270): ParallelGCFailedAllocation, mode: safepoint, requested by thread 0x00007f111400a000


---------------  P R O C E S S  ---------------

Java Threads: ( => current thread )
  0x00007f1114170000 JavaThread "pool-2-thread-4" [_thread_blocked, id=12028, stack(0x00007f10f618e000,0x00007f10f628f000)]
  0x00007f111416e800 JavaThread "pool-2-thread-3" [_thread_blocked, id=12027, stack(0x00007f10f628f000,0x00007f10f6390000)]
  0x00007f111416d800 JavaThread "pool-2-thread-2" [_thread_blocked, id=12026, stack(0x00007f10f6390000,0x00007f10f6491000)]
  0x00007f1114169800 JavaThread "pool-3-thread-1" [_thread_blocked, id=12021, stack(0x00007f10f6491000,0x00007f10f6592000)]
  0x00007f1114167800 JavaThread "pool-2-thread-1" [_thread_blocked, id=12020, stack(0x00007f10f6592000,0x00007f10f6693000)]
  0x00007f11140ca800 JavaThread "Service Thread" daemon [_thread_blocked, id=11979, stack(0x00007f10f67aa000,0x00007f10f68ab000)]
  0x00007f11140bd000 JavaThread "C1 CompilerThread2" daemon [_thread_blocked, id=11968, stack(0x00007f10f68ab000,0x00007f10f69ac000)]
  0x00007f11140bb800 JavaThread "C2 CompilerThread1" daemon [_thread_blocked, id=11967, stack(0x00007f10f69ac000,0x00007f10f6aad000)]
  0x00007f11140b8800 JavaThread "C2 CompilerThread0" daemon [_thread_blocked, id=11966, stack(0x00007f10f6aad000,0x00007f10f6bae000)]
  0x00007f11140b7000 JavaThread "Signal Dispatcher" daemon [_thread_blocked, id=11965, stack(0x00007f10f6bae000,0x00007f10f6caf000)]
  0x00007f1114084000 JavaThread "Finalizer" daemon [_thread_blocked, id=11964, stack(0x00007f10f7391000,0x00007f10f7492000)]
  0x00007f111407f800 JavaThread "Reference Handler" daemon [_thread_blocked, id=11958, stack(0x00007f10f7492000,0x00007f10f7593000)]
  0x00007f111400a000 JavaThread "main" [_thread_blocked, id=11934, stack(0x00007f111cc87000,0x00007f111cd88000)]

Other Threads:
=>0x00007f1114078000 VMThread [stack: 0x00007f10f7593000,0x00007f10f7694000] [id=11953]
  0x00007f11140cd000 WatcherThread [stack: 0x00007f10f66a9000,0x00007f10f67aa000] [id=11984]

VM state:at safepoint (normal execution)

VM Mutex/Monitor currently owned by a thread:  ([mutex/lock_event])
[0x00007f11140065b0] Threads_lock - owner thread: 0x00007f1114078000
[0x00007f1114006ab0] Heap_lock - owner thread: 0x00007f111400a000

Heap:
 PSYoungGen      total 132096K, used 5108K [0x000000076ab00000, 0x0000000773100000, 0x00000007c0000000)
  eden space 126976K, 0% used [0x000000076ab00000,0x000000076ab00000,0x0000000772700000)
  from space 5120K, 99% used [0x0000000772700000,0x0000000772bfd3b8,0x0000000772c00000)
  to   space 5120K, 0% used [0x0000000772c00000,0x0000000772c00000,0x0000000773100000)
 ParOldGen       total 84992K, used 40642K [0x00000006c0000000, 0x00000006c5300000, 0x000000076ab00000)
  object space 84992K, 47% used [0x00000006c0000000,0x00000006c27b0b40,0x00000006c5300000)
 Metaspace       used 6341K, capacity 7192K, committed 7424K, reserved 1056768K
  class space    used 614K, capacity 656K, committed 768K, reserved 1048576K

Card table byte_map: [0x00007f1119249000,0x00007f1119a4a000] byte_map_base: 0x00007f1115c49000

Marking Bits: (ParMarkBitMap*) 0x00007f111c15fd60
 Begin Bits: [0x00007f10e8000000, 0x00007f10ec000000)
 End Bits:   [0x00007f10ec000000, 0x00007f10f0000000)

Polling page: 0x00007f111cda8000

CodeCache: size=245760Kb used=6652Kb max_used=6652Kb free=239107Kb
 bounds [0x00007f1105000000, 0x00007f1105690000, 0x00007f1114000000]
 total_blobs=2126 nmethods=1857 adapters=182
 compilation: enabled

Compilation events (10 events):
Event: 6.354 Thread 0x00007f11140bd000 2120       2       com.android.dx.rop.cst.CstMemberRef::hashCode (19 bytes)
Event: 6.355 Thread 0x00007f11140bd000 nmethod 2120 0x00007f110566f590 code [0x00007f110566f720, 0x00007f110566f968]
Event: 6.355 Thread 0x00007f11140bd000 2121       2       com.android.dx.rop.cst.CstNat::hashCode (19 bytes)
Event: 6.355 Thread 0x00007f11140bd000 nmethod 2121 0x00007f110566f0d0 code [0x00007f110566f240, 0x00007f110566f418]
Event: 6.355 Thread 0x00007f11140bd000 2115       2       java.util.concurrent.locks.AbstractQueuedSynchronizer::isOnSyncQueue (33 bytes)
Event: 6.355 Thread 0x00007f11140bd000 nmethod 2115 0x00007f110566ec10 code [0x00007f110566ed80, 0x00007f110566efb0]
Event: 6.362 Thread 0x00007f11140bd000 2124   !   2       java.util.concurrent.ArrayBlockingQueue::take (46 bytes)
Event: 6.363 Thread 0x00007f11140bd000 nmethod 2124 0x00007f1105683550 code [0x00007f1105683720, 0x00007f1105683b58]
Event: 6.363 Thread 0x00007f11140bd000 2122       2       com.android.dx.rop.cst.CstLong::getType (4 bytes)
Event: 6.363 Thread 0x00007f11140bd000 nmethod 2122 0x00007f110566e8d0 code [0x00007f110566ea20, 0x00007f110566eb70]

GC Heap History (9 events):
Event: 1.150 GC heap before
{Heap before GC invocations=1 (full 0):
 PSYoungGen      total 36864K, used 31744K [0x000000076ab00000, 0x000000076d400000, 0x00000007c0000000)
  eden space 31744K, 100% used [0x000000076ab00000,0x000000076ca00000,0x000000076ca00000)
  from space 5120K, 0% used [0x000000076cf00000,0x000000076cf00000,0x000000076d400000)
  to   space 5120K, 0% used [0x000000076ca00000,0x000000076ca00000,0x000000076cf00000)
 ParOldGen       total 84992K, used 0K [0x00000006c0000000, 0x00000006c5300000, 0x000000076ab00000)
  object space 84992K, 0% used [0x00000006c0000000,0x00000006c0000000,0x00000006c5300000)
 Metaspace       used 5724K, capacity 6704K, committed 6784K, reserved 1056768K
  class space    used 590K, capacity 616K, committed 640K, reserved 1048576K
Event: 1.164 GC heap after
Heap after GC invocations=1 (full 0):
 PSYoungGen      total 36864K, used 5080K [0x000000076ab00000, 0x000000076f300000, 0x00000007c0000000)
  eden space 31744K, 0% used [0x000000076ab00000,0x000000076ab00000,0x000000076ca00000)
  from space 5120K, 99% used [0x000000076ca00000,0x000000076cef62f8,0x000000076cf00000)
  to   space 5120K, 0% used [0x000000076ee00000,0x000000076ee00000,0x000000076f300000)
 ParOldGen       total 84992K, used 8K [0x00000006c0000000, 0x00000006c5300000, 0x000000076ab00000)
  object space 84992K, 0% used [0x00000006c0000000,0x00000006c0002000,0x00000006c5300000)
 Metaspace       used 5724K, capacity 6704K, committed 6784K, reserved 1056768K
  class space    used 590K, capacity 616K, committed 640K, reserved 1048576K
}
Event: 2.238 GC heap before
{Heap before GC invocations=2 (full 0):
 PSYoungGen      total 36864K, used 36824K [0x000000076ab00000, 0x000000076f300000, 0x00000007c0000000)
  eden space 31744K, 100% used [0x000000076ab00000,0x000000076ca00000,0x000000076ca00000)
  from space 5120K, 99% used [0x000000076ca00000,0x000000076cef62f8,0x000000076cf00000)
  to   space 5120K, 0% used [0x000000076ee00000,0x000000076ee00000,0x000000076f300000)
 ParOldGen       total 84992K, used 8K [0x00000006c0000000, 0x00000006c5300000, 0x000000076ab00000)
  object space 84992K, 0% used [0x00000006c0000000,0x00000006c0002000,0x00000006c5300000)
 Metaspace       used 5884K, capacity 6832K, committed 7040K, reserved 1056768K
  class space    used 592K, capacity 616K, committed 640K, reserved 1048576K
Event: 2.301 GC heap after
Heap after GC invocations=2 (full 0):
 PSYoungGen      total 68608K, used 5101K [0x000000076ab00000, 0x000000076f300000, 0x00000007c0000000)
  eden space 63488K, 0% used [0x000000076ab00000,0x000000076ab00000,0x000000076e900000)
  from space 5120K, 99% used [0x000000076ee00000,0x000000076f2fb698,0x000000076f300000)
  to   space 5120K, 0% used [0x000000076e900000,0x000000076e900000,0x000000076ee00000)
 ParOldGen       total 84992K, used 3068K [0x00000006c0000000, 0x00000006c5300000, 0x000000076ab00000)
  object space 84992K, 3% used [0x00000006c0000000,0x00000006c02ff3e8,0x00000006c5300000)
 Metaspace       used 5884K, capacity 6832K, committed 7040K, reserved 1056768K
  class space    used 592K, capacity 616K, committed 640K, reserved 1048576K
}
Event: 3.440 GC heap before
{Heap before GC invocations=3 (full 0):
 PSYoungGen      total 68608K, used 68589K [0x000000076ab00000, 0x000000076f300000, 0x00000007c0000000)
  eden space 63488K, 100% used [0x000000076ab00000,0x000000076e900000,0x000000076e900000)
  from space 5120K, 99% used [0x000000076ee00000,0x000000076f2fb698,0x000000076f300000)
  to   space 5120K, 0% used [0x000000076e900000,0x000000076e900000,0x000000076ee00000)
 ParOldGen       total 84992K, used 3068K [0x00000006c0000000, 0x00000006c5300000, 0x000000076ab00000)
  object space 84992K, 3% used [0x00000006c0000000,0x00000006c02ff3e8,0x00000006c5300000)
 Metaspace       used 5962K, capacity 6896K, committed 7040K, reserved 1056768K
  class space    used 594K, capacity 616K, committed 640K, reserved 1048576K
Event: 3.550 GC heap after
Heap after GC invocations=3 (full 0):
 PSYoungGen      total 68608K, used 5092K [0x000000076ab00000, 0x0000000773100000, 0x00000007c0000000)
  eden space 63488K, 0% used [0x000000076ab00000,0x000000076ab00000,0x000000076e900000)
  from space 5120K, 99% used [0x000000076e900000,0x000000076edf9080,0x000000076ee00000)
  to   space 5120K, 0% used [0x0000000772c00000,0x0000000772c00000,0x0000000773100000)
 ParOldGen       total 84992K, used 12056K [0x00000006c0000000, 0x00000006c5300000, 0x000000076ab00000)
  object space 84992K, 14% used [0x00000006c0000000,0x00000006c0bc6388,0x00000006c5300000)
 Metaspace       used 5962K, capacity 6896K, committed 7040K, reserved 1056768K
  class space    used 594K, capacity 616K, committed 640K, reserved 1048576K
}
Event: 4.527 GC heap before
{Heap before GC invocations=4 (full 0):
 PSYoungGen      total 68608K, used 68580K [0x000000076ab00000, 0x0000000773100000, 0x00000007c0000000)
  eden space 63488K, 100% used [0x000000076ab00000,0x000000076e900000,0x000000076e900000)
  from space 5120K, 99% used [0x000000076e900000,0x000000076edf9080,0x000000076ee00000)
  to   space 5120K, 0% used [0x0000000772c00000,0x0000000772c00000,0x0000000773100000)
 ParOldGen       total 84992K, used 12056K [0x00000006c0000000, 0x00000006c5300000, 0x000000076ab00000)
  object space 84992K, 14% used [0x00000006c0000000,0x00000006c0bc6388,0x00000006c5300000)
 Metaspace       used 6033K, capacity 6960K, committed 7040K, reserved 1056768K
  class space    used 594K, capacity 616K, committed 640K, reserved 1048576K
Event: 4.706 GC heap after
Heap after GC invocations=4 (full 0):
 PSYoungGen      total 132096K, used 5092K [0x000000076ab00000, 0x0000000773100000, 0x00000007c0000000)
  eden space 126976K, 0% used [0x000000076ab00000,0x000000076ab00000,0x0000000772700000)
  from space 5120K, 99% used [0x0000000772c00000,0x00000007730f9080,0x0000000773100000)
  to   space 5120K, 0% used [0x0000000772700000,0x0000000772700000,0x0000000772c00000)
 ParOldGen       total 84992K, used 21159K [0x00000006c0000000, 0x00000006c5300000, 0x000000076ab00000)
  object space 84992K, 24% used [0x00000006c0000000,0x00000006c14a9d98,0x00000006c5300000)
 Metaspace       used 6033K, capacity 6960K, committed 7040K, reserved 1056768K
  class space    used 594K, capacity 616K, committed 640K, reserved 1048576K
}
Event: 6.380 GC heap before
{Heap before GC invocations=5 (full 0):
 PSYoungGen      total 132096K, used 132068K [0x000000076ab00000, 0x0000000773100000, 0x00000007c0000000)
  eden space 126976K, 100% used [0x000000076ab00000,0x0000000772700000,0x0000000772700000)
  from space 5120K, 99% used [0x0000000772c00000,0x00000007730f9080,0x0000000773100000)
  to   space 5120K, 0% used [0x0000000772700000,0x0000000772700000,0x0000000772c00000)
 ParOldGen       total 84992K, used 21159K [0x00000006c0000000, 0x00000006c5300000, 0x000000076ab00000)
  object space 84992K, 24% used [0x00000006c0000000,0x00000006c14a9d98,0x00000006c5300000)
 Metaspace       used 6341K, capacity 7192K, committed 7424K, reserved 1056768K
  class space    used 614K, capacity 656K, committed 768K, reserved 1048576K

Deoptimization events (10 events):
Event: 2.706 Thread 0x00007f111416e800 Uncommon trap: reason=bimorphic action=maybe_recompile pc=0x00007f110524e83c method=java.util.HashMap.getNode(ILjava/lang/Object;)Ljava/util/HashMap$Node; @ 126
Event: 2.706 Thread 0x00007f111416e800 Uncommon trap: reason=bimorphic action=maybe_recompile pc=0x00007f110524e83c method=java.util.HashMap.getNode(ILjava/lang/Object;)Ljava/util/HashMap$Node; @ 126
Event: 2.706 Thread 0x00007f111416e800 Uncommon trap: reason=class_check action=maybe_recompile pc=0x00007f11053a4350 method=java.util.HashMap.putVal(ILjava/lang/Object;Ljava/lang/Object;ZZ)Ljava/lang/Object; @ 203
Event: 2.706 Thread 0x00007f111416e800 Uncommon trap: reason=bimorphic action=maybe_recompile pc=0x00007f110524b174 method=java.util.HashMap.getNode(ILjava/lang/Object;)Ljava/util/HashMap$Node; @ 126
Event: 4.377 Thread 0x00007f111416e800 Uncommon trap: reason=unstable_if action=reinterpret pc=0x00007f11054c2b14 method=com.android.dx.ssa.SCCP.simulateStmt(Lcom/android/dx/ssa/SsaInsn;)V @ 53
Event: 4.421 Thread 0x00007f111416e800 Uncommon trap: reason=class_check action=maybe_recompile pc=0x00007f11053a4350 method=java.util.HashMap.putVal(ILjava/lang/Object;Ljava/lang/Object;ZZ)Ljava/lang/Object; @ 203
Event: 5.093 Thread 0x00007f111416e800 Uncommon trap: reason=unstable_if action=reinterpret pc=0x00007f11055663e8 method=com.android.dx.rop.code.LocalItem.compareHandlesNulls(Lcom/android/dx/rop/cst/CstString;Lcom/android/dx/rop/cst/CstString;)I @ 14
Event: 5.914 Thread 0x00007f111400a000 Uncommon trap: reason=unstable_if action=reinterpret pc=0x00007f110529db84 method=java.util.HashMap.putVal(ILjava/lang/Object;Ljava/lang/Object;ZZ)Ljava/lang/Object; @ 162
Event: 5.948 Thread 0x00007f111400a000 Uncommon trap: reason=unstable_if action=reinterpret pc=0x00007f110540c99c method=java.util.HashMap.getNode(ILjava/lang/Object;)Ljava/util/HashMap$Node; @ 84
Event: 6.342 Thread 0x00007f1114170000 Uncommon trap: reason=unstable_if action=reinterpret pc=0x00007f1105679530 method=com.android.dx.ssa.SsaRenamer$BlockRenamer.visitMoveInsn(Lcom/android/dx/ssa/NormalSsaInsn;)V @ 104

Internal exceptions (6 events):
Event: 0.070 Thread 0x00007f111400a000 Exception <a 'java/lang/NoSuchMethodError': Method sun.misc.Unsafe.defineClass(Ljava/lang/String;[BII)Ljava/lang/Class; name or signature does not match> (0x000000076ab07cc0) thrown at [/HUDSON/workspace/8-2-build-linux-amd64/jdk8u91/6644/hotspot/src/shar
Event: 0.070 Thread 0x00007f111400a000 Exception <a 'java/lang/NoSuchMethodError': Method sun.misc.Unsafe.prefetchRead(Ljava/lang/Object;J)V name or signature does not match> (0x000000076ab07fa8) thrown at [/HUDSON/workspace/8-2-build-linux-amd64/jdk8u91/6644/hotspot/src/share/vm/prims/jni.cpp
Event: 5.093 Thread 0x00007f111416e800 Implicit null exception at 0x00007f11055650eb to 0x00007f11055663bd
Event: 5.944 Thread 0x00007f111400a000 Exception <a 'java/lang/ArrayIndexOutOfBoundsException': 18> (0x00000007708f0c88) thrown at [/HUDSON/workspace/8-2-build-linux-amd64/jdk8u91/6644/hotspot/src/share/vm/interpreter/interpreterRuntime.cpp, line 366]
Event: 5.945 Thread 0x00007f111400a000 Exception <a 'java/lang/ArrayIndexOutOfBoundsException': 145> (0x00000007708f2808) thrown at [/HUDSON/workspace/8-2-build-linux-amd64/jdk8u91/6644/hotspot/src/share/vm/interpreter/interpreterRuntime.cpp, line 366]
Event: 5.946 Thread 0x00007f111400a000 Exception <a 'java/lang/ArrayIndexOutOfBoundsException'> (0x00000007708f3af0) thrown at [/HUDSON/workspace/8-2-build-linux-amd64/jdk8u91/6644/hotspot/src/share/vm/runtime/sharedRuntime.cpp, line 605]

Events (10 events):
Event: 6.162 Thread 0x00007f111400a000 DEOPT PACKING pc=0x00007f11052bacf2 sp=0x00007f111cd85610
Event: 6.162 Thread 0x00007f111400a000 DEOPT UNPACKING pc=0x00007f1105047633 sp=0x00007f111cd85410 mode 0
Event: 6.177 Thread 0x00007f111400a000 DEOPT PACKING pc=0x00007f11053b88b4 sp=0x00007f111cd85800
Event: 6.177 Thread 0x00007f111400a000 DEOPT UNPACKING pc=0x00007f1105047633 sp=0x00007f111cd85500 mode 0
Event: 6.291 Thread 0x00007f111400a000 DEOPT PACKING pc=0x00007f110524971b sp=0x00007f111cd857d0
Event: 6.291 Thread 0x00007f111400a000 DEOPT UNPACKING pc=0x00007f1105047633 sp=0x00007f111cd85548 mode 0
Event: 6.342 Thread 0x00007f1114170000 Uncommon trap: trap_request=0xffffff65 fr.pc=0x00007f1105679530
Event: 6.342 Thread 0x00007f1114170000 DEOPT PACKING pc=0x00007f1105679530 sp=0x00007f10f628cb60
Event: 6.342 Thread 0x00007f1114170000 DEOPT UNPACKING pc=0x00007f1105005229 sp=0x00007f10f628ca00 mode 2
Event: 6.367 Executing VM operation: ParallelGCFailedAllocation


Dynamic libraries:
00400000-00401000 r-xp 00000000 08:01 1454135                            /usr/lib/jvm/java-8-oracle/bin/java
00600000-00601000 rw-p 00000000 08:01 1454135                            /usr/lib/jvm/java-8-oracle/bin/java
00d11000-00d32000 rw-p 00000000 00:00 0                                  [heap]
6c0000000-6c5300000 rw-p 00000000 00:00 0 
6c5300000-76ab00000 ---p 00000000 00:00 0 
76ab00000-773100000 rw-p 00000000 00:00 0 
77d700000-7c0000000 ---p 00000000 00:00 0 
7c0000000-7c00c0000 rw-p 00000000 00:00 0 
7c00c0000-800000000 ---p 00000000 00:00 0 
7f10b0000000-7f10b0021000 rw-p 00000000 00:00 0 
7f10b0021000-7f10b4000000 ---p 00000000 00:00 0 
7f10b4000000-7f10b4021000 rw-p 00000000 00:00 0 
7f10b4021000-7f10b8000000 ---p 00000000 00:00 0 
7f10b8000000-7f10b8021000 rw-p 00000000 00:00 0 
7f10b8021000-7f10bc000000 ---p 00000000 00:00 0 
7f10bc000000-7f10bc02e000 rw-p 00000000 00:00 0 
7f10bc02e000-7f10c0000000 ---p 00000000 00:00 0 
7f10c0000000-7f10c0021000 rw-p 00000000 00:00 0 
7f10c0021000-7f10c4000000 ---p 00000000 00:00 0 
7f10c4000000-7f10c4035000 rw-p 00000000 00:00 0 
7f10c4035000-7f10c8000000 ---p 00000000 00:00 0 
7f10c8000000-7f10c87dd000 rw-p 00000000 00:00 0 
7f10c87dd000-7f10cc000000 ---p 00000000 00:00 0 
7f10cc000000-7f10cc021000 rw-p 00000000 00:00 0 
7f10cc021000-7f10d0000000 ---p 00000000 00:00 0 
7f10d0000000-7f10d0740000 rw-p 00000000 00:00 0 
7f10d0740000-7f10d4000000 ---p 00000000 00:00 0 
7f10d4000000-7f10d478c000 rw-p 00000000 00:00 0 
7f10d478c000-7f10d8000000 ---p 00000000 00:00 0 
7f10d8000000-7f10d8021000 rw-p 00000000 00:00 0 
7f10d8021000-7f10dc000000 ---p 00000000 00:00 0 
7f10dc000000-7f10dc021000 rw-p 00000000 00:00 0 
7f10dc021000-7f10e0000000 ---p 00000000 00:00 0 
7f10e0000000-7f10e028c000 rw-p 00000000 00:00 0 
7f10e028c000-7f10e4000000 ---p 00000000 00:00 0 
7f10e4000000-7f10e4021000 rw-p 00000000 00:00 0 
7f10e4021000-7f10e8000000 ---p 00000000 00:00 0 
7f10e8000000-7f10f0000000 rw-p 00000000 00:00 0 
7f10f0000000-7f10f0021000 rw-p 00000000 00:00 0 
7f10f0021000-7f10f4000000 ---p 00000000 00:00 0 
7f10f618e000-7f10f6191000 ---p 00000000 00:00 0 
7f10f6191000-7f10f628f000 rw-p 00000000 00:00 0 
7f10f628f000-7f10f6292000 ---p 00000000 00:00 0 
7f10f6292000-7f10f6390000 rw-p 00000000 00:00 0 
7f10f6390000-7f10f6393000 ---p 00000000 00:00 0 
7f10f6393000-7f10f6491000 rw-p 00000000 00:00 0 
7f10f6491000-7f10f6494000 ---p 00000000 00:00 0 
7f10f6494000-7f10f6592000 rw-p 00000000 00:00 0 
7f10f6592000-7f10f6595000 ---p 00000000 00:00 0 
7f10f6595000-7f10f6693000 rw-p 00000000 00:00 0 
7f10f6693000-7f10f66a9000 r--s 000f1000 08:05 4341394                    /home/onmymobile/AndroidStudioProjects/Heritage/SmsCapture (2)/app/build/intermediates/exploded-aar/com.android.support/support-v4/23.4.0/jars/classes.jar
7f10f66a9000-7f10f66aa000 ---p 00000000 00:00 0 
7f10f66aa000-7f10f67aa000 rw-p 00000000 00:00 0 
7f10f67aa000-7f10f67ad000 ---p 00000000 00:00 0 
7f10f67ad000-7f10f68ab000 rw-p 00000000 00:00 0 
7f10f68ab000-7f10f68ae000 ---p 00000000 00:00 0 
7f10f68ae000-7f10f69ac000 rw-p 00000000 00:00 0 
7f10f69ac000-7f10f69af000 ---p 00000000 00:00 0 
7f10f69af000-7f10f6aad000 rw-p 00000000 00:00 0 
7f10f6aad000-7f10f6ab0000 ---p 00000000 00:00 0 
7f10f6ab0000-7f10f6bae000 rw-p 00000000 00:00 0 
7f10f6bae000-7f10f6bb1000 ---p 00000000 00:00 0 
7f10f6bb1000-7f10f6caf000 rw-p 00000000 00:00 0 
7f10f6caf000-7f10f7391000 r--p 00000000 08:01 1448881                    /usr/lib/locale/locale-archive
7f10f7391000-7f10f7394000 ---p 00000000 00:00 0 
7f10f7394000-7f10f7492000 rw-p 00000000 00:00 0 
7f10f7492000-7f10f7495000 ---p 00000000 00:00 0 
7f10f7495000-7f10f7593000 rw-p 00000000 00:00 0 
7f10f7593000-7f10f7594000 ---p 00000000 00:00 0 
7f10f7594000-7f10f8000000 rw-p 00000000 00:00 0 
7f10f8000000-7f10f8021000 rw-p 00000000 00:00 0 
7f10f8021000-7f10fc000000 ---p 00000000 00:00 0 
7f10fc000000-7f10fc021000 rw-p 00000000 00:00 0 
7f10fc021000-7f1100000000 ---p 00000000 00:00 0 
7f1100000000-7f1100021000 rw-p 00000000 00:00 0 
7f1100021000-7f1104000000 ---p 00000000 00:00 0 
7f1104000000-7f1104627000 rw-p 00000000 00:00 0 
7f1104627000-7f1104800000 r--s 03d1f000 08:01 1452558                    /usr/lib/jvm/java-8-oracle/jre/lib/rt.jar
7f1104800000-7f1104e80000 rw-p 00000000 00:00 0 
7f1104e80000-7f1105000000 ---p 00000000 00:00 0 
7f1105000000-7f1105690000 rwxp 00000000 00:00 0 
7f1105690000-7f1114000000 ---p 00000000 00:00 0 
7f1114000000-7f1114398000 rw-p 00000000 00:00 0 
7f1114398000-7f1118000000 ---p 00000000 00:00 0 
7f1118009000-7f11188ef000 rw-p 00000000 00:00 0 
7f11188ef000-7f11188f0000 ---p 00000000 00:00 0 
7f11188f0000-7f11189f0000 rw-p 00000000 00:00 0 
7f11189f0000-7f11189f1000 ---p 00000000 00:00 0 
7f11189f1000-7f1118af1000 rw-p 00000000 00:00 0 
7f1118af1000-7f1118af2000 ---p 00000000 00:00 0 
7f1118af2000-7f1118bf2000 rw-p 00000000 00:00 0 
7f1118bf2000-7f1118bf3000 ---p 00000000 00:00 0 
7f1118bf3000-7f1118d1d000 rw-p 00000000 00:00 0 
7f1118d1d000-7f1119249000 ---p 00000000 00:00 0 
7f1119249000-7f1119273000 rw-p 00000000 00:00 0 
7f1119273000-7f111979e000 ---p 00000000 00:00 0 
7f111979e000-7f11197e2000 rw-p 00000000 00:00 0 
7f11197e2000-7f1119a49000 ---p 00000000 00:00 0 
7f1119a49000-7f1119a65000 rw-p 00000000 00:00 0 
7f1119a65000-7f1119e0a000 ---p 00000000 00:00 0 
7f1119e0a000-7f1119e24000 r-xp 00000000 08:01 1452613                    /usr/lib/jvm/java-8-oracle/jre/lib/amd64/libzip.so
7f1119e24000-7f111a024000 ---p 0001a000 08:01 1452613                    /usr/lib/jvm/java-8-oracle/jre/lib/amd64/libzip.so
7f111a024000-7f111a025000 rw-p 0001a000 08:01 1452613                    /usr/lib/jvm/java-8-oracle/jre/lib/amd64/libzip.so
7f111a025000-7f111a02f000 r-xp 00000000 08:01 7078098                    /lib/x86_64-linux-gnu/libnss_files-2.19.so
7f111a02f000-7f111a22e000 ---p 0000a000 08:01 7078098                    /lib/x86_64-linux-gnu/libnss_files-2.19.so
7f111a22e000-7f111a22f000 r--p 00009000 08:01 7078098                    /lib/x86_64-linux-gnu/libnss_files-2.19.so
7f111a22f000-7f111a230000 rw-p 0000a000 08:01 7078098                    /lib/x86_64-linux-gnu/libnss_files-2.19.so
7f111a230000-7f111a23b000 r-xp 00000000 08:01 7078090                    /lib/x86_64-linux-gnu/libnss_nis-2.19.so
7f111a23b000-7f111a43a000 ---p 0000b000 08:01 7078090                    /lib/x86_64-linux-gnu/libnss_nis-2.19.so
7f111a43a000-7f111a43b000 r--p 0000a000 08:01 7078090                    /lib/x86_64-linux-gnu/libnss_nis-2.19.so
7f111a43b000-7f111a43c000 rw-p 0000b000 08:01 7078090                    /lib/x86_64-linux-gnu/libnss_nis-2.19.so
7f111a43c000-7f111a453000 r-xp 00000000 08:01 7078086                    /lib/x86_64-linux-gnu/libnsl-2.19.so
7f111a453000-7f111a652000 ---p 00017000 08:01 7078086                    /lib/x86_64-linux-gnu/libnsl-2.19.so
7f111a652000-7f111a653000 r--p 00016000 08:01 7078086                    /lib/x86_64-linux-gnu/libnsl-2.19.so
7f111a653000-7f111a654000 rw-p 00017000 08:01 7078086                    /lib/x86_64-linux-gnu/libnsl-2.19.so
7f111a654000-7f111a656000 rw-p 00000000 00:00 0 
7f111a656000-7f111a65f000 r-xp 00000000 08:01 7078085                    /lib/x86_64-linux-gnu/libnss_compat-2.19.so
7f111a65f000-7f111a85e000 ---p 00009000 08:01 7078085                    /lib/x86_64-linux-gnu/libnss_compat-2.19.so
7f111a85e000-7f111a85f000 r--p 00008000 08:01 7078085                    /lib/x86_64-linux-gnu/libnss_compat-2.19.so
7f111a85f000-7f111a860000 rw-p 00009000 08:01 7078085                    /lib/x86_64-linux-gnu/libnss_compat-2.19.so
7f111a860000-7f111a88a000 r-xp 00000000 08:01 1452593                    /usr/lib/jvm/java-8-oracle/jre/lib/amd64/libjava.so
7f111a88a000-7f111aa8a000 ---p 0002a000 08:01 1452593                    /usr/lib/jvm/java-8-oracle/jre/lib/amd64/libjava.so
7f111aa8a000-7f111aa8c000 rw-p 0002a000 08:01 1452593                    /usr/lib/jvm/java-8-oracle/jre/lib/amd64/libjava.so
7f111aa8c000-7f111aa99000 r-xp 00000000 08:01 1452610                    /usr/lib/jvm/java-8-oracle/jre/lib/amd64/libverify.so
7f111aa99000-7f111ac99000 ---p 0000d000 08:01 1452610                    /usr/lib/jvm/java-8-oracle/jre/lib/amd64/libverify.so
7f111ac99000-7f111ac9b000 rw-p 0000d000 08:01 1452610                    /usr/lib/jvm/java-8-oracle/jre/lib/amd64/libverify.so
7f111ac9b000-7f111aca2000 r-xp 00000000 08:01 7078094                    /lib/x86_64-linux-gnu/librt-2.19.so
7f111aca2000-7f111aea1000 ---p 00007000 08:01 7078094                    /lib/x86_64-linux-gnu/librt-2.19.so
7f111aea1000-7f111aea2000 r--p 00006000 08:01 7078094                    /lib/x86_64-linux-gnu/librt-2.19.so
7f111aea2000-7f111aea3000 rw-p 00007000 08:01 7078094                    /lib/x86_64-linux-gnu/librt-2.19.so
7f111aea3000-7f111afa8000 r-xp 00000000 08:01 7078080                    /lib/x86_64-linux-gnu/libm-2.19.so
7f111afa8000-7f111b1a7000 ---p 00105000 08:01 7078080                    /lib/x86_64-linux-gnu/libm-2.19.so
7f111b1a7000-7f111b1a8000 r--p 00104000 08:01 7078080                    /lib/x86_64-linux-gnu/libm-2.19.so
7f111b1a8000-7f111b1a9000 rw-p 00105000 08:01 7078080                    /lib/x86_64-linux-gnu/libm-2.19.so
7f111b1a9000-7f111be69000 r-xp 00000000 08:01 1452601                    /usr/lib/jvm/java-8-oracle/jre/lib/amd64/server/libjvm.so
7f111be69000-7f111c069000 ---p 00cc0000 08:01 1452601                    /usr/lib/jvm/java-8-oracle/jre/lib/amd64/server/libjvm.so
7f111c069000-7f111c141000 rw-p 00cc0000 08:01 1452601                    /usr/lib/jvm/java-8-oracle/jre/lib/amd64/server/libjvm.so
7f111c141000-7f111c18c000 rw-p 00000000 00:00 0 
7f111c18c000-7f111c346000 r-xp 00000000 08:01 7078095                    /lib/x86_64-linux-gnu/libc-2.19.so
7f111c346000-7f111c546000 ---p 001ba000 08:01 7078095                    /lib/x86_64-linux-gnu/libc-2.19.so
7f111c546000-7f111c54a000 r--p 001ba000 08:01 7078095                    /lib/x86_64-linux-gnu/libc-2.19.so
7f111c54a000-7f111c54c000 rw-p 001be000 08:01 7078095                    /lib/x86_64-linux-gnu/libc-2.19.so
7f111c54c000-7f111c551000 rw-p 00000000 00:00 0 
7f111c551000-7f111c554000 r-xp 00000000 08:01 7078082                    /lib/x86_64-linux-gnu/libdl-2.19.so
7f111c554000-7f111c753000 ---p 00003000 08:01 7078082                    /lib/x86_64-linux-gnu/libdl-2.19.so
7f111c753000-7f111c754000 r--p 00002000 08:01 7078082                    /lib/x86_64-linux-gnu/libdl-2.19.so
7f111c754000-7f111c755000 rw-p 00003000 08:01 7078082                    /lib/x86_64-linux-gnu/libdl-2.19.so
7f111c755000-7f111c76a000 r-xp 00000000 08:01 1454079                    /usr/lib/jvm/java-8-oracle/lib/amd64/jli/libjli.so
7f111c76a000-7f111c96a000 ---p 00015000 08:01 1454079                    /usr/lib/jvm/java-8-oracle/lib/amd64/jli/libjli.so
7f111c96a000-7f111c96b000 rw-p 00015000 08:01 1454079                    /usr/lib/jvm/java-8-oracle/lib/amd64/jli/libjli.so
7f111c96b000-7f111c984000 r-xp 00000000 08:01 7078087                    /lib/x86_64-linux-gnu/libpthread-2.19.so
7f111c984000-7f111cb83000 ---p 00019000 08:01 7078087                    /lib/x86_64-linux-gnu/libpthread-2.19.so
7f111cb83000-7f111cb84000 r--p 00018000 08:01 7078087                    /lib/x86_64-linux-gnu/libpthread-2.19.so
7f111cb84000-7f111cb85000 rw-p 00019000 08:01 7078087                    /lib/x86_64-linux-gnu/libpthread-2.19.so
7f111cb85000-7f111cb89000 rw-p 00000000 00:00 0 
7f111cb89000-7f111cbac000 r-xp 00000000 08:01 7078088                    /lib/x86_64-linux-gnu/ld-2.19.so
7f111cbb4000-7f111cc87000 rw-p 00000000 00:00 0 
7f111cc87000-7f111cc8a000 ---p 00000000 00:00 0 
7f111cc8a000-7f111cd8c000 rw-p 00000000 00:00 0 
7f111cd8f000-7f111cd90000 rw-p 00000000 00:00 0 
7f111cd90000-7f111cd9f000 r--s 000df000 08:05 264644                     /home/onmymobile/Android/Sdk/build-tools/23.0.3/lib/dx.jar
7f111cd9f000-7f111cda7000 rw-s 00000000 08:01 524405                     /tmp/hsperfdata_onmymobile/11918
7f111cda7000-7f111cda8000 rw-p 00000000 00:00 0 
7f111cda8000-7f111cda9000 ---p 00000000 00:00 0 
7f111cda9000-7f111cdab000 rw-p 00000000 00:00 0 
7f111cdab000-7f111cdac000 r--p 00022000 08:01 7078088                    /lib/x86_64-linux-gnu/ld-2.19.so
7f111cdac000-7f111cdad000 rw-p 00023000 08:01 7078088                    /lib/x86_64-linux-gnu/ld-2.19.so
7f111cdad000-7f111cdae000 rw-p 00000000 00:00 0 
7ffc847ae000-7ffc847cf000 rw-p 00000000 00:00 0                          [stack]
7ffc847e6000-7ffc847e8000 r--p 00000000 00:00 0                          [vvar]
7ffc847e8000-7ffc847ea000 r-xp 00000000 00:00 0                          [vdso]
ffffffffff600000-ffffffffff601000 r-xp 00000000 00:00 0                  [vsyscall]

VM Arguments:
jvm_args: -Djava.awt.headless=true -Xmx4g -Dfile.encoding=UTF-8 -Duser.country=IN -Duser.language=en -Duser.variant 
java_command: com.android.dx.command.Main --dex --force-jumbo --num-threads=4 --multi-dex --output /home/onmymobile/AndroidStudioProjects/Heritage/SmsCapture (2)/app/build/intermediates/transforms/dex/debug/folders/1000/10/com.android.support-support-v4-23.4.0_70d54d5b5cdcad495c5e9c3a324098e34d0b2e06 /home/onmymobile/AndroidStudioProjects/Heritage/SmsCapture (2)/app/build/intermediates/exploded-aar/com.android.support/support-v4/23.4.0/jars/classes.jar
java_class_path (initial): /home/onmymobile/Android/Sdk/build-tools/23.0.3/lib/dx.jar
Launcher Type: SUN_STANDARD

Environment Variables:
JAVA_HOME=/usr/lib/jvm/java-8-oracle
PATH=/home/onmymobile/bin:/usr/local/sbin:/usr/local/bin:/usr/sbin:/usr/bin:/sbin:/bin:/usr/games:/usr/local/games:/usr/lib/jvm/java-8-oracle/bin:/usr/lib/jvm/java-8-oracle/db/bin:/usr/lib/jvm/java-8-oracle/jre/bin
SHELL=/bin/bash
DISPLAY=:0

Signal Handlers:
SIGSEGV: [libjvm.so+0xabca10], sa_mask[0]=11111111011111111101111111111110, sa_flags=SA_RESTART|SA_SIGINFO
SIGBUS: [libjvm.so+0xabca10], sa_mask[0]=11111111011111111101111111111110, sa_flags=SA_RESTART|SA_SIGINFO
SIGFPE: [libjvm.so+0x919a20], sa_mask[0]=11111111011111111101111111111110, sa_flags=SA_RESTART|SA_SIGINFO
SIGPIPE: [libjvm.so+0x919a20], sa_mask[0]=11111111011111111101111111111110, sa_flags=SA_RESTART|SA_SIGINFO
SIGXFSZ: [libjvm.so+0x919a20], sa_mask[0]=11111111011111111101111111111110, sa_flags=SA_RESTART|SA_SIGINFO
SIGILL: [libjvm.so+0x919a20], sa_mask[0]=11111111011111111101111111111110, sa_flags=SA_RESTART|SA_SIGINFO
SIGUSR1: SIG_DFL, sa_mask[0]=00000000000000000000000000000000, sa_flags=none
SIGUSR2: [libjvm.so+0x91b050], sa_mask[0]=00100000000000000000000000000000, sa_flags=SA_RESTART|SA_SIGINFO
SIGHUP: [libjvm.so+0x91c450], sa_mask[0]=11111111011111111101111111111110, sa_flags=SA_RESTART|SA_SIGINFO
SIGINT: [libjvm.so+0x91c450], sa_mask[0]=11111111011111111101111111111110, sa_flags=SA_RESTART|SA_SIGINFO
SIGTERM: [libjvm.so+0x91c450], sa_mask[0]=11111111011111111101111111111110, sa_flags=SA_RESTART|SA_SIGINFO
SIGQUIT: [libjvm.so+0x91c450], sa_mask[0]=11111111011111111101111111111110, sa_flags=SA_RESTART|SA_SIGINFO


---------------  S Y S T E M  ---------------

OS:DISTRIB_ID=Ubuntu
DISTRIB_RELEASE=14.04
DISTRIB_CODENAME=trusty
DISTRIB_DESCRIPTION="Ubuntu 14.04.4 LTS"

uname:Linux 4.2.0-42-generic #49~14.04.1-Ubuntu SMP Wed Jun 29 20:22:11 UTC 2016 x86_64
libc:glibc 2.19 NPTL 2.19 
rlimit: STACK 8192k, CORE 0k, NPROC 31336, NOFILE 4096, AS infinity
load average:2.92 0.93 0.69

/proc/meminfo:
MemTotal:        8044164 kB
MemFree:          128396 kB
MemAvailable:      96528 kB
Buffers:             700 kB
Cached:          1110240 kB
SwapCached:            0 kB
Active:          6727384 kB
Inactive:         947824 kB
Active(anon):    6703580 kB
Inactive(anon):   923692 kB
Active(file):      23804 kB
Inactive(file):    24132 kB
Unevictable:         160 kB
Mlocked:             160 kB
SwapTotal:             0 kB
SwapFree:              0 kB
Dirty:             14484 kB
Writeback:             0 kB
AnonPages:       6564632 kB
Mapped:           491160 kB
Shmem:           1062880 kB
Slab:             100892 kB
SReclaimable:      57264 kB
SUnreclaim:        43628 kB
KernelStack:       13904 kB
PageTables:        67656 kB
NFS_Unstable:          0 kB
Bounce:                0 kB
WritebackTmp:          0 kB
CommitLimit:     4022080 kB
Committed_AS:   14593176 kB
VmallocTotal:   34359738367 kB
VmallocUsed:      358888 kB
VmallocChunk:   34358947836 kB
HardwareCorrupted:     0 kB
AnonHugePages:   3753984 kB
CmaTotal:              0 kB
CmaFree:               0 kB
HugePages_Total:       0
HugePages_Free:        0
HugePages_Rsvd:        0
HugePages_Surp:        0
Hugepagesize:       2048 kB
DirectMap4k:      187936 kB
DirectMap2M:     8069120 kB


CPU:total 4 (2 cores per cpu, 2 threads per core) family 6 model 58 stepping 9, cmov, cx8, fxsr, mmx, sse, sse2, sse3, ssse3, sse4.1, sse4.2, popcnt, avx, aes, clmul, erms, ht, tsc, tscinvbit, tscinv

/proc/cpuinfo:
processor	: 0
vendor_id	: GenuineIntel
cpu family	: 6
model		: 58
model name	: Intel(R) Core(TM) i5-3340M CPU @ 2.70GHz
stepping	: 9
microcode	: 0x15
cpu MHz		: 3199.921
cache size	: 3072 KB
physical id	: 0
siblings	: 4
core id		: 0
cpu cores	: 2
apicid		: 0
initial apicid	: 0
fpu		: yes
fpu_exception	: yes
cpuid level	: 13
wp		: yes
flags		: fpu vme de pse tsc msr pae mce cx8 apic sep mtrr pge mca cmov pat pse36 clflush dts acpi mmx fxsr sse sse2 ss ht tm pbe syscall nx rdtscp lm constant_tsc arch_perfmon pebs bts rep_good nopl xtopology nonstop_tsc aperfmperf eagerfpu pni pclmulqdq dtes64 monitor ds_cpl vmx smx est tm2 ssse3 cx16 xtpr pdcm pcid sse4_1 sse4_2 x2apic popcnt tsc_deadline_timer aes xsave avx f16c rdrand lahf_lm ida arat epb pln pts dtherm tpr_shadow vnmi flexpriority ept vpid fsgsbase smep erms xsaveopt
bugs		:
bogomips	: 5382.55
clflush size	: 64
cache_alignment	: 64
address sizes	: 36 bits physical, 48 bits virtual
power management:

processor	: 1
vendor_id	: GenuineIntel
cpu family	: 6
model		: 58
model name	: Intel(R) Core(TM) i5-3340M CPU @ 2.70GHz
stepping	: 9
microcode	: 0x15
cpu MHz		: 3199.921
cache size	: 3072 KB
physical id	: 0
siblings	: 4
core id		: 1
cpu cores	: 2
apicid		: 2
initial apicid	: 2
fpu		: yes
fpu_exception	: yes
cpuid level	: 13
wp		: yes
flags		: fpu vme de pse tsc msr pae mce cx8 apic sep mtrr pge mca cmov pat pse36 clflush dts acpi mmx fxsr sse sse2 ss ht tm pbe syscall nx rdtscp lm constant_tsc arch_perfmon pebs bts rep_good nopl xtopology nonstop_tsc aperfmperf eagerfpu pni pclmulqdq dtes64 monitor ds_cpl vmx smx est tm2 ssse3 cx16 xtpr pdcm pcid sse4_1 sse4_2 x2apic popcnt tsc_deadline_timer aes xsave avx f16c rdrand lahf_lm ida arat epb pln pts dtherm tpr_shadow vnmi flexpriority ept vpid fsgsbase smep erms xsaveopt
bugs		:
bogomips	: 5382.55
clflush size	: 64
cache_alignment	: 64
address sizes	: 36 bits physical, 48 bits virtual
power management:

processor	: 2
vendor_id	: GenuineIntel
cpu family	: 6
model		: 58
model name	: Intel(R) Core(TM) i5-3340M CPU @ 2.70GHz
stepping	: 9
microcode	: 0x15
cpu MHz		: 3199.921
cache size	: 3072 KB
physical id	: 0
siblings	: 4
core id		: 0
cpu cores	: 2
apicid		: 1
initial apicid	: 1
fpu		: yes
fpu_exception	: yes
cpuid level	: 13
wp		: yes
flags		: fpu vme de pse tsc msr pae mce cx8 apic sep mtrr pge mca cmov pat pse36 clflush dts acpi mmx fxsr sse sse2 ss ht tm pbe syscall nx rdtscp lm constant_tsc arch_perfmon pebs bts rep_good nopl xtopology nonstop_tsc aperfmperf eagerfpu pni pclmulqdq dtes64 monitor ds_cpl vmx smx est tm2 ssse3 cx16 xtpr pdcm pcid sse4_1 sse4_2 x2apic popcnt tsc_deadline_timer aes xsave avx f16c rdrand lahf_lm ida arat epb pln pts dtherm tpr_shadow vnmi flexpriority ept vpid fsgsbase smep erms xsaveopt
bugs		:
bogomips	: 5382.55
clflush size	: 64
cache_alignment	: 64
address sizes	: 36 bits physical, 48 bits virtual
power management:

processor	: 3
vendor_id	: GenuineIntel
cpu family	: 6
model		: 58
model name	: Intel(R) Core(TM) i5-3340M CPU @ 2.70GHz
stepping	: 9
microcode	: 0x15
cpu MHz		: 3199.921
cache size	: 3072 KB
physical id	: 0
siblings	: 4
core id		: 1
cpu cores	: 2
apicid		: 3
initial apicid	: 3
fpu		: yes
fpu_exception	: yes
cpuid level	: 13
wp		: yes
flags		: fpu vme de pse tsc msr pae mce cx8 apic sep mtrr pge mca cmov pat pse36 clflush dts acpi mmx fxsr sse sse2 ss ht tm pbe syscall nx rdtscp lm constant_tsc arch_perfmon pebs bts rep_good nopl xtopology nonstop_tsc aperfmperf eagerfpu pni pclmulqdq dtes64 monitor ds_cpl vmx smx est tm2 ssse3 cx16 xtpr pdcm pcid sse4_1 sse4_2 x2apic popcnt tsc_deadline_timer aes xsave avx f16c rdrand lahf_lm ida arat epb pln pts dtherm tpr_shadow vnmi flexpriority ept vpid fsgsbase smep erms xsaveopt
bugs		:
bogomips	: 5382.55
clflush size	: 64
cache_alignment	: 64
address sizes	: 36 bits physical, 48 bits virtual
power management:



Memory: 4k page, physical 8044164k(128296k free), swap 0k(0k free)

vm_info: Java HotSpot(TM) 64-Bit Server VM (25.91-b14) for linux-amd64 JRE (1.8.0_91-b14), built on Apr  1 2016 00:57:21 by "java_re" with gcc 4.3.0 20080428 (Red Hat 4.3.0-8)

time: Thu Jul 21 15:41:38 2016
elapsed time: 6 seconds (0d 0h 0m 6s)

