#
# There is insufficient memory for the Java Runtime Environment to continue.
# Native memory allocation (mmap) failed to map 175112192 bytes for committing reserved memory.
# Possible reasons:
#   The system is out of physical RAM or swap space
#   In 32 bit mode, the process size limit was hit
# Possible solutions:
#   Reduce memory load on the system
#   Increase physical memory or swap space
#   Check if swap backing store is full
#   Use 64 bit Java on a 64 bit OS
#   Decrease Java heap size (-Xmx/-Xms)
#   Decrease number of Java threads
#   Decrease Java thread stack sizes (-Xss)
#   Set larger code cache with -XX:ReservedCodeCacheSize=
# This output file may be truncated or incomplete.
#
#  Out of Memory Error (os_linux.cpp:2627), pid=15558, tid=140528909793024
#
# JRE version: Java(TM) SE Runtime Environment (8.0_91-b14) (build 1.8.0_91-b14)
# Java VM: Java HotSpot(TM) 64-Bit Server VM (25.91-b14 mixed mode linux-amd64 compressed oops)
# Failed to write core dump. Core dumps have been disabled. To enable core dumping, try "ulimit -c unlimited" before starting Java again
#

---------------  T H R E A D  ---------------

Current thread (0x00007fcf84078000):  VMThread [stack: 0x00007fcf6fafb000,0x00007fcf6fbfc000] [id=15568]

Stack: [0x00007fcf6fafb000,0x00007fcf6fbfc000],  sp=0x00007fcf6fbfa1e0,  free space=1020k
Native frames: (J=compiled Java code, j=interpreted, Vv=VM code, C=native code)
V  [libjvm.so+0xabc18a]  VMError::report_and_die()+0x2ba
V  [libjvm.so+0x4fafeb]  report_vm_out_of_memory(char const*, int, unsigned long, VMErrorType, char const*)+0x8b
V  [libjvm.so+0x91cbb3]  os::Linux::commit_memory_impl(char*, unsigned long, bool)+0x103
V  [libjvm.so+0x91d109]  os::pd_commit_memory(char*, unsigned long, unsigned long, bool)+0x29
V  [libjvm.so+0x91740a]  os::commit_memory(char*, unsigned long, unsigned long, bool)+0x2a
V  [libjvm.so+0x98b033]  PSVirtualSpace::expand_by(unsigned long)+0x53
V  [libjvm.so+0x98c438]  PSYoungGen::resize_generation(unsigned long, unsigned long)+0xf8
V  [libjvm.so+0x98b592]  PSYoungGen::resize(unsigned long, unsigned long)+0x22
V  [libjvm.so+0x98886b]  PSScavenge::invoke_no_policy()+0xf3b
V  [libjvm.so+0x988ff1]  PSScavenge::invoke()+0x41
V  [libjvm.so+0x9408b0]  ParallelScavengeHeap::failed_mem_allocate(unsigned long)+0x70
V  [libjvm.so+0xabdba7]  VM_ParallelGCFailedAllocation::doit()+0x97
V  [libjvm.so+0xac55d5]  VM_Operation::evaluate()+0x55
V  [libjvm.so+0xac39aa]  VMThread::evaluate_operation(VM_Operation*)+0xba
V  [libjvm.so+0xac3d2e]  VMThread::loop()+0x1ce
V  [libjvm.so+0xac41a0]  VMThread::run()+0x70
V  [libjvm.so+0x91ef78]  java_start(Thread*)+0x108

VM_Operation (0x00007fcf8d40a230): ParallelGCFailedAllocation, mode: safepoint, requested by thread 0x00007fcf8400a000


---------------  P R O C E S S  ---------------

Java Threads: ( => current thread )
  0x00007fcf841c7800 JavaThread "pool-2-thread-4" [_thread_blocked, id=15581, stack(0x00007fcf6e70c000,0x00007fcf6e80d000)]
  0x00007fcf841c5800 JavaThread "pool-2-thread-3" [_thread_blocked, id=15580, stack(0x00007fcf6e80d000,0x00007fcf6e90e000)]
  0x00007fcf841c4000 JavaThread "pool-2-thread-2" [_thread_blocked, id=15579, stack(0x00007fcf6e90e000,0x00007fcf6ea0f000)]
  0x00007fcf841c3000 JavaThread "pool-3-thread-1" [_thread_blocked, id=15578, stack(0x00007fcf6ea0f000,0x00007fcf6eb10000)]
  0x00007fcf841c0800 JavaThread "pool-2-thread-1" [_thread_blocked, id=15577, stack(0x00007fcf6eb10000,0x00007fcf6ec11000)]
  0x00007fcf840c8800 JavaThread "Service Thread" daemon [_thread_blocked, id=15575, stack(0x00007fcf6ed12000,0x00007fcf6ee13000)]
  0x00007fcf840bd000 JavaThread "C1 CompilerThread2" daemon [_thread_blocked, id=15574, stack(0x00007fcf6ee13000,0x00007fcf6ef14000)]
  0x00007fcf840bb800 JavaThread "C2 CompilerThread1" daemon [_thread_blocked, id=15573, stack(0x00007fcf6ef14000,0x00007fcf6f015000)]
  0x00007fcf840b8800 JavaThread "C2 CompilerThread0" daemon [_thread_blocked, id=15572, stack(0x00007fcf6f015000,0x00007fcf6f116000)]
  0x00007fcf840b7000 JavaThread "Signal Dispatcher" daemon [_thread_blocked, id=15571, stack(0x00007fcf6f116000,0x00007fcf6f217000)]
  0x00007fcf84084000 JavaThread "Finalizer" daemon [_thread_blocked, id=15570, stack(0x00007fcf6f8f9000,0x00007fcf6f9fa000)]
  0x00007fcf8407f800 JavaThread "Reference Handler" daemon [_thread_blocked, id=15569, stack(0x00007fcf6f9fa000,0x00007fcf6fafb000)]
  0x00007fcf8400a000 JavaThread "main" [_thread_blocked, id=15563, stack(0x00007fcf8d30b000,0x00007fcf8d40c000)]

Other Threads:
=>0x00007fcf84078000 VMThread [stack: 0x00007fcf6fafb000,0x00007fcf6fbfc000] [id=15568]
  0x00007fcf840cb000 WatcherThread [stack: 0x00007fcf6ec11000,0x00007fcf6ed12000] [id=15576]

VM state:at safepoint (normal execution)

VM Mutex/Monitor currently owned by a thread:  ([mutex/lock_event])
[0x00007fcf840065f0] Threads_lock - owner thread: 0x00007fcf84078000
[0x00007fcf84006af0] Heap_lock - owner thread: 0x00007fcf8400a000

Heap:
 PSYoungGen      total 132096K, used 5093K [0x000000076ab00000, 0x0000000773100000, 0x00000007c0000000)
  eden space 126976K, 0% used [0x000000076ab00000,0x000000076ab00000,0x0000000772700000)
  from space 5120K, 99% used [0x0000000772700000,0x0000000772bf95f8,0x0000000772c00000)
  to   space 5120K, 0% used [0x0000000772c00000,0x0000000772c00000,0x0000000773100000)
 ParOldGen       total 84992K, used 36648K [0x00000006c0000000, 0x00000006c5300000, 0x000000076ab00000)
  object space 84992K, 43% used [0x00000006c0000000,0x00000006c23ca3e8,0x00000006c5300000)
 Metaspace       used 6279K, capacity 7128K, committed 7424K, reserved 1056768K
  class space    used 615K, capacity 656K, committed 768K, reserved 1048576K

Card table byte_map: [0x00007fcf898cd000,0x00007fcf8a0ce000] byte_map_base: 0x00007fcf862cd000

Marking Bits: (ParMarkBitMap*) 0x00007fcf8c7e3d60
 Begin Bits: [0x00007fcf50000000, 0x00007fcf54000000)
 End Bits:   [0x00007fcf54000000, 0x00007fcf58000000)

Polling page: 0x00007fcf8d42c000

CodeCache: size=245760Kb used=7359Kb max_used=7359Kb free=238400Kb
 bounds [0x00007fcf75000000, 0x00007fcf75740000, 0x00007fcf84000000]
 total_blobs=2007 nmethods=1738 adapters=182
 compilation: enabled

Compilation events (10 events):
Event: 2.410 Thread 0x00007fcf840bd000 nmethod 1878 0x00007fcf75733290 code [0x00007fcf75733400, 0x00007fcf75733568]
Event: 2.410 Thread 0x00007fcf840bd000 1879       2       com.android.dx.cf.iface.StdFieldList::set (7 bytes)
Event: 2.410 Thread 0x00007fcf840bd000 nmethod 1879 0x00007fcf75733610 code [0x00007fcf757337c0, 0x00007fcf75733c08]
Event: 2.410 Thread 0x00007fcf840bd000 1876       2       java.util.Vector::grow (57 bytes)
Event: 2.411 Thread 0x00007fcf840bd000 nmethod 1876 0x00007fcf75734090 code [0x00007fcf75734220, 0x00007fcf757344d8]
Event: 2.411 Thread 0x00007fcf840bd000 1881  s    2       com.android.dx.dex.file.TypeIdsSection::intern (60 bytes)
Event: 2.412 Thread 0x00007fcf840bd000 nmethod 1881 0x00007fcf75734690 code [0x00007fcf75734860, 0x00007fcf75734ee8]
Event: 2.412 Thread 0x00007fcf840bd000 1884       2       com.android.dx.rop.cst.CstFieldRef::<init> (7 bytes)
Event: 2.412 Thread 0x00007fcf840bd000 nmethod 1884 0x00007fcf75735350 code [0x00007fcf757354c0, 0x00007fcf75735628]
Event: 2.412 Thread 0x00007fcf840bd000 1885       2       com.android.dx.rop.cst.CstType::hashCode (8 bytes)

GC Heap History (9 events):
Event: 0.197 GC heap before
{Heap before GC invocations=1 (full 0):
 PSYoungGen      total 36864K, used 31744K [0x000000076ab00000, 0x000000076d400000, 0x00000007c0000000)
  eden space 31744K, 100% used [0x000000076ab00000,0x000000076ca00000,0x000000076ca00000)
  from space 5120K, 0% used [0x000000076cf00000,0x000000076cf00000,0x000000076d400000)
  to   space 5120K, 0% used [0x000000076ca00000,0x000000076ca00000,0x000000076cf00000)
 ParOldGen       total 84992K, used 0K [0x00000006c0000000, 0x00000006c5300000, 0x000000076ab00000)
  object space 84992K, 0% used [0x00000006c0000000,0x00000006c0000000,0x00000006c5300000)
 Metaspace       used 3350K, capacity 4720K, committed 4864K, reserved 1056768K
  class space    used 359K, capacity 424K, committed 512K, reserved 1048576K
Event: 0.200 GC heap after
Heap after GC invocations=1 (full 0):
 PSYoungGen      total 36864K, used 1197K [0x000000076ab00000, 0x000000076f300000, 0x00000007c0000000)
  eden space 31744K, 0% used [0x000000076ab00000,0x000000076ab00000,0x000000076ca00000)
  from space 5120K, 23% used [0x000000076ca00000,0x000000076cb2b630,0x000000076cf00000)
  to   space 5120K, 0% used [0x000000076ee00000,0x000000076ee00000,0x000000076f300000)
 ParOldGen       total 84992K, used 8K [0x00000006c0000000, 0x00000006c5300000, 0x000000076ab00000)
  object space 84992K, 0% used [0x00000006c0000000,0x00000006c0002000,0x00000006c5300000)
 Metaspace       used 3350K, capacity 4720K, committed 4864K, reserved 1056768K
  class space    used 359K, capacity 424K, committed 512K, reserved 1048576K
}
Event: 0.717 GC heap before
{Heap before GC invocations=2 (full 0):
 PSYoungGen      total 36864K, used 32941K [0x000000076ab00000, 0x000000076f300000, 0x00000007c0000000)
  eden space 31744K, 100% used [0x000000076ab00000,0x000000076ca00000,0x000000076ca00000)
  from space 5120K, 23% used [0x000000076ca00000,0x000000076cb2b630,0x000000076cf00000)
  to   space 5120K, 0% used [0x000000076ee00000,0x000000076ee00000,0x000000076f300000)
 ParOldGen       total 84992K, used 8K [0x00000006c0000000, 0x00000006c5300000, 0x000000076ab00000)
  object space 84992K, 0% used [0x00000006c0000000,0x00000006c0002000,0x00000006c5300000)
 Metaspace       used 5837K, capacity 6768K, committed 7040K, reserved 1056768K
  class space    used 594K, capacity 616K, committed 640K, reserved 1048576K
Event: 0.732 GC heap after
Heap after GC invocations=2 (full 0):
 PSYoungGen      total 68608K, used 5101K [0x000000076ab00000, 0x000000076f300000, 0x00000007c0000000)
  eden space 63488K, 0% used [0x000000076ab00000,0x000000076ab00000,0x000000076e900000)
  from space 5120K, 99% used [0x000000076ee00000,0x000000076f2fb6c0,0x000000076f300000)
  to   space 5120K, 0% used [0x000000076e900000,0x000000076e900000,0x000000076ee00000)
 ParOldGen       total 84992K, used 1944K [0x00000006c0000000, 0x00000006c5300000, 0x000000076ab00000)
  object space 84992K, 2% used [0x00000006c0000000,0x00000006c01e63a0,0x00000006c5300000)
 Metaspace       used 5837K, capacity 6768K, committed 7040K, reserved 1056768K
  class space    used 594K, capacity 616K, committed 640K, reserved 1048576K
}
Event: 1.388 GC heap before
{Heap before GC invocations=3 (full 0):
 PSYoungGen      total 68608K, used 68589K [0x000000076ab00000, 0x000000076f300000, 0x00000007c0000000)
  eden space 63488K, 100% used [0x000000076ab00000,0x000000076e900000,0x000000076e900000)
  from space 5120K, 99% used [0x000000076ee00000,0x000000076f2fb6c0,0x000000076f300000)
  to   space 5120K, 0% used [0x000000076e900000,0x000000076e900000,0x000000076ee00000)
 ParOldGen       total 84992K, used 1944K [0x00000006c0000000, 0x00000006c5300000, 0x000000076ab00000)
  object space 84992K, 2% used [0x00000006c0000000,0x00000006c01e63a0,0x00000006c5300000)
 Metaspace       used 6066K, capacity 7024K, committed 7296K, reserved 1056768K
  class space    used 594K, capacity 616K, committed 640K, reserved 1048576K
Event: 1.406 GC heap after
Heap after GC invocations=3 (full 0):
 PSYoungGen      total 68608K, used 5103K [0x000000076ab00000, 0x0000000773100000, 0x00000007c0000000)
  eden space 63488K, 0% used [0x000000076ab00000,0x000000076ab00000,0x000000076e900000)
  from space 5120K, 99% used [0x000000076e900000,0x000000076edfbe88,0x000000076ee00000)
  to   space 5120K, 0% used [0x0000000772c00000,0x0000000772c00000,0x0000000773100000)
 ParOldGen       total 84992K, used 9984K [0x00000006c0000000, 0x00000006c5300000, 0x000000076ab00000)
  object space 84992K, 11% used [0x00000006c0000000,0x00000006c09c0370,0x00000006c5300000)
 Metaspace       used 6066K, capacity 7024K, committed 7296K, reserved 1056768K
  class space    used 594K, capacity 616K, committed 640K, reserved 1048576K
}
Event: 1.677 GC heap before
{Heap before GC invocations=4 (full 0):
 PSYoungGen      total 68608K, used 68591K [0x000000076ab00000, 0x0000000773100000, 0x00000007c0000000)
  eden space 63488K, 100% used [0x000000076ab00000,0x000000076e900000,0x000000076e900000)
  from space 5120K, 99% used [0x000000076e900000,0x000000076edfbe88,0x000000076ee00000)
  to   space 5120K, 0% used [0x0000000772c00000,0x0000000772c00000,0x0000000773100000)
 ParOldGen       total 84992K, used 9984K [0x00000006c0000000, 0x00000006c5300000, 0x000000076ab00000)
  object space 84992K, 11% used [0x00000006c0000000,0x00000006c09c0370,0x00000006c5300000)
 Metaspace       used 6072K, capacity 7024K, committed 7296K, reserved 1056768K
  class space    used 595K, capacity 616K, committed 640K, reserved 1048576K
Event: 1.727 GC heap after
Heap after GC invocations=4 (full 0):
 PSYoungGen      total 132096K, used 5105K [0x000000076ab00000, 0x0000000773100000, 0x00000007c0000000)
  eden space 126976K, 0% used [0x000000076ab00000,0x000000076ab00000,0x0000000772700000)
  from space 5120K, 99% used [0x0000000772c00000,0x00000007730fc7b8,0x0000000773100000)
  to   space 5120K, 0% used [0x0000000772700000,0x0000000772700000,0x0000000772c00000)
 ParOldGen       total 84992K, used 19480K [0x00000006c0000000, 0x00000006c5300000, 0x000000076ab00000)
  object space 84992K, 22% used [0x00000006c0000000,0x00000006c13060c8,0x00000006c5300000)
 Metaspace       used 6072K, capacity 7024K, committed 7296K, reserved 1056768K
  class space    used 595K, capacity 616K, committed 640K, reserved 1048576K
}
Event: 2.416 GC heap before
{Heap before GC invocations=5 (full 0):
 PSYoungGen      total 132096K, used 132081K [0x000000076ab00000, 0x0000000773100000, 0x00000007c0000000)
  eden space 126976K, 100% used [0x000000076ab00000,0x0000000772700000,0x0000000772700000)
  from space 5120K, 99% used [0x0000000772c00000,0x00000007730fc7b8,0x0000000773100000)
  to   space 5120K, 0% used [0x0000000772700000,0x0000000772700000,0x0000000772c00000)
 ParOldGen       total 84992K, used 19480K [0x00000006c0000000, 0x00000006c5300000, 0x000000076ab00000)
  object space 84992K, 22% used [0x00000006c0000000,0x00000006c13060c8,0x00000006c5300000)
 Metaspace       used 6279K, capacity 7128K, committed 7424K, reserved 1056768K
  class space    used 615K, capacity 656K, committed 768K, reserved 1048576K

Deoptimization events (10 events):
Event: 1.627 Thread 0x00007fcf841c7800 Uncommon trap: reason=bimorphic action=maybe_recompile pc=0x00007fcf754c0c4c method=com.android.dx.cf.code.BytecodeArray.parseInstruction(ILcom/android/dx/cf/code/BytecodeArray$Visitor;)I @ 907
Event: 1.648 Thread 0x00007fcf841c7800 Uncommon trap: reason=unstable_if action=reinterpret pc=0x00007fcf7539edfc method=com.android.dx.ssa.SsaMethod.updateOneDefinition(Lcom/android/dx/ssa/SsaInsn;Lcom/android/dx/rop/code/RegisterSpec;)V @ 4
Event: 2.029 Thread 0x00007fcf841c5800 Uncommon trap: reason=class_check action=maybe_recompile pc=0x00007fcf753adac8 method=java.util.HashMap.putVal(ILjava/lang/Object;Ljava/lang/Object;ZZ)Ljava/lang/Object; @ 203
Event: 2.061 Thread 0x00007fcf841c7800 Uncommon trap: reason=unstable_if action=reinterpret pc=0x00007fcf752fd6bc method=java.util.HashMap.putVal(ILjava/lang/Object;Ljava/lang/Object;ZZ)Ljava/lang/Object; @ 162
Event: 2.075 Thread 0x00007fcf841c7800 Uncommon trap: reason=unstable_if action=reinterpret pc=0x00007fcf754a5c5c method=java.util.HashMap.getNode(ILjava/lang/Object;)Ljava/util/HashMap$Node; @ 84
Event: 2.075 Thread 0x00007fcf841c7800 Uncommon trap: reason=unstable_if action=reinterpret pc=0x00007fcf754a51c4 method=java.util.HashMap.getNode(ILjava/lang/Object;)Ljava/util/HashMap$Node; @ 84
Event: 2.317 Thread 0x00007fcf841c7800 Uncommon trap: reason=class_check action=maybe_recompile pc=0x00007fcf756e8b44 method=com.android.dx.cf.code.BytecodeArray.parseInstruction(ILcom/android/dx/cf/code/BytecodeArray$Visitor;)I @ 1807
Event: 2.317 Thread 0x00007fcf841c7800 Uncommon trap: reason=class_check action=maybe_recompile pc=0x00007fcf756e8b44 method=com.android.dx.cf.code.BytecodeArray.parseInstruction(ILcom/android/dx/cf/code/BytecodeArray$Visitor;)I @ 1807
Event: 2.317 Thread 0x00007fcf841c7800 Uncommon trap: reason=class_check action=maybe_recompile pc=0x00007fcf756e8b44 method=com.android.dx.cf.code.BytecodeArray.parseInstruction(ILcom/android/dx/cf/code/BytecodeArray$Visitor;)I @ 1807
Event: 2.317 Thread 0x00007fcf841c7800 Uncommon trap: reason=class_check action=maybe_recompile pc=0x00007fcf756e8b44 method=com.android.dx.cf.code.BytecodeArray.parseInstruction(ILcom/android/dx/cf/code/BytecodeArray$Visitor;)I @ 1807

Internal exceptions (6 events):
Event: 0.025 Thread 0x00007fcf8400a000 Exception <a 'java/lang/NoSuchMethodError': Method sun.misc.Unsafe.defineClass(Ljava/lang/String;[BII)Ljava/lang/Class; name or signature does not match> (0x000000076ab07cc0) thrown at [/HUDSON/workspace/8-2-build-linux-amd64/jdk8u91/6644/hotspot/src/shar
Event: 0.025 Thread 0x00007fcf8400a000 Exception <a 'java/lang/NoSuchMethodError': Method sun.misc.Unsafe.prefetchRead(Ljava/lang/Object;J)V name or signature does not match> (0x000000076ab07fa8) thrown at [/HUDSON/workspace/8-2-build-linux-amd64/jdk8u91/6644/hotspot/src/share/vm/prims/jni.cpp
Event: 1.046 Thread 0x00007fcf841c5800 Implicit null exception at 0x00007fcf75334d9e to 0x00007fcf7533805d
Event: 2.071 Thread 0x00007fcf841c7800 Exception <a 'java/lang/ArrayIndexOutOfBoundsException': 18> (0x000000076e6e04e8) thrown at [/HUDSON/workspace/8-2-build-linux-amd64/jdk8u91/6644/hotspot/src/share/vm/interpreter/interpreterRuntime.cpp, line 366]
Event: 2.072 Thread 0x00007fcf841c7800 Exception <a 'java/lang/ArrayIndexOutOfBoundsException': 145> (0x000000076f0bf850) thrown at [/HUDSON/workspace/8-2-build-linux-amd64/jdk8u91/6644/hotspot/src/share/vm/interpreter/interpreterRuntime.cpp, line 366]
Event: 2.074 Thread 0x00007fcf841c7800 Exception <a 'java/lang/ArrayIndexOutOfBoundsException': 40> (0x000000076f0c0b38) thrown at [/HUDSON/workspace/8-2-build-linux-amd64/jdk8u91/6644/hotspot/src/share/vm/interpreter/interpreterRuntime.cpp, line 366]

Events (10 events):
Event: 2.317 Thread 0x00007fcf841c7800 DEOPT UNPACKING pc=0x00007fcf75005229 sp=0x00007fcf6e80ab28 mode 2
Event: 2.334 Executing VM operation: ForceSafepoint
Event: 2.335 Executing VM operation: ForceSafepoint done
Event: 2.343 Thread 0x00007fcf8400a000 DEOPT PACKING pc=0x00007fcf753c9034 sp=0x00007fcf8d4099b0
Event: 2.343 Thread 0x00007fcf8400a000 DEOPT UNPACKING pc=0x00007fcf75047633 sp=0x00007fcf8d4096b0 mode 0
Event: 2.345 Thread 0x00007fcf8400a000 DEOPT PACKING pc=0x00007fcf75378de4 sp=0x00007fcf8d4096e0
Event: 2.345 Thread 0x00007fcf8400a000 DEOPT UNPACKING pc=0x00007fcf75047633 sp=0x00007fcf8d409468 mode 0
Event: 2.379 Thread 0x00007fcf841c7800 DEOPT PACKING pc=0x00007fcf753c5d91 sp=0x00007fcf6e80ac40
Event: 2.379 Thread 0x00007fcf841c7800 DEOPT UNPACKING pc=0x00007fcf75047633 sp=0x00007fcf6e80a9d8 mode 0
Event: 2.414 Executing VM operation: ParallelGCFailedAllocation


Dynamic libraries:
00400000-00401000 r-xp 00000000 08:01 1454135                            /usr/lib/jvm/java-8-oracle/bin/java
00600000-00601000 rw-p 00000000 08:01 1454135                            /usr/lib/jvm/java-8-oracle/bin/java
022ab000-022cc000 rw-p 00000000 00:00 0                                  [heap]
6c0000000-6c5300000 rw-p 00000000 00:00 0 
6c5300000-76ab00000 ---p 00000000 00:00 0 
76ab00000-773100000 rw-p 00000000 00:00 0 
77d800000-7c0000000 ---p 00000000 00:00 0 
7c0000000-7c00c0000 rw-p 00000000 00:00 0 
7c00c0000-800000000 ---p 00000000 00:00 0 
7fcf18000000-7fcf18021000 rw-p 00000000 00:00 0 
7fcf18021000-7fcf1c000000 ---p 00000000 00:00 0 
7fcf20000000-7fcf20029000 rw-p 00000000 00:00 0 
7fcf20029000-7fcf24000000 ---p 00000000 00:00 0 
7fcf24000000-7fcf2402d000 rw-p 00000000 00:00 0 
7fcf2402d000-7fcf28000000 ---p 00000000 00:00 0 
7fcf28000000-7fcf2803e000 rw-p 00000000 00:00 0 
7fcf2803e000-7fcf2c000000 ---p 00000000 00:00 0 
7fcf2c000000-7fcf2c021000 rw-p 00000000 00:00 0 
7fcf2c021000-7fcf30000000 ---p 00000000 00:00 0 
7fcf30000000-7fcf30021000 rw-p 00000000 00:00 0 
7fcf30021000-7fcf34000000 ---p 00000000 00:00 0 
7fcf34000000-7fcf34021000 rw-p 00000000 00:00 0 
7fcf34021000-7fcf38000000 ---p 00000000 00:00 0 
7fcf38000000-7fcf38c69000 rw-p 00000000 00:00 0 
7fcf38c69000-7fcf3c000000 ---p 00000000 00:00 0 
7fcf3c000000-7fcf3c646000 rw-p 00000000 00:00 0 
7fcf3c646000-7fcf40000000 ---p 00000000 00:00 0 
7fcf40000000-7fcf40021000 rw-p 00000000 00:00 0 
7fcf40021000-7fcf44000000 ---p 00000000 00:00 0 
7fcf44000000-7fcf44a8e000 rw-p 00000000 00:00 0 
7fcf44a8e000-7fcf48000000 ---p 00000000 00:00 0 
7fcf48000000-7fcf48021000 rw-p 00000000 00:00 0 
7fcf48021000-7fcf4c000000 ---p 00000000 00:00 0 
7fcf4c000000-7fcf4c021000 rw-p 00000000 00:00 0 
7fcf4c021000-7fcf50000000 ---p 00000000 00:00 0 
7fcf50000000-7fcf58000000 rw-p 00000000 00:00 0 
7fcf58000000-7fcf58021000 rw-p 00000000 00:00 0 
7fcf58021000-7fcf5c000000 ---p 00000000 00:00 0 
7fcf5c000000-7fcf5c28c000 rw-p 00000000 00:00 0 
7fcf5c28c000-7fcf60000000 ---p 00000000 00:00 0 
7fcf60000000-7fcf60021000 rw-p 00000000 00:00 0 
7fcf60021000-7fcf64000000 ---p 00000000 00:00 0 
7fcf68000000-7fcf68021000 rw-p 00000000 00:00 0 
7fcf68021000-7fcf6c000000 ---p 00000000 00:00 0 
7fcf6e70c000-7fcf6e70f000 ---p 00000000 00:00 0 
7fcf6e70f000-7fcf6e80d000 rw-p 00000000 00:00 0 
7fcf6e80d000-7fcf6e810000 ---p 00000000 00:00 0 
7fcf6e810000-7fcf6e90e000 rw-p 00000000 00:00 0 
7fcf6e90e000-7fcf6e911000 ---p 00000000 00:00 0 
7fcf6e911000-7fcf6ea0f000 rw-p 00000000 00:00 0 
7fcf6ea0f000-7fcf6ea12000 ---p 00000000 00:00 0 
7fcf6ea12000-7fcf6eb10000 rw-p 00000000 00:00 0 
7fcf6eb10000-7fcf6eb13000 ---p 00000000 00:00 0 
7fcf6eb13000-7fcf6ec11000 rw-p 00000000 00:00 0 
7fcf6ec11000-7fcf6ec12000 ---p 00000000 00:00 0 
7fcf6ec12000-7fcf6ed12000 rw-p 00000000 00:00 0 
7fcf6ed12000-7fcf6ed15000 ---p 00000000 00:00 0 
7fcf6ed15000-7fcf6ee13000 rw-p 00000000 00:00 0 
7fcf6ee13000-7fcf6ee16000 ---p 00000000 00:00 0 
7fcf6ee16000-7fcf6ef14000 rw-p 00000000 00:00 0 
7fcf6ef14000-7fcf6ef17000 ---p 00000000 00:00 0 
7fcf6ef17000-7fcf6f015000 rw-p 00000000 00:00 0 
7fcf6f015000-7fcf6f018000 ---p 00000000 00:00 0 
7fcf6f018000-7fcf6f116000 rw-p 00000000 00:00 0 
7fcf6f116000-7fcf6f119000 ---p 00000000 00:00 0 
7fcf6f119000-7fcf6f217000 rw-p 00000000 00:00 0 
7fcf6f217000-7fcf6f8f9000 r--p 00000000 08:01 1448881                    /usr/lib/locale/locale-archive
7fcf6f8f9000-7fcf6f8fc000 ---p 00000000 00:00 0 
7fcf6f8fc000-7fcf6f9fa000 rw-p 00000000 00:00 0 
7fcf6f9fa000-7fcf6f9fd000 ---p 00000000 00:00 0 
7fcf6f9fd000-7fcf6fafb000 rw-p 00000000 00:00 0 
7fcf6fafb000-7fcf6fafc000 ---p 00000000 00:00 0 
7fcf6fafc000-7fcf70000000 rw-p 00000000 00:00 0 
7fcf70000000-7fcf70021000 rw-p 00000000 00:00 0 
7fcf70021000-7fcf74000000 ---p 00000000 00:00 0 
7fcf740c3000-7fcf740f9000 r--s 002b8000 08:05 4855677                    /home/onmymobile/AndroidStudioProjects/Heritage/SmsCapture (2)/app/build/intermediates/transforms/jarMerging/release/jars/1/1f/combined.jar
7fcf740f9000-7fcf74e80000 rw-p 00000000 00:00 0 
7fcf74e80000-7fcf75000000 ---p 00000000 00:00 0 
7fcf75000000-7fcf75740000 rwxp 00000000 00:00 0 
7fcf75740000-7fcf84000000 ---p 00000000 00:00 0 
7fcf84000000-7fcf84396000 rw-p 00000000 00:00 0 
7fcf84396000-7fcf88000000 ---p 00000000 00:00 0 
7fcf8802c000-7fcf88524000 rw-p 00000000 00:00 0 
7fcf88524000-7fcf886fd000 r--s 03d1f000 08:01 1452558                    /usr/lib/jvm/java-8-oracle/jre/lib/rt.jar
7fcf886fd000-7fcf88f73000 rw-p 00000000 00:00 0 
7fcf88f73000-7fcf88f74000 ---p 00000000 00:00 0 
7fcf88f74000-7fcf89074000 rw-p 00000000 00:00 0 
7fcf89074000-7fcf89075000 ---p 00000000 00:00 0 
7fcf89075000-7fcf89175000 rw-p 00000000 00:00 0 
7fcf89175000-7fcf89176000 ---p 00000000 00:00 0 
7fcf89176000-7fcf89276000 rw-p 00000000 00:00 0 
7fcf89276000-7fcf89277000 ---p 00000000 00:00 0 
7fcf89277000-7fcf893a1000 rw-p 00000000 00:00 0 
7fcf893a1000-7fcf898cd000 ---p 00000000 00:00 0 
7fcf898cd000-7fcf898f7000 rw-p 00000000 00:00 0 
7fcf898f7000-7fcf89e22000 ---p 00000000 00:00 0 
7fcf89e22000-7fcf89e66000 rw-p 00000000 00:00 0 
7fcf89e66000-7fcf8a0cd000 ---p 00000000 00:00 0 
7fcf8a0cd000-7fcf8a0eb000 rw-p 00000000 00:00 0 
7fcf8a0eb000-7fcf8a48e000 ---p 00000000 00:00 0 
7fcf8a48e000-7fcf8a4a8000 r-xp 00000000 08:01 1452613                    /usr/lib/jvm/java-8-oracle/jre/lib/amd64/libzip.so
7fcf8a4a8000-7fcf8a6a8000 ---p 0001a000 08:01 1452613                    /usr/lib/jvm/java-8-oracle/jre/lib/amd64/libzip.so
7fcf8a6a8000-7fcf8a6a9000 rw-p 0001a000 08:01 1452613                    /usr/lib/jvm/java-8-oracle/jre/lib/amd64/libzip.so
7fcf8a6a9000-7fcf8a6b3000 r-xp 00000000 08:01 7078098                    /lib/x86_64-linux-gnu/libnss_files-2.19.so
7fcf8a6b3000-7fcf8a8b2000 ---p 0000a000 08:01 7078098                    /lib/x86_64-linux-gnu/libnss_files-2.19.so
7fcf8a8b2000-7fcf8a8b3000 r--p 00009000 08:01 7078098                    /lib/x86_64-linux-gnu/libnss_files-2.19.so
7fcf8a8b3000-7fcf8a8b4000 rw-p 0000a000 08:01 7078098                    /lib/x86_64-linux-gnu/libnss_files-2.19.so
7fcf8a8b4000-7fcf8a8bf000 r-xp 00000000 08:01 7078090                    /lib/x86_64-linux-gnu/libnss_nis-2.19.so
7fcf8a8bf000-7fcf8aabe000 ---p 0000b000 08:01 7078090                    /lib/x86_64-linux-gnu/libnss_nis-2.19.so
7fcf8aabe000-7fcf8aabf000 r--p 0000a000 08:01 7078090                    /lib/x86_64-linux-gnu/libnss_nis-2.19.so
7fcf8aabf000-7fcf8aac0000 rw-p 0000b000 08:01 7078090                    /lib/x86_64-linux-gnu/libnss_nis-2.19.so
7fcf8aac0000-7fcf8aad7000 r-xp 00000000 08:01 7078086                    /lib/x86_64-linux-gnu/libnsl-2.19.so
7fcf8aad7000-7fcf8acd6000 ---p 00017000 08:01 7078086                    /lib/x86_64-linux-gnu/libnsl-2.19.so
7fcf8acd6000-7fcf8acd7000 r--p 00016000 08:01 7078086                    /lib/x86_64-linux-gnu/libnsl-2.19.so
7fcf8acd7000-7fcf8acd8000 rw-p 00017000 08:01 7078086                    /lib/x86_64-linux-gnu/libnsl-2.19.so
7fcf8acd8000-7fcf8acda000 rw-p 00000000 00:00 0 
7fcf8acda000-7fcf8ace3000 r-xp 00000000 08:01 7078085                    /lib/x86_64-linux-gnu/libnss_compat-2.19.so
7fcf8ace3000-7fcf8aee2000 ---p 00009000 08:01 7078085                    /lib/x86_64-linux-gnu/libnss_compat-2.19.so
7fcf8aee2000-7fcf8aee3000 r--p 00008000 08:01 7078085                    /lib/x86_64-linux-gnu/libnss_compat-2.19.so
7fcf8aee3000-7fcf8aee4000 rw-p 00009000 08:01 7078085                    /lib/x86_64-linux-gnu/libnss_compat-2.19.so
7fcf8aee4000-7fcf8af0e000 r-xp 00000000 08:01 1452593                    /usr/lib/jvm/java-8-oracle/jre/lib/amd64/libjava.so
7fcf8af0e000-7fcf8b10e000 ---p 0002a000 08:01 1452593                    /usr/lib/jvm/java-8-oracle/jre/lib/amd64/libjava.so
7fcf8b10e000-7fcf8b110000 rw-p 0002a000 08:01 1452593                    /usr/lib/jvm/java-8-oracle/jre/lib/amd64/libjava.so
7fcf8b110000-7fcf8b11d000 r-xp 00000000 08:01 1452610                    /usr/lib/jvm/java-8-oracle/jre/lib/amd64/libverify.so
7fcf8b11d000-7fcf8b31d000 ---p 0000d000 08:01 1452610                    /usr/lib/jvm/java-8-oracle/jre/lib/amd64/libverify.so
7fcf8b31d000-7fcf8b31f000 rw-p 0000d000 08:01 1452610                    /usr/lib/jvm/java-8-oracle/jre/lib/amd64/libverify.so
7fcf8b31f000-7fcf8b326000 r-xp 00000000 08:01 7078094                    /lib/x86_64-linux-gnu/librt-2.19.so
7fcf8b326000-7fcf8b525000 ---p 00007000 08:01 7078094                    /lib/x86_64-linux-gnu/librt-2.19.so
7fcf8b525000-7fcf8b526000 r--p 00006000 08:01 7078094                    /lib/x86_64-linux-gnu/librt-2.19.so
7fcf8b526000-7fcf8b527000 rw-p 00007000 08:01 7078094                    /lib/x86_64-linux-gnu/librt-2.19.so
7fcf8b527000-7fcf8b62c000 r-xp 00000000 08:01 7078080                    /lib/x86_64-linux-gnu/libm-2.19.so
7fcf8b62c000-7fcf8b82b000 ---p 00105000 08:01 7078080                    /lib/x86_64-linux-gnu/libm-2.19.so
7fcf8b82b000-7fcf8b82c000 r--p 00104000 08:01 7078080                    /lib/x86_64-linux-gnu/libm-2.19.so
7fcf8b82c000-7fcf8b82d000 rw-p 00105000 08:01 7078080                    /lib/x86_64-linux-gnu/libm-2.19.so
7fcf8b82d000-7fcf8c4ed000 r-xp 00000000 08:01 1452601                    /usr/lib/jvm/java-8-oracle/jre/lib/amd64/server/libjvm.so
7fcf8c4ed000-7fcf8c6ed000 ---p 00cc0000 08:01 1452601                    /usr/lib/jvm/java-8-oracle/jre/lib/amd64/server/libjvm.so
7fcf8c6ed000-7fcf8c7c5000 rw-p 00cc0000 08:01 1452601                    /usr/lib/jvm/java-8-oracle/jre/lib/amd64/server/libjvm.so
7fcf8c7c5000-7fcf8c810000 rw-p 00000000 00:00 0 
7fcf8c810000-7fcf8c9ca000 r-xp 00000000 08:01 7078095                    /lib/x86_64-linux-gnu/libc-2.19.so
7fcf8c9ca000-7fcf8cbca000 ---p 001ba000 08:01 7078095                    /lib/x86_64-linux-gnu/libc-2.19.so
7fcf8cbca000-7fcf8cbce000 r--p 001ba000 08:01 7078095                    /lib/x86_64-linux-gnu/libc-2.19.so
7fcf8cbce000-7fcf8cbd0000 rw-p 001be000 08:01 7078095                    /lib/x86_64-linux-gnu/libc-2.19.so
7fcf8cbd0000-7fcf8cbd5000 rw-p 00000000 00:00 0 
7fcf8cbd5000-7fcf8cbd8000 r-xp 00000000 08:01 7078082                    /lib/x86_64-linux-gnu/libdl-2.19.so
7fcf8cbd8000-7fcf8cdd7000 ---p 00003000 08:01 7078082                    /lib/x86_64-linux-gnu/libdl-2.19.so
7fcf8cdd7000-7fcf8cdd8000 r--p 00002000 08:01 7078082                    /lib/x86_64-linux-gnu/libdl-2.19.so
7fcf8cdd8000-7fcf8cdd9000 rw-p 00003000 08:01 7078082                    /lib/x86_64-linux-gnu/libdl-2.19.so
7fcf8cdd9000-7fcf8cdee000 r-xp 00000000 08:01 1454079                    /usr/lib/jvm/java-8-oracle/lib/amd64/jli/libjli.so
7fcf8cdee000-7fcf8cfee000 ---p 00015000 08:01 1454079                    /usr/lib/jvm/java-8-oracle/lib/amd64/jli/libjli.so
7fcf8cfee000-7fcf8cfef000 rw-p 00015000 08:01 1454079                    /usr/lib/jvm/java-8-oracle/lib/amd64/jli/libjli.so
7fcf8cfef000-7fcf8d008000 r-xp 00000000 08:01 7078087                    /lib/x86_64-linux-gnu/libpthread-2.19.so
7fcf8d008000-7fcf8d207000 ---p 00019000 08:01 7078087                    /lib/x86_64-linux-gnu/libpthread-2.19.so
7fcf8d207000-7fcf8d208000 r--p 00018000 08:01 7078087                    /lib/x86_64-linux-gnu/libpthread-2.19.so
7fcf8d208000-7fcf8d209000 rw-p 00019000 08:01 7078087                    /lib/x86_64-linux-gnu/libpthread-2.19.so
7fcf8d209000-7fcf8d20d000 rw-p 00000000 00:00 0 
7fcf8d20d000-7fcf8d230000 r-xp 00000000 08:01 7078088                    /lib/x86_64-linux-gnu/ld-2.19.so
7fcf8d238000-7fcf8d30b000 rw-p 00000000 00:00 0 
7fcf8d30b000-7fcf8d30e000 ---p 00000000 00:00 0 
7fcf8d30e000-7fcf8d410000 rw-p 00000000 00:00 0 
7fcf8d413000-7fcf8d414000 rw-p 00000000 00:00 0 
7fcf8d414000-7fcf8d423000 r--s 000df000 08:05 264644                     /home/onmymobile/Android/Sdk/build-tools/23.0.3/lib/dx.jar
7fcf8d423000-7fcf8d42b000 rw-s 00000000 08:01 524419                     /tmp/hsperfdata_onmymobile/15558
7fcf8d42b000-7fcf8d42c000 rw-p 00000000 00:00 0 
7fcf8d42c000-7fcf8d42d000 ---p 00000000 00:00 0 
7fcf8d42d000-7fcf8d42f000 rw-p 00000000 00:00 0 
7fcf8d42f000-7fcf8d430000 r--p 00022000 08:01 7078088                    /lib/x86_64-linux-gnu/ld-2.19.so
7fcf8d430000-7fcf8d431000 rw-p 00023000 08:01 7078088                    /lib/x86_64-linux-gnu/ld-2.19.so
7fcf8d431000-7fcf8d432000 rw-p 00000000 00:00 0 
7fffa7bb6000-7fffa7bd7000 rw-p 00000000 00:00 0                          [stack]
7fffa7bf3000-7fffa7bf5000 r--p 00000000 00:00 0                          [vvar]
7fffa7bf5000-7fffa7bf7000 r-xp 00000000 00:00 0                          [vdso]
ffffffffff600000-ffffffffff601000 r-xp 00000000 00:00 0                  [vsyscall]

VM Arguments:
jvm_args: -Djava.awt.headless=true -Xmx4g -Dfile.encoding=UTF-8 -Duser.country=IN -Duser.language=en -Duser.variant 
java_command: com.android.dx.command.Main --dex --num-threads=4 --multi-dex --main-dex-list /home/onmymobile/AndroidStudioProjects/Heritage/SmsCapture (2)/app/build/intermediates/multi-dex/release/maindexlist.txt --output /home/onmymobile/AndroidStudioProjects/Heritage/SmsCapture (2)/app/build/intermediates/transforms/dex/release/folders/1000/1f/main /home/onmymobile/AndroidStudioProjects/Heritage/SmsCapture (2)/app/build/intermediates/transforms/jarMerging/release/jars/1/1f/combined.jar
java_class_path (initial): /home/onmymobile/Android/Sdk/build-tools/23.0.3/lib/dx.jar
Launcher Type: SUN_STANDARD

Environment Variables:
JAVA_HOME=/usr/lib/jvm/java-8-oracle
PATH=/home/onmymobile/bin:/usr/local/sbin:/usr/local/bin:/usr/sbin:/usr/bin:/sbin:/bin:/usr/games:/usr/local/games:/usr/lib/jvm/java-8-oracle/bin:/usr/lib/jvm/java-8-oracle/db/bin:/usr/lib/jvm/java-8-oracle/jre/bin
SHELL=/bin/bash
DISPLAY=:0

Signal Handlers:
SIGSEGV: [libjvm.so+0xabca10], sa_mask[0]=11111111011111111101111111111110, sa_flags=SA_RESTART|SA_SIGINFO
SIGBUS: [libjvm.so+0xabca10], sa_mask[0]=11111111011111111101111111111110, sa_flags=SA_RESTART|SA_SIGINFO
SIGFPE: [libjvm.so+0x919a20], sa_mask[0]=11111111011111111101111111111110, sa_flags=SA_RESTART|SA_SIGINFO
SIGPIPE: [libjvm.so+0x919a20], sa_mask[0]=11111111011111111101111111111110, sa_flags=SA_RESTART|SA_SIGINFO
SIGXFSZ: [libjvm.so+0x919a20], sa_mask[0]=11111111011111111101111111111110, sa_flags=SA_RESTART|SA_SIGINFO
SIGILL: [libjvm.so+0x919a20], sa_mask[0]=11111111011111111101111111111110, sa_flags=SA_RESTART|SA_SIGINFO
SIGUSR1: SIG_DFL, sa_mask[0]=00000000000000000000000000000000, sa_flags=none
SIGUSR2: [libjvm.so+0x91b050], sa_mask[0]=00100000000000000000000000000000, sa_flags=SA_RESTART|SA_SIGINFO
SIGHUP: [libjvm.so+0x91c450], sa_mask[0]=11111111011111111101111111111110, sa_flags=SA_RESTART|SA_SIGINFO
SIGINT: [libjvm.so+0x91c450], sa_mask[0]=11111111011111111101111111111110, sa_flags=SA_RESTART|SA_SIGINFO
SIGTERM: [libjvm.so+0x91c450], sa_mask[0]=11111111011111111101111111111110, sa_flags=SA_RESTART|SA_SIGINFO
SIGQUIT: [libjvm.so+0x91c450], sa_mask[0]=11111111011111111101111111111110, sa_flags=SA_RESTART|SA_SIGINFO


---------------  S Y S T E M  ---------------

OS:DISTRIB_ID=Ubuntu
DISTRIB_RELEASE=14.04
DISTRIB_CODENAME=trusty
DISTRIB_DESCRIPTION="Ubuntu 14.04.4 LTS"

uname:Linux 4.2.0-42-generic #49~14.04.1-Ubuntu SMP Wed Jun 29 20:22:11 UTC 2016 x86_64
libc:glibc 2.19 NPTL 2.19 
rlimit: STACK 8192k, CORE 0k, NPROC 31336, NOFILE 4096, AS infinity
load average:0.95 0.99 1.38

/proc/meminfo:
MemTotal:        8044164 kB
MemFree:          121604 kB
MemAvailable:      89652 kB
Buffers:            1360 kB
Cached:          1110436 kB
SwapCached:            0 kB
Active:          6774904 kB
Inactive:         922936 kB
Active(anon):    6744204 kB
Inactive(anon):   894928 kB
Active(file):      30700 kB
Inactive(file):    28008 kB
Unevictable:         156 kB
Mlocked:             156 kB
SwapTotal:             0 kB
SwapFree:              0 kB
Dirty:              4140 kB
Writeback:             0 kB
AnonPages:       6586272 kB
Mapped:           498912 kB
Shmem:           1053064 kB
Slab:              90360 kB
SReclaimable:      46316 kB
SUnreclaim:        44044 kB
KernelStack:       13024 kB
PageTables:        66216 kB
NFS_Unstable:          0 kB
Bounce:                0 kB
WritebackTmp:          0 kB
CommitLimit:     4022080 kB
Committed_AS:   13879980 kB
VmallocTotal:   34359738367 kB
VmallocUsed:      358896 kB
VmallocChunk:   34358947836 kB
HardwareCorrupted:     0 kB
AnonHugePages:   3915776 kB
CmaTotal:              0 kB
CmaFree:               0 kB
HugePages_Total:       0
HugePages_Free:        0
HugePages_Rsvd:        0
HugePages_Surp:        0
Hugepagesize:       2048 kB
DirectMap4k:      189984 kB
DirectMap2M:     8067072 kB


CPU:total 4 (2 cores per cpu, 2 threads per core) family 6 model 58 stepping 9, cmov, cx8, fxsr, mmx, sse, sse2, sse3, ssse3, sse4.1, sse4.2, popcnt, avx, aes, clmul, erms, ht, tsc, tscinvbit, tscinv

/proc/cpuinfo:
processor	: 0
vendor_id	: GenuineIntel
cpu family	: 6
model		: 58
model name	: Intel(R) Core(TM) i5-3340M CPU @ 2.70GHz
stepping	: 9
microcode	: 0x15
cpu MHz		: 3220.910
cache size	: 3072 KB
physical id	: 0
siblings	: 4
core id		: 0
cpu cores	: 2
apicid		: 0
initial apicid	: 0
fpu		: yes
fpu_exception	: yes
cpuid level	: 13
wp		: yes
flags		: fpu vme de pse tsc msr pae mce cx8 apic sep mtrr pge mca cmov pat pse36 clflush dts acpi mmx fxsr sse sse2 ss ht tm pbe syscall nx rdtscp lm constant_tsc arch_perfmon pebs bts rep_good nopl xtopology nonstop_tsc aperfmperf eagerfpu pni pclmulqdq dtes64 monitor ds_cpl vmx smx est tm2 ssse3 cx16 xtpr pdcm pcid sse4_1 sse4_2 x2apic popcnt tsc_deadline_timer aes xsave avx f16c rdrand lahf_lm ida arat epb pln pts dtherm tpr_shadow vnmi flexpriority ept vpid fsgsbase smep erms xsaveopt
bugs		:
bogomips	: 5382.55
clflush size	: 64
cache_alignment	: 64
address sizes	: 36 bits physical, 48 bits virtual
power management:

processor	: 1
vendor_id	: GenuineIntel
cpu family	: 6
model		: 58
model name	: Intel(R) Core(TM) i5-3340M CPU @ 2.70GHz
stepping	: 9
microcode	: 0x15
cpu MHz		: 3199.921
cache size	: 3072 KB
physical id	: 0
siblings	: 4
core id		: 1
cpu cores	: 2
apicid		: 2
initial apicid	: 2
fpu		: yes
fpu_exception	: yes
cpuid level	: 13
wp		: yes
flags		: fpu vme de pse tsc msr pae mce cx8 apic sep mtrr pge mca cmov pat pse36 clflush dts acpi mmx fxsr sse sse2 ss ht tm pbe syscall nx rdtscp lm constant_tsc arch_perfmon pebs bts rep_good nopl xtopology nonstop_tsc aperfmperf eagerfpu pni pclmulqdq dtes64 monitor ds_cpl vmx smx est tm2 ssse3 cx16 xtpr pdcm pcid sse4_1 sse4_2 x2apic popcnt tsc_deadline_timer aes xsave avx f16c rdrand lahf_lm ida arat epb pln pts dtherm tpr_shadow vnmi flexpriority ept vpid fsgsbase smep erms xsaveopt
bugs		:
bogomips	: 5382.55
clflush size	: 64
cache_alignment	: 64
address sizes	: 36 bits physical, 48 bits virtual
power management:

processor	: 2
vendor_id	: GenuineIntel
cpu family	: 6
model		: 58
model name	: Intel(R) Core(TM) i5-3340M CPU @ 2.70GHz
stepping	: 9
microcode	: 0x15
cpu MHz		: 3292.417
cache size	: 3072 KB
physical id	: 0
siblings	: 4
core id		: 0
cpu cores	: 2
apicid		: 1
initial apicid	: 1
fpu		: yes
fpu_exception	: yes
cpuid level	: 13
wp		: yes
flags		: fpu vme de pse tsc msr pae mce cx8 apic sep mtrr pge mca cmov pat pse36 clflush dts acpi mmx fxsr sse sse2 ss ht tm pbe syscall nx rdtscp lm constant_tsc arch_perfmon pebs bts rep_good nopl xtopology nonstop_tsc aperfmperf eagerfpu pni pclmulqdq dtes64 monitor ds_cpl vmx smx est tm2 ssse3 cx16 xtpr pdcm pcid sse4_1 sse4_2 x2apic popcnt tsc_deadline_timer aes xsave avx f16c rdrand lahf_lm ida arat epb pln pts dtherm tpr_shadow vnmi flexpriority ept vpid fsgsbase smep erms xsaveopt
bugs		:
bogomips	: 5382.55
clflush size	: 64
cache_alignment	: 64
address sizes	: 36 bits physical, 48 bits virtual
power management:

processor	: 3
vendor_id	: GenuineIntel
cpu family	: 6
model		: 58
model name	: Intel(R) Core(TM) i5-3340M CPU @ 2.70GHz
stepping	: 9
microcode	: 0x15
cpu MHz		: 3199.921
cache size	: 3072 KB
physical id	: 0
siblings	: 4
core id		: 1
cpu cores	: 2
apicid		: 3
initial apicid	: 3
fpu		: yes
fpu_exception	: yes
cpuid level	: 13
wp		: yes
flags		: fpu vme de pse tsc msr pae mce cx8 apic sep mtrr pge mca cmov pat pse36 clflush dts acpi mmx fxsr sse sse2 ss ht tm pbe syscall nx rdtscp lm constant_tsc arch_perfmon pebs bts rep_good nopl xtopology nonstop_tsc aperfmperf eagerfpu pni pclmulqdq dtes64 monitor ds_cpl vmx smx est tm2 ssse3 cx16 xtpr pdcm pcid sse4_1 sse4_2 x2apic popcnt tsc_deadline_timer aes xsave avx f16c rdrand lahf_lm ida arat epb pln pts dtherm tpr_shadow vnmi flexpriority ept vpid fsgsbase smep erms xsaveopt
bugs		:
bogomips	: 5382.55
clflush size	: 64
cache_alignment	: 64
address sizes	: 36 bits physical, 48 bits virtual
power management:



Memory: 4k page, physical 8044164k(121604k free), swap 0k(0k free)

vm_info: Java HotSpot(TM) 64-Bit Server VM (25.91-b14) for linux-amd64 JRE (1.8.0_91-b14), built on Apr  1 2016 00:57:21 by "java_re" with gcc 4.3.0 20080428 (Red Hat 4.3.0-8)

time: Thu Jul 21 16:04:30 2016
elapsed time: 2 seconds (0d 0h 0m 2s)

