#
# There is insufficient memory for the Java Runtime Environment to continue.
# Native memory allocation (mmap) failed to map 296747008 bytes for committing reserved memory.
# Possible reasons:
#   The system is out of physical RAM or swap space
#   In 32 bit mode, the process size limit was hit
# Possible solutions:
#   Reduce memory load on the system
#   Increase physical memory or swap space
#   Check if swap backing store is full
#   Use 64 bit Java on a 64 bit OS
#   Decrease Java heap size (-Xmx/-Xms)
#   Decrease number of Java threads
#   Decrease Java thread stack sizes (-Xss)
#   Set larger code cache with -XX:ReservedCodeCacheSize=
# This output file may be truncated or incomplete.
#
#  Out of Memory Error (os_linux.cpp:2627), pid=17194, tid=140227912886016
#
# JRE version: Java(TM) SE Runtime Environment (8.0_91-b14) (build 1.8.0_91-b14)
# Java VM: Java HotSpot(TM) 64-Bit Server VM (25.91-b14 mixed mode linux-amd64 compressed oops)
# Failed to write core dump. Core dumps have been disabled. To enable core dumping, try "ulimit -c unlimited" before starting Java again
#

---------------  T H R E A D  ---------------

Current thread (0x00007f8970078000):  VMThread [stack: 0x00007f895adf6000,0x00007f895aef7000] [id=17205]

Stack: [0x00007f895adf6000,0x00007f895aef7000],  sp=0x00007f895aef4fe0,  free space=1019k
Native frames: (J=compiled Java code, j=interpreted, Vv=VM code, C=native code)
V  [libjvm.so+0xabc18a]  VMError::report_and_die()+0x2ba
V  [libjvm.so+0x4fafeb]  report_vm_out_of_memory(char const*, int, unsigned long, VMErrorType, char const*)+0x8b
V  [libjvm.so+0x91cbb3]  os::Linux::commit_memory_impl(char*, unsigned long, bool)+0x103
V  [libjvm.so+0x91d109]  os::pd_commit_memory(char*, unsigned long, unsigned long, bool)+0x29
V  [libjvm.so+0x91740a]  os::commit_memory(char*, unsigned long, unsigned long, bool)+0x2a
V  [libjvm.so+0x98b033]  PSVirtualSpace::expand_by(unsigned long)+0x53
V  [libjvm.so+0x98c438]  PSYoungGen::resize_generation(unsigned long, unsigned long)+0xf8
V  [libjvm.so+0x98b592]  PSYoungGen::resize(unsigned long, unsigned long)+0x22
V  [libjvm.so+0x98886b]  PSScavenge::invoke_no_policy()+0xf3b
V  [libjvm.so+0x988ff1]  PSScavenge::invoke()+0x41
V  [libjvm.so+0x9408b0]  ParallelScavengeHeap::failed_mem_allocate(unsigned long)+0x70
V  [libjvm.so+0xabdba7]  VM_ParallelGCFailedAllocation::doit()+0x97
V  [libjvm.so+0xac55d5]  VM_Operation::evaluate()+0x55
V  [libjvm.so+0xac39aa]  VMThread::evaluate_operation(VM_Operation*)+0xba
V  [libjvm.so+0xac3d2e]  VMThread::loop()+0x1ce
V  [libjvm.so+0xac41a0]  VMThread::run()+0x70
V  [libjvm.so+0x91ef78]  java_start(Thread*)+0x108

VM_Operation (0x00007f89785e13c0): ParallelGCFailedAllocation, mode: safepoint, requested by thread 0x00007f897000a000


---------------  P R O C E S S  ---------------

Java Threads: ( => current thread )
  0x00007f89701d7800 JavaThread "pool-2-thread-4" [_thread_blocked, id=17218, stack(0x00007f89599d1000,0x00007f8959ad2000)]
  0x00007f89701d5800 JavaThread "pool-2-thread-3" [_thread_blocked, id=17217, stack(0x00007f8959ad2000,0x00007f8959bd3000)]
  0x00007f89701d4000 JavaThread "pool-2-thread-2" [_thread_blocked, id=17216, stack(0x00007f8959bd3000,0x00007f8959cd4000)]
  0x00007f89701d2000 JavaThread "pool-3-thread-1" [_thread_blocked, id=17215, stack(0x00007f8959cd4000,0x00007f8959dd5000)]
  0x00007f89701d0800 JavaThread "pool-2-thread-1" [_thread_blocked, id=17214, stack(0x00007f8959dd5000,0x00007f8959ed6000)]
  0x00007f89700c0000 JavaThread "Service Thread" daemon [_thread_blocked, id=17212, stack(0x00007f895a00d000,0x00007f895a10e000)]
  0x00007f89700bd000 JavaThread "C1 CompilerThread2" daemon [_thread_blocked, id=17211, stack(0x00007f895a10e000,0x00007f895a20f000)]
  0x00007f89700bb800 JavaThread "C2 CompilerThread1" daemon [_thread_blocked, id=17210, stack(0x00007f895a20f000,0x00007f895a310000)]
  0x00007f89700b8800 JavaThread "C2 CompilerThread0" daemon [_thread_blocked, id=17209, stack(0x00007f895a310000,0x00007f895a411000)]
  0x00007f89700b7000 JavaThread "Signal Dispatcher" daemon [_thread_blocked, id=17208, stack(0x00007f895a411000,0x00007f895a512000)]
  0x00007f8970084000 JavaThread "Finalizer" daemon [_thread_blocked, id=17207, stack(0x00007f895abf4000,0x00007f895acf5000)]
  0x00007f897007f800 JavaThread "Reference Handler" daemon [_thread_blocked, id=17206, stack(0x00007f895acf5000,0x00007f895adf6000)]
  0x00007f897000a000 JavaThread "main" [_thread_blocked, id=17200, stack(0x00007f89784e3000,0x00007f89785e4000)]

Other Threads:
=>0x00007f8970078000 VMThread [stack: 0x00007f895adf6000,0x00007f895aef7000] [id=17205]
  0x00007f89700c3000 WatcherThread [stack: 0x00007f8959f0c000,0x00007f895a00d000] [id=17213]

VM state:at safepoint (normal execution)

VM Mutex/Monitor currently owned by a thread:  ([mutex/lock_event])
[0x00007f89700065f0] Threads_lock - owner thread: 0x00007f8970078000
[0x00007f8970006af0] Heap_lock - owner thread: 0x00007f897000a000

Heap:
 PSYoungGen      total 280576K, used 28147K [0x000000076ab00000, 0x000000077da00000, 0x00000007c0000000)
  eden space 252416K, 0% used [0x000000076ab00000,0x000000076ab00000,0x000000077a180000)
  from space 28160K, 99% used [0x000000077a180000,0x000000077bcfcdf0,0x000000077bd00000)
  to   space 26624K, 0% used [0x000000077bd00000,0x000000077bd00000,0x000000077d700000)
 ParOldGen       total 84992K, used 63921K [0x00000006c0000000, 0x00000006c5300000, 0x000000076ab00000)
  object space 84992K, 75% used [0x00000006c0000000,0x00000006c3e6c420,0x00000006c5300000)
 Metaspace       used 6520K, capacity 7256K, committed 7424K, reserved 1056768K
  class space    used 615K, capacity 656K, committed 768K, reserved 1048576K

Card table byte_map: [0x00007f8974aa5000,0x00007f89752a6000] byte_map_base: 0x00007f89714a5000

Marking Bits: (ParMarkBitMap*) 0x00007f89779bbd60
 Begin Bits: [0x00007f8944000000, 0x00007f8948000000)
 End Bits:   [0x00007f8948000000, 0x00007f894c000000)

Polling page: 0x00007f8978604000

CodeCache: size=245760Kb used=8838Kb max_used=8850Kb free=236921Kb
 bounds [0x00007f8961000000, 0x00007f89618b0000, 0x00007f8970000000]
 total_blobs=2507 nmethods=2237 adapters=182
 compilation: enabled

Compilation events (10 events):
Event: 4.194 Thread 0x00007f89700bd000 nmethod 2419 0x00007f8961898050 code [0x00007f89618981c0, 0x00007f8961898488]
Event: 4.194 Thread 0x00007f89700bd000 2415       2       com.android.dx.dex.code.RopTranslator$TranslationVisitor::addOutputSuffix (9 bytes)
Event: 4.194 Thread 0x00007f89700bd000 nmethod 2415 0x00007f8961899b90 code [0x00007f8961899d00, 0x00007f8961899f88]
Event: 4.194 Thread 0x00007f89700bd000 2416       2       com.android.dx.dex.code.OutputCollector::addSuffix (10 bytes)
Event: 4.195 Thread 0x00007f89700bd000 nmethod 2416 0x00007f8961899550 code [0x00007f89618996c0, 0x00007f8961899968]
Event: 4.195 Thread 0x00007f89700bd000 2414       2       com.android.dx.dex.code.VariableSizeInsn::<init> (10 bytes)
Event: 4.195 Thread 0x00007f89700bd000 nmethod 2414 0x00007f8961897cd0 code [0x00007f8961897e40, 0x00007f8961897fc8]
Event: 4.221 Thread 0x00007f89700bd000 2422       3       com.android.dx.ssa.back.FirstFitLocalCombiningAllocator::handleLocalAssociatedOther (151 bytes)
Event: 4.254 Thread 0x00007f89700bd000 nmethod 2422 0x00007f89618a2190 code [0x00007f89618a2420, 0x00007f89618a34d8]
Event: 4.254 Thread 0x00007f89700bd000 2423       3       com.android.dx.ssa.back.FirstFitLocalCombiningAllocator::handleCheckCastResults (413 bytes)

GC Heap History (10 events):
Event: 0.910 GC heap after
Heap after GC invocations=2 (full 0):
 PSYoungGen      total 68608K, used 5119K [0x000000076ab00000, 0x000000076f300000, 0x00000007c0000000)
  eden space 63488K, 0% used [0x000000076ab00000,0x000000076ab00000,0x000000076e900000)
  from space 5120K, 99% used [0x000000076ee00000,0x000000076f2ffe70,0x000000076f300000)
  to   space 5120K, 0% used [0x000000076e900000,0x000000076e900000,0x000000076ee00000)
 ParOldGen       total 84992K, used 1933K [0x00000006c0000000, 0x00000006c5300000, 0x000000076ab00000)
  object space 84992K, 2% used [0x00000006c0000000,0x00000006c01e3750,0x00000006c5300000)
 Metaspace       used 5808K, capacity 6768K, committed 7040K, reserved 1056768K
  class space    used 593K, capacity 616K, committed 640K, reserved 1048576K
}
Event: 1.480 GC heap before
{Heap before GC invocations=3 (full 0):
 PSYoungGen      total 68608K, used 68607K [0x000000076ab00000, 0x000000076f300000, 0x00000007c0000000)
  eden space 63488K, 100% used [0x000000076ab00000,0x000000076e900000,0x000000076e900000)
  from space 5120K, 99% used [0x000000076ee00000,0x000000076f2ffe70,0x000000076f300000)
  to   space 5120K, 0% used [0x000000076e900000,0x000000076e900000,0x000000076ee00000)
 ParOldGen       total 84992K, used 1933K [0x00000006c0000000, 0x00000006c5300000, 0x000000076ab00000)
  object space 84992K, 2% used [0x00000006c0000000,0x00000006c01e3750,0x00000006c5300000)
 Metaspace       used 5917K, capacity 6896K, committed 7040K, reserved 1056768K
  class space    used 594K, capacity 616K, committed 640K, reserved 1048576K
Event: 1.504 GC heap after
Heap after GC invocations=3 (full 0):
 PSYoungGen      total 68608K, used 5088K [0x000000076ab00000, 0x0000000773100000, 0x00000007c0000000)
  eden space 63488K, 0% used [0x000000076ab00000,0x000000076ab00000,0x000000076e900000)
  from space 5120K, 99% used [0x000000076e900000,0x000000076edf8050,0x000000076ee00000)
  to   space 5120K, 0% used [0x0000000772c00000,0x0000000772c00000,0x0000000773100000)
 ParOldGen       total 84992K, used 10687K [0x00000006c0000000, 0x00000006c5300000, 0x000000076ab00000)
  object space 84992K, 12% used [0x00000006c0000000,0x00000006c0a6ff78,0x00000006c5300000)
 Metaspace       used 5917K, capacity 6896K, committed 7040K, reserved 1056768K
  class space    used 594K, capacity 616K, committed 640K, reserved 1048576K
}
Event: 1.812 GC heap before
{Heap before GC invocations=4 (full 0):
 PSYoungGen      total 68608K, used 68576K [0x000000076ab00000, 0x0000000773100000, 0x00000007c0000000)
  eden space 63488K, 100% used [0x000000076ab00000,0x000000076e900000,0x000000076e900000)
  from space 5120K, 99% used [0x000000076e900000,0x000000076edf8050,0x000000076ee00000)
  to   space 5120K, 0% used [0x0000000772c00000,0x0000000772c00000,0x0000000773100000)
 ParOldGen       total 84992K, used 10687K [0x00000006c0000000, 0x00000006c5300000, 0x000000076ab00000)
  object space 84992K, 12% used [0x00000006c0000000,0x00000006c0a6ff78,0x00000006c5300000)
 Metaspace       used 5969K, capacity 6896K, committed 7040K, reserved 1056768K
  class space    used 595K, capacity 616K, committed 640K, reserved 1048576K
Event: 1.841 GC heap after
Heap after GC invocations=4 (full 0):
 PSYoungGen      total 132096K, used 5094K [0x000000076ab00000, 0x0000000773100000, 0x00000007c0000000)
  eden space 126976K, 0% used [0x000000076ab00000,0x000000076ab00000,0x0000000772700000)
  from space 5120K, 99% used [0x0000000772c00000,0x00000007730f99b0,0x0000000773100000)
  to   space 5120K, 0% used [0x0000000772700000,0x0000000772700000,0x0000000772c00000)
 ParOldGen       total 84992K, used 20005K [0x00000006c0000000, 0x00000006c5300000, 0x000000076ab00000)
  object space 84992K, 23% used [0x00000006c0000000,0x00000006c1389638,0x00000006c5300000)
 Metaspace       used 5969K, capacity 6896K, committed 7040K, reserved 1056768K
  class space    used 595K, capacity 616K, committed 640K, reserved 1048576K
}
Event: 2.529 GC heap before
{Heap before GC invocations=5 (full 0):
 PSYoungGen      total 132096K, used 132070K [0x000000076ab00000, 0x0000000773100000, 0x00000007c0000000)
  eden space 126976K, 100% used [0x000000076ab00000,0x0000000772700000,0x0000000772700000)
  from space 5120K, 99% used [0x0000000772c00000,0x00000007730f99b0,0x0000000773100000)
  to   space 5120K, 0% used [0x0000000772700000,0x0000000772700000,0x0000000772c00000)
 ParOldGen       total 84992K, used 20005K [0x00000006c0000000, 0x00000006c5300000, 0x000000076ab00000)
  object space 84992K, 23% used [0x00000006c0000000,0x00000006c1389638,0x00000006c5300000)
 Metaspace       used 6208K, capacity 7064K, committed 7424K, reserved 1056768K
  class space    used 615K, capacity 656K, committed 768K, reserved 1048576K
Event: 2.579 GC heap after
Heap after GC invocations=5 (full 0):
 PSYoungGen      total 132096K, used 5118K [0x000000076ab00000, 0x000000077d700000, 0x00000007c0000000)
  eden space 126976K, 0% used [0x000000076ab00000,0x000000076ab00000,0x0000000772700000)
  from space 5120K, 99% used [0x0000000772700000,0x0000000772bff9a0,0x0000000772c00000)
  to   space 26624K, 0% used [0x000000077bd00000,0x000000077bd00000,0x000000077d700000)
 ParOldGen       total 84992K, used 36624K [0x00000006c0000000, 0x00000006c5300000, 0x000000076ab00000)
  object space 84992K, 43% used [0x00000006c0000000,0x00000006c23c41e8,0x00000006c5300000)
 Metaspace       used 6208K, capacity 7064K, committed 7424K, reserved 1056768K
  class space    used 615K, capacity 656K, committed 768K, reserved 1048576K
}
Event: 2.949 GC heap before
{Heap before GC invocations=6 (full 0):
 PSYoungGen      total 132096K, used 132094K [0x000000076ab00000, 0x000000077d700000, 0x00000007c0000000)
  eden space 126976K, 100% used [0x000000076ab00000,0x0000000772700000,0x0000000772700000)
  from space 5120K, 99% used [0x0000000772700000,0x0000000772bff9a0,0x0000000772c00000)
  to   space 26624K, 0% used [0x000000077bd00000,0x000000077bd00000,0x000000077d700000)
 ParOldGen       total 84992K, used 36624K [0x00000006c0000000, 0x00000006c5300000, 0x000000076ab00000)
  object space 84992K, 43% used [0x00000006c0000000,0x00000006c23c41e8,0x00000006c5300000)
 Metaspace       used 6307K, capacity 7192K, committed 7424K, reserved 1056768K
  class space    used 615K, capacity 656K, committed 768K, reserved 1048576K
Event: 3.033 GC heap after
Heap after GC invocations=6 (full 0):
 PSYoungGen      total 279040K, used 18427K [0x000000076ab00000, 0x000000077da00000, 0x00000007c0000000)
  eden space 252416K, 0% used [0x000000076ab00000,0x000000076ab00000,0x000000077a180000)
  from space 26624K, 69% used [0x000000077bd00000,0x000000077cefeed0,0x000000077d700000)
  to   space 28160K, 0% used [0x000000077a180000,0x000000077a180000,0x000000077bd00000)
 ParOldGen       total 84992K, used 36624K [0x00000006c0000000, 0x00000006c5300000, 0x000000076ab00000)
  object space 84992K, 43% used [0x00000006c0000000,0x00000006c23c41e8,0x00000006c5300000)
 Metaspace       used 6307K, capacity 7192K, committed 7424K, reserved 1056768K
  class space    used 615K, capacity 656K, committed 768K, reserved 1048576K
}
Event: 4.263 GC heap before
{Heap before GC invocations=7 (full 0):
 PSYoungGen      total 279040K, used 270843K [0x000000076ab00000, 0x000000077da00000, 0x00000007c0000000)
  eden space 252416K, 100% used [0x000000076ab00000,0x000000077a180000,0x000000077a180000)
  from space 26624K, 69% used [0x000000077bd00000,0x000000077cefeed0,0x000000077d700000)
  to   space 28160K, 0% used [0x000000077a180000,0x000000077a180000,0x000000077bd00000)
 ParOldGen       total 84992K, used 36624K [0x00000006c0000000, 0x00000006c5300000, 0x000000076ab00000)
  object space 84992K, 43% used [0x00000006c0000000,0x00000006c23c41e8,0x00000006c5300000)
 Metaspace       used 6520K, capacity 7256K, committed 7424K, reserved 1056768K
  class space    used 615K, capacity 656K, committed 768K, reserved 1048576K

Deoptimization events (10 events):
Event: 2.495 Thread 0x00007f89701d4000 Uncommon trap: reason=bimorphic action=maybe_recompile pc=0x00007f896155fd60 method=com.android.dx.cf.code.BytecodeArray.parseInstruction(ILcom/android/dx/cf/code/BytecodeArray$Visitor;)I @ 1287
Event: 2.495 Thread 0x00007f89701d4000 Uncommon trap: reason=bimorphic action=maybe_recompile pc=0x00007f896155fd60 method=com.android.dx.cf.code.BytecodeArray.parseInstruction(ILcom/android/dx/cf/code/BytecodeArray$Visitor;)I @ 1287
Event: 2.732 Thread 0x00007f89701d4000 Uncommon trap: reason=unstable_if action=reinterpret pc=0x00007f89613b325c method=com.android.dx.dex.code.OutputFinisher.hasLocalInfo(Lcom/android/dx/dex/code/DalvInsn;)Z @ 24
Event: 2.899 Thread 0x00007f897000a000 Uncommon trap: reason=unstable_if action=reinterpret pc=0x00007f89616aac88 method=com.android.dx.ssa.SCCP.simulateBranch(Lcom/android/dx/ssa/SsaInsn;)V @ 548
Event: 3.111 Thread 0x00007f89701d0800 Uncommon trap: reason=unstable_if action=reinterpret pc=0x00007f89615ec5b4 method=java.util.HashMap.putVal(ILjava/lang/Object;Ljava/lang/Object;ZZ)Ljava/lang/Object; @ 109
Event: 3.508 Thread 0x00007f89701d5800 Uncommon trap: reason=unstable_if action=reinterpret pc=0x00007f89617e075c method=com.android.dx.cf.code.ExecutionStack.push(Lcom/android/dx/rop/type/TypeBearer;)V @ 58
Event: 3.696 Thread 0x00007f89701d5800 Uncommon trap: reason=class_check action=maybe_recompile pc=0x00007f89617cbfc4 method=com.android.dx.cf.code.BytecodeArray.parseInstruction(ILcom/android/dx/cf/code/BytecodeArray$Visitor;)I @ 1019
Event: 4.149 Thread 0x00007f89701d4000 Uncommon trap: reason=class_check action=maybe_recompile pc=0x00007f89617cbfc4 method=com.android.dx.cf.code.BytecodeArray.parseInstruction(ILcom/android/dx/cf/code/BytecodeArray$Visitor;)I @ 1019
Event: 4.154 Thread 0x00007f89701d0800 Uncommon trap: reason=class_check action=maybe_recompile pc=0x00007f89617cbfc4 method=com.android.dx.cf.code.BytecodeArray.parseInstruction(ILcom/android/dx/cf/code/BytecodeArray$Visitor;)I @ 1019
Event: 4.185 Thread 0x00007f89701d5800 Uncommon trap: reason=unstable_if action=reinterpret pc=0x00007f8961888118 method=com.android.dx.rop.code.LocalVariableInfo.mergeStarts(ILcom/android/dx/rop/code/RegisterSpecSet;)Z @ 31

Internal exceptions (7 events):
Event: 0.059 Thread 0x00007f897000a000 Exception <a 'java/lang/NoSuchMethodError': Method sun.misc.Unsafe.defineClass(Ljava/lang/String;[BII)Ljava/lang/Class; name or signature does not match> (0x000000076ab07cc0) thrown at [/HUDSON/workspace/8-2-build-linux-amd64/jdk8u91/6644/hotspot/src/shar
Event: 0.059 Thread 0x00007f897000a000 Exception <a 'java/lang/NoSuchMethodError': Method sun.misc.Unsafe.prefetchRead(Ljava/lang/Object;J)V name or signature does not match> (0x000000076ab07fa8) thrown at [/HUDSON/workspace/8-2-build-linux-amd64/jdk8u91/6644/hotspot/src/share/vm/prims/jni.cpp
Event: 1.265 Thread 0x00007f89701d4000 Implicit null exception at 0x00007f8961316e87 to 0x00007f896131957d
Event: 1.265 Thread 0x00007f89701d4000 Implicit null exception at 0x00007f89612dc9d3 to 0x00007f89612df4c1
Event: 2.196 Thread 0x00007f89701d5800 Exception <a 'java/lang/ArrayIndexOutOfBoundsException': 18> (0x000000076f301f78) thrown at [/HUDSON/workspace/8-2-build-linux-amd64/jdk8u91/6644/hotspot/src/share/vm/interpreter/interpreterRuntime.cpp, line 366]
Event: 2.196 Thread 0x00007f89701d5800 Exception <a 'java/lang/ArrayIndexOutOfBoundsException': 145> (0x000000076f303af8) thrown at [/HUDSON/workspace/8-2-build-linux-amd64/jdk8u91/6644/hotspot/src/share/vm/interpreter/interpreterRuntime.cpp, line 366]
Event: 2.197 Thread 0x00007f89701d5800 Exception <a 'java/lang/ArrayIndexOutOfBoundsException': 40> (0x000000076f304de0) thrown at [/HUDSON/workspace/8-2-build-linux-amd64/jdk8u91/6644/hotspot/src/share/vm/interpreter/interpreterRuntime.cpp, line 366]

Events (10 events):
Event: 4.151 Executing VM operation: EnableBiasedLocking done
Event: 4.154 Thread 0x00007f89701d0800 Uncommon trap: trap_request=0xffffffde fr.pc=0x00007f89617cbfc4
Event: 4.154 Thread 0x00007f89701d0800 DEOPT PACKING pc=0x00007f89617cbfc4 sp=0x00007f8959ed3a60
Event: 4.154 Thread 0x00007f89701d0800 DEOPT UNPACKING pc=0x00007f8961005229 sp=0x00007f8959ed3a10 mode 2
Event: 4.185 Thread 0x00007f89701d5800 Uncommon trap: trap_request=0xffffff65 fr.pc=0x00007f8961888118
Event: 4.185 Thread 0x00007f89701d5800 DEOPT PACKING pc=0x00007f8961888118 sp=0x00007f8959bd1110
Event: 4.185 Thread 0x00007f89701d5800 DEOPT UNPACKING pc=0x00007f8961005229 sp=0x00007f8959bd10a0 mode 2
Event: 4.217 Thread 0x00007f89701d4000 DEOPT PACKING pc=0x00007f89612db4d9 sp=0x00007f8959cd1a20
Event: 4.217 Thread 0x00007f89701d4000 DEOPT UNPACKING pc=0x00007f8961047633 sp=0x00007f8959cd17b0 mode 0
Event: 4.262 Executing VM operation: ParallelGCFailedAllocation


Dynamic libraries:
00400000-00401000 r-xp 00000000 08:01 1454135                            /usr/lib/jvm/java-8-oracle/bin/java
00600000-00601000 rw-p 00000000 08:01 1454135                            /usr/lib/jvm/java-8-oracle/bin/java
020b8000-020d9000 rw-p 00000000 00:00 0                                  [heap]
6c0000000-6c5300000 rw-p 00000000 00:00 0 
6c5300000-76ab00000 ---p 00000000 00:00 0 
76ab00000-77da00000 rw-p 00000000 00:00 0 
78f500000-7c0000000 ---p 00000000 00:00 0 
7c0000000-7c00c0000 rw-p 00000000 00:00 0 
7c00c0000-800000000 ---p 00000000 00:00 0 
7f890c000000-7f890c025000 rw-p 00000000 00:00 0 
7f890c025000-7f8910000000 ---p 00000000 00:00 0 
7f8910000000-7f8910027000 rw-p 00000000 00:00 0 
7f8910027000-7f8914000000 ---p 00000000 00:00 0 
7f8914000000-7f8914021000 rw-p 00000000 00:00 0 
7f8914021000-7f8918000000 ---p 00000000 00:00 0 
7f8918000000-7f8918034000 rw-p 00000000 00:00 0 
7f8918034000-7f891c000000 ---p 00000000 00:00 0 
7f891c000000-7f891c021000 rw-p 00000000 00:00 0 
7f891c021000-7f8920000000 ---p 00000000 00:00 0 
7f8920000000-7f892002f000 rw-p 00000000 00:00 0 
7f892002f000-7f8924000000 ---p 00000000 00:00 0 
7f8924000000-7f8924839000 rw-p 00000000 00:00 0 
7f8924839000-7f8928000000 ---p 00000000 00:00 0 
7f8928000000-7f8928021000 rw-p 00000000 00:00 0 
7f8928021000-7f892c000000 ---p 00000000 00:00 0 
7f892c000000-7f892ccce000 rw-p 00000000 00:00 0 
7f892ccce000-7f8930000000 ---p 00000000 00:00 0 
7f8930000000-7f8930bbd000 rw-p 00000000 00:00 0 
7f8930bbd000-7f8934000000 ---p 00000000 00:00 0 
7f8934000000-7f8934021000 rw-p 00000000 00:00 0 
7f8934021000-7f8938000000 ---p 00000000 00:00 0 
7f8938000000-7f8938021000 rw-p 00000000 00:00 0 
7f8938021000-7f893c000000 ---p 00000000 00:00 0 
7f893c000000-7f893c28c000 rw-p 00000000 00:00 0 
7f893c28c000-7f8940000000 ---p 00000000 00:00 0 
7f8940000000-7f8940021000 rw-p 00000000 00:00 0 
7f8940021000-7f8944000000 ---p 00000000 00:00 0 
7f8944000000-7f894c000000 rw-p 00000000 00:00 0 
7f894c000000-7f894c021000 rw-p 00000000 00:00 0 
7f894c021000-7f8950000000 ---p 00000000 00:00 0 
7f8950000000-7f8950021000 rw-p 00000000 00:00 0 
7f8950021000-7f8954000000 ---p 00000000 00:00 0 
7f8954000000-7f8954021000 rw-p 00000000 00:00 0 
7f8954021000-7f8958000000 ---p 00000000 00:00 0 
7f89599d1000-7f89599d4000 ---p 00000000 00:00 0 
7f89599d4000-7f8959ad2000 rw-p 00000000 00:00 0 
7f8959ad2000-7f8959ad5000 ---p 00000000 00:00 0 
7f8959ad5000-7f8959bd3000 rw-p 00000000 00:00 0 
7f8959bd3000-7f8959bd6000 ---p 00000000 00:00 0 
7f8959bd6000-7f8959cd4000 rw-p 00000000 00:00 0 
7f8959cd4000-7f8959cd7000 ---p 00000000 00:00 0 
7f8959cd7000-7f8959dd5000 rw-p 00000000 00:00 0 
7f8959dd5000-7f8959dd8000 ---p 00000000 00:00 0 
7f8959dd8000-7f8959ed6000 rw-p 00000000 00:00 0 
7f8959ed6000-7f8959f0c000 r--s 002b8000 08:05 4855664                    /home/onmymobile/AndroidStudioProjects/Heritage/SmsCapture (2)/app/build/intermediates/transforms/jarMerging/release/jars/1/1f/combined.jar
7f8959f0c000-7f8959f0d000 ---p 00000000 00:00 0 
7f8959f0d000-7f895a00d000 rw-p 00000000 00:00 0 
7f895a00d000-7f895a010000 ---p 00000000 00:00 0 
7f895a010000-7f895a10e000 rw-p 00000000 00:00 0 
7f895a10e000-7f895a111000 ---p 00000000 00:00 0 
7f895a111000-7f895a20f000 rw-p 00000000 00:00 0 
7f895a20f000-7f895a212000 ---p 00000000 00:00 0 
7f895a212000-7f895a310000 rw-p 00000000 00:00 0 
7f895a310000-7f895a313000 ---p 00000000 00:00 0 
7f895a313000-7f895a411000 rw-p 00000000 00:00 0 
7f895a411000-7f895a414000 ---p 00000000 00:00 0 
7f895a414000-7f895a512000 rw-p 00000000 00:00 0 
7f895a512000-7f895abf4000 r--p 00000000 08:01 1448881                    /usr/lib/locale/locale-archive
7f895abf4000-7f895abf7000 ---p 00000000 00:00 0 
7f895abf7000-7f895acf5000 rw-p 00000000 00:00 0 
7f895acf5000-7f895acf8000 ---p 00000000 00:00 0 
7f895acf8000-7f895adf6000 rw-p 00000000 00:00 0 
7f895adf6000-7f895adf7000 ---p 00000000 00:00 0 
7f895adf7000-7f895be27000 rw-p 00000000 00:00 0 
7f895be27000-7f895c000000 r--s 03d1f000 08:01 1452558                    /usr/lib/jvm/java-8-oracle/jre/lib/rt.jar
7f895c000000-7f895c021000 rw-p 00000000 00:00 0 
7f895c021000-7f8960000000 ---p 00000000 00:00 0 
7f8960000000-7f8960680000 rw-p 00000000 00:00 0 
7f8960680000-7f8960800000 ---p 00000000 00:00 0 
7f8960800000-7f8961000000 rw-p 00000000 00:00 0 
7f8961000000-7f89618b0000 rwxp 00000000 00:00 0 
7f89618b0000-7f8970000000 ---p 00000000 00:00 0 
7f8970000000-7f897039d000 rw-p 00000000 00:00 0 
7f897039d000-7f8974000000 ---p 00000000 00:00 0 
7f8974002000-7f897414b000 rw-p 00000000 00:00 0 
7f897414b000-7f897414c000 ---p 00000000 00:00 0 
7f897414c000-7f897424c000 rw-p 00000000 00:00 0 
7f897424c000-7f897424d000 ---p 00000000 00:00 0 
7f897424d000-7f897434d000 rw-p 00000000 00:00 0 
7f897434d000-7f897434e000 ---p 00000000 00:00 0 
7f897434e000-7f897444e000 rw-p 00000000 00:00 0 
7f897444e000-7f897444f000 ---p 00000000 00:00 0 
7f897444f000-7f8974579000 rw-p 00000000 00:00 0 
7f8974579000-7f8974aa5000 ---p 00000000 00:00 0 
7f8974aa5000-7f8974acf000 rw-p 00000000 00:00 0 
7f8974acf000-7f8974ffa000 ---p 00000000 00:00 0 
7f8974ffa000-7f8975092000 rw-p 00000000 00:00 0 
7f8975092000-7f89752a5000 ---p 00000000 00:00 0 
7f89752a5000-7f89752c9000 rw-p 00000000 00:00 0 
7f89752c9000-7f8975666000 ---p 00000000 00:00 0 
7f8975666000-7f8975680000 r-xp 00000000 08:01 1452613                    /usr/lib/jvm/java-8-oracle/jre/lib/amd64/libzip.so
7f8975680000-7f8975880000 ---p 0001a000 08:01 1452613                    /usr/lib/jvm/java-8-oracle/jre/lib/amd64/libzip.so
7f8975880000-7f8975881000 rw-p 0001a000 08:01 1452613                    /usr/lib/jvm/java-8-oracle/jre/lib/amd64/libzip.so
7f8975881000-7f897588b000 r-xp 00000000 08:01 7078098                    /lib/x86_64-linux-gnu/libnss_files-2.19.so
7f897588b000-7f8975a8a000 ---p 0000a000 08:01 7078098                    /lib/x86_64-linux-gnu/libnss_files-2.19.so
7f8975a8a000-7f8975a8b000 r--p 00009000 08:01 7078098                    /lib/x86_64-linux-gnu/libnss_files-2.19.so
7f8975a8b000-7f8975a8c000 rw-p 0000a000 08:01 7078098                    /lib/x86_64-linux-gnu/libnss_files-2.19.so
7f8975a8c000-7f8975a97000 r-xp 00000000 08:01 7078090                    /lib/x86_64-linux-gnu/libnss_nis-2.19.so
7f8975a97000-7f8975c96000 ---p 0000b000 08:01 7078090                    /lib/x86_64-linux-gnu/libnss_nis-2.19.so
7f8975c96000-7f8975c97000 r--p 0000a000 08:01 7078090                    /lib/x86_64-linux-gnu/libnss_nis-2.19.so
7f8975c97000-7f8975c98000 rw-p 0000b000 08:01 7078090                    /lib/x86_64-linux-gnu/libnss_nis-2.19.so
7f8975c98000-7f8975caf000 r-xp 00000000 08:01 7078086                    /lib/x86_64-linux-gnu/libnsl-2.19.so
7f8975caf000-7f8975eae000 ---p 00017000 08:01 7078086                    /lib/x86_64-linux-gnu/libnsl-2.19.so
7f8975eae000-7f8975eaf000 r--p 00016000 08:01 7078086                    /lib/x86_64-linux-gnu/libnsl-2.19.so
7f8975eaf000-7f8975eb0000 rw-p 00017000 08:01 7078086                    /lib/x86_64-linux-gnu/libnsl-2.19.so
7f8975eb0000-7f8975eb2000 rw-p 00000000 00:00 0 
7f8975eb2000-7f8975ebb000 r-xp 00000000 08:01 7078085                    /lib/x86_64-linux-gnu/libnss_compat-2.19.so
7f8975ebb000-7f89760ba000 ---p 00009000 08:01 7078085                    /lib/x86_64-linux-gnu/libnss_compat-2.19.so
7f89760ba000-7f89760bb000 r--p 00008000 08:01 7078085                    /lib/x86_64-linux-gnu/libnss_compat-2.19.so
7f89760bb000-7f89760bc000 rw-p 00009000 08:01 7078085                    /lib/x86_64-linux-gnu/libnss_compat-2.19.so
7f89760bc000-7f89760e6000 r-xp 00000000 08:01 1452593                    /usr/lib/jvm/java-8-oracle/jre/lib/amd64/libjava.so
7f89760e6000-7f89762e6000 ---p 0002a000 08:01 1452593                    /usr/lib/jvm/java-8-oracle/jre/lib/amd64/libjava.so
7f89762e6000-7f89762e8000 rw-p 0002a000 08:01 1452593                    /usr/lib/jvm/java-8-oracle/jre/lib/amd64/libjava.so
7f89762e8000-7f89762f5000 r-xp 00000000 08:01 1452610                    /usr/lib/jvm/java-8-oracle/jre/lib/amd64/libverify.so
7f89762f5000-7f89764f5000 ---p 0000d000 08:01 1452610                    /usr/lib/jvm/java-8-oracle/jre/lib/amd64/libverify.so
7f89764f5000-7f89764f7000 rw-p 0000d000 08:01 1452610                    /usr/lib/jvm/java-8-oracle/jre/lib/amd64/libverify.so
7f89764f7000-7f89764fe000 r-xp 00000000 08:01 7078094                    /lib/x86_64-linux-gnu/librt-2.19.so
7f89764fe000-7f89766fd000 ---p 00007000 08:01 7078094                    /lib/x86_64-linux-gnu/librt-2.19.so
7f89766fd000-7f89766fe000 r--p 00006000 08:01 7078094                    /lib/x86_64-linux-gnu/librt-2.19.so
7f89766fe000-7f89766ff000 rw-p 00007000 08:01 7078094                    /lib/x86_64-linux-gnu/librt-2.19.so
7f89766ff000-7f8976804000 r-xp 00000000 08:01 7078080                    /lib/x86_64-linux-gnu/libm-2.19.so
7f8976804000-7f8976a03000 ---p 00105000 08:01 7078080                    /lib/x86_64-linux-gnu/libm-2.19.so
7f8976a03000-7f8976a04000 r--p 00104000 08:01 7078080                    /lib/x86_64-linux-gnu/libm-2.19.so
7f8976a04000-7f8976a05000 rw-p 00105000 08:01 7078080                    /lib/x86_64-linux-gnu/libm-2.19.so
7f8976a05000-7f89776c5000 r-xp 00000000 08:01 1452601                    /usr/lib/jvm/java-8-oracle/jre/lib/amd64/server/libjvm.so
7f89776c5000-7f89778c5000 ---p 00cc0000 08:01 1452601                    /usr/lib/jvm/java-8-oracle/jre/lib/amd64/server/libjvm.so
7f89778c5000-7f897799d000 rw-p 00cc0000 08:01 1452601                    /usr/lib/jvm/java-8-oracle/jre/lib/amd64/server/libjvm.so
7f897799d000-7f89779e8000 rw-p 00000000 00:00 0 
7f89779e8000-7f8977ba2000 r-xp 00000000 08:01 7078095                    /lib/x86_64-linux-gnu/libc-2.19.so
7f8977ba2000-7f8977da2000 ---p 001ba000 08:01 7078095                    /lib/x86_64-linux-gnu/libc-2.19.so
7f8977da2000-7f8977da6000 r--p 001ba000 08:01 7078095                    /lib/x86_64-linux-gnu/libc-2.19.so
7f8977da6000-7f8977da8000 rw-p 001be000 08:01 7078095                    /lib/x86_64-linux-gnu/libc-2.19.so
7f8977da8000-7f8977dad000 rw-p 00000000 00:00 0 
7f8977dad000-7f8977db0000 r-xp 00000000 08:01 7078082                    /lib/x86_64-linux-gnu/libdl-2.19.so
7f8977db0000-7f8977faf000 ---p 00003000 08:01 7078082                    /lib/x86_64-linux-gnu/libdl-2.19.so
7f8977faf000-7f8977fb0000 r--p 00002000 08:01 7078082                    /lib/x86_64-linux-gnu/libdl-2.19.so
7f8977fb0000-7f8977fb1000 rw-p 00003000 08:01 7078082                    /lib/x86_64-linux-gnu/libdl-2.19.so
7f8977fb1000-7f8977fc6000 r-xp 00000000 08:01 1454079                    /usr/lib/jvm/java-8-oracle/lib/amd64/jli/libjli.so
7f8977fc6000-7f89781c6000 ---p 00015000 08:01 1454079                    /usr/lib/jvm/java-8-oracle/lib/amd64/jli/libjli.so
7f89781c6000-7f89781c7000 rw-p 00015000 08:01 1454079                    /usr/lib/jvm/java-8-oracle/lib/amd64/jli/libjli.so
7f89781c7000-7f89781e0000 r-xp 00000000 08:01 7078087                    /lib/x86_64-linux-gnu/libpthread-2.19.so
7f89781e0000-7f89783df000 ---p 00019000 08:01 7078087                    /lib/x86_64-linux-gnu/libpthread-2.19.so
7f89783df000-7f89783e0000 r--p 00018000 08:01 7078087                    /lib/x86_64-linux-gnu/libpthread-2.19.so
7f89783e0000-7f89783e1000 rw-p 00019000 08:01 7078087                    /lib/x86_64-linux-gnu/libpthread-2.19.so
7f89783e1000-7f89783e5000 rw-p 00000000 00:00 0 
7f89783e5000-7f8978408000 r-xp 00000000 08:01 7078088                    /lib/x86_64-linux-gnu/ld-2.19.so
7f8978410000-7f89784e3000 rw-p 00000000 00:00 0 
7f89784e3000-7f89784e6000 ---p 00000000 00:00 0 
7f89784e6000-7f89785e8000 rw-p 00000000 00:00 0 
7f89785eb000-7f89785ec000 rw-p 00000000 00:00 0 
7f89785ec000-7f89785fb000 r--s 000df000 08:05 264644                     /home/onmymobile/Android/Sdk/build-tools/23.0.3/lib/dx.jar
7f89785fb000-7f8978603000 rw-s 00000000 08:01 524431                     /tmp/hsperfdata_onmymobile/17194
7f8978603000-7f8978604000 rw-p 00000000 00:00 0 
7f8978604000-7f8978605000 ---p 00000000 00:00 0 
7f8978605000-7f8978607000 rw-p 00000000 00:00 0 
7f8978607000-7f8978608000 r--p 00022000 08:01 7078088                    /lib/x86_64-linux-gnu/ld-2.19.so
7f8978608000-7f8978609000 rw-p 00023000 08:01 7078088                    /lib/x86_64-linux-gnu/ld-2.19.so
7f8978609000-7f897860a000 rw-p 00000000 00:00 0 
7ffe7d07d000-7ffe7d09e000 rw-p 00000000 00:00 0                          [stack]
7ffe7d1b5000-7ffe7d1b7000 r--p 00000000 00:00 0                          [vvar]
7ffe7d1b7000-7ffe7d1b9000 r-xp 00000000 00:00 0                          [vdso]
ffffffffff600000-ffffffffff601000 r-xp 00000000 00:00 0                  [vsyscall]

VM Arguments:
jvm_args: -Djava.awt.headless=true -Xmx4g -Dfile.encoding=UTF-8 -Duser.country=IN -Duser.language=en -Duser.variant 
java_command: com.android.dx.command.Main --dex --num-threads=4 --multi-dex --main-dex-list /home/onmymobile/AndroidStudioProjects/Heritage/SmsCapture (2)/app/build/intermediates/multi-dex/release/maindexlist.txt --output /home/onmymobile/AndroidStudioProjects/Heritage/SmsCapture (2)/app/build/intermediates/transforms/dex/release/folders/1000/1f/main /home/onmymobile/AndroidStudioProjects/Heritage/SmsCapture (2)/app/build/intermediates/transforms/jarMerging/release/jars/1/1f/combined.jar
java_class_path (initial): /home/onmymobile/Android/Sdk/build-tools/23.0.3/lib/dx.jar
Launcher Type: SUN_STANDARD

Environment Variables:
JAVA_HOME=/usr/lib/jvm/java-8-oracle
PATH=/home/onmymobile/bin:/usr/local/sbin:/usr/local/bin:/usr/sbin:/usr/bin:/sbin:/bin:/usr/games:/usr/local/games:/usr/lib/jvm/java-8-oracle/bin:/usr/lib/jvm/java-8-oracle/db/bin:/usr/lib/jvm/java-8-oracle/jre/bin
SHELL=/bin/bash
DISPLAY=:0

Signal Handlers:
SIGSEGV: [libjvm.so+0xabca10], sa_mask[0]=11111111011111111101111111111110, sa_flags=SA_RESTART|SA_SIGINFO
SIGBUS: [libjvm.so+0xabca10], sa_mask[0]=11111111011111111101111111111110, sa_flags=SA_RESTART|SA_SIGINFO
SIGFPE: [libjvm.so+0x919a20], sa_mask[0]=11111111011111111101111111111110, sa_flags=SA_RESTART|SA_SIGINFO
SIGPIPE: [libjvm.so+0x919a20], sa_mask[0]=11111111011111111101111111111110, sa_flags=SA_RESTART|SA_SIGINFO
SIGXFSZ: [libjvm.so+0x919a20], sa_mask[0]=11111111011111111101111111111110, sa_flags=SA_RESTART|SA_SIGINFO
SIGILL: [libjvm.so+0x919a20], sa_mask[0]=11111111011111111101111111111110, sa_flags=SA_RESTART|SA_SIGINFO
SIGUSR1: SIG_DFL, sa_mask[0]=00000000000000000000000000000000, sa_flags=none
SIGUSR2: [libjvm.so+0x91b050], sa_mask[0]=00100000000000000000000000000000, sa_flags=SA_RESTART|SA_SIGINFO
SIGHUP: [libjvm.so+0x91c450], sa_mask[0]=11111111011111111101111111111110, sa_flags=SA_RESTART|SA_SIGINFO
SIGINT: [libjvm.so+0x91c450], sa_mask[0]=11111111011111111101111111111110, sa_flags=SA_RESTART|SA_SIGINFO
SIGTERM: [libjvm.so+0x91c450], sa_mask[0]=11111111011111111101111111111110, sa_flags=SA_RESTART|SA_SIGINFO
SIGQUIT: [libjvm.so+0x91c450], sa_mask[0]=11111111011111111101111111111110, sa_flags=SA_RESTART|SA_SIGINFO


---------------  S Y S T E M  ---------------

OS:DISTRIB_ID=Ubuntu
DISTRIB_RELEASE=14.04
DISTRIB_CODENAME=trusty
DISTRIB_DESCRIPTION="Ubuntu 14.04.4 LTS"

uname:Linux 4.2.0-42-generic #49~14.04.1-Ubuntu SMP Wed Jun 29 20:22:11 UTC 2016 x86_64
libc:glibc 2.19 NPTL 2.19 
rlimit: STACK 8192k, CORE 0k, NPROC 31336, NOFILE 4096, AS infinity
load average:1.26 1.50 1.27

/proc/meminfo:
MemTotal:        8044164 kB
MemFree:          142044 kB
MemAvailable:      95780 kB
Buffers:             816 kB
Cached:          1064160 kB
SwapCached:            0 kB
Active:          6810652 kB
Inactive:         868896 kB
Active(anon):    6795900 kB
Inactive(anon):   851448 kB
Active(file):      14752 kB
Inactive(file):    17448 kB
Unevictable:         156 kB
Mlocked:             156 kB
SwapTotal:             0 kB
SwapFree:              0 kB
Dirty:              1216 kB
Writeback:             0 kB
AnonPages:       6614780 kB
Mapped:           466608 kB
Shmem:           1032724 kB
Slab:              88440 kB
SReclaimable:      44204 kB
SUnreclaim:        44236 kB
KernelStack:       12720 kB
PageTables:        65296 kB
NFS_Unstable:          0 kB
Bounce:                0 kB
WritebackTmp:          0 kB
CommitLimit:     4022080 kB
Committed_AS:   13750392 kB
VmallocTotal:   34359738367 kB
VmallocUsed:      358884 kB
VmallocChunk:   34358947836 kB
HardwareCorrupted:     0 kB
AnonHugePages:   3979264 kB
CmaTotal:              0 kB
CmaFree:               0 kB
HugePages_Total:       0
HugePages_Free:        0
HugePages_Rsvd:        0
HugePages_Surp:        0
Hugepagesize:       2048 kB
DirectMap4k:      196128 kB
DirectMap2M:     8060928 kB


CPU:total 4 (2 cores per cpu, 2 threads per core) family 6 model 58 stepping 9, cmov, cx8, fxsr, mmx, sse, sse2, sse3, ssse3, sse4.1, sse4.2, popcnt, avx, aes, clmul, erms, ht, tsc, tscinvbit, tscinv

/proc/cpuinfo:
processor	: 0
vendor_id	: GenuineIntel
cpu family	: 6
model		: 58
model name	: Intel(R) Core(TM) i5-3340M CPU @ 2.70GHz
stepping	: 9
microcode	: 0x15
cpu MHz		: 3199.921
cache size	: 3072 KB
physical id	: 0
siblings	: 4
core id		: 0
cpu cores	: 2
apicid		: 0
initial apicid	: 0
fpu		: yes
fpu_exception	: yes
cpuid level	: 13
wp		: yes
flags		: fpu vme de pse tsc msr pae mce cx8 apic sep mtrr pge mca cmov pat pse36 clflush dts acpi mmx fxsr sse sse2 ss ht tm pbe syscall nx rdtscp lm constant_tsc arch_perfmon pebs bts rep_good nopl xtopology nonstop_tsc aperfmperf eagerfpu pni pclmulqdq dtes64 monitor ds_cpl vmx smx est tm2 ssse3 cx16 xtpr pdcm pcid sse4_1 sse4_2 x2apic popcnt tsc_deadline_timer aes xsave avx f16c rdrand lahf_lm ida arat epb pln pts dtherm tpr_shadow vnmi flexpriority ept vpid fsgsbase smep erms xsaveopt
bugs		:
bogomips	: 5382.55
clflush size	: 64
cache_alignment	: 64
address sizes	: 36 bits physical, 48 bits virtual
power management:

processor	: 1
vendor_id	: GenuineIntel
cpu family	: 6
model		: 58
model name	: Intel(R) Core(TM) i5-3340M CPU @ 2.70GHz
stepping	: 9
microcode	: 0x15
cpu MHz		: 3213.527
cache size	: 3072 KB
physical id	: 0
siblings	: 4
core id		: 1
cpu cores	: 2
apicid		: 2
initial apicid	: 2
fpu		: yes
fpu_exception	: yes
cpuid level	: 13
wp		: yes
flags		: fpu vme de pse tsc msr pae mce cx8 apic sep mtrr pge mca cmov pat pse36 clflush dts acpi mmx fxsr sse sse2 ss ht tm pbe syscall nx rdtscp lm constant_tsc arch_perfmon pebs bts rep_good nopl xtopology nonstop_tsc aperfmperf eagerfpu pni pclmulqdq dtes64 monitor ds_cpl vmx smx est tm2 ssse3 cx16 xtpr pdcm pcid sse4_1 sse4_2 x2apic popcnt tsc_deadline_timer aes xsave avx f16c rdrand lahf_lm ida arat epb pln pts dtherm tpr_shadow vnmi flexpriority ept vpid fsgsbase smep erms xsaveopt
bugs		:
bogomips	: 5382.55
clflush size	: 64
cache_alignment	: 64
address sizes	: 36 bits physical, 48 bits virtual
power management:

processor	: 2
vendor_id	: GenuineIntel
cpu family	: 6
model		: 58
model name	: Intel(R) Core(TM) i5-3340M CPU @ 2.70GHz
stepping	: 9
microcode	: 0x15
cpu MHz		: 3199.921
cache size	: 3072 KB
physical id	: 0
siblings	: 4
core id		: 0
cpu cores	: 2
apicid		: 1
initial apicid	: 1
fpu		: yes
fpu_exception	: yes
cpuid level	: 13
wp		: yes
flags		: fpu vme de pse tsc msr pae mce cx8 apic sep mtrr pge mca cmov pat pse36 clflush dts acpi mmx fxsr sse sse2 ss ht tm pbe syscall nx rdtscp lm constant_tsc arch_perfmon pebs bts rep_good nopl xtopology nonstop_tsc aperfmperf eagerfpu pni pclmulqdq dtes64 monitor ds_cpl vmx smx est tm2 ssse3 cx16 xtpr pdcm pcid sse4_1 sse4_2 x2apic popcnt tsc_deadline_timer aes xsave avx f16c rdrand lahf_lm ida arat epb pln pts dtherm tpr_shadow vnmi flexpriority ept vpid fsgsbase smep erms xsaveopt
bugs		:
bogomips	: 5382.55
clflush size	: 64
cache_alignment	: 64
address sizes	: 36 bits physical, 48 bits virtual
power management:

processor	: 3
vendor_id	: GenuineIntel
cpu family	: 6
model		: 58
model name	: Intel(R) Core(TM) i5-3340M CPU @ 2.70GHz
stepping	: 9
microcode	: 0x15
cpu MHz		: 3200.660
cache size	: 3072 KB
physical id	: 0
siblings	: 4
core id		: 1
cpu cores	: 2
apicid		: 3
initial apicid	: 3
fpu		: yes
fpu_exception	: yes
cpuid level	: 13
wp		: yes
flags		: fpu vme de pse tsc msr pae mce cx8 apic sep mtrr pge mca cmov pat pse36 clflush dts acpi mmx fxsr sse sse2 ss ht tm pbe syscall nx rdtscp lm constant_tsc arch_perfmon pebs bts rep_good nopl xtopology nonstop_tsc aperfmperf eagerfpu pni pclmulqdq dtes64 monitor ds_cpl vmx smx est tm2 ssse3 cx16 xtpr pdcm pcid sse4_1 sse4_2 x2apic popcnt tsc_deadline_timer aes xsave avx f16c rdrand lahf_lm ida arat epb pln pts dtherm tpr_shadow vnmi flexpriority ept vpid fsgsbase smep erms xsaveopt
bugs		:
bogomips	: 5382.55
clflush size	: 64
cache_alignment	: 64
address sizes	: 36 bits physical, 48 bits virtual
power management:



Memory: 4k page, physical 8044164k(142044k free), swap 0k(0k free)

vm_info: Java HotSpot(TM) 64-Bit Server VM (25.91-b14) for linux-amd64 JRE (1.8.0_91-b14), built on Apr  1 2016 00:57:21 by "java_re" with gcc 4.3.0 20080428 (Red Hat 4.3.0-8)

time: Thu Jul 21 16:52:53 2016
elapsed time: 4 seconds (0d 0h 0m 4s)

