#
# There is insufficient memory for the Java Runtime Environment to continue.
# Native memory allocation (mmap) failed to map 292552704 bytes for committing reserved memory.
# Possible reasons:
#   The system is out of physical RAM or swap space
#   In 32 bit mode, the process size limit was hit
# Possible solutions:
#   Reduce memory load on the system
#   Increase physical memory or swap space
#   Check if swap backing store is full
#   Use 64 bit Java on a 64 bit OS
#   Decrease Java heap size (-Xmx/-Xms)
#   Decrease number of Java threads
#   Decrease Java thread stack sizes (-Xss)
#   Set larger code cache with -XX:ReservedCodeCacheSize=
# This output file may be truncated or incomplete.
#
#  Out of Memory Error (os_linux.cpp:2627), pid=16940, tid=140158115051264
#
# JRE version: Java(TM) SE Runtime Environment (8.0_91-b14) (build 1.8.0_91-b14)
# Java VM: Java HotSpot(TM) 64-Bit Server VM (25.91-b14 mixed mode linux-amd64 compressed oops)
# Failed to write core dump. Core dumps have been disabled. To enable core dumping, try "ulimit -c unlimited" before starting Java again
#

---------------  T H R E A D  ---------------

Current thread (0x00007f7930078000):  VMThread [stack: 0x00007f791a98f000,0x00007f791aa90000] [id=16950]

Stack: [0x00007f791a98f000,0x00007f791aa90000],  sp=0x00007f791aa8e2e0,  free space=1020k
Native frames: (J=compiled Java code, j=interpreted, Vv=VM code, C=native code)
V  [libjvm.so+0xabc18a]  VMError::report_and_die()+0x2ba
V  [libjvm.so+0x4fafeb]  report_vm_out_of_memory(char const*, int, unsigned long, VMErrorType, char const*)+0x8b
V  [libjvm.so+0x91cbb3]  os::Linux::commit_memory_impl(char*, unsigned long, bool)+0x103
V  [libjvm.so+0x91d109]  os::pd_commit_memory(char*, unsigned long, unsigned long, bool)+0x29
V  [libjvm.so+0x91740a]  os::commit_memory(char*, unsigned long, unsigned long, bool)+0x2a
V  [libjvm.so+0x98b033]  PSVirtualSpace::expand_by(unsigned long)+0x53
V  [libjvm.so+0x98c438]  PSYoungGen::resize_generation(unsigned long, unsigned long)+0xf8
V  [libjvm.so+0x98b592]  PSYoungGen::resize(unsigned long, unsigned long)+0x22
V  [libjvm.so+0x98886b]  PSScavenge::invoke_no_policy()+0xf3b
V  [libjvm.so+0x988ff1]  PSScavenge::invoke()+0x41
V  [libjvm.so+0x9408b0]  ParallelScavengeHeap::failed_mem_allocate(unsigned long)+0x70
V  [libjvm.so+0xabdba7]  VM_ParallelGCFailedAllocation::doit()+0x97
V  [libjvm.so+0xac55d5]  VM_Operation::evaluate()+0x55
V  [libjvm.so+0xac39aa]  VMThread::evaluate_operation(VM_Operation*)+0xba
V  [libjvm.so+0xac3d2e]  VMThread::loop()+0x1ce
V  [libjvm.so+0xac41a0]  VMThread::run()+0x70
V  [libjvm.so+0x91ef78]  java_start(Thread*)+0x108

VM_Operation (0x00007f79196689a0): ParallelGCFailedAllocation, mode: safepoint, requested by thread 0x00007f79302cf800


---------------  P R O C E S S  ---------------

Java Threads: ( => current thread )
  0x00007f79302cf800 JavaThread "pool-2-thread-4" [_thread_blocked, id=16963, stack(0x00007f791956a000,0x00007f791966b000)]
  0x00007f79302cd800 JavaThread "pool-2-thread-3" [_thread_blocked, id=16962, stack(0x00007f791966b000,0x00007f791976c000)]
  0x00007f79302cc000 JavaThread "pool-2-thread-2" [_thread_blocked, id=16961, stack(0x00007f791976c000,0x00007f791986d000)]
  0x00007f79302cb000 JavaThread "pool-3-thread-1" [_thread_blocked, id=16960, stack(0x00007f791986d000,0x00007f791996e000)]
  0x00007f79302c9000 JavaThread "pool-2-thread-1" [_thread_blocked, id=16959, stack(0x00007f791996e000,0x00007f7919a6f000)]
  0x00007f79300c0800 JavaThread "Service Thread" daemon [_thread_blocked, id=16957, stack(0x00007f7919ba6000,0x00007f7919ca7000)]
  0x00007f79300bd000 JavaThread "C1 CompilerThread2" daemon [_thread_blocked, id=16956, stack(0x00007f7919ca7000,0x00007f7919da8000)]
  0x00007f79300bb800 JavaThread "C2 CompilerThread1" daemon [_thread_blocked, id=16955, stack(0x00007f7919da8000,0x00007f7919ea9000)]
  0x00007f79300b8800 JavaThread "C2 CompilerThread0" daemon [_thread_blocked, id=16954, stack(0x00007f7919ea9000,0x00007f7919faa000)]
  0x00007f79300b7000 JavaThread "Signal Dispatcher" daemon [_thread_blocked, id=16953, stack(0x00007f7919faa000,0x00007f791a0ab000)]
  0x00007f7930084000 JavaThread "Finalizer" daemon [_thread_blocked, id=16952, stack(0x00007f791a78d000,0x00007f791a88e000)]
  0x00007f793007f800 JavaThread "Reference Handler" daemon [_thread_blocked, id=16951, stack(0x00007f791a88e000,0x00007f791a98f000)]
  0x00007f793000a000 JavaThread "main" [_thread_blocked, id=16945, stack(0x00007f7938087000,0x00007f7938188000)]

Other Threads:
=>0x00007f7930078000 VMThread [stack: 0x00007f791a98f000,0x00007f791aa90000] [id=16950]
  0x00007f79300c3000 WatcherThread [stack: 0x00007f7919aa5000,0x00007f7919ba6000] [id=16958]

VM state:at safepoint (normal execution)

VM Mutex/Monitor currently owned by a thread:  ([mutex/lock_event])
[0x00007f79300065f0] Threads_lock - owner thread: 0x00007f7930078000
[0x00007f7930006af0] Heap_lock - owner thread: 0x00007f79302cf800

Heap:
 PSYoungGen      total 281088K, used 29666K [0x000000076ab00000, 0x000000077dd00000, 0x00000007c0000000)
  eden space 251392K, 0% used [0x000000076ab00000,0x000000076ab00000,0x000000077a080000)
  from space 29696K, 99% used [0x000000077a080000,0x000000077bd78a50,0x000000077bd80000)
  to   space 27136K, 0% used [0x000000077bd80000,0x000000077bd80000,0x000000077d800000)
 ParOldGen       total 84992K, used 62244K [0x00000006c0000000, 0x00000006c5300000, 0x000000076ab00000)
  object space 84992K, 73% used [0x00000006c0000000,0x00000006c3cc92a8,0x00000006c5300000)
 Metaspace       used 6520K, capacity 7256K, committed 7424K, reserved 1056768K
  class space    used 615K, capacity 656K, committed 768K, reserved 1048576K

Card table byte_map: [0x00007f7934649000,0x00007f7934e4a000] byte_map_base: 0x00007f7931049000

Marking Bits: (ParMarkBitMap*) 0x00007f793755fd60
 Begin Bits: [0x00007f78fc000000, 0x00007f7900000000)
 End Bits:   [0x00007f7900000000, 0x00007f7904000000)

Polling page: 0x00007f79381a8000

CodeCache: size=245760Kb used=8494Kb max_used=8494Kb free=237266Kb
 bounds [0x00007f7921000000, 0x00007f7921860000, 0x00007f7930000000]
 total_blobs=2454 nmethods=2185 adapters=182
 compilation: enabled

Compilation events (10 events):
Event: 3.960 Thread 0x00007f79300bd000 2409       3       com.android.dx.cf.direct.StdAttributeFactory::lineNumberTable (204 bytes)
Event: 3.965 Thread 0x00007f79300bd000 nmethod 2409 0x00007f792184c150 code [0x00007f792184c600, 0x00007f792184f2f8]
Event: 3.976 Thread 0x00007f79300bd000 2411       2       com.android.dx.dex.code.VariableSizeInsn::<init> (10 bytes)
Event: 3.977 Thread 0x00007f79300bd000 nmethod 2411 0x00007f7921851750 code [0x00007f79218518c0, 0x00007f7921851a48]
Event: 3.983 Thread 0x00007f79300bd000 2412       2       com.android.dx.rop.code.RegisterSpecSet::mutableCopy (57 bytes)
Event: 3.984 Thread 0x00007f79300bd000 nmethod 2412 0x00007f7921851ad0 code [0x00007f7921851c60, 0x00007f7921851fc8]
Event: 3.984 Thread 0x00007f79300bd000 2413       2       java.util.concurrent.locks.AbstractQueuedSynchronizer$Node::<init> (15 bytes)
Event: 3.984 Thread 0x00007f79300bd000 nmethod 2413 0x00007f7921838210 code [0x00007f7921838360, 0x00007f79218384f0]
Event: 3.994 Thread 0x00007f79300bd000 2414       2       java.util.concurrent.locks.AbstractQueuedSynchronizer$ConditionObject::doSignal (43 bytes)
Event: 3.994 Thread 0x00007f79300bd000 nmethod 2414 0x00007f79218521d0 code [0x00007f7921852340, 0x00007f79218525a8]

GC Heap History (10 events):
Event: 0.715 GC heap after
Heap after GC invocations=2 (full 0):
 PSYoungGen      total 68608K, used 5102K [0x000000076ab00000, 0x000000076f300000, 0x00000007c0000000)
  eden space 63488K, 0% used [0x000000076ab00000,0x000000076ab00000,0x000000076e900000)
  from space 5120K, 99% used [0x000000076ee00000,0x000000076f2fba20,0x000000076f300000)
  to   space 5120K, 0% used [0x000000076e900000,0x000000076e900000,0x000000076ee00000)
 ParOldGen       total 84992K, used 1856K [0x00000006c0000000, 0x00000006c5300000, 0x000000076ab00000)
  object space 84992K, 2% used [0x00000006c0000000,0x00000006c01d0258,0x00000006c5300000)
 Metaspace       used 5818K, capacity 6768K, committed 7040K, reserved 1056768K
  class space    used 593K, capacity 616K, committed 640K, reserved 1048576K
}
Event: 1.312 GC heap before
{Heap before GC invocations=3 (full 0):
 PSYoungGen      total 68608K, used 68590K [0x000000076ab00000, 0x000000076f300000, 0x00000007c0000000)
  eden space 63488K, 100% used [0x000000076ab00000,0x000000076e900000,0x000000076e900000)
  from space 5120K, 99% used [0x000000076ee00000,0x000000076f2fba20,0x000000076f300000)
  to   space 5120K, 0% used [0x000000076e900000,0x000000076e900000,0x000000076ee00000)
 ParOldGen       total 84992K, used 1856K [0x00000006c0000000, 0x00000006c5300000, 0x000000076ab00000)
  object space 84992K, 2% used [0x00000006c0000000,0x00000006c01d0258,0x00000006c5300000)
 Metaspace       used 5913K, capacity 6896K, committed 7040K, reserved 1056768K
  class space    used 594K, capacity 616K, committed 640K, reserved 1048576K
Event: 1.339 GC heap after
Heap after GC invocations=3 (full 0):
 PSYoungGen      total 68608K, used 5093K [0x000000076ab00000, 0x0000000773100000, 0x00000007c0000000)
  eden space 63488K, 0% used [0x000000076ab00000,0x000000076ab00000,0x000000076e900000)
  from space 5120K, 99% used [0x000000076e900000,0x000000076edf9748,0x000000076ee00000)
  to   space 5120K, 0% used [0x0000000772c00000,0x0000000772c00000,0x0000000773100000)
 ParOldGen       total 84992K, used 10264K [0x00000006c0000000, 0x00000006c5300000, 0x000000076ab00000)
  object space 84992K, 12% used [0x00000006c0000000,0x00000006c0a062a8,0x00000006c5300000)
 Metaspace       used 5913K, capacity 6896K, committed 7040K, reserved 1056768K
  class space    used 594K, capacity 616K, committed 640K, reserved 1048576K
}
Event: 1.703 GC heap before
{Heap before GC invocations=4 (full 0):
 PSYoungGen      total 68608K, used 68581K [0x000000076ab00000, 0x0000000773100000, 0x00000007c0000000)
  eden space 63488K, 100% used [0x000000076ab00000,0x000000076e900000,0x000000076e900000)
  from space 5120K, 99% used [0x000000076e900000,0x000000076edf9748,0x000000076ee00000)
  to   space 5120K, 0% used [0x0000000772c00000,0x0000000772c00000,0x0000000773100000)
 ParOldGen       total 84992K, used 10264K [0x00000006c0000000, 0x00000006c5300000, 0x000000076ab00000)
  object space 84992K, 12% used [0x00000006c0000000,0x00000006c0a062a8,0x00000006c5300000)
 Metaspace       used 5985K, capacity 6960K, committed 7040K, reserved 1056768K
  class space    used 595K, capacity 616K, committed 640K, reserved 1048576K
Event: 1.732 GC heap after
Heap after GC invocations=4 (full 0):
 PSYoungGen      total 132096K, used 5113K [0x000000076ab00000, 0x0000000773100000, 0x00000007c0000000)
  eden space 126976K, 0% used [0x000000076ab00000,0x000000076ab00000,0x0000000772700000)
  from space 5120K, 99% used [0x0000000772c00000,0x00000007730fe468,0x0000000773100000)
  to   space 5120K, 0% used [0x0000000772700000,0x0000000772700000,0x0000000772c00000)
 ParOldGen       total 84992K, used 19703K [0x00000006c0000000, 0x00000006c5300000, 0x000000076ab00000)
  object space 84992K, 23% used [0x00000006c0000000,0x00000006c133de50,0x00000006c5300000)
 Metaspace       used 5985K, capacity 6960K, committed 7040K, reserved 1056768K
  class space    used 595K, capacity 616K, committed 640K, reserved 1048576K
}
Event: 2.366 GC heap before
{Heap before GC invocations=5 (full 0):
 PSYoungGen      total 132096K, used 132089K [0x000000076ab00000, 0x0000000773100000, 0x00000007c0000000)
  eden space 126976K, 100% used [0x000000076ab00000,0x0000000772700000,0x0000000772700000)
  from space 5120K, 99% used [0x0000000772c00000,0x00000007730fe468,0x0000000773100000)
  to   space 5120K, 0% used [0x0000000772700000,0x0000000772700000,0x0000000772c00000)
 ParOldGen       total 84992K, used 19703K [0x00000006c0000000, 0x00000006c5300000, 0x000000076ab00000)
  object space 84992K, 23% used [0x00000006c0000000,0x00000006c133de50,0x00000006c5300000)
 Metaspace       used 6205K, capacity 7128K, committed 7424K, reserved 1056768K
  class space    used 615K, capacity 656K, committed 768K, reserved 1048576K
Event: 2.404 GC heap after
Heap after GC invocations=5 (full 0):
 PSYoungGen      total 132096K, used 5088K [0x000000076ab00000, 0x000000077d800000, 0x00000007c0000000)
  eden space 126976K, 0% used [0x000000076ab00000,0x000000076ab00000,0x0000000772700000)
  from space 5120K, 99% used [0x0000000772700000,0x0000000772bf82d8,0x0000000772c00000)
  to   space 27136K, 0% used [0x000000077bd80000,0x000000077bd80000,0x000000077d800000)
 ParOldGen       total 84992K, used 36980K [0x00000006c0000000, 0x00000006c5300000, 0x000000076ab00000)
  object space 84992K, 43% used [0x00000006c0000000,0x00000006c241d048,0x00000006c5300000)
 Metaspace       used 6205K, capacity 7128K, committed 7424K, reserved 1056768K
  class space    used 615K, capacity 656K, committed 768K, reserved 1048576K
}
Event: 2.812 GC heap before
{Heap before GC invocations=6 (full 0):
 PSYoungGen      total 132096K, used 132064K [0x000000076ab00000, 0x000000077d800000, 0x00000007c0000000)
  eden space 126976K, 100% used [0x000000076ab00000,0x0000000772700000,0x0000000772700000)
  from space 5120K, 99% used [0x0000000772700000,0x0000000772bf82d8,0x0000000772c00000)
  to   space 27136K, 0% used [0x000000077bd80000,0x000000077bd80000,0x000000077d800000)
 ParOldGen       total 84992K, used 36980K [0x00000006c0000000, 0x00000006c5300000, 0x000000076ab00000)
  object space 84992K, 43% used [0x00000006c0000000,0x00000006c241d048,0x00000006c5300000)
 Metaspace       used 6350K, capacity 7192K, committed 7424K, reserved 1056768K
  class space    used 615K, capacity 656K, committed 768K, reserved 1048576K
Event: 2.890 GC heap after
Heap after GC invocations=6 (full 0):
 PSYoungGen      total 278528K, used 20491K [0x000000076ab00000, 0x000000077dd00000, 0x00000007c0000000)
  eden space 251392K, 0% used [0x000000076ab00000,0x000000076ab00000,0x000000077a080000)
  from space 27136K, 75% used [0x000000077bd80000,0x000000077d182f48,0x000000077d800000)
  to   space 29696K, 0% used [0x000000077a080000,0x000000077a080000,0x000000077bd80000)
 ParOldGen       total 84992K, used 36980K [0x00000006c0000000, 0x00000006c5300000, 0x000000076ab00000)
  object space 84992K, 43% used [0x00000006c0000000,0x00000006c241d048,0x00000006c5300000)
 Metaspace       used 6350K, capacity 7192K, committed 7424K, reserved 1056768K
  class space    used 615K, capacity 656K, committed 768K, reserved 1048576K
}
Event: 4.041 GC heap before
{Heap before GC invocations=7 (full 0):
 PSYoungGen      total 278528K, used 271883K [0x000000076ab00000, 0x000000077dd00000, 0x00000007c0000000)
  eden space 251392K, 100% used [0x000000076ab00000,0x000000077a080000,0x000000077a080000)
  from space 27136K, 75% used [0x000000077bd80000,0x000000077d182f48,0x000000077d800000)
  to   space 29696K, 0% used [0x000000077a080000,0x000000077a080000,0x000000077bd80000)
 ParOldGen       total 84992K, used 36980K [0x00000006c0000000, 0x00000006c5300000, 0x000000076ab00000)
  object space 84992K, 43% used [0x00000006c0000000,0x00000006c241d048,0x00000006c5300000)
 Metaspace       used 6520K, capacity 7256K, committed 7424K, reserved 1056768K
  class space    used 615K, capacity 656K, committed 768K, reserved 1048576K

Deoptimization events (10 events):
Event: 1.406 Thread 0x00007f79302cd800 Uncommon trap: reason=unstable_if action=reinterpret pc=0x00007f79212e6398 method=com.android.dx.rop.code.RegisterSpec.equals(ILcom/android/dx/rop/type/TypeBearer;Lcom/android/dx/rop/code/LocalItem;)Z @ 42
Event: 1.635 Thread 0x00007f79302c9000 Uncommon trap: reason=unstable_if action=reinterpret pc=0x00007f792141743c method=com.android.dx.ssa.SsaMethod.updateOneDefinition(Lcom/android/dx/ssa/SsaInsn;Lcom/android/dx/rop/code/RegisterSpec;)V @ 4
Event: 2.069 Thread 0x00007f79302cf800 Uncommon trap: reason=unstable_if action=reinterpret pc=0x00007f79213273e8 method=java.util.HashMap.putVal(ILjava/lang/Object;Ljava/lang/Object;ZZ)Ljava/lang/Object; @ 162
Event: 2.081 Thread 0x00007f79302c9000 Uncommon trap: reason=unstable_if action=reinterpret pc=0x00007f7921372c84 method=java.util.HashMap.getNode(ILjava/lang/Object;)Ljava/util/HashMap$Node; @ 84
Event: 2.129 Thread 0x00007f79302c9000 Uncommon trap: reason=bimorphic action=maybe_recompile pc=0x00007f7921550b14 method=java.util.HashMap.putVal(ILjava/lang/Object;Ljava/lang/Object;ZZ)Ljava/lang/Object; @ 203
Event: 2.141 Thread 0x00007f79302cc000 Uncommon trap: reason=unstable_if action=reinterpret pc=0x00007f7921550ac8 method=java.util.HashMap.putVal(ILjava/lang/Object;Ljava/lang/Object;ZZ)Ljava/lang/Object; @ 109
Event: 2.497 Thread 0x00007f79302cc000 Uncommon trap: reason=unstable_if action=reinterpret pc=0x00007f7921418498 method=com.android.dx.dex.code.OutputFinisher.hasLocalInfo(Lcom/android/dx/dex/code/DalvInsn;)Z @ 24
Event: 2.951 Thread 0x00007f79302cd800 Uncommon trap: reason=unstable_if action=reinterpret pc=0x00007f7921677e3c method=com.android.dx.ssa.SCCP.simulateBranch(Lcom/android/dx/ssa/SsaInsn;)V @ 548
Event: 3.619 Thread 0x00007f79302c9000 Uncommon trap: reason=unstable_if action=reinterpret pc=0x00007f79215b91a8 method=com.android.dx.ssa.SCCP.simulateStmt(Lcom/android/dx/ssa/SsaInsn;)V @ 435
Event: 3.983 Thread 0x00007f79302cc000 Uncommon trap: reason=unstable_if action=reinterpret pc=0x00007f79214543e0 method=com.android.dx.rop.code.RegisterSpecSet.<init>(I)V @ 2

Internal exceptions (6 events):
Event: 0.019 Thread 0x00007f793000a000 Exception <a 'java/lang/NoSuchMethodError': Method sun.misc.Unsafe.defineClass(Ljava/lang/String;[BII)Ljava/lang/Class; name or signature does not match> (0x000000076ab07cc0) thrown at [/HUDSON/workspace/8-2-build-linux-amd64/jdk8u91/6644/hotspot/src/shar
Event: 0.019 Thread 0x00007f793000a000 Exception <a 'java/lang/NoSuchMethodError': Method sun.misc.Unsafe.prefetchRead(Ljava/lang/Object;J)V name or signature does not match> (0x000000076ab07fa8) thrown at [/HUDSON/workspace/8-2-build-linux-amd64/jdk8u91/6644/hotspot/src/share/vm/prims/jni.cpp
Event: 0.701 Thread 0x00007f793000a000 Implicit null exception at 0x00007f79212e77d2 to 0x00007f79212ea7e9
Event: 2.075 Thread 0x00007f79302cf800 Exception <a 'java/lang/ArrayIndexOutOfBoundsException': 18> (0x000000076f618fa0) thrown at [/HUDSON/workspace/8-2-build-linux-amd64/jdk8u91/6644/hotspot/src/share/vm/interpreter/interpreterRuntime.cpp, line 366]
Event: 2.076 Thread 0x00007f79302cf800 Exception <a 'java/lang/ArrayIndexOutOfBoundsException': 145> (0x000000076f61ab20) thrown at [/HUDSON/workspace/8-2-build-linux-amd64/jdk8u91/6644/hotspot/src/share/vm/interpreter/interpreterRuntime.cpp, line 366]
Event: 2.078 Thread 0x00007f79302cf800 Exception <a 'java/lang/ArrayIndexOutOfBoundsException': 40> (0x000000076f61be08) thrown at [/HUDSON/workspace/8-2-build-linux-amd64/jdk8u91/6644/hotspot/src/share/vm/interpreter/interpreterRuntime.cpp, line 366]

Events (10 events):
Event: 3.983 Thread 0x00007f79302cc000 Uncommon trap: trap_request=0xffffff65 fr.pc=0x00007f79214543e0
Event: 3.983 Thread 0x00007f79302cc000 DEOPT PACKING pc=0x00007f79214543e0 sp=0x00007f791986aff0
Event: 3.983 Thread 0x00007f79302cc000 DEOPT UNPACKING pc=0x00007f7921005229 sp=0x00007f791986af40 mode 2
Event: 3.988 Thread 0x00007f79302cf800 DEOPT PACKING pc=0x00007f79212c91bd sp=0x00007f7919668b00
Event: 3.988 Thread 0x00007f79302cf800 DEOPT UNPACKING pc=0x00007f7921047633 sp=0x00007f7919668888 mode 0
Event: 3.992 Thread 0x00007f79302c9000 DEOPT PACKING pc=0x00007f79213b3034 sp=0x00007f7919a6d190
Event: 3.992 Thread 0x00007f79302c9000 DEOPT UNPACKING pc=0x00007f7921047633 sp=0x00007f7919a6ce90 mode 0
Event: 4.026 Thread 0x00007f79302cc000 DEOPT PACKING pc=0x00007f792137f1ca sp=0x00007f791986ae20
Event: 4.026 Thread 0x00007f79302cc000 DEOPT UNPACKING pc=0x00007f7921047633 sp=0x00007f791986ac08 mode 0
Event: 4.034 Executing VM operation: ParallelGCFailedAllocation


Dynamic libraries:
00400000-00401000 r-xp 00000000 08:01 1454135                            /usr/lib/jvm/java-8-oracle/bin/java
00600000-00601000 rw-p 00000000 08:01 1454135                            /usr/lib/jvm/java-8-oracle/bin/java
01e76000-01e97000 rw-p 00000000 00:00 0                                  [heap]
6c0000000-6c5300000 rw-p 00000000 00:00 0 
6c5300000-76ab00000 ---p 00000000 00:00 0 
76ab00000-77dd00000 rw-p 00000000 00:00 0 
78f400000-7c0000000 ---p 00000000 00:00 0 
7c0000000-7c00c0000 rw-p 00000000 00:00 0 
7c00c0000-800000000 ---p 00000000 00:00 0 
7f78c4000000-7f78c4021000 rw-p 00000000 00:00 0 
7f78c4021000-7f78c8000000 ---p 00000000 00:00 0 
7f78cc000000-7f78cc021000 rw-p 00000000 00:00 0 
7f78cc021000-7f78d0000000 ---p 00000000 00:00 0 
7f78d0000000-7f78d0061000 rw-p 00000000 00:00 0 
7f78d0061000-7f78d4000000 ---p 00000000 00:00 0 
7f78d4000000-7f78d4022000 rw-p 00000000 00:00 0 
7f78d4022000-7f78d8000000 ---p 00000000 00:00 0 
7f78d8000000-7f78d8021000 rw-p 00000000 00:00 0 
7f78d8021000-7f78dc000000 ---p 00000000 00:00 0 
7f78dc000000-7f78dc021000 rw-p 00000000 00:00 0 
7f78dc021000-7f78e0000000 ---p 00000000 00:00 0 
7f78e0000000-7f78e0021000 rw-p 00000000 00:00 0 
7f78e0021000-7f78e4000000 ---p 00000000 00:00 0 
7f78e4000000-7f78e4e1b000 rw-p 00000000 00:00 0 
7f78e4e1b000-7f78e8000000 ---p 00000000 00:00 0 
7f78e8000000-7f78e866c000 rw-p 00000000 00:00 0 
7f78e866c000-7f78ec000000 ---p 00000000 00:00 0 
7f78ec000000-7f78ec021000 rw-p 00000000 00:00 0 
7f78ec021000-7f78f0000000 ---p 00000000 00:00 0 
7f78f0000000-7f78f0c90000 rw-p 00000000 00:00 0 
7f78f0c90000-7f78f4000000 ---p 00000000 00:00 0 
7f78f4000000-7f78f4021000 rw-p 00000000 00:00 0 
7f78f4021000-7f78f8000000 ---p 00000000 00:00 0 
7f78f8000000-7f78f8021000 rw-p 00000000 00:00 0 
7f78f8021000-7f78fc000000 ---p 00000000 00:00 0 
7f78fc000000-7f7904000000 rw-p 00000000 00:00 0 
7f7904000000-7f7904021000 rw-p 00000000 00:00 0 
7f7904021000-7f7908000000 ---p 00000000 00:00 0 
7f7908000000-7f790828c000 rw-p 00000000 00:00 0 
7f790828c000-7f790c000000 ---p 00000000 00:00 0 
7f790c000000-7f790c021000 rw-p 00000000 00:00 0 
7f790c021000-7f7910000000 ---p 00000000 00:00 0 
7f7914000000-7f7914021000 rw-p 00000000 00:00 0 
7f7914021000-7f7918000000 ---p 00000000 00:00 0 
7f791956a000-7f791956d000 ---p 00000000 00:00 0 
7f791956d000-7f791966b000 rw-p 00000000 00:00 0 
7f791966b000-7f791966e000 ---p 00000000 00:00 0 
7f791966e000-7f791976c000 rw-p 00000000 00:00 0 
7f791976c000-7f791976f000 ---p 00000000 00:00 0 
7f791976f000-7f791986d000 rw-p 00000000 00:00 0 
7f791986d000-7f7919870000 ---p 00000000 00:00 0 
7f7919870000-7f791996e000 rw-p 00000000 00:00 0 
7f791996e000-7f7919971000 ---p 00000000 00:00 0 
7f7919971000-7f7919a6f000 rw-p 00000000 00:00 0 
7f7919a6f000-7f7919aa5000 r--s 002b8000 08:05 4855664                    /home/onmymobile/AndroidStudioProjects/Heritage/SmsCapture (2)/app/build/intermediates/transforms/jarMerging/release/jars/1/1f/combined.jar
7f7919aa5000-7f7919aa6000 ---p 00000000 00:00 0 
7f7919aa6000-7f7919ba6000 rw-p 00000000 00:00 0 
7f7919ba6000-7f7919ba9000 ---p 00000000 00:00 0 
7f7919ba9000-7f7919ca7000 rw-p 00000000 00:00 0 
7f7919ca7000-7f7919caa000 ---p 00000000 00:00 0 
7f7919caa000-7f7919da8000 rw-p 00000000 00:00 0 
7f7919da8000-7f7919dab000 ---p 00000000 00:00 0 
7f7919dab000-7f7919ea9000 rw-p 00000000 00:00 0 
7f7919ea9000-7f7919eac000 ---p 00000000 00:00 0 
7f7919eac000-7f7919faa000 rw-p 00000000 00:00 0 
7f7919faa000-7f7919fad000 ---p 00000000 00:00 0 
7f7919fad000-7f791a0ab000 rw-p 00000000 00:00 0 
7f791a0ab000-7f791a78d000 r--p 00000000 08:01 1448881                    /usr/lib/locale/locale-archive
7f791a78d000-7f791a790000 ---p 00000000 00:00 0 
7f791a790000-7f791a88e000 rw-p 00000000 00:00 0 
7f791a88e000-7f791a891000 ---p 00000000 00:00 0 
7f791a891000-7f791a98f000 rw-p 00000000 00:00 0 
7f791a98f000-7f791a990000 ---p 00000000 00:00 0 
7f791a990000-7f791be80000 rw-p 00000000 00:00 0 
7f791be80000-7f791c000000 ---p 00000000 00:00 0 
7f791c000000-7f791c021000 rw-p 00000000 00:00 0 
7f791c021000-7f7920000000 ---p 00000000 00:00 0 
7f7920000000-7f7920223000 rw-p 00000000 00:00 0 
7f7920223000-7f79203fc000 r--s 03d1f000 08:01 1452558                    /usr/lib/jvm/java-8-oracle/jre/lib/rt.jar
7f79203fc000-7f7920bfc000 rw-p 00000000 00:00 0 
7f7920bfc000-7f7920bfd000 ---p 00000000 00:00 0 
7f7920bfd000-7f7920cfd000 rw-p 00000000 00:00 0 
7f7920cfd000-7f7920cfe000 ---p 00000000 00:00 0 
7f7920cfe000-7f7920dfe000 rw-p 00000000 00:00 0 
7f7920dfe000-7f7920dff000 ---p 00000000 00:00 0 
7f7920dff000-7f7920eff000 rw-p 00000000 00:00 0 
7f7920eff000-7f7920f00000 ---p 00000000 00:00 0 
7f7920f00000-7f7921000000 rw-p 00000000 00:00 0 
7f7921000000-7f7921860000 rwxp 00000000 00:00 0 
7f7921860000-7f7930000000 ---p 00000000 00:00 0 
7f7930000000-7f793039e000 rw-p 00000000 00:00 0 
7f793039e000-7f7934000000 ---p 00000000 00:00 0 
7f793400d000-7f793411d000 rw-p 00000000 00:00 0 
7f793411d000-7f7934649000 ---p 00000000 00:00 0 
7f7934649000-7f7934673000 rw-p 00000000 00:00 0 
7f7934673000-7f7934b9e000 ---p 00000000 00:00 0 
7f7934b9e000-7f7934c38000 rw-p 00000000 00:00 0 
7f7934c38000-7f7934e49000 ---p 00000000 00:00 0 
7f7934e49000-7f7934e6c000 rw-p 00000000 00:00 0 
7f7934e6c000-7f793520a000 ---p 00000000 00:00 0 
7f793520a000-7f7935224000 r-xp 00000000 08:01 1452613                    /usr/lib/jvm/java-8-oracle/jre/lib/amd64/libzip.so
7f7935224000-7f7935424000 ---p 0001a000 08:01 1452613                    /usr/lib/jvm/java-8-oracle/jre/lib/amd64/libzip.so
7f7935424000-7f7935425000 rw-p 0001a000 08:01 1452613                    /usr/lib/jvm/java-8-oracle/jre/lib/amd64/libzip.so
7f7935425000-7f793542f000 r-xp 00000000 08:01 7078098                    /lib/x86_64-linux-gnu/libnss_files-2.19.so
7f793542f000-7f793562e000 ---p 0000a000 08:01 7078098                    /lib/x86_64-linux-gnu/libnss_files-2.19.so
7f793562e000-7f793562f000 r--p 00009000 08:01 7078098                    /lib/x86_64-linux-gnu/libnss_files-2.19.so
7f793562f000-7f7935630000 rw-p 0000a000 08:01 7078098                    /lib/x86_64-linux-gnu/libnss_files-2.19.so
7f7935630000-7f793563b000 r-xp 00000000 08:01 7078090                    /lib/x86_64-linux-gnu/libnss_nis-2.19.so
7f793563b000-7f793583a000 ---p 0000b000 08:01 7078090                    /lib/x86_64-linux-gnu/libnss_nis-2.19.so
7f793583a000-7f793583b000 r--p 0000a000 08:01 7078090                    /lib/x86_64-linux-gnu/libnss_nis-2.19.so
7f793583b000-7f793583c000 rw-p 0000b000 08:01 7078090                    /lib/x86_64-linux-gnu/libnss_nis-2.19.so
7f793583c000-7f7935853000 r-xp 00000000 08:01 7078086                    /lib/x86_64-linux-gnu/libnsl-2.19.so
7f7935853000-7f7935a52000 ---p 00017000 08:01 7078086                    /lib/x86_64-linux-gnu/libnsl-2.19.so
7f7935a52000-7f7935a53000 r--p 00016000 08:01 7078086                    /lib/x86_64-linux-gnu/libnsl-2.19.so
7f7935a53000-7f7935a54000 rw-p 00017000 08:01 7078086                    /lib/x86_64-linux-gnu/libnsl-2.19.so
7f7935a54000-7f7935a56000 rw-p 00000000 00:00 0 
7f7935a56000-7f7935a5f000 r-xp 00000000 08:01 7078085                    /lib/x86_64-linux-gnu/libnss_compat-2.19.so
7f7935a5f000-7f7935c5e000 ---p 00009000 08:01 7078085                    /lib/x86_64-linux-gnu/libnss_compat-2.19.so
7f7935c5e000-7f7935c5f000 r--p 00008000 08:01 7078085                    /lib/x86_64-linux-gnu/libnss_compat-2.19.so
7f7935c5f000-7f7935c60000 rw-p 00009000 08:01 7078085                    /lib/x86_64-linux-gnu/libnss_compat-2.19.so
7f7935c60000-7f7935c8a000 r-xp 00000000 08:01 1452593                    /usr/lib/jvm/java-8-oracle/jre/lib/amd64/libjava.so
7f7935c8a000-7f7935e8a000 ---p 0002a000 08:01 1452593                    /usr/lib/jvm/java-8-oracle/jre/lib/amd64/libjava.so
7f7935e8a000-7f7935e8c000 rw-p 0002a000 08:01 1452593                    /usr/lib/jvm/java-8-oracle/jre/lib/amd64/libjava.so
7f7935e8c000-7f7935e99000 r-xp 00000000 08:01 1452610                    /usr/lib/jvm/java-8-oracle/jre/lib/amd64/libverify.so
7f7935e99000-7f7936099000 ---p 0000d000 08:01 1452610                    /usr/lib/jvm/java-8-oracle/jre/lib/amd64/libverify.so
7f7936099000-7f793609b000 rw-p 0000d000 08:01 1452610                    /usr/lib/jvm/java-8-oracle/jre/lib/amd64/libverify.so
7f793609b000-7f79360a2000 r-xp 00000000 08:01 7078094                    /lib/x86_64-linux-gnu/librt-2.19.so
7f79360a2000-7f79362a1000 ---p 00007000 08:01 7078094                    /lib/x86_64-linux-gnu/librt-2.19.so
7f79362a1000-7f79362a2000 r--p 00006000 08:01 7078094                    /lib/x86_64-linux-gnu/librt-2.19.so
7f79362a2000-7f79362a3000 rw-p 00007000 08:01 7078094                    /lib/x86_64-linux-gnu/librt-2.19.so
7f79362a3000-7f79363a8000 r-xp 00000000 08:01 7078080                    /lib/x86_64-linux-gnu/libm-2.19.so
7f79363a8000-7f79365a7000 ---p 00105000 08:01 7078080                    /lib/x86_64-linux-gnu/libm-2.19.so
7f79365a7000-7f79365a8000 r--p 00104000 08:01 7078080                    /lib/x86_64-linux-gnu/libm-2.19.so
7f79365a8000-7f79365a9000 rw-p 00105000 08:01 7078080                    /lib/x86_64-linux-gnu/libm-2.19.so
7f79365a9000-7f7937269000 r-xp 00000000 08:01 1452601                    /usr/lib/jvm/java-8-oracle/jre/lib/amd64/server/libjvm.so
7f7937269000-7f7937469000 ---p 00cc0000 08:01 1452601                    /usr/lib/jvm/java-8-oracle/jre/lib/amd64/server/libjvm.so
7f7937469000-7f7937541000 rw-p 00cc0000 08:01 1452601                    /usr/lib/jvm/java-8-oracle/jre/lib/amd64/server/libjvm.so
7f7937541000-7f793758c000 rw-p 00000000 00:00 0 
7f793758c000-7f7937746000 r-xp 00000000 08:01 7078095                    /lib/x86_64-linux-gnu/libc-2.19.so
7f7937746000-7f7937946000 ---p 001ba000 08:01 7078095                    /lib/x86_64-linux-gnu/libc-2.19.so
7f7937946000-7f793794a000 r--p 001ba000 08:01 7078095                    /lib/x86_64-linux-gnu/libc-2.19.so
7f793794a000-7f793794c000 rw-p 001be000 08:01 7078095                    /lib/x86_64-linux-gnu/libc-2.19.so
7f793794c000-7f7937951000 rw-p 00000000 00:00 0 
7f7937951000-7f7937954000 r-xp 00000000 08:01 7078082                    /lib/x86_64-linux-gnu/libdl-2.19.so
7f7937954000-7f7937b53000 ---p 00003000 08:01 7078082                    /lib/x86_64-linux-gnu/libdl-2.19.so
7f7937b53000-7f7937b54000 r--p 00002000 08:01 7078082                    /lib/x86_64-linux-gnu/libdl-2.19.so
7f7937b54000-7f7937b55000 rw-p 00003000 08:01 7078082                    /lib/x86_64-linux-gnu/libdl-2.19.so
7f7937b55000-7f7937b6a000 r-xp 00000000 08:01 1454079                    /usr/lib/jvm/java-8-oracle/lib/amd64/jli/libjli.so
7f7937b6a000-7f7937d6a000 ---p 00015000 08:01 1454079                    /usr/lib/jvm/java-8-oracle/lib/amd64/jli/libjli.so
7f7937d6a000-7f7937d6b000 rw-p 00015000 08:01 1454079                    /usr/lib/jvm/java-8-oracle/lib/amd64/jli/libjli.so
7f7937d6b000-7f7937d84000 r-xp 00000000 08:01 7078087                    /lib/x86_64-linux-gnu/libpthread-2.19.so
7f7937d84000-7f7937f83000 ---p 00019000 08:01 7078087                    /lib/x86_64-linux-gnu/libpthread-2.19.so
7f7937f83000-7f7937f84000 r--p 00018000 08:01 7078087                    /lib/x86_64-linux-gnu/libpthread-2.19.so
7f7937f84000-7f7937f85000 rw-p 00019000 08:01 7078087                    /lib/x86_64-linux-gnu/libpthread-2.19.so
7f7937f85000-7f7937f89000 rw-p 00000000 00:00 0 
7f7937f89000-7f7937fac000 r-xp 00000000 08:01 7078088                    /lib/x86_64-linux-gnu/ld-2.19.so
7f7937fb4000-7f7938087000 rw-p 00000000 00:00 0 
7f7938087000-7f793808a000 ---p 00000000 00:00 0 
7f793808a000-7f793818c000 rw-p 00000000 00:00 0 
7f793818f000-7f7938190000 rw-p 00000000 00:00 0 
7f7938190000-7f793819f000 r--s 000df000 08:05 264644                     /home/onmymobile/Android/Sdk/build-tools/23.0.3/lib/dx.jar
7f793819f000-7f79381a7000 rw-s 00000000 08:01 524427                     /tmp/hsperfdata_onmymobile/16940
7f79381a7000-7f79381a8000 rw-p 00000000 00:00 0 
7f79381a8000-7f79381a9000 ---p 00000000 00:00 0 
7f79381a9000-7f79381ab000 rw-p 00000000 00:00 0 
7f79381ab000-7f79381ac000 r--p 00022000 08:01 7078088                    /lib/x86_64-linux-gnu/ld-2.19.so
7f79381ac000-7f79381ad000 rw-p 00023000 08:01 7078088                    /lib/x86_64-linux-gnu/ld-2.19.so
7f79381ad000-7f79381ae000 rw-p 00000000 00:00 0 
7ffe810a1000-7ffe810c2000 rw-p 00000000 00:00 0                          [stack]
7ffe8113b000-7ffe8113d000 r--p 00000000 00:00 0                          [vvar]
7ffe8113d000-7ffe8113f000 r-xp 00000000 00:00 0                          [vdso]
ffffffffff600000-ffffffffff601000 r-xp 00000000 00:00 0                  [vsyscall]

VM Arguments:
jvm_args: -Djava.awt.headless=true -Xmx4g -Dfile.encoding=UTF-8 -Duser.country=IN -Duser.language=en -Duser.variant 
java_command: com.android.dx.command.Main --dex --num-threads=4 --multi-dex --main-dex-list /home/onmymobile/AndroidStudioProjects/Heritage/SmsCapture (2)/app/build/intermediates/multi-dex/release/maindexlist.txt --output /home/onmymobile/AndroidStudioProjects/Heritage/SmsCapture (2)/app/build/intermediates/transforms/dex/release/folders/1000/1f/main /home/onmymobile/AndroidStudioProjects/Heritage/SmsCapture (2)/app/build/intermediates/transforms/jarMerging/release/jars/1/1f/combined.jar
java_class_path (initial): /home/onmymobile/Android/Sdk/build-tools/23.0.3/lib/dx.jar
Launcher Type: SUN_STANDARD

Environment Variables:
JAVA_HOME=/usr/lib/jvm/java-8-oracle
PATH=/home/onmymobile/bin:/usr/local/sbin:/usr/local/bin:/usr/sbin:/usr/bin:/sbin:/bin:/usr/games:/usr/local/games:/usr/lib/jvm/java-8-oracle/bin:/usr/lib/jvm/java-8-oracle/db/bin:/usr/lib/jvm/java-8-oracle/jre/bin
SHELL=/bin/bash
DISPLAY=:0

Signal Handlers:
SIGSEGV: [libjvm.so+0xabca10], sa_mask[0]=11111111011111111101111111111110, sa_flags=SA_RESTART|SA_SIGINFO
SIGBUS: [libjvm.so+0xabca10], sa_mask[0]=11111111011111111101111111111110, sa_flags=SA_RESTART|SA_SIGINFO
SIGFPE: [libjvm.so+0x919a20], sa_mask[0]=11111111011111111101111111111110, sa_flags=SA_RESTART|SA_SIGINFO
SIGPIPE: [libjvm.so+0x919a20], sa_mask[0]=11111111011111111101111111111110, sa_flags=SA_RESTART|SA_SIGINFO
SIGXFSZ: [libjvm.so+0x919a20], sa_mask[0]=11111111011111111101111111111110, sa_flags=SA_RESTART|SA_SIGINFO
SIGILL: [libjvm.so+0x919a20], sa_mask[0]=11111111011111111101111111111110, sa_flags=SA_RESTART|SA_SIGINFO
SIGUSR1: SIG_DFL, sa_mask[0]=00000000000000000000000000000000, sa_flags=none
SIGUSR2: [libjvm.so+0x91b050], sa_mask[0]=00100000000000000000000000000000, sa_flags=SA_RESTART|SA_SIGINFO
SIGHUP: [libjvm.so+0x91c450], sa_mask[0]=11111111011111111101111111111110, sa_flags=SA_RESTART|SA_SIGINFO
SIGINT: [libjvm.so+0x91c450], sa_mask[0]=11111111011111111101111111111110, sa_flags=SA_RESTART|SA_SIGINFO
SIGTERM: [libjvm.so+0x91c450], sa_mask[0]=11111111011111111101111111111110, sa_flags=SA_RESTART|SA_SIGINFO
SIGQUIT: [libjvm.so+0x91c450], sa_mask[0]=11111111011111111101111111111110, sa_flags=SA_RESTART|SA_SIGINFO


---------------  S Y S T E M  ---------------

OS:DISTRIB_ID=Ubuntu
DISTRIB_RELEASE=14.04
DISTRIB_CODENAME=trusty
DISTRIB_DESCRIPTION="Ubuntu 14.04.4 LTS"

uname:Linux 4.2.0-42-generic #49~14.04.1-Ubuntu SMP Wed Jun 29 20:22:11 UTC 2016 x86_64
libc:glibc 2.19 NPTL 2.19 
rlimit: STACK 8192k, CORE 0k, NPROC 31336, NOFILE 4096, AS infinity
load average:1.92 1.84 1.32

/proc/meminfo:
MemTotal:        8044164 kB
MemFree:          130232 kB
MemAvailable:      90940 kB
Buffers:             748 kB
Cached:          1078400 kB
SwapCached:            0 kB
Active:          6815856 kB
Inactive:         874484 kB
Active(anon):    6793264 kB
Inactive(anon):   851812 kB
Active(file):      22592 kB
Inactive(file):    22672 kB
Unevictable:         156 kB
Mlocked:             156 kB
SwapTotal:             0 kB
SwapFree:              0 kB
Dirty:             20104 kB
Writeback:             0 kB
AnonPages:       6611620 kB
Mapped:           465648 kB
Shmem:           1033652 kB
Slab:              89332 kB
SReclaimable:      45088 kB
SUnreclaim:        44244 kB
KernelStack:       13072 kB
PageTables:        65204 kB
NFS_Unstable:          0 kB
Bounce:                0 kB
WritebackTmp:          0 kB
CommitLimit:     4022080 kB
Committed_AS:   13762268 kB
VmallocTotal:   34359738367 kB
VmallocUsed:      358884 kB
VmallocChunk:   34358947836 kB
HardwareCorrupted:     0 kB
AnonHugePages:   3958784 kB
CmaTotal:              0 kB
CmaFree:               0 kB
HugePages_Total:       0
HugePages_Free:        0
HugePages_Rsvd:        0
HugePages_Surp:        0
Hugepagesize:       2048 kB
DirectMap4k:      196128 kB
DirectMap2M:     8060928 kB


CPU:total 4 (2 cores per cpu, 2 threads per core) family 6 model 58 stepping 9, cmov, cx8, fxsr, mmx, sse, sse2, sse3, ssse3, sse4.1, sse4.2, popcnt, avx, aes, clmul, erms, ht, tsc, tscinvbit, tscinv

/proc/cpuinfo:
processor	: 0
vendor_id	: GenuineIntel
cpu family	: 6
model		: 58
model name	: Intel(R) Core(TM) i5-3340M CPU @ 2.70GHz
stepping	: 9
microcode	: 0x15
cpu MHz		: 3199.921
cache size	: 3072 KB
physical id	: 0
siblings	: 4
core id		: 0
cpu cores	: 2
apicid		: 0
initial apicid	: 0
fpu		: yes
fpu_exception	: yes
cpuid level	: 13
wp		: yes
flags		: fpu vme de pse tsc msr pae mce cx8 apic sep mtrr pge mca cmov pat pse36 clflush dts acpi mmx fxsr sse sse2 ss ht tm pbe syscall nx rdtscp lm constant_tsc arch_perfmon pebs bts rep_good nopl xtopology nonstop_tsc aperfmperf eagerfpu pni pclmulqdq dtes64 monitor ds_cpl vmx smx est tm2 ssse3 cx16 xtpr pdcm pcid sse4_1 sse4_2 x2apic popcnt tsc_deadline_timer aes xsave avx f16c rdrand lahf_lm ida arat epb pln pts dtherm tpr_shadow vnmi flexpriority ept vpid fsgsbase smep erms xsaveopt
bugs		:
bogomips	: 5382.55
clflush size	: 64
cache_alignment	: 64
address sizes	: 36 bits physical, 48 bits virtual
power management:

processor	: 1
vendor_id	: GenuineIntel
cpu family	: 6
model		: 58
model name	: Intel(R) Core(TM) i5-3340M CPU @ 2.70GHz
stepping	: 9
microcode	: 0x15
cpu MHz		: 3258.984
cache size	: 3072 KB
physical id	: 0
siblings	: 4
core id		: 1
cpu cores	: 2
apicid		: 2
initial apicid	: 2
fpu		: yes
fpu_exception	: yes
cpuid level	: 13
wp		: yes
flags		: fpu vme de pse tsc msr pae mce cx8 apic sep mtrr pge mca cmov pat pse36 clflush dts acpi mmx fxsr sse sse2 ss ht tm pbe syscall nx rdtscp lm constant_tsc arch_perfmon pebs bts rep_good nopl xtopology nonstop_tsc aperfmperf eagerfpu pni pclmulqdq dtes64 monitor ds_cpl vmx smx est tm2 ssse3 cx16 xtpr pdcm pcid sse4_1 sse4_2 x2apic popcnt tsc_deadline_timer aes xsave avx f16c rdrand lahf_lm ida arat epb pln pts dtherm tpr_shadow vnmi flexpriority ept vpid fsgsbase smep erms xsaveopt
bugs		:
bogomips	: 5382.55
clflush size	: 64
cache_alignment	: 64
address sizes	: 36 bits physical, 48 bits virtual
power management:

processor	: 2
vendor_id	: GenuineIntel
cpu family	: 6
model		: 58
model name	: Intel(R) Core(TM) i5-3340M CPU @ 2.70GHz
stepping	: 9
microcode	: 0x15
cpu MHz		: 3199.921
cache size	: 3072 KB
physical id	: 0
siblings	: 4
core id		: 0
cpu cores	: 2
apicid		: 1
initial apicid	: 1
fpu		: yes
fpu_exception	: yes
cpuid level	: 13
wp		: yes
flags		: fpu vme de pse tsc msr pae mce cx8 apic sep mtrr pge mca cmov pat pse36 clflush dts acpi mmx fxsr sse sse2 ss ht tm pbe syscall nx rdtscp lm constant_tsc arch_perfmon pebs bts rep_good nopl xtopology nonstop_tsc aperfmperf eagerfpu pni pclmulqdq dtes64 monitor ds_cpl vmx smx est tm2 ssse3 cx16 xtpr pdcm pcid sse4_1 sse4_2 x2apic popcnt tsc_deadline_timer aes xsave avx f16c rdrand lahf_lm ida arat epb pln pts dtherm tpr_shadow vnmi flexpriority ept vpid fsgsbase smep erms xsaveopt
bugs		:
bogomips	: 5382.55
clflush size	: 64
cache_alignment	: 64
address sizes	: 36 bits physical, 48 bits virtual
power management:

processor	: 3
vendor_id	: GenuineIntel
cpu family	: 6
model		: 58
model name	: Intel(R) Core(TM) i5-3340M CPU @ 2.70GHz
stepping	: 9
microcode	: 0x15
cpu MHz		: 3340.828
cache size	: 3072 KB
physical id	: 0
siblings	: 4
core id		: 1
cpu cores	: 2
apicid		: 3
initial apicid	: 3
fpu		: yes
fpu_exception	: yes
cpuid level	: 13
wp		: yes
flags		: fpu vme de pse tsc msr pae mce cx8 apic sep mtrr pge mca cmov pat pse36 clflush dts acpi mmx fxsr sse sse2 ss ht tm pbe syscall nx rdtscp lm constant_tsc arch_perfmon pebs bts rep_good nopl xtopology nonstop_tsc aperfmperf eagerfpu pni pclmulqdq dtes64 monitor ds_cpl vmx smx est tm2 ssse3 cx16 xtpr pdcm pcid sse4_1 sse4_2 x2apic popcnt tsc_deadline_timer aes xsave avx f16c rdrand lahf_lm ida arat epb pln pts dtherm tpr_shadow vnmi flexpriority ept vpid fsgsbase smep erms xsaveopt
bugs		:
bogomips	: 5382.55
clflush size	: 64
cache_alignment	: 64
address sizes	: 36 bits physical, 48 bits virtual
power management:



Memory: 4k page, physical 8044164k(130232k free), swap 0k(0k free)

vm_info: Java HotSpot(TM) 64-Bit Server VM (25.91-b14) for linux-amd64 JRE (1.8.0_91-b14), built on Apr  1 2016 00:57:21 by "java_re" with gcc 4.3.0 20080428 (Red Hat 4.3.0-8)

time: Thu Jul 21 16:50:03 2016
elapsed time: 4 seconds (0d 0h 0m 4s)

