#
# There is insufficient memory for the Java Runtime Environment to continue.
# Native memory allocation (mmap) failed to map 294649856 bytes for committing reserved memory.
# Possible reasons:
#   The system is out of physical RAM or swap space
#   In 32 bit mode, the process size limit was hit
# Possible solutions:
#   Reduce memory load on the system
#   Increase physical memory or swap space
#   Check if swap backing store is full
#   Use 64 bit Java on a 64 bit OS
#   Decrease Java heap size (-Xmx/-Xms)
#   Decrease number of Java threads
#   Decrease Java thread stack sizes (-Xss)
#   Set larger code cache with -XX:ReservedCodeCacheSize=
# This output file may be truncated or incomplete.
#
#  Out of Memory Error (os_linux.cpp:2627), pid=14107, tid=140019613767424
#
# JRE version: Java(TM) SE Runtime Environment (8.0_91-b14) (build 1.8.0_91-b14)
# Java VM: Java HotSpot(TM) 64-Bit Server VM (25.91-b14 mixed mode linux-amd64 compressed oops)
# Failed to write core dump. Core dumps have been disabled. To enable core dumping, try "ulimit -c unlimited" before starting Java again
#

---------------  T H R E A D  ---------------

Current thread (0x00007f5900078000):  VMThread [stack: 0x00007f58db471000,0x00007f58db572000] [id=14116]

Stack: [0x00007f58db471000,0x00007f58db572000],  sp=0x00007f58db56ff60,  free space=1019k
Native frames: (J=compiled Java code, j=interpreted, Vv=VM code, C=native code)
V  [libjvm.so+0xabc18a]  VMError::report_and_die()+0x2ba
V  [libjvm.so+0x4fafeb]  report_vm_out_of_memory(char const*, int, unsigned long, VMErrorType, char const*)+0x8b
V  [libjvm.so+0x91cbb3]  os::Linux::commit_memory_impl(char*, unsigned long, bool)+0x103
V  [libjvm.so+0x91d109]  os::pd_commit_memory(char*, unsigned long, unsigned long, bool)+0x29
V  [libjvm.so+0x91740a]  os::commit_memory(char*, unsigned long, unsigned long, bool)+0x2a
V  [libjvm.so+0x98b033]  PSVirtualSpace::expand_by(unsigned long)+0x53
V  [libjvm.so+0x98c438]  PSYoungGen::resize_generation(unsigned long, unsigned long)+0xf8
V  [libjvm.so+0x98b592]  PSYoungGen::resize(unsigned long, unsigned long)+0x22
V  [libjvm.so+0x98886b]  PSScavenge::invoke_no_policy()+0xf3b
V  [libjvm.so+0x988ff1]  PSScavenge::invoke()+0x41
V  [libjvm.so+0x9408b0]  ParallelScavengeHeap::failed_mem_allocate(unsigned long)+0x70
V  [libjvm.so+0xabdba7]  VM_ParallelGCFailedAllocation::doit()+0x97
V  [libjvm.so+0xac55d5]  VM_Operation::evaluate()+0x55
V  [libjvm.so+0xac39aa]  VMThread::evaluate_operation(VM_Operation*)+0xba
V  [libjvm.so+0xac3d2e]  VMThread::loop()+0x1ce
V  [libjvm.so+0xac41a0]  VMThread::run()+0x70
V  [libjvm.so+0x91ef78]  java_start(Thread*)+0x108

VM_Operation (0x00007f5908c72050): ParallelGCFailedAllocation, mode: safepoint, requested by thread 0x00007f590000a000


---------------  P R O C E S S  ---------------

Java Threads: ( => current thread )
  0x00007f590016f000 JavaThread "pool-2-thread-4" [_thread_blocked, id=14129, stack(0x00007f58da04c000,0x00007f58da14d000)]
  0x00007f590016d000 JavaThread "pool-2-thread-3" [_thread_blocked, id=14128, stack(0x00007f58da14d000,0x00007f58da24e000)]
  0x00007f590016b800 JavaThread "pool-2-thread-2" [_thread_blocked, id=14127, stack(0x00007f58da24e000,0x00007f58da34f000)]
  0x00007f590016a800 JavaThread "pool-3-thread-1" [_thread_blocked, id=14126, stack(0x00007f58da34f000,0x00007f58da450000)]
  0x00007f5900168000 JavaThread "pool-2-thread-1" [_thread_blocked, id=14125, stack(0x00007f58da450000,0x00007f58da551000)]
  0x00007f59000c0000 JavaThread "Service Thread" daemon [_thread_blocked, id=14123, stack(0x00007f58da688000,0x00007f58da789000)]
  0x00007f59000bd000 JavaThread "C1 CompilerThread2" daemon [_thread_blocked, id=14122, stack(0x00007f58da789000,0x00007f58da88a000)]
  0x00007f59000bb800 JavaThread "C2 CompilerThread1" daemon [_thread_blocked, id=14121, stack(0x00007f58da88a000,0x00007f58da98b000)]
  0x00007f59000b8800 JavaThread "C2 CompilerThread0" daemon [_thread_in_native, id=14120, stack(0x00007f58da98b000,0x00007f58daa8c000)]
  0x00007f59000b7000 JavaThread "Signal Dispatcher" daemon [_thread_blocked, id=14119, stack(0x00007f58daa8c000,0x00007f58dab8d000)]
  0x00007f5900084000 JavaThread "Finalizer" daemon [_thread_blocked, id=14118, stack(0x00007f58db26f000,0x00007f58db370000)]
  0x00007f590007f800 JavaThread "Reference Handler" daemon [_thread_blocked, id=14117, stack(0x00007f58db370000,0x00007f58db471000)]
  0x00007f590000a000 JavaThread "main" [_thread_blocked, id=14110, stack(0x00007f5908b73000,0x00007f5908c74000)]

Other Threads:
=>0x00007f5900078000 VMThread [stack: 0x00007f58db471000,0x00007f58db572000] [id=14116]
  0x00007f59000c3000 WatcherThread [stack: 0x00007f58da587000,0x00007f58da688000] [id=14124]

VM state:at safepoint (normal execution)

VM Mutex/Monitor currently owned by a thread:  ([mutex/lock_event])
[0x00007f59000065f0] Threads_lock - owner thread: 0x00007f5900078000
[0x00007f5900006af0] Heap_lock - owner thread: 0x00007f590000a000

Heap:
 PSYoungGen      total 281600K, used 29157K [0x000000076ab00000, 0x000000077dc00000, 0x00000007c0000000)
  eden space 252416K, 0% used [0x000000076ab00000,0x000000076ab00000,0x000000077a180000)
  from space 29184K, 99% used [0x000000077a180000,0x000000077bdf9468,0x000000077be00000)
  to   space 27648K, 0% used [0x000000077be00000,0x000000077be00000,0x000000077d900000)
 ParOldGen       total 84992K, used 63999K [0x00000006c0000000, 0x00000006c5300000, 0x000000076ab00000)
  object space 84992K, 75% used [0x00000006c0000000,0x00000006c3e7fef0,0x00000006c5300000)
 Metaspace       used 6512K, capacity 7256K, committed 7424K, reserved 1056768K
  class space    used 615K, capacity 656K, committed 768K, reserved 1048576K

Card table byte_map: [0x00007f5905135000,0x00007f5905936000] byte_map_base: 0x00007f5901b35000

Marking Bits: (ParMarkBitMap*) 0x00007f590804bd60
 Begin Bits: [0x00007f58dc000000, 0x00007f58e0000000)
 End Bits:   [0x00007f58e0000000, 0x00007f58e4000000)

Polling page: 0x00007f5908c94000

CodeCache: size=245760Kb used=8755Kb max_used=8755Kb free=237004Kb
 bounds [0x00007f58f1000000, 0x00007f58f18a0000, 0x00007f5900000000]
 total_blobs=2479 nmethods=2210 adapters=182
 compilation: enabled

Compilation events (10 events):
Event: 13.950 Thread 0x00007f59000bd000 2372       2       com.android.dx.dex.code.VariableSizeInsn::<init> (10 bytes)
Event: 13.950 Thread 0x00007f59000bd000 nmethod 2372 0x00007f58f188ae50 code [0x00007f58f188afc0, 0x00007f58f188b148]
Event: 13.978 Thread 0x00007f59000bd000 2373       2       java.util.concurrent.locks.AbstractQueuedSynchronizer::transferForSignal (45 bytes)
Event: 13.978 Thread 0x00007f59000bd000 nmethod 2373 0x00007f58f188b1d0 code [0x00007f58f188b340, 0x00007f58f188b598]
Event: 13.981 Thread 0x00007f59000bd000 2374       2       java.util.concurrent.locks.AbstractQueuedSynchronizer$ConditionObject::addConditionWaiter (64 bytes)
Event: 13.981 Thread 0x00007f59000bd000 nmethod 2374 0x00007f58f188b6d0 code [0x00007f58f188b840, 0x00007f58f188bb08]
Event: 13.981 Thread 0x00007f59000bd000 2375   !   2       java.util.concurrent.locks.AbstractQueuedSynchronizer::fullyRelease (54 bytes)
Event: 13.982 Thread 0x00007f59000bd000 nmethod 2375 0x00007f58f188bc10 code [0x00007f58f188bda0, 0x00007f58f188c0a8]
Event: 13.992 Thread 0x00007f59000bd000 2376       3       com.android.dx.ssa.back.FirstFitLocalCombiningAllocator::handleCheckCastResults (413 bytes)
Event: 13.999 Thread 0x00007f59000bd000 nmethod 2376 0x00007f58f188c350 code [0x00007f58f188c8e0, 0x00007f58f1890598]

GC Heap History (10 events):
Event: 1.702 GC heap after
Heap after GC invocations=2 (full 0):
 PSYoungGen      total 68608K, used 5095K [0x000000076ab00000, 0x000000076f300000, 0x00000007c0000000)
  eden space 63488K, 0% used [0x000000076ab00000,0x000000076ab00000,0x000000076e900000)
  from space 5120K, 99% used [0x000000076ee00000,0x000000076f2f9d00,0x000000076f300000)
  to   space 5120K, 0% used [0x000000076e900000,0x000000076e900000,0x000000076ee00000)
 ParOldGen       total 84992K, used 1762K [0x00000006c0000000, 0x00000006c5300000, 0x000000076ab00000)
  object space 84992K, 2% used [0x00000006c0000000,0x00000006c01b8890,0x00000006c5300000)
 Metaspace       used 5844K, capacity 6832K, committed 7040K, reserved 1056768K
  class space    used 593K, capacity 616K, committed 640K, reserved 1048576K
}
Event: 2.418 GC heap before
{Heap before GC invocations=3 (full 0):
 PSYoungGen      total 68608K, used 68583K [0x000000076ab00000, 0x000000076f300000, 0x00000007c0000000)
  eden space 63488K, 100% used [0x000000076ab00000,0x000000076e900000,0x000000076e900000)
  from space 5120K, 99% used [0x000000076ee00000,0x000000076f2f9d00,0x000000076f300000)
  to   space 5120K, 0% used [0x000000076e900000,0x000000076e900000,0x000000076ee00000)
 ParOldGen       total 84992K, used 1762K [0x00000006c0000000, 0x00000006c5300000, 0x000000076ab00000)
  object space 84992K, 2% used [0x00000006c0000000,0x00000006c01b8890,0x00000006c5300000)
 Metaspace       used 5981K, capacity 6960K, committed 7040K, reserved 1056768K
  class space    used 594K, capacity 616K, committed 640K, reserved 1048576K
Event: 2.488 GC heap after
Heap after GC invocations=3 (full 0):
 PSYoungGen      total 68608K, used 5107K [0x000000076ab00000, 0x0000000773100000, 0x00000007c0000000)
  eden space 63488K, 0% used [0x000000076ab00000,0x000000076ab00000,0x000000076e900000)
  from space 5120K, 99% used [0x000000076e900000,0x000000076edfce78,0x000000076ee00000)
  to   space 5120K, 0% used [0x0000000772c00000,0x0000000772c00000,0x0000000773100000)
 ParOldGen       total 84992K, used 12047K [0x00000006c0000000, 0x00000006c5300000, 0x000000076ab00000)
  object space 84992K, 14% used [0x00000006c0000000,0x00000006c0bc3e50,0x00000006c5300000)
 Metaspace       used 5981K, capacity 6960K, committed 7040K, reserved 1056768K
  class space    used 594K, capacity 616K, committed 640K, reserved 1048576K
}
Event: 2.901 GC heap before
{Heap before GC invocations=4 (full 0):
 PSYoungGen      total 68608K, used 68595K [0x000000076ab00000, 0x0000000773100000, 0x00000007c0000000)
  eden space 63488K, 100% used [0x000000076ab00000,0x000000076e900000,0x000000076e900000)
  from space 5120K, 99% used [0x000000076e900000,0x000000076edfce78,0x000000076ee00000)
  to   space 5120K, 0% used [0x0000000772c00000,0x0000000772c00000,0x0000000773100000)
 ParOldGen       total 84992K, used 12047K [0x00000006c0000000, 0x00000006c5300000, 0x000000076ab00000)
  object space 84992K, 14% used [0x00000006c0000000,0x00000006c0bc3e50,0x00000006c5300000)
 Metaspace       used 6035K, capacity 6960K, committed 7040K, reserved 1056768K
  class space    used 594K, capacity 616K, committed 640K, reserved 1048576K
Event: 2.968 GC heap after
Heap after GC invocations=4 (full 0):
 PSYoungGen      total 132096K, used 5110K [0x000000076ab00000, 0x0000000773100000, 0x00000007c0000000)
  eden space 126976K, 0% used [0x000000076ab00000,0x000000076ab00000,0x0000000772700000)
  from space 5120K, 99% used [0x0000000772c00000,0x00000007730fdba8,0x0000000773100000)
  to   space 5120K, 0% used [0x0000000772700000,0x0000000772700000,0x0000000772c00000)
 ParOldGen       total 84992K, used 21634K [0x00000006c0000000, 0x00000006c5300000, 0x000000076ab00000)
  object space 84992K, 25% used [0x00000006c0000000,0x00000006c1520990,0x00000006c5300000)
 Metaspace       used 6035K, capacity 6960K, committed 7040K, reserved 1056768K
  class space    used 594K, capacity 616K, committed 640K, reserved 1048576K
}
Event: 3.977 GC heap before
{Heap before GC invocations=5 (full 0):
 PSYoungGen      total 132096K, used 132086K [0x000000076ab00000, 0x0000000773100000, 0x00000007c0000000)
  eden space 126976K, 100% used [0x000000076ab00000,0x0000000772700000,0x0000000772700000)
  from space 5120K, 99% used [0x0000000772c00000,0x00000007730fdba8,0x0000000773100000)
  to   space 5120K, 0% used [0x0000000772700000,0x0000000772700000,0x0000000772c00000)
 ParOldGen       total 84992K, used 21634K [0x00000006c0000000, 0x00000006c5300000, 0x000000076ab00000)
  object space 84992K, 25% used [0x00000006c0000000,0x00000006c1520990,0x00000006c5300000)
 Metaspace       used 6312K, capacity 7192K, committed 7424K, reserved 1056768K
  class space    used 614K, capacity 656K, committed 768K, reserved 1048576K
Event: 4.086 GC heap after
Heap after GC invocations=5 (full 0):
 PSYoungGen      total 132096K, used 5103K [0x000000076ab00000, 0x000000077d900000, 0x00000007c0000000)
  eden space 126976K, 0% used [0x000000076ab00000,0x000000076ab00000,0x0000000772700000)
  from space 5120K, 99% used [0x0000000772700000,0x0000000772bfbd40,0x0000000772c00000)
  to   space 27648K, 0% used [0x000000077be00000,0x000000077be00000,0x000000077d900000)
 ParOldGen       total 84992K, used 38337K [0x00000006c0000000, 0x00000006c5300000, 0x000000076ab00000)
  object space 84992K, 45% used [0x00000006c0000000,0x00000006c2570508,0x00000006c5300000)
 Metaspace       used 6312K, capacity 7192K, committed 7424K, reserved 1056768K
  class space    used 614K, capacity 656K, committed 768K, reserved 1048576K
}
Event: 4.646 GC heap before
{Heap before GC invocations=6 (full 0):
 PSYoungGen      total 132096K, used 132079K [0x000000076ab00000, 0x000000077d900000, 0x00000007c0000000)
  eden space 126976K, 100% used [0x000000076ab00000,0x0000000772700000,0x0000000772700000)
  from space 5120K, 99% used [0x0000000772700000,0x0000000772bfbd40,0x0000000772c00000)
  to   space 27648K, 0% used [0x000000077be00000,0x000000077be00000,0x000000077d900000)
 ParOldGen       total 84992K, used 38337K [0x00000006c0000000, 0x00000006c5300000, 0x000000076ab00000)
  object space 84992K, 45% used [0x00000006c0000000,0x00000006c2570508,0x00000006c5300000)
 Metaspace       used 6386K, capacity 7192K, committed 7424K, reserved 1056768K
  class space    used 615K, capacity 656K, committed 768K, reserved 1048576K
Event: 4.719 GC heap after
Heap after GC invocations=6 (full 0):
 PSYoungGen      total 280064K, used 18975K [0x000000076ab00000, 0x000000077dc00000, 0x00000007c0000000)
  eden space 252416K, 0% used [0x000000076ab00000,0x000000076ab00000,0x000000077a180000)
  from space 27648K, 68% used [0x000000077be00000,0x000000077d087cf0,0x000000077d900000)
  to   space 29184K, 0% used [0x000000077a180000,0x000000077a180000,0x000000077be00000)
 ParOldGen       total 84992K, used 38337K [0x00000006c0000000, 0x00000006c5300000, 0x000000076ab00000)
  object space 84992K, 45% used [0x00000006c0000000,0x00000006c2570508,0x00000006c5300000)
 Metaspace       used 6386K, capacity 7192K, committed 7424K, reserved 1056768K
  class space    used 615K, capacity 656K, committed 768K, reserved 1048576K
}
Event: 14.000 GC heap before
{Heap before GC invocations=7 (full 0):
 PSYoungGen      total 280064K, used 271391K [0x000000076ab00000, 0x000000077dc00000, 0x00000007c0000000)
  eden space 252416K, 100% used [0x000000076ab00000,0x000000077a180000,0x000000077a180000)
  from space 27648K, 68% used [0x000000077be00000,0x000000077d087cf0,0x000000077d900000)
  to   space 29184K, 0% used [0x000000077a180000,0x000000077a180000,0x000000077be00000)
 ParOldGen       total 84992K, used 38337K [0x00000006c0000000, 0x00000006c5300000, 0x000000076ab00000)
  object space 84992K, 45% used [0x00000006c0000000,0x00000006c2570508,0x00000006c5300000)
 Metaspace       used 6512K, capacity 7256K, committed 7424K, reserved 1056768K
  class space    used 615K, capacity 656K, committed 768K, reserved 1048576K

Deoptimization events (10 events):
Event: 4.218 Thread 0x00007f590000a000 Uncommon trap: reason=unstable_if action=reinterpret pc=0x00007f58f159a384 method=com.android.dx.ssa.SCCP.simulateBranch(Lcom/android/dx/ssa/SsaInsn;)V @ 64
Event: 4.225 Thread 0x00007f5900168000 Uncommon trap: reason=bimorphic action=maybe_recompile pc=0x00007f58f16a6984 method=com.android.dx.rop.code.RegisterSpec.withSimpleType()Lcom/android/dx/rop/code/RegisterSpec; @ 21
Event: 4.262 Thread 0x00007f5900168000 Uncommon trap: reason=bimorphic action=maybe_recompile pc=0x00007f58f16a6984 method=com.android.dx.rop.code.RegisterSpec.withSimpleType()Lcom/android/dx/rop/code/RegisterSpec; @ 21
Event: 4.311 Thread 0x00007f590016d000 Uncommon trap: reason=bimorphic action=maybe_recompile pc=0x00007f58f16a6984 method=com.android.dx.rop.code.RegisterSpec.withSimpleType()Lcom/android/dx/rop/code/RegisterSpec; @ 21
Event: 4.328 Thread 0x00007f590016b800 Uncommon trap: reason=unstable_if action=reinterpret pc=0x00007f58f16be6d4 method=java.util.HashMap.putVal(ILjava/lang/Object;Ljava/lang/Object;ZZ)Ljava/lang/Object; @ 94
Event: 4.340 Thread 0x00007f5900168000 Uncommon trap: reason=bimorphic action=maybe_recompile pc=0x00007f58f16a6984 method=com.android.dx.rop.code.RegisterSpec.withSimpleType()Lcom/android/dx/rop/code/RegisterSpec; @ 21
Event: 4.419 Thread 0x00007f590016f000 Uncommon trap: reason=unstable_if action=reinterpret pc=0x00007f58f16f1a74 method=com.android.dx.cf.code.ByteCatchList.listFor(I)Lcom/android/dx/cf/code/ByteCatchList; @ 36
Event: 5.727 Thread 0x00007f590016d000 Uncommon trap: reason=unstable_if action=reinterpret pc=0x00007f58f181c048 method=com.android.dx.cf.code.BaseMachine.getLocalTarget(Z)Lcom/android/dx/rop/code/RegisterSpec; @ 131
Event: 5.930 Thread 0x00007f590016f000 Uncommon trap: reason=unstable_if action=reinterpret pc=0x00007f58f17e5de4 method=com.android.dx.rop.code.RegisterSpec.intersect(Lcom/android/dx/rop/code/RegisterSpec;Z)Lcom/android/dx/rop/code/RegisterSpec; @ 42
Event: 13.763 Thread 0x00007f590016b800 Uncommon trap: reason=unstable_if action=reinterpret pc=0x00007f58f16237e8 method=com.android.dx.rop.code.LocalItem.compareHandlesNulls(Lcom/android/dx/rop/cst/CstString;Lcom/android/dx/rop/cst/CstString;)I @ 14

Internal exceptions (7 events):
Event: 0.118 Thread 0x00007f590000a000 Exception <a 'java/lang/NoSuchMethodError': Method sun.misc.Unsafe.defineClass(Ljava/lang/String;[BII)Ljava/lang/Class; name or signature does not match> (0x000000076ab07cc0) thrown at [/HUDSON/workspace/8-2-build-linux-amd64/jdk8u91/6644/hotspot/src/shar
Event: 0.118 Thread 0x00007f590000a000 Exception <a 'java/lang/NoSuchMethodError': Method sun.misc.Unsafe.prefetchRead(Ljava/lang/Object;J)V name or signature does not match> (0x000000076ab07fa8) thrown at [/HUDSON/workspace/8-2-build-linux-amd64/jdk8u91/6644/hotspot/src/share/vm/prims/jni.cpp
Event: 1.863 Thread 0x00007f590016b800 Implicit null exception at 0x00007f58f130d191 to 0x00007f58f130f68d
Event: 3.413 Thread 0x00007f590016f000 Exception <a 'java/lang/ArrayIndexOutOfBoundsException': 18> (0x000000076f2dfa70) thrown at [/HUDSON/workspace/8-2-build-linux-amd64/jdk8u91/6644/hotspot/src/share/vm/interpreter/interpreterRuntime.cpp, line 366]
Event: 3.414 Thread 0x00007f590016f000 Exception <a 'java/lang/ArrayIndexOutOfBoundsException': 145> (0x000000076f2e15f0) thrown at [/HUDSON/workspace/8-2-build-linux-amd64/jdk8u91/6644/hotspot/src/share/vm/interpreter/interpreterRuntime.cpp, line 366]
Event: 3.415 Thread 0x00007f590016f000 Exception <a 'java/lang/ArrayIndexOutOfBoundsException': 40> (0x000000076f2e28d8) thrown at [/HUDSON/workspace/8-2-build-linux-amd64/jdk8u91/6644/hotspot/src/share/vm/interpreter/interpreterRuntime.cpp, line 366]
Event: 13.763 Thread 0x00007f590016b800 Implicit null exception at 0x00007f58f1621aca to 0x00007f58f16237bd

Events (10 events):
Event: 13.763 Thread 0x00007f590016b800 DEOPT UNPACKING pc=0x00007f58f1005229 sp=0x00007f58da34cb18 mode 2
Event: 13.795 Thread 0x00007f590016f000 DEOPT PACKING pc=0x00007f58f1830dcd sp=0x00007f58da14af10
Event: 13.796 Thread 0x00007f590016f000 DEOPT UNPACKING pc=0x00007f58f1047633 sp=0x00007f58da14ad08 mode 0
Event: 13.882 Thread 0x00007f5900168000 DEOPT PACKING pc=0x00007f58f141d1b7 sp=0x00007f58da54ec10
Event: 13.882 Thread 0x00007f5900168000 DEOPT UNPACKING pc=0x00007f58f1047633 sp=0x00007f58da54e9c8 mode 0
Event: 13.927 Thread 0x00007f5900168000 DEOPT PACKING pc=0x00007f58f141d1b7 sp=0x00007f58da54ec10
Event: 13.927 Thread 0x00007f5900168000 DEOPT UNPACKING pc=0x00007f58f1047633 sp=0x00007f58da54e9c8 mode 0
Event: 13.973 Thread 0x00007f590016b800 DEOPT PACKING pc=0x00007f58f141d1b7 sp=0x00007f58da34cd10
Event: 13.973 Thread 0x00007f590016b800 DEOPT UNPACKING pc=0x00007f58f1047633 sp=0x00007f58da34cac8 mode 0
Event: 13.999 Executing VM operation: ParallelGCFailedAllocation


Dynamic libraries:
00400000-00401000 r-xp 00000000 08:01 1454135                            /usr/lib/jvm/java-8-oracle/bin/java
00600000-00601000 rw-p 00000000 08:01 1454135                            /usr/lib/jvm/java-8-oracle/bin/java
00740000-00761000 rw-p 00000000 00:00 0                                  [heap]
6c0000000-6c5300000 rw-p 00000000 00:00 0 
6c5300000-76ab00000 ---p 00000000 00:00 0 
76ab00000-77dc00000 rw-p 00000000 00:00 0 
78f500000-7c0000000 ---p 00000000 00:00 0 
7c0000000-7c00c0000 rw-p 00000000 00:00 0 
7c00c0000-800000000 ---p 00000000 00:00 0 
7f5898000000-7f589802f000 rw-p 00000000 00:00 0 
7f589802f000-7f589c000000 ---p 00000000 00:00 0 
7f58a0000000-7f58a0021000 rw-p 00000000 00:00 0 
7f58a0021000-7f58a4000000 ---p 00000000 00:00 0 
7f58a4000000-7f58a4021000 rw-p 00000000 00:00 0 
7f58a4021000-7f58a8000000 ---p 00000000 00:00 0 
7f58a8000000-7f58a8025000 rw-p 00000000 00:00 0 
7f58a8025000-7f58ac000000 ---p 00000000 00:00 0 
7f58ac000000-7f58ac021000 rw-p 00000000 00:00 0 
7f58ac021000-7f58b0000000 ---p 00000000 00:00 0 
7f58b0000000-7f58b0021000 rw-p 00000000 00:00 0 
7f58b0021000-7f58b4000000 ---p 00000000 00:00 0 
7f58b4000000-7f58b4021000 rw-p 00000000 00:00 0 
7f58b4021000-7f58b8000000 ---p 00000000 00:00 0 
7f58b8000000-7f58b8ba4000 rw-p 00000000 00:00 0 
7f58b8ba4000-7f58bc000000 ---p 00000000 00:00 0 
7f58bc000000-7f58bc7ee000 rw-p 00000000 00:00 0 
7f58bc7ee000-7f58c0000000 ---p 00000000 00:00 0 
7f58c0000000-7f58c0021000 rw-p 00000000 00:00 0 
7f58c0021000-7f58c4000000 ---p 00000000 00:00 0 
7f58c4000000-7f58c4e60000 rw-p 00000000 00:00 0 
7f58c4e60000-7f58c8000000 ---p 00000000 00:00 0 
7f58c8000000-7f58c8021000 rw-p 00000000 00:00 0 
7f58c8021000-7f58cc000000 ---p 00000000 00:00 0 
7f58cc000000-7f58cc021000 rw-p 00000000 00:00 0 
7f58cc021000-7f58d0000000 ---p 00000000 00:00 0 
7f58d0000000-7f58d028c000 rw-p 00000000 00:00 0 
7f58d028c000-7f58d4000000 ---p 00000000 00:00 0 
7f58d4000000-7f58d4021000 rw-p 00000000 00:00 0 
7f58d4021000-7f58d8000000 ---p 00000000 00:00 0 
7f58da04c000-7f58da04f000 ---p 00000000 00:00 0 
7f58da04f000-7f58da14d000 rw-p 00000000 00:00 0 
7f58da14d000-7f58da150000 ---p 00000000 00:00 0 
7f58da150000-7f58da24e000 rw-p 00000000 00:00 0 
7f58da24e000-7f58da251000 ---p 00000000 00:00 0 
7f58da251000-7f58da34f000 rw-p 00000000 00:00 0 
7f58da34f000-7f58da352000 ---p 00000000 00:00 0 
7f58da352000-7f58da450000 rw-p 00000000 00:00 0 
7f58da450000-7f58da453000 ---p 00000000 00:00 0 
7f58da453000-7f58da551000 rw-p 00000000 00:00 0 
7f58da551000-7f58da587000 r--s 002b8000 08:05 4855623                    /home/onmymobile/AndroidStudioProjects/Heritage/SmsCapture (2)/app/build/intermediates/transforms/jarMerging/release/jars/1/1f/combined.jar
7f58da587000-7f58da588000 ---p 00000000 00:00 0 
7f58da588000-7f58da688000 rw-p 00000000 00:00 0 
7f58da688000-7f58da68b000 ---p 00000000 00:00 0 
7f58da68b000-7f58da789000 rw-p 00000000 00:00 0 
7f58da789000-7f58da78c000 ---p 00000000 00:00 0 
7f58da78c000-7f58da88a000 rw-p 00000000 00:00 0 
7f58da88a000-7f58da88d000 ---p 00000000 00:00 0 
7f58da88d000-7f58da98b000 rw-p 00000000 00:00 0 
7f58da98b000-7f58da98e000 ---p 00000000 00:00 0 
7f58da98e000-7f58daa8c000 rw-p 00000000 00:00 0 
7f58daa8c000-7f58daa8f000 ---p 00000000 00:00 0 
7f58daa8f000-7f58dab8d000 rw-p 00000000 00:00 0 
7f58dab8d000-7f58db26f000 r--p 00000000 08:01 1448881                    /usr/lib/locale/locale-archive
7f58db26f000-7f58db272000 ---p 00000000 00:00 0 
7f58db272000-7f58db370000 rw-p 00000000 00:00 0 
7f58db370000-7f58db373000 ---p 00000000 00:00 0 
7f58db373000-7f58db471000 rw-p 00000000 00:00 0 
7f58db471000-7f58db472000 ---p 00000000 00:00 0 
7f58db472000-7f58e4000000 rw-p 00000000 00:00 0 
7f58e4000000-7f58e4021000 rw-p 00000000 00:00 0 
7f58e4021000-7f58e8000000 ---p 00000000 00:00 0 
7f58e8000000-7f58e8021000 rw-p 00000000 00:00 0 
7f58e8021000-7f58ec000000 ---p 00000000 00:00 0 
7f58ec000000-7f58ec021000 rw-p 00000000 00:00 0 
7f58ec021000-7f58f0000000 ---p 00000000 00:00 0 
7f58f0000000-7f58f0680000 rw-p 00000000 00:00 0 
7f58f0680000-7f58f0800000 ---p 00000000 00:00 0 
7f58f0800000-7f58f1000000 rw-p 00000000 00:00 0 
7f58f1000000-7f58f18a0000 rwxp 00000000 00:00 0 
7f58f18a0000-7f5900000000 ---p 00000000 00:00 0 
7f5900000000-7f590038d000 rw-p 00000000 00:00 0 
7f590038d000-7f5904000000 ---p 00000000 00:00 0 
7f5904017000-7f590458c000 rw-p 00000000 00:00 0 
7f590458c000-7f5904765000 r--s 03d1f000 08:01 1452558                    /usr/lib/jvm/java-8-oracle/jre/lib/rt.jar
7f5904765000-7f59047db000 rw-p 00000000 00:00 0 
7f59047db000-7f59047dc000 ---p 00000000 00:00 0 
7f59047dc000-7f59048dc000 rw-p 00000000 00:00 0 
7f59048dc000-7f59048dd000 ---p 00000000 00:00 0 
7f59048dd000-7f59049dd000 rw-p 00000000 00:00 0 
7f59049dd000-7f59049de000 ---p 00000000 00:00 0 
7f59049de000-7f5904ade000 rw-p 00000000 00:00 0 
7f5904ade000-7f5904adf000 ---p 00000000 00:00 0 
7f5904adf000-7f5904c09000 rw-p 00000000 00:00 0 
7f5904c09000-7f5905135000 ---p 00000000 00:00 0 
7f5905135000-7f590515f000 rw-p 00000000 00:00 0 
7f590515f000-7f590568a000 ---p 00000000 00:00 0 
7f590568a000-7f5905723000 rw-p 00000000 00:00 0 
7f5905723000-7f5905935000 ---p 00000000 00:00 0 
7f5905935000-7f5905959000 rw-p 00000000 00:00 0 
7f5905959000-7f5905cf6000 ---p 00000000 00:00 0 
7f5905cf6000-7f5905d10000 r-xp 00000000 08:01 1452613                    /usr/lib/jvm/java-8-oracle/jre/lib/amd64/libzip.so
7f5905d10000-7f5905f10000 ---p 0001a000 08:01 1452613                    /usr/lib/jvm/java-8-oracle/jre/lib/amd64/libzip.so
7f5905f10000-7f5905f11000 rw-p 0001a000 08:01 1452613                    /usr/lib/jvm/java-8-oracle/jre/lib/amd64/libzip.so
7f5905f11000-7f5905f1b000 r-xp 00000000 08:01 7078098                    /lib/x86_64-linux-gnu/libnss_files-2.19.so
7f5905f1b000-7f590611a000 ---p 0000a000 08:01 7078098                    /lib/x86_64-linux-gnu/libnss_files-2.19.so
7f590611a000-7f590611b000 r--p 00009000 08:01 7078098                    /lib/x86_64-linux-gnu/libnss_files-2.19.so
7f590611b000-7f590611c000 rw-p 0000a000 08:01 7078098                    /lib/x86_64-linux-gnu/libnss_files-2.19.so
7f590611c000-7f5906127000 r-xp 00000000 08:01 7078090                    /lib/x86_64-linux-gnu/libnss_nis-2.19.so
7f5906127000-7f5906326000 ---p 0000b000 08:01 7078090                    /lib/x86_64-linux-gnu/libnss_nis-2.19.so
7f5906326000-7f5906327000 r--p 0000a000 08:01 7078090                    /lib/x86_64-linux-gnu/libnss_nis-2.19.so
7f5906327000-7f5906328000 rw-p 0000b000 08:01 7078090                    /lib/x86_64-linux-gnu/libnss_nis-2.19.so
7f5906328000-7f590633f000 r-xp 00000000 08:01 7078086                    /lib/x86_64-linux-gnu/libnsl-2.19.so
7f590633f000-7f590653e000 ---p 00017000 08:01 7078086                    /lib/x86_64-linux-gnu/libnsl-2.19.so
7f590653e000-7f590653f000 r--p 00016000 08:01 7078086                    /lib/x86_64-linux-gnu/libnsl-2.19.so
7f590653f000-7f5906540000 rw-p 00017000 08:01 7078086                    /lib/x86_64-linux-gnu/libnsl-2.19.so
7f5906540000-7f5906542000 rw-p 00000000 00:00 0 
7f5906542000-7f590654b000 r-xp 00000000 08:01 7078085                    /lib/x86_64-linux-gnu/libnss_compat-2.19.so
7f590654b000-7f590674a000 ---p 00009000 08:01 7078085                    /lib/x86_64-linux-gnu/libnss_compat-2.19.so
7f590674a000-7f590674b000 r--p 00008000 08:01 7078085                    /lib/x86_64-linux-gnu/libnss_compat-2.19.so
7f590674b000-7f590674c000 rw-p 00009000 08:01 7078085                    /lib/x86_64-linux-gnu/libnss_compat-2.19.so
7f590674c000-7f5906776000 r-xp 00000000 08:01 1452593                    /usr/lib/jvm/java-8-oracle/jre/lib/amd64/libjava.so
7f5906776000-7f5906976000 ---p 0002a000 08:01 1452593                    /usr/lib/jvm/java-8-oracle/jre/lib/amd64/libjava.so
7f5906976000-7f5906978000 rw-p 0002a000 08:01 1452593                    /usr/lib/jvm/java-8-oracle/jre/lib/amd64/libjava.so
7f5906978000-7f5906985000 r-xp 00000000 08:01 1452610                    /usr/lib/jvm/java-8-oracle/jre/lib/amd64/libverify.so
7f5906985000-7f5906b85000 ---p 0000d000 08:01 1452610                    /usr/lib/jvm/java-8-oracle/jre/lib/amd64/libverify.so
7f5906b85000-7f5906b87000 rw-p 0000d000 08:01 1452610                    /usr/lib/jvm/java-8-oracle/jre/lib/amd64/libverify.so
7f5906b87000-7f5906b8e000 r-xp 00000000 08:01 7078094                    /lib/x86_64-linux-gnu/librt-2.19.so
7f5906b8e000-7f5906d8d000 ---p 00007000 08:01 7078094                    /lib/x86_64-linux-gnu/librt-2.19.so
7f5906d8d000-7f5906d8e000 r--p 00006000 08:01 7078094                    /lib/x86_64-linux-gnu/librt-2.19.so
7f5906d8e000-7f5906d8f000 rw-p 00007000 08:01 7078094                    /lib/x86_64-linux-gnu/librt-2.19.so
7f5906d8f000-7f5906e94000 r-xp 00000000 08:01 7078080                    /lib/x86_64-linux-gnu/libm-2.19.so
7f5906e94000-7f5907093000 ---p 00105000 08:01 7078080                    /lib/x86_64-linux-gnu/libm-2.19.so
7f5907093000-7f5907094000 r--p 00104000 08:01 7078080                    /lib/x86_64-linux-gnu/libm-2.19.so
7f5907094000-7f5907095000 rw-p 00105000 08:01 7078080                    /lib/x86_64-linux-gnu/libm-2.19.so
7f5907095000-7f5907d55000 r-xp 00000000 08:01 1452601                    /usr/lib/jvm/java-8-oracle/jre/lib/amd64/server/libjvm.so
7f5907d55000-7f5907f55000 ---p 00cc0000 08:01 1452601                    /usr/lib/jvm/java-8-oracle/jre/lib/amd64/server/libjvm.so
7f5907f55000-7f590802d000 rw-p 00cc0000 08:01 1452601                    /usr/lib/jvm/java-8-oracle/jre/lib/amd64/server/libjvm.so
7f590802d000-7f5908078000 rw-p 00000000 00:00 0 
7f5908078000-7f5908232000 r-xp 00000000 08:01 7078095                    /lib/x86_64-linux-gnu/libc-2.19.so
7f5908232000-7f5908432000 ---p 001ba000 08:01 7078095                    /lib/x86_64-linux-gnu/libc-2.19.so
7f5908432000-7f5908436000 r--p 001ba000 08:01 7078095                    /lib/x86_64-linux-gnu/libc-2.19.so
7f5908436000-7f5908438000 rw-p 001be000 08:01 7078095                    /lib/x86_64-linux-gnu/libc-2.19.so
7f5908438000-7f590843d000 rw-p 00000000 00:00 0 
7f590843d000-7f5908440000 r-xp 00000000 08:01 7078082                    /lib/x86_64-linux-gnu/libdl-2.19.so
7f5908440000-7f590863f000 ---p 00003000 08:01 7078082                    /lib/x86_64-linux-gnu/libdl-2.19.so
7f590863f000-7f5908640000 r--p 00002000 08:01 7078082                    /lib/x86_64-linux-gnu/libdl-2.19.so
7f5908640000-7f5908641000 rw-p 00003000 08:01 7078082                    /lib/x86_64-linux-gnu/libdl-2.19.so
7f5908641000-7f5908656000 r-xp 00000000 08:01 1454079                    /usr/lib/jvm/java-8-oracle/lib/amd64/jli/libjli.so
7f5908656000-7f5908856000 ---p 00015000 08:01 1454079                    /usr/lib/jvm/java-8-oracle/lib/amd64/jli/libjli.so
7f5908856000-7f5908857000 rw-p 00015000 08:01 1454079                    /usr/lib/jvm/java-8-oracle/lib/amd64/jli/libjli.so
7f5908857000-7f5908870000 r-xp 00000000 08:01 7078087                    /lib/x86_64-linux-gnu/libpthread-2.19.so
7f5908870000-7f5908a6f000 ---p 00019000 08:01 7078087                    /lib/x86_64-linux-gnu/libpthread-2.19.so
7f5908a6f000-7f5908a70000 r--p 00018000 08:01 7078087                    /lib/x86_64-linux-gnu/libpthread-2.19.so
7f5908a70000-7f5908a71000 rw-p 00019000 08:01 7078087                    /lib/x86_64-linux-gnu/libpthread-2.19.so
7f5908a71000-7f5908a75000 rw-p 00000000 00:00 0 
7f5908a75000-7f5908a98000 r-xp 00000000 08:01 7078088                    /lib/x86_64-linux-gnu/ld-2.19.so
7f5908aa0000-7f5908b73000 rw-p 00000000 00:00 0 
7f5908b73000-7f5908b76000 ---p 00000000 00:00 0 
7f5908b76000-7f5908c78000 rw-p 00000000 00:00 0 
7f5908c7b000-7f5908c7c000 rw-p 00000000 00:00 0 
7f5908c7c000-7f5908c8b000 r--s 000df000 08:05 264644                     /home/onmymobile/Android/Sdk/build-tools/23.0.3/lib/dx.jar
7f5908c8b000-7f5908c93000 rw-s 00000000 08:01 524409                     /tmp/hsperfdata_onmymobile/14107
7f5908c93000-7f5908c94000 rw-p 00000000 00:00 0 
7f5908c94000-7f5908c95000 ---p 00000000 00:00 0 
7f5908c95000-7f5908c97000 rw-p 00000000 00:00 0 
7f5908c97000-7f5908c98000 r--p 00022000 08:01 7078088                    /lib/x86_64-linux-gnu/ld-2.19.so
7f5908c98000-7f5908c99000 rw-p 00023000 08:01 7078088                    /lib/x86_64-linux-gnu/ld-2.19.so
7f5908c99000-7f5908c9a000 rw-p 00000000 00:00 0 
7ffda9610000-7ffda9631000 rw-p 00000000 00:00 0                          [stack]
7ffda96ea000-7ffda96ec000 r--p 00000000 00:00 0                          [vvar]
7ffda96ec000-7ffda96ee000 r-xp 00000000 00:00 0                          [vdso]
ffffffffff600000-ffffffffff601000 r-xp 00000000 00:00 0                  [vsyscall]

VM Arguments:
jvm_args: -Djava.awt.headless=true -Xmx4g -Dfile.encoding=UTF-8 -Duser.country=IN -Duser.language=en -Duser.variant 
java_command: com.android.dx.command.Main --dex --num-threads=4 --multi-dex --main-dex-list /home/onmymobile/AndroidStudioProjects/Heritage/SmsCapture (2)/app/build/intermediates/multi-dex/release/maindexlist.txt --output /home/onmymobile/AndroidStudioProjects/Heritage/SmsCapture (2)/app/build/intermediates/transforms/dex/release/folders/1000/1f/main /home/onmymobile/AndroidStudioProjects/Heritage/SmsCapture (2)/app/build/intermediates/transforms/jarMerging/release/jars/1/1f/combined.jar
java_class_path (initial): /home/onmymobile/Android/Sdk/build-tools/23.0.3/lib/dx.jar
Launcher Type: SUN_STANDARD

Environment Variables:
JAVA_HOME=/usr/lib/jvm/java-8-oracle
PATH=/home/onmymobile/bin:/usr/local/sbin:/usr/local/bin:/usr/sbin:/usr/bin:/sbin:/bin:/usr/games:/usr/local/games:/usr/lib/jvm/java-8-oracle/bin:/usr/lib/jvm/java-8-oracle/db/bin:/usr/lib/jvm/java-8-oracle/jre/bin
SHELL=/bin/bash
DISPLAY=:0

Signal Handlers:
SIGSEGV: [libjvm.so+0xabca10], sa_mask[0]=11111111011111111101111111111110, sa_flags=SA_RESTART|SA_SIGINFO
SIGBUS: [libjvm.so+0xabca10], sa_mask[0]=11111111011111111101111111111110, sa_flags=SA_RESTART|SA_SIGINFO
SIGFPE: [libjvm.so+0x919a20], sa_mask[0]=11111111011111111101111111111110, sa_flags=SA_RESTART|SA_SIGINFO
SIGPIPE: [libjvm.so+0x919a20], sa_mask[0]=11111111011111111101111111111110, sa_flags=SA_RESTART|SA_SIGINFO
SIGXFSZ: [libjvm.so+0x919a20], sa_mask[0]=11111111011111111101111111111110, sa_flags=SA_RESTART|SA_SIGINFO
SIGILL: [libjvm.so+0x919a20], sa_mask[0]=11111111011111111101111111111110, sa_flags=SA_RESTART|SA_SIGINFO
SIGUSR1: SIG_DFL, sa_mask[0]=00000000000000000000000000000000, sa_flags=none
SIGUSR2: [libjvm.so+0x91b050], sa_mask[0]=00100000000000000000000000000000, sa_flags=SA_RESTART|SA_SIGINFO
SIGHUP: [libjvm.so+0x91c450], sa_mask[0]=11111111011111111101111111111110, sa_flags=SA_RESTART|SA_SIGINFO
SIGINT: [libjvm.so+0x91c450], sa_mask[0]=11111111011111111101111111111110, sa_flags=SA_RESTART|SA_SIGINFO
SIGTERM: [libjvm.so+0x91c450], sa_mask[0]=11111111011111111101111111111110, sa_flags=SA_RESTART|SA_SIGINFO
SIGQUIT: [libjvm.so+0x91c450], sa_mask[0]=11111111011111111101111111111110, sa_flags=SA_RESTART|SA_SIGINFO


---------------  S Y S T E M  ---------------

OS:DISTRIB_ID=Ubuntu
DISTRIB_RELEASE=14.04
DISTRIB_CODENAME=trusty
DISTRIB_DESCRIPTION="Ubuntu 14.04.4 LTS"

uname:Linux 4.2.0-42-generic #49~14.04.1-Ubuntu SMP Wed Jun 29 20:22:11 UTC 2016 x86_64
libc:glibc 2.19 NPTL 2.19 
rlimit: STACK 8192k, CORE 0k, NPROC 31336, NOFILE 4096, AS infinity
load average:7.90 4.09 2.24

/proc/meminfo:
MemTotal:        8044164 kB
MemFree:          171768 kB
MemAvailable:     188728 kB
Buffers:            8252 kB
Cached:          1189896 kB
SwapCached:            0 kB
Active:          6681036 kB
Inactive:         968356 kB
Active(anon):    6604124 kB
Inactive(anon):   889952 kB
Active(file):      76912 kB
Inactive(file):    78404 kB
Unevictable:         156 kB
Mlocked:             156 kB
SwapTotal:             0 kB
SwapFree:              0 kB
Dirty:                64 kB
Writeback:             0 kB
AnonPages:       6451484 kB
Mapped:           513472 kB
Shmem:           1042824 kB
Slab:              91164 kB
SReclaimable:      47532 kB
SUnreclaim:        43632 kB
KernelStack:       12592 kB
PageTables:        63776 kB
NFS_Unstable:          0 kB
Bounce:                0 kB
WritebackTmp:          0 kB
CommitLimit:     4022080 kB
Committed_AS:   13184376 kB
VmallocTotal:   34359738367 kB
VmallocUsed:      358864 kB
VmallocChunk:   34358947836 kB
HardwareCorrupted:     0 kB
AnonHugePages:   3966976 kB
CmaTotal:              0 kB
CmaFree:               0 kB
HugePages_Total:       0
HugePages_Free:        0
HugePages_Rsvd:        0
HugePages_Surp:        0
Hugepagesize:       2048 kB
DirectMap4k:      187936 kB
DirectMap2M:     8069120 kB


CPU:total 4 (2 cores per cpu, 2 threads per core) family 6 model 58 stepping 9, cmov, cx8, fxsr, mmx, sse, sse2, sse3, ssse3, sse4.1, sse4.2, popcnt, avx, aes, clmul, erms, ht, tsc, tscinvbit, tscinv

/proc/cpuinfo:
processor	: 0
vendor_id	: GenuineIntel
cpu family	: 6
model		: 58
model name	: Intel(R) Core(TM) i5-3340M CPU @ 2.70GHz
stepping	: 9
microcode	: 0x15
cpu MHz		: 3199.921
cache size	: 3072 KB
physical id	: 0
siblings	: 4
core id		: 0
cpu cores	: 2
apicid		: 0
initial apicid	: 0
fpu		: yes
fpu_exception	: yes
cpuid level	: 13
wp		: yes
flags		: fpu vme de pse tsc msr pae mce cx8 apic sep mtrr pge mca cmov pat pse36 clflush dts acpi mmx fxsr sse sse2 ss ht tm pbe syscall nx rdtscp lm constant_tsc arch_perfmon pebs bts rep_good nopl xtopology nonstop_tsc aperfmperf eagerfpu pni pclmulqdq dtes64 monitor ds_cpl vmx smx est tm2 ssse3 cx16 xtpr pdcm pcid sse4_1 sse4_2 x2apic popcnt tsc_deadline_timer aes xsave avx f16c rdrand lahf_lm ida arat epb pln pts dtherm tpr_shadow vnmi flexpriority ept vpid fsgsbase smep erms xsaveopt
bugs		:
bogomips	: 5382.55
clflush size	: 64
cache_alignment	: 64
address sizes	: 36 bits physical, 48 bits virtual
power management:

processor	: 1
vendor_id	: GenuineIntel
cpu family	: 6
model		: 58
model name	: Intel(R) Core(TM) i5-3340M CPU @ 2.70GHz
stepping	: 9
microcode	: 0x15
cpu MHz		: 3208.992
cache size	: 3072 KB
physical id	: 0
siblings	: 4
core id		: 1
cpu cores	: 2
apicid		: 2
initial apicid	: 2
fpu		: yes
fpu_exception	: yes
cpuid level	: 13
wp		: yes
flags		: fpu vme de pse tsc msr pae mce cx8 apic sep mtrr pge mca cmov pat pse36 clflush dts acpi mmx fxsr sse sse2 ss ht tm pbe syscall nx rdtscp lm constant_tsc arch_perfmon pebs bts rep_good nopl xtopology nonstop_tsc aperfmperf eagerfpu pni pclmulqdq dtes64 monitor ds_cpl vmx smx est tm2 ssse3 cx16 xtpr pdcm pcid sse4_1 sse4_2 x2apic popcnt tsc_deadline_timer aes xsave avx f16c rdrand lahf_lm ida arat epb pln pts dtherm tpr_shadow vnmi flexpriority ept vpid fsgsbase smep erms xsaveopt
bugs		:
bogomips	: 5382.55
clflush size	: 64
cache_alignment	: 64
address sizes	: 36 bits physical, 48 bits virtual
power management:

processor	: 2
vendor_id	: GenuineIntel
cpu family	: 6
model		: 58
model name	: Intel(R) Core(TM) i5-3340M CPU @ 2.70GHz
stepping	: 9
microcode	: 0x15
cpu MHz		: 3199.921
cache size	: 3072 KB
physical id	: 0
siblings	: 4
core id		: 0
cpu cores	: 2
apicid		: 1
initial apicid	: 1
fpu		: yes
fpu_exception	: yes
cpuid level	: 13
wp		: yes
flags		: fpu vme de pse tsc msr pae mce cx8 apic sep mtrr pge mca cmov pat pse36 clflush dts acpi mmx fxsr sse sse2 ss ht tm pbe syscall nx rdtscp lm constant_tsc arch_perfmon pebs bts rep_good nopl xtopology nonstop_tsc aperfmperf eagerfpu pni pclmulqdq dtes64 monitor ds_cpl vmx smx est tm2 ssse3 cx16 xtpr pdcm pcid sse4_1 sse4_2 x2apic popcnt tsc_deadline_timer aes xsave avx f16c rdrand lahf_lm ida arat epb pln pts dtherm tpr_shadow vnmi flexpriority ept vpid fsgsbase smep erms xsaveopt
bugs		:
bogomips	: 5382.55
clflush size	: 64
cache_alignment	: 64
address sizes	: 36 bits physical, 48 bits virtual
power management:

processor	: 3
vendor_id	: GenuineIntel
cpu family	: 6
model		: 58
model name	: Intel(R) Core(TM) i5-3340M CPU @ 2.70GHz
stepping	: 9
microcode	: 0x15
cpu MHz		: 3206.882
cache size	: 3072 KB
physical id	: 0
siblings	: 4
core id		: 1
cpu cores	: 2
apicid		: 3
initial apicid	: 3
fpu		: yes
fpu_exception	: yes
cpuid level	: 13
wp		: yes
flags		: fpu vme de pse tsc msr pae mce cx8 apic sep mtrr pge mca cmov pat pse36 clflush dts acpi mmx fxsr sse sse2 ss ht tm pbe syscall nx rdtscp lm constant_tsc arch_perfmon pebs bts rep_good nopl xtopology nonstop_tsc aperfmperf eagerfpu pni pclmulqdq dtes64 monitor ds_cpl vmx smx est tm2 ssse3 cx16 xtpr pdcm pcid sse4_1 sse4_2 x2apic popcnt tsc_deadline_timer aes xsave avx f16c rdrand lahf_lm ida arat epb pln pts dtherm tpr_shadow vnmi flexpriority ept vpid fsgsbase smep erms xsaveopt
bugs		:
bogomips	: 5382.55
clflush size	: 64
cache_alignment	: 64
address sizes	: 36 bits physical, 48 bits virtual
power management:



Memory: 4k page, physical 8044164k(171768k free), swap 0k(0k free)

vm_info: Java HotSpot(TM) 64-Bit Server VM (25.91-b14) for linux-amd64 JRE (1.8.0_91-b14), built on Apr  1 2016 00:57:21 by "java_re" with gcc 4.3.0 20080428 (Red Hat 4.3.0-8)

time: Thu Jul 21 15:48:23 2016
elapsed time: 14 seconds (0d 0h 0m 14s)

