#
# There is insufficient memory for the Java Runtime Environment to continue.
# Native memory allocation (mmap) failed to map 178257920 bytes for committing reserved memory.
# Possible reasons:
#   The system is out of physical RAM or swap space
#   In 32 bit mode, the process size limit was hit
# Possible solutions:
#   Reduce memory load on the system
#   Increase physical memory or swap space
#   Check if swap backing store is full
#   Use 64 bit Java on a 64 bit OS
#   Decrease Java heap size (-Xmx/-Xms)
#   Decrease number of Java threads
#   Decrease Java thread stack sizes (-Xss)
#   Set larger code cache with -XX:ReservedCodeCacheSize=
# This output file may be truncated or incomplete.
#
#  Out of Memory Error (os_linux.cpp:2627), pid=15730, tid=140631994853120
#
# JRE version: Java(TM) SE Runtime Environment (8.0_91-b14) (build 1.8.0_91-b14)
# Java VM: Java HotSpot(TM) 64-Bit Server VM (25.91-b14 mixed mode linux-amd64 compressed oops)
# Failed to write core dump. Core dumps have been disabled. To enable core dumping, try "ulimit -c unlimited" before starting Java again
#

---------------  T H R E A D  ---------------

Current thread (0x00007fe780078000):  VMThread [stack: 0x00007fe77008e000,0x00007fe77018f000] [id=15740]

Stack: [0x00007fe77008e000,0x00007fe77018f000],  sp=0x00007fe77018cfe0,  free space=1019k
Native frames: (J=compiled Java code, j=interpreted, Vv=VM code, C=native code)
V  [libjvm.so+0xabc18a]  VMError::report_and_die()+0x2ba
V  [libjvm.so+0x4fafeb]  report_vm_out_of_memory(char const*, int, unsigned long, VMErrorType, char const*)+0x8b
V  [libjvm.so+0x91cbb3]  os::Linux::commit_memory_impl(char*, unsigned long, bool)+0x103
V  [libjvm.so+0x91d109]  os::pd_commit_memory(char*, unsigned long, unsigned long, bool)+0x29
V  [libjvm.so+0x91740a]  os::commit_memory(char*, unsigned long, unsigned long, bool)+0x2a
V  [libjvm.so+0x98b033]  PSVirtualSpace::expand_by(unsigned long)+0x53
V  [libjvm.so+0x98c438]  PSYoungGen::resize_generation(unsigned long, unsigned long)+0xf8
V  [libjvm.so+0x98b592]  PSYoungGen::resize(unsigned long, unsigned long)+0x22
V  [libjvm.so+0x98886b]  PSScavenge::invoke_no_policy()+0xf3b
V  [libjvm.so+0x988ff1]  PSScavenge::invoke()+0x41
V  [libjvm.so+0x9408b0]  ParallelScavengeHeap::failed_mem_allocate(unsigned long)+0x70
V  [libjvm.so+0xabdba7]  VM_ParallelGCFailedAllocation::doit()+0x97
V  [libjvm.so+0xac55d5]  VM_Operation::evaluate()+0x55
V  [libjvm.so+0xac39aa]  VMThread::evaluate_operation(VM_Operation*)+0xba
V  [libjvm.so+0xac3d2e]  VMThread::loop()+0x1ce
V  [libjvm.so+0xac41a0]  VMThread::run()+0x70
V  [libjvm.so+0x91ef78]  java_start(Thread*)+0x108

VM_Operation (0x00007fe76af11c40): ParallelGCFailedAllocation, mode: safepoint, requested by thread 0x00007fe780204800


---------------  P R O C E S S  ---------------

Java Threads: ( => current thread )
  0x00007fe780208000 JavaThread "pool-2-thread-4" [_thread_blocked, id=15754, stack(0x00007fe76ac11000,0x00007fe76ad12000)]
  0x00007fe780206000 JavaThread "pool-2-thread-3" [_thread_blocked, id=15753, stack(0x00007fe76ad12000,0x00007fe76ae13000)]
  0x00007fe780204800 JavaThread "pool-2-thread-2" [_thread_blocked, id=15752, stack(0x00007fe76ae13000,0x00007fe76af14000)]
  0x00007fe780203800 JavaThread "pool-3-thread-1" [_thread_blocked, id=15751, stack(0x00007fe76af14000,0x00007fe76b015000)]
  0x00007fe780201000 JavaThread "pool-2-thread-1" [_thread_blocked, id=15750, stack(0x00007fe76b015000,0x00007fe76b116000)]
  0x00007fe7800c8800 JavaThread "Service Thread" daemon [_thread_blocked, id=15747, stack(0x00007fe76b217000,0x00007fe76b318000)]
  0x00007fe7800bd000 JavaThread "C1 CompilerThread2" daemon [_thread_blocked, id=15746, stack(0x00007fe76b318000,0x00007fe76b419000)]
  0x00007fe7800bb800 JavaThread "C2 CompilerThread1" daemon [_thread_blocked, id=15745, stack(0x00007fe76b419000,0x00007fe76b51a000)]
  0x00007fe7800b8800 JavaThread "C2 CompilerThread0" daemon [_thread_blocked, id=15744, stack(0x00007fe76b51a000,0x00007fe76b61b000)]
  0x00007fe7800b7000 JavaThread "Signal Dispatcher" daemon [_thread_blocked, id=15743, stack(0x00007fe76b61b000,0x00007fe76b71c000)]
  0x00007fe780084000 JavaThread "Finalizer" daemon [_thread_blocked, id=15742, stack(0x00007fe76bdfe000,0x00007fe76beff000)]
  0x00007fe78007f800 JavaThread "Reference Handler" daemon [_thread_blocked, id=15741, stack(0x00007fe76beff000,0x00007fe76c000000)]
  0x00007fe78000a000 JavaThread "main" [_thread_blocked, id=15735, stack(0x00007fe789789000,0x00007fe78988a000)]

Other Threads:
=>0x00007fe780078000 VMThread [stack: 0x00007fe77008e000,0x00007fe77018f000] [id=15740]
  0x00007fe7800cb000 WatcherThread [stack: 0x00007fe76b116000,0x00007fe76b217000] [id=15748]

VM state:at safepoint (normal execution)

VM Mutex/Monitor currently owned by a thread:  ([mutex/lock_event])
[0x00007fe7800065f0] Threads_lock - owner thread: 0x00007fe780078000
[0x00007fe780006af0] Heap_lock - owner thread: 0x00007fe780204800

Heap:
 PSYoungGen      total 132096K, used 5117K [0x000000076ab00000, 0x0000000773100000, 0x00000007c0000000)
  eden space 126976K, 0% used [0x000000076ab00000,0x000000076ab00000,0x0000000772700000)
  from space 5120K, 99% used [0x0000000772700000,0x0000000772bff688,0x0000000772c00000)
  to   space 5120K, 0% used [0x0000000772c00000,0x0000000772c00000,0x0000000773100000)
 ParOldGen       total 84992K, used 39902K [0x00000006c0000000, 0x00000006c5300000, 0x000000076ab00000)
  object space 84992K, 46% used [0x00000006c0000000,0x00000006c26f78f0,0x00000006c5300000)
 Metaspace       used 6234K, capacity 7128K, committed 7424K, reserved 1056768K
  class space    used 615K, capacity 656K, committed 768K, reserved 1048576K

Card table byte_map: [0x00007fe785d4b000,0x00007fe78654c000] byte_map_base: 0x00007fe78274b000

Marking Bits: (ParMarkBitMap*) 0x00007fe788c61d60
 Begin Bits: [0x00007fe74c000000, 0x00007fe750000000)
 End Bits:   [0x00007fe750000000, 0x00007fe754000000)

Polling page: 0x00007fe7898aa000

CodeCache: size=245760Kb used=6725Kb max_used=6725Kb free=239034Kb
 bounds [0x00007fe771000000, 0x00007fe7716a0000, 0x00007fe780000000]
 total_blobs=1906 nmethods=1637 adapters=182
 compilation: enabled

Compilation events (10 events):
Event: 2.511 Thread 0x00007fe7800bd000 nmethod 1701 0x00007fe771693290 code [0x00007fe771693480, 0x00007fe771693a28]
Event: 2.511 Thread 0x00007fe7800bd000 1688       2       com.android.dx.ssa.PhiTypeResolver::process (12 bytes)
Event: 2.511 Thread 0x00007fe7800bd000 nmethod 1688 0x00007fe771693dd0 code [0x00007fe771693f40, 0x00007fe7716941b8]
Event: 2.511 Thread 0x00007fe7800bd000 1692       2       com.android.dx.ssa.back.SsaToRop::convert (99 bytes)
Event: 2.513 Thread 0x00007fe7800bd000 nmethod 1692 0x00007fe771694310 code [0x00007fe771694520, 0x00007fe771694c58]
Event: 2.513 Thread 0x00007fe7800bd000 1696       2       com.android.dx.ssa.back.RegisterAllocator::<init> (15 bytes)
Event: 2.513 Thread 0x00007fe7800bd000 nmethod 1696 0x00007fe771695390 code [0x00007fe7716954e0, 0x00007fe771695650]
Event: 2.513 Thread 0x00007fe7800bd000 1793       2       com.android.dx.ssa.Dominators::<init> (55 bytes)
Event: 2.513 Thread 0x00007fe7800bd000 nmethod 1793 0x00007fe7716956d0 code [0x00007fe771695840, 0x00007fe771695b10]
Event: 2.513 Thread 0x00007fe7800bd000 1790       2       com.android.dx.ssa.back.FirstFitLocalCombiningAllocator::allocateRegisters (37 bytes)

GC Heap History (9 events):
Event: 0.344 GC heap before
{Heap before GC invocations=1 (full 0):
 PSYoungGen      total 36864K, used 31744K [0x000000076ab00000, 0x000000076d400000, 0x00000007c0000000)
  eden space 31744K, 100% used [0x000000076ab00000,0x000000076ca00000,0x000000076ca00000)
  from space 5120K, 0% used [0x000000076cf00000,0x000000076cf00000,0x000000076d400000)
  to   space 5120K, 0% used [0x000000076ca00000,0x000000076ca00000,0x000000076cf00000)
 ParOldGen       total 84992K, used 0K [0x00000006c0000000, 0x00000006c5300000, 0x000000076ab00000)
  object space 84992K, 0% used [0x00000006c0000000,0x00000006c0000000,0x00000006c5300000)
 Metaspace       used 3351K, capacity 4720K, committed 4864K, reserved 1056768K
  class space    used 359K, capacity 424K, committed 512K, reserved 1048576K
Event: 0.355 GC heap after
Heap after GC invocations=1 (full 0):
 PSYoungGen      total 36864K, used 1261K [0x000000076ab00000, 0x000000076f300000, 0x00000007c0000000)
  eden space 31744K, 0% used [0x000000076ab00000,0x000000076ab00000,0x000000076ca00000)
  from space 5120K, 24% used [0x000000076ca00000,0x000000076cb3b630,0x000000076cf00000)
  to   space 5120K, 0% used [0x000000076ee00000,0x000000076ee00000,0x000000076f300000)
 ParOldGen       total 84992K, used 8K [0x00000006c0000000, 0x00000006c5300000, 0x000000076ab00000)
  object space 84992K, 0% used [0x00000006c0000000,0x00000006c0002000,0x00000006c5300000)
 Metaspace       used 3351K, capacity 4720K, committed 4864K, reserved 1056768K
  class space    used 359K, capacity 424K, committed 512K, reserved 1048576K
}
Event: 0.917 GC heap before
{Heap before GC invocations=2 (full 0):
 PSYoungGen      total 36864K, used 33005K [0x000000076ab00000, 0x000000076f300000, 0x00000007c0000000)
  eden space 31744K, 100% used [0x000000076ab00000,0x000000076ca00000,0x000000076ca00000)
  from space 5120K, 24% used [0x000000076ca00000,0x000000076cb3b630,0x000000076cf00000)
  to   space 5120K, 0% used [0x000000076ee00000,0x000000076ee00000,0x000000076f300000)
 ParOldGen       total 84992K, used 8K [0x00000006c0000000, 0x00000006c5300000, 0x000000076ab00000)
  object space 84992K, 0% used [0x00000006c0000000,0x00000006c0002000,0x00000006c5300000)
 Metaspace       used 5834K, capacity 6832K, committed 7040K, reserved 1056768K
  class space    used 594K, capacity 616K, committed 640K, reserved 1048576K
Event: 0.947 GC heap after
Heap after GC invocations=2 (full 0):
 PSYoungGen      total 68608K, used 5105K [0x000000076ab00000, 0x000000076f300000, 0x00000007c0000000)
  eden space 63488K, 0% used [0x000000076ab00000,0x000000076ab00000,0x000000076e900000)
  from space 5120K, 99% used [0x000000076ee00000,0x000000076f2fc4e0,0x000000076f300000)
  to   space 5120K, 0% used [0x000000076e900000,0x000000076e900000,0x000000076ee00000)
 ParOldGen       total 84992K, used 1974K [0x00000006c0000000, 0x00000006c5300000, 0x000000076ab00000)
  object space 84992K, 2% used [0x00000006c0000000,0x00000006c01ed950,0x00000006c5300000)
 Metaspace       used 5834K, capacity 6832K, committed 7040K, reserved 1056768K
  class space    used 594K, capacity 616K, committed 640K, reserved 1048576K
}
Event: 1.422 GC heap before
{Heap before GC invocations=3 (full 0):
 PSYoungGen      total 68608K, used 68593K [0x000000076ab00000, 0x000000076f300000, 0x00000007c0000000)
  eden space 63488K, 100% used [0x000000076ab00000,0x000000076e900000,0x000000076e900000)
  from space 5120K, 99% used [0x000000076ee00000,0x000000076f2fc4e0,0x000000076f300000)
  to   space 5120K, 0% used [0x000000076e900000,0x000000076e900000,0x000000076ee00000)
 ParOldGen       total 84992K, used 1974K [0x00000006c0000000, 0x00000006c5300000, 0x000000076ab00000)
  object space 84992K, 2% used [0x00000006c0000000,0x00000006c01ed950,0x00000006c5300000)
 Metaspace       used 5926K, capacity 6896K, committed 7040K, reserved 1056768K
  class space    used 594K, capacity 616K, committed 640K, reserved 1048576K
Event: 1.447 GC heap after
Heap after GC invocations=3 (full 0):
 PSYoungGen      total 68608K, used 5105K [0x000000076ab00000, 0x0000000773100000, 0x00000007c0000000)
  eden space 63488K, 0% used [0x000000076ab00000,0x000000076ab00000,0x000000076e900000)
  from space 5120K, 99% used [0x000000076e900000,0x000000076edfc7b8,0x000000076ee00000)
  to   space 5120K, 0% used [0x0000000772c00000,0x0000000772c00000,0x0000000773100000)
 ParOldGen       total 84992K, used 11927K [0x00000006c0000000, 0x00000006c5300000, 0x000000076ab00000)
  object space 84992K, 14% used [0x00000006c0000000,0x00000006c0ba5c40,0x00000006c5300000)
 Metaspace       used 5926K, capacity 6896K, committed 7040K, reserved 1056768K
  class space    used 594K, capacity 616K, committed 640K, reserved 1048576K
}
Event: 1.739 GC heap before
{Heap before GC invocations=4 (full 0):
 PSYoungGen      total 68608K, used 68593K [0x000000076ab00000, 0x0000000773100000, 0x00000007c0000000)
  eden space 63488K, 100% used [0x000000076ab00000,0x000000076e900000,0x000000076e900000)
  from space 5120K, 99% used [0x000000076e900000,0x000000076edfc7b8,0x000000076ee00000)
  to   space 5120K, 0% used [0x0000000772c00000,0x0000000772c00000,0x0000000773100000)
 ParOldGen       total 84992K, used 11927K [0x00000006c0000000, 0x00000006c5300000, 0x000000076ab00000)
  object space 84992K, 14% used [0x00000006c0000000,0x00000006c0ba5c40,0x00000006c5300000)
 Metaspace       used 6005K, capacity 6960K, committed 7040K, reserved 1056768K
  class space    used 595K, capacity 616K, committed 640K, reserved 1048576K
Event: 1.788 GC heap after
Heap after GC invocations=4 (full 0):
 PSYoungGen      total 132096K, used 5105K [0x000000076ab00000, 0x0000000773100000, 0x00000007c0000000)
  eden space 126976K, 0% used [0x000000076ab00000,0x000000076ab00000,0x0000000772700000)
  from space 5120K, 99% used [0x0000000772c00000,0x00000007730fc7b8,0x0000000773100000)
  to   space 5120K, 0% used [0x0000000772700000,0x0000000772700000,0x0000000772c00000)
 ParOldGen       total 84992K, used 21425K [0x00000006c0000000, 0x00000006c5300000, 0x000000076ab00000)
  object space 84992K, 25% used [0x00000006c0000000,0x00000006c14ec720,0x00000006c5300000)
 Metaspace       used 6005K, capacity 6960K, committed 7040K, reserved 1056768K
  class space    used 595K, capacity 616K, committed 640K, reserved 1048576K
}
Event: 2.516 GC heap before
{Heap before GC invocations=5 (full 0):
 PSYoungGen      total 132096K, used 132081K [0x000000076ab00000, 0x0000000773100000, 0x00000007c0000000)
  eden space 126976K, 100% used [0x000000076ab00000,0x0000000772700000,0x0000000772700000)
  from space 5120K, 99% used [0x0000000772c00000,0x00000007730fc7b8,0x0000000773100000)
  to   space 5120K, 0% used [0x0000000772700000,0x0000000772700000,0x0000000772c00000)
 ParOldGen       total 84992K, used 21425K [0x00000006c0000000, 0x00000006c5300000, 0x000000076ab00000)
  object space 84992K, 25% used [0x00000006c0000000,0x00000006c14ec720,0x00000006c5300000)
 Metaspace       used 6234K, capacity 7128K, committed 7424K, reserved 1056768K
  class space    used 615K, capacity 656K, committed 768K, reserved 1048576K

Deoptimization events (10 events):
Event: 1.217 Thread 0x00007fe780208000 Uncommon trap: reason=null_check action=make_not_entrant pc=0x00007fe77132c240 method=com.android.dx.ssa.SsaRenamer.getLocalForNewReg(I)Lcom/android/dx/rop/code/LocalItem; @ 19
Event: 1.267 Thread 0x00007fe780201000 Uncommon trap: reason=unstable_if action=reinterpret pc=0x00007fe771337cd8 method=com.android.dx.rop.code.RegisterSpecSet.put(Lcom/android/dx/rop/code/RegisterSpec;)V @ 77
Event: 1.267 Thread 0x00007fe780201000 Uncommon trap: reason=unstable_if action=reinterpret pc=0x00007fe77134ea98 method=com.android.dx.rop.code.RegisterSpecSet.put(Lcom/android/dx/rop/code/RegisterSpec;)V @ 77
Event: 1.585 Thread 0x00007fe780201000 Uncommon trap: reason=unstable_if action=reinterpret pc=0x00007fe77130e718 method=com.android.dx.rop.code.RegisterSpec.equals(ILcom/android/dx/rop/type/TypeBearer;Lcom/android/dx/rop/code/LocalItem;)Z @ 42
Event: 1.643 Thread 0x00007fe780204800 Uncommon trap: reason=unstable_if action=reinterpret pc=0x00007fe7714478b0 method=java.util.HashMap.putVal(ILjava/lang/Object;Ljava/lang/Object;ZZ)Ljava/lang/Object; @ 94
Event: 1.678 Thread 0x00007fe780201000 Uncommon trap: reason=unstable_if action=reinterpret pc=0x00007fe7714071fc method=com.android.dx.ssa.SsaMethod.updateOneDefinition(Lcom/android/dx/ssa/SsaInsn;Lcom/android/dx/rop/code/RegisterSpec;)V @ 4
Event: 2.036 Thread 0x00007fe780204800 Uncommon trap: reason=unstable_if action=reinterpret pc=0x00007fe771525b04 method=com.android.dx.ssa.SCCP.simulateStmt(Lcom/android/dx/ssa/SsaInsn;)V @ 53
Event: 2.133 Thread 0x00007fe780201000 Uncommon trap: reason=unstable_if action=reinterpret pc=0x00007fe771357650 method=java.util.HashMap.putVal(ILjava/lang/Object;Ljava/lang/Object;ZZ)Ljava/lang/Object; @ 162
Event: 2.264 Thread 0x00007fe780201000 Uncommon trap: reason=unstable_if action=reinterpret pc=0x00007fe7716244b0 method=com.android.dx.cf.code.BytecodeArray.parseInstruction(ILcom/android/dx/cf/code/BytecodeArray$Visitor;)I @ 1261
Event: 2.461 Thread 0x00007fe78000a000 Uncommon trap: reason=unstable_if action=reinterpret pc=0x00007fe7713f82d8 method=com.android.dx.dex.code.OutputFinisher.hasLocalInfo(Lcom/android/dx/dex/code/DalvInsn;)Z @ 24

Internal exceptions (6 events):
Event: 0.057 Thread 0x00007fe78000a000 Exception <a 'java/lang/NoSuchMethodError': Method sun.misc.Unsafe.defineClass(Ljava/lang/String;[BII)Ljava/lang/Class; name or signature does not match> (0x000000076ab07cc0) thrown at [/HUDSON/workspace/8-2-build-linux-amd64/jdk8u91/6644/hotspot/src/shar
Event: 0.057 Thread 0x00007fe78000a000 Exception <a 'java/lang/NoSuchMethodError': Method sun.misc.Unsafe.prefetchRead(Ljava/lang/Object;J)V name or signature does not match> (0x000000076ab07fa8) thrown at [/HUDSON/workspace/8-2-build-linux-amd64/jdk8u91/6644/hotspot/src/share/vm/prims/jni.cpp
Event: 1.217 Thread 0x00007fe780208000 Implicit null exception at 0x00007fe771329335 to 0x00007fe77132c205
Event: 2.124 Thread 0x00007fe78000a000 Exception <a 'java/lang/ArrayIndexOutOfBoundsException': 18> (0x000000076e1957e0) thrown at [/HUDSON/workspace/8-2-build-linux-amd64/jdk8u91/6644/hotspot/src/share/vm/interpreter/interpreterRuntime.cpp, line 366]
Event: 2.143 Thread 0x00007fe780201000 Exception <a 'java/lang/ArrayIndexOutOfBoundsException': 145> (0x000000076ea956e0) thrown at [/HUDSON/workspace/8-2-build-linux-amd64/jdk8u91/6644/hotspot/src/share/vm/interpreter/interpreterRuntime.cpp, line 366]
Event: 2.145 Thread 0x00007fe780201000 Exception <a 'java/lang/ArrayIndexOutOfBoundsException': 40> (0x000000076ea969c8) thrown at [/HUDSON/workspace/8-2-build-linux-amd64/jdk8u91/6644/hotspot/src/share/vm/interpreter/interpreterRuntime.cpp, line 366]

Events (10 events):
Event: 2.460 Thread 0x00007fe78000a000 DEOPT PACKING pc=0x00007fe7715302fc sp=0x00007fe789887940
Event: 2.460 Thread 0x00007fe78000a000 DEOPT UNPACKING pc=0x00007fe771047633 sp=0x00007fe7898876e8 mode 0
Event: 2.461 Thread 0x00007fe78000a000 Uncommon trap: trap_request=0xffffff65 fr.pc=0x00007fe7713f82d8
Event: 2.461 Thread 0x00007fe78000a000 DEOPT PACKING pc=0x00007fe7713f82d8 sp=0x00007fe7898878e0
Event: 2.461 Thread 0x00007fe78000a000 DEOPT UNPACKING pc=0x00007fe771005229 sp=0x00007fe789887818 mode 2
Event: 2.467 Thread 0x00007fe780201000 DEOPT PACKING pc=0x00007fe7714af91c sp=0x00007fe76b113de0
Event: 2.467 Thread 0x00007fe780201000 DEOPT UNPACKING pc=0x00007fe771047633 sp=0x00007fe76b113b68 mode 0
Event: 2.493 Thread 0x00007fe780206000 DEOPT PACKING pc=0x00007fe7713b9f34 sp=0x00007fe76ae11160
Event: 2.493 Thread 0x00007fe780206000 DEOPT UNPACKING pc=0x00007fe771047633 sp=0x00007fe76ae10e60 mode 0
Event: 2.514 Executing VM operation: ParallelGCFailedAllocation


Dynamic libraries:
00400000-00401000 r-xp 00000000 08:01 1454135                            /usr/lib/jvm/java-8-oracle/bin/java
00600000-00601000 rw-p 00000000 08:01 1454135                            /usr/lib/jvm/java-8-oracle/bin/java
0075a000-0077b000 rw-p 00000000 00:00 0                                  [heap]
6c0000000-6c5300000 rw-p 00000000 00:00 0 
6c5300000-76ab00000 ---p 00000000 00:00 0 
76ab00000-773100000 rw-p 00000000 00:00 0 
77db00000-7c0000000 ---p 00000000 00:00 0 
7c0000000-7c00c0000 rw-p 00000000 00:00 0 
7c00c0000-800000000 ---p 00000000 00:00 0 
7fe714000000-7fe714025000 rw-p 00000000 00:00 0 
7fe714025000-7fe718000000 ---p 00000000 00:00 0 
7fe71c000000-7fe71c021000 rw-p 00000000 00:00 0 
7fe71c021000-7fe720000000 ---p 00000000 00:00 0 
7fe720000000-7fe720021000 rw-p 00000000 00:00 0 
7fe720021000-7fe724000000 ---p 00000000 00:00 0 
7fe724000000-7fe724024000 rw-p 00000000 00:00 0 
7fe724024000-7fe728000000 ---p 00000000 00:00 0 
7fe728000000-7fe728021000 rw-p 00000000 00:00 0 
7fe728021000-7fe72c000000 ---p 00000000 00:00 0 
7fe72c000000-7fe72c021000 rw-p 00000000 00:00 0 
7fe72c021000-7fe730000000 ---p 00000000 00:00 0 
7fe730000000-7fe730021000 rw-p 00000000 00:00 0 
7fe730021000-7fe734000000 ---p 00000000 00:00 0 
7fe734000000-7fe734abf000 rw-p 00000000 00:00 0 
7fe734abf000-7fe738000000 ---p 00000000 00:00 0 
7fe738000000-7fe738775000 rw-p 00000000 00:00 0 
7fe738775000-7fe73c000000 ---p 00000000 00:00 0 
7fe73c000000-7fe73c021000 rw-p 00000000 00:00 0 
7fe73c021000-7fe740000000 ---p 00000000 00:00 0 
7fe740000000-7fe740844000 rw-p 00000000 00:00 0 
7fe740844000-7fe744000000 ---p 00000000 00:00 0 
7fe744000000-7fe744021000 rw-p 00000000 00:00 0 
7fe744021000-7fe748000000 ---p 00000000 00:00 0 
7fe748000000-7fe748021000 rw-p 00000000 00:00 0 
7fe748021000-7fe74c000000 ---p 00000000 00:00 0 
7fe74c000000-7fe754000000 rw-p 00000000 00:00 0 
7fe754000000-7fe754021000 rw-p 00000000 00:00 0 
7fe754021000-7fe758000000 ---p 00000000 00:00 0 
7fe758000000-7fe75828c000 rw-p 00000000 00:00 0 
7fe75828c000-7fe75c000000 ---p 00000000 00:00 0 
7fe75c000000-7fe75c021000 rw-p 00000000 00:00 0 
7fe75c021000-7fe760000000 ---p 00000000 00:00 0 
7fe764000000-7fe764021000 rw-p 00000000 00:00 0 
7fe764021000-7fe768000000 ---p 00000000 00:00 0 
7fe76ac11000-7fe76ac14000 ---p 00000000 00:00 0 
7fe76ac14000-7fe76ad12000 rw-p 00000000 00:00 0 
7fe76ad12000-7fe76ad15000 ---p 00000000 00:00 0 
7fe76ad15000-7fe76ae13000 rw-p 00000000 00:00 0 
7fe76ae13000-7fe76ae16000 ---p 00000000 00:00 0 
7fe76ae16000-7fe76af14000 rw-p 00000000 00:00 0 
7fe76af14000-7fe76af17000 ---p 00000000 00:00 0 
7fe76af17000-7fe76b015000 rw-p 00000000 00:00 0 
7fe76b015000-7fe76b018000 ---p 00000000 00:00 0 
7fe76b018000-7fe76b116000 rw-p 00000000 00:00 0 
7fe76b116000-7fe76b117000 ---p 00000000 00:00 0 
7fe76b117000-7fe76b217000 rw-p 00000000 00:00 0 
7fe76b217000-7fe76b21a000 ---p 00000000 00:00 0 
7fe76b21a000-7fe76b318000 rw-p 00000000 00:00 0 
7fe76b318000-7fe76b31b000 ---p 00000000 00:00 0 
7fe76b31b000-7fe76b419000 rw-p 00000000 00:00 0 
7fe76b419000-7fe76b41c000 ---p 00000000 00:00 0 
7fe76b41c000-7fe76b51a000 rw-p 00000000 00:00 0 
7fe76b51a000-7fe76b51d000 ---p 00000000 00:00 0 
7fe76b51d000-7fe76b61b000 rw-p 00000000 00:00 0 
7fe76b61b000-7fe76b61e000 ---p 00000000 00:00 0 
7fe76b61e000-7fe76b71c000 rw-p 00000000 00:00 0 
7fe76b71c000-7fe76bdfe000 r--p 00000000 08:01 1448881                    /usr/lib/locale/locale-archive
7fe76bdfe000-7fe76be01000 ---p 00000000 00:00 0 
7fe76be01000-7fe76beff000 rw-p 00000000 00:00 0 
7fe76beff000-7fe76bf02000 ---p 00000000 00:00 0 
7fe76bf02000-7fe76c000000 rw-p 00000000 00:00 0 
7fe76c000000-7fe76c021000 rw-p 00000000 00:00 0 
7fe76c021000-7fe770000000 ---p 00000000 00:00 0 
7fe770058000-7fe77008e000 r--s 002b8000 08:05 4855677                    /home/onmymobile/AndroidStudioProjects/Heritage/SmsCapture (2)/app/build/intermediates/transforms/jarMerging/release/jars/1/1f/combined.jar
7fe77008e000-7fe77008f000 ---p 00000000 00:00 0 
7fe77008f000-7fe771000000 rw-p 00000000 00:00 0 
7fe771000000-7fe7716a0000 rwxp 00000000 00:00 0 
7fe7716a0000-7fe780000000 ---p 00000000 00:00 0 
7fe780000000-7fe7803bb000 rw-p 00000000 00:00 0 
7fe7803bb000-7fe784000000 ---p 00000000 00:00 0 
7fe784010000-7fe7841a2000 rw-p 00000000 00:00 0 
7fe7841a2000-7fe78437b000 r--s 03d1f000 08:01 1452558                    /usr/lib/jvm/java-8-oracle/jre/lib/rt.jar
7fe78437b000-7fe784a71000 rw-p 00000000 00:00 0 
7fe784a71000-7fe784bf1000 ---p 00000000 00:00 0 
7fe784bf1000-7fe7853f1000 rw-p 00000000 00:00 0 
7fe7853f1000-7fe7853f2000 ---p 00000000 00:00 0 
7fe7853f2000-7fe7854f2000 rw-p 00000000 00:00 0 
7fe7854f2000-7fe7854f3000 ---p 00000000 00:00 0 
7fe7854f3000-7fe7855f3000 rw-p 00000000 00:00 0 
7fe7855f3000-7fe7855f4000 ---p 00000000 00:00 0 
7fe7855f4000-7fe7856f4000 rw-p 00000000 00:00 0 
7fe7856f4000-7fe7856f5000 ---p 00000000 00:00 0 
7fe7856f5000-7fe78581f000 rw-p 00000000 00:00 0 
7fe78581f000-7fe785d4b000 ---p 00000000 00:00 0 
7fe785d4b000-7fe785d75000 rw-p 00000000 00:00 0 
7fe785d75000-7fe7862a0000 ---p 00000000 00:00 0 
7fe7862a0000-7fe7862e4000 rw-p 00000000 00:00 0 
7fe7862e4000-7fe78654b000 ---p 00000000 00:00 0 
7fe78654b000-7fe786567000 rw-p 00000000 00:00 0 
7fe786567000-7fe78690c000 ---p 00000000 00:00 0 
7fe78690c000-7fe786926000 r-xp 00000000 08:01 1452613                    /usr/lib/jvm/java-8-oracle/jre/lib/amd64/libzip.so
7fe786926000-7fe786b26000 ---p 0001a000 08:01 1452613                    /usr/lib/jvm/java-8-oracle/jre/lib/amd64/libzip.so
7fe786b26000-7fe786b27000 rw-p 0001a000 08:01 1452613                    /usr/lib/jvm/java-8-oracle/jre/lib/amd64/libzip.so
7fe786b27000-7fe786b31000 r-xp 00000000 08:01 7078098                    /lib/x86_64-linux-gnu/libnss_files-2.19.so
7fe786b31000-7fe786d30000 ---p 0000a000 08:01 7078098                    /lib/x86_64-linux-gnu/libnss_files-2.19.so
7fe786d30000-7fe786d31000 r--p 00009000 08:01 7078098                    /lib/x86_64-linux-gnu/libnss_files-2.19.so
7fe786d31000-7fe786d32000 rw-p 0000a000 08:01 7078098                    /lib/x86_64-linux-gnu/libnss_files-2.19.so
7fe786d32000-7fe786d3d000 r-xp 00000000 08:01 7078090                    /lib/x86_64-linux-gnu/libnss_nis-2.19.so
7fe786d3d000-7fe786f3c000 ---p 0000b000 08:01 7078090                    /lib/x86_64-linux-gnu/libnss_nis-2.19.so
7fe786f3c000-7fe786f3d000 r--p 0000a000 08:01 7078090                    /lib/x86_64-linux-gnu/libnss_nis-2.19.so
7fe786f3d000-7fe786f3e000 rw-p 0000b000 08:01 7078090                    /lib/x86_64-linux-gnu/libnss_nis-2.19.so
7fe786f3e000-7fe786f55000 r-xp 00000000 08:01 7078086                    /lib/x86_64-linux-gnu/libnsl-2.19.so
7fe786f55000-7fe787154000 ---p 00017000 08:01 7078086                    /lib/x86_64-linux-gnu/libnsl-2.19.so
7fe787154000-7fe787155000 r--p 00016000 08:01 7078086                    /lib/x86_64-linux-gnu/libnsl-2.19.so
7fe787155000-7fe787156000 rw-p 00017000 08:01 7078086                    /lib/x86_64-linux-gnu/libnsl-2.19.so
7fe787156000-7fe787158000 rw-p 00000000 00:00 0 
7fe787158000-7fe787161000 r-xp 00000000 08:01 7078085                    /lib/x86_64-linux-gnu/libnss_compat-2.19.so
7fe787161000-7fe787360000 ---p 00009000 08:01 7078085                    /lib/x86_64-linux-gnu/libnss_compat-2.19.so
7fe787360000-7fe787361000 r--p 00008000 08:01 7078085                    /lib/x86_64-linux-gnu/libnss_compat-2.19.so
7fe787361000-7fe787362000 rw-p 00009000 08:01 7078085                    /lib/x86_64-linux-gnu/libnss_compat-2.19.so
7fe787362000-7fe78738c000 r-xp 00000000 08:01 1452593                    /usr/lib/jvm/java-8-oracle/jre/lib/amd64/libjava.so
7fe78738c000-7fe78758c000 ---p 0002a000 08:01 1452593                    /usr/lib/jvm/java-8-oracle/jre/lib/amd64/libjava.so
7fe78758c000-7fe78758e000 rw-p 0002a000 08:01 1452593                    /usr/lib/jvm/java-8-oracle/jre/lib/amd64/libjava.so
7fe78758e000-7fe78759b000 r-xp 00000000 08:01 1452610                    /usr/lib/jvm/java-8-oracle/jre/lib/amd64/libverify.so
7fe78759b000-7fe78779b000 ---p 0000d000 08:01 1452610                    /usr/lib/jvm/java-8-oracle/jre/lib/amd64/libverify.so
7fe78779b000-7fe78779d000 rw-p 0000d000 08:01 1452610                    /usr/lib/jvm/java-8-oracle/jre/lib/amd64/libverify.so
7fe78779d000-7fe7877a4000 r-xp 00000000 08:01 7078094                    /lib/x86_64-linux-gnu/librt-2.19.so
7fe7877a4000-7fe7879a3000 ---p 00007000 08:01 7078094                    /lib/x86_64-linux-gnu/librt-2.19.so
7fe7879a3000-7fe7879a4000 r--p 00006000 08:01 7078094                    /lib/x86_64-linux-gnu/librt-2.19.so
7fe7879a4000-7fe7879a5000 rw-p 00007000 08:01 7078094                    /lib/x86_64-linux-gnu/librt-2.19.so
7fe7879a5000-7fe787aaa000 r-xp 00000000 08:01 7078080                    /lib/x86_64-linux-gnu/libm-2.19.so
7fe787aaa000-7fe787ca9000 ---p 00105000 08:01 7078080                    /lib/x86_64-linux-gnu/libm-2.19.so
7fe787ca9000-7fe787caa000 r--p 00104000 08:01 7078080                    /lib/x86_64-linux-gnu/libm-2.19.so
7fe787caa000-7fe787cab000 rw-p 00105000 08:01 7078080                    /lib/x86_64-linux-gnu/libm-2.19.so
7fe787cab000-7fe78896b000 r-xp 00000000 08:01 1452601                    /usr/lib/jvm/java-8-oracle/jre/lib/amd64/server/libjvm.so
7fe78896b000-7fe788b6b000 ---p 00cc0000 08:01 1452601                    /usr/lib/jvm/java-8-oracle/jre/lib/amd64/server/libjvm.so
7fe788b6b000-7fe788c43000 rw-p 00cc0000 08:01 1452601                    /usr/lib/jvm/java-8-oracle/jre/lib/amd64/server/libjvm.so
7fe788c43000-7fe788c8e000 rw-p 00000000 00:00 0 
7fe788c8e000-7fe788e48000 r-xp 00000000 08:01 7078095                    /lib/x86_64-linux-gnu/libc-2.19.so
7fe788e48000-7fe789048000 ---p 001ba000 08:01 7078095                    /lib/x86_64-linux-gnu/libc-2.19.so
7fe789048000-7fe78904c000 r--p 001ba000 08:01 7078095                    /lib/x86_64-linux-gnu/libc-2.19.so
7fe78904c000-7fe78904e000 rw-p 001be000 08:01 7078095                    /lib/x86_64-linux-gnu/libc-2.19.so
7fe78904e000-7fe789053000 rw-p 00000000 00:00 0 
7fe789053000-7fe789056000 r-xp 00000000 08:01 7078082                    /lib/x86_64-linux-gnu/libdl-2.19.so
7fe789056000-7fe789255000 ---p 00003000 08:01 7078082                    /lib/x86_64-linux-gnu/libdl-2.19.so
7fe789255000-7fe789256000 r--p 00002000 08:01 7078082                    /lib/x86_64-linux-gnu/libdl-2.19.so
7fe789256000-7fe789257000 rw-p 00003000 08:01 7078082                    /lib/x86_64-linux-gnu/libdl-2.19.so
7fe789257000-7fe78926c000 r-xp 00000000 08:01 1454079                    /usr/lib/jvm/java-8-oracle/lib/amd64/jli/libjli.so
7fe78926c000-7fe78946c000 ---p 00015000 08:01 1454079                    /usr/lib/jvm/java-8-oracle/lib/amd64/jli/libjli.so
7fe78946c000-7fe78946d000 rw-p 00015000 08:01 1454079                    /usr/lib/jvm/java-8-oracle/lib/amd64/jli/libjli.so
7fe78946d000-7fe789486000 r-xp 00000000 08:01 7078087                    /lib/x86_64-linux-gnu/libpthread-2.19.so
7fe789486000-7fe789685000 ---p 00019000 08:01 7078087                    /lib/x86_64-linux-gnu/libpthread-2.19.so
7fe789685000-7fe789686000 r--p 00018000 08:01 7078087                    /lib/x86_64-linux-gnu/libpthread-2.19.so
7fe789686000-7fe789687000 rw-p 00019000 08:01 7078087                    /lib/x86_64-linux-gnu/libpthread-2.19.so
7fe789687000-7fe78968b000 rw-p 00000000 00:00 0 
7fe78968b000-7fe7896ae000 r-xp 00000000 08:01 7078088                    /lib/x86_64-linux-gnu/ld-2.19.so
7fe7896b6000-7fe789789000 rw-p 00000000 00:00 0 
7fe789789000-7fe78978c000 ---p 00000000 00:00 0 
7fe78978c000-7fe78988e000 rw-p 00000000 00:00 0 
7fe789891000-7fe789892000 rw-p 00000000 00:00 0 
7fe789892000-7fe7898a1000 r--s 000df000 08:05 264644                     /home/onmymobile/Android/Sdk/build-tools/23.0.3/lib/dx.jar
7fe7898a1000-7fe7898a9000 rw-s 00000000 08:01 524420                     /tmp/hsperfdata_onmymobile/15730
7fe7898a9000-7fe7898aa000 rw-p 00000000 00:00 0 
7fe7898aa000-7fe7898ab000 ---p 00000000 00:00 0 
7fe7898ab000-7fe7898ad000 rw-p 00000000 00:00 0 
7fe7898ad000-7fe7898ae000 r--p 00022000 08:01 7078088                    /lib/x86_64-linux-gnu/ld-2.19.so
7fe7898ae000-7fe7898af000 rw-p 00023000 08:01 7078088                    /lib/x86_64-linux-gnu/ld-2.19.so
7fe7898af000-7fe7898b0000 rw-p 00000000 00:00 0 
7ffcbad0a000-7ffcbad2b000 rw-p 00000000 00:00 0                          [stack]
7ffcbada1000-7ffcbada3000 r--p 00000000 00:00 0                          [vvar]
7ffcbada3000-7ffcbada5000 r-xp 00000000 00:00 0                          [vdso]
ffffffffff600000-ffffffffff601000 r-xp 00000000 00:00 0                  [vsyscall]

VM Arguments:
jvm_args: -Djava.awt.headless=true -Xmx4g -Dfile.encoding=UTF-8 -Duser.country=IN -Duser.language=en -Duser.variant 
java_command: com.android.dx.command.Main --dex --num-threads=4 --multi-dex --main-dex-list /home/onmymobile/AndroidStudioProjects/Heritage/SmsCapture (2)/app/build/intermediates/multi-dex/release/maindexlist.txt --output /home/onmymobile/AndroidStudioProjects/Heritage/SmsCapture (2)/app/build/intermediates/transforms/dex/release/folders/1000/1f/main /home/onmymobile/AndroidStudioProjects/Heritage/SmsCapture (2)/app/build/intermediates/transforms/jarMerging/release/jars/1/1f/combined.jar
java_class_path (initial): /home/onmymobile/Android/Sdk/build-tools/23.0.3/lib/dx.jar
Launcher Type: SUN_STANDARD

Environment Variables:
JAVA_HOME=/usr/lib/jvm/java-8-oracle
PATH=/home/onmymobile/bin:/usr/local/sbin:/usr/local/bin:/usr/sbin:/usr/bin:/sbin:/bin:/usr/games:/usr/local/games:/usr/lib/jvm/java-8-oracle/bin:/usr/lib/jvm/java-8-oracle/db/bin:/usr/lib/jvm/java-8-oracle/jre/bin
SHELL=/bin/bash
DISPLAY=:0

Signal Handlers:
SIGSEGV: [libjvm.so+0xabca10], sa_mask[0]=11111111011111111101111111111110, sa_flags=SA_RESTART|SA_SIGINFO
SIGBUS: [libjvm.so+0xabca10], sa_mask[0]=11111111011111111101111111111110, sa_flags=SA_RESTART|SA_SIGINFO
SIGFPE: [libjvm.so+0x919a20], sa_mask[0]=11111111011111111101111111111110, sa_flags=SA_RESTART|SA_SIGINFO
SIGPIPE: [libjvm.so+0x919a20], sa_mask[0]=11111111011111111101111111111110, sa_flags=SA_RESTART|SA_SIGINFO
SIGXFSZ: [libjvm.so+0x919a20], sa_mask[0]=11111111011111111101111111111110, sa_flags=SA_RESTART|SA_SIGINFO
SIGILL: [libjvm.so+0x919a20], sa_mask[0]=11111111011111111101111111111110, sa_flags=SA_RESTART|SA_SIGINFO
SIGUSR1: SIG_DFL, sa_mask[0]=00000000000000000000000000000000, sa_flags=none
SIGUSR2: [libjvm.so+0x91b050], sa_mask[0]=00100000000000000000000000000000, sa_flags=SA_RESTART|SA_SIGINFO
SIGHUP: [libjvm.so+0x91c450], sa_mask[0]=11111111011111111101111111111110, sa_flags=SA_RESTART|SA_SIGINFO
SIGINT: [libjvm.so+0x91c450], sa_mask[0]=11111111011111111101111111111110, sa_flags=SA_RESTART|SA_SIGINFO
SIGTERM: [libjvm.so+0x91c450], sa_mask[0]=11111111011111111101111111111110, sa_flags=SA_RESTART|SA_SIGINFO
SIGQUIT: [libjvm.so+0x91c450], sa_mask[0]=11111111011111111101111111111110, sa_flags=SA_RESTART|SA_SIGINFO


---------------  S Y S T E M  ---------------

OS:DISTRIB_ID=Ubuntu
DISTRIB_RELEASE=14.04
DISTRIB_CODENAME=trusty
DISTRIB_DESCRIPTION="Ubuntu 14.04.4 LTS"

uname:Linux 4.2.0-42-generic #49~14.04.1-Ubuntu SMP Wed Jun 29 20:22:11 UTC 2016 x86_64
libc:glibc 2.19 NPTL 2.19 
rlimit: STACK 8192k, CORE 0k, NPROC 31336, NOFILE 4096, AS infinity
load average:5.56 1.82 1.53

/proc/meminfo:
MemTotal:        8044164 kB
MemFree:          122588 kB
MemAvailable:      65680 kB
Buffers:             232 kB
Cached:          1054172 kB
SwapCached:            0 kB
Active:          6807292 kB
Inactive:         889020 kB
Active(anon):    6804536 kB
Inactive(anon):   880820 kB
Active(file):       2756 kB
Inactive(file):     8200 kB
Unevictable:         156 kB
Mlocked:             156 kB
SwapTotal:             0 kB
SwapFree:              0 kB
Dirty:               176 kB
Writeback:             0 kB
AnonPages:       6642156 kB
Mapped:           459484 kB
Shmem:           1043356 kB
Slab:              88580 kB
SReclaimable:      44160 kB
SUnreclaim:        44420 kB
KernelStack:       12752 kB
PageTables:        67304 kB
NFS_Unstable:          0 kB
Bounce:                0 kB
WritebackTmp:          0 kB
CommitLimit:     4022080 kB
Committed_AS:   14142604 kB
VmallocTotal:   34359738367 kB
VmallocUsed:      358908 kB
VmallocChunk:   34358947836 kB
HardwareCorrupted:     0 kB
AnonHugePages:   3915776 kB
CmaTotal:              0 kB
CmaFree:               0 kB
HugePages_Total:       0
HugePages_Free:        0
HugePages_Rsvd:        0
HugePages_Surp:        0
Hugepagesize:       2048 kB
DirectMap4k:      192032 kB
DirectMap2M:     8065024 kB


CPU:total 4 (2 cores per cpu, 2 threads per core) family 6 model 58 stepping 9, cmov, cx8, fxsr, mmx, sse, sse2, sse3, ssse3, sse4.1, sse4.2, popcnt, avx, aes, clmul, erms, ht, tsc, tscinvbit, tscinv

/proc/cpuinfo:
processor	: 0
vendor_id	: GenuineIntel
cpu family	: 6
model		: 58
model name	: Intel(R) Core(TM) i5-3340M CPU @ 2.70GHz
stepping	: 9
microcode	: 0x15
cpu MHz		: 3199.921
cache size	: 3072 KB
physical id	: 0
siblings	: 4
core id		: 0
cpu cores	: 2
apicid		: 0
initial apicid	: 0
fpu		: yes
fpu_exception	: yes
cpuid level	: 13
wp		: yes
flags		: fpu vme de pse tsc msr pae mce cx8 apic sep mtrr pge mca cmov pat pse36 clflush dts acpi mmx fxsr sse sse2 ss ht tm pbe syscall nx rdtscp lm constant_tsc arch_perfmon pebs bts rep_good nopl xtopology nonstop_tsc aperfmperf eagerfpu pni pclmulqdq dtes64 monitor ds_cpl vmx smx est tm2 ssse3 cx16 xtpr pdcm pcid sse4_1 sse4_2 x2apic popcnt tsc_deadline_timer aes xsave avx f16c rdrand lahf_lm ida arat epb pln pts dtherm tpr_shadow vnmi flexpriority ept vpid fsgsbase smep erms xsaveopt
bugs		:
bogomips	: 5382.55
clflush size	: 64
cache_alignment	: 64
address sizes	: 36 bits physical, 48 bits virtual
power management:

processor	: 1
vendor_id	: GenuineIntel
cpu family	: 6
model		: 58
model name	: Intel(R) Core(TM) i5-3340M CPU @ 2.70GHz
stepping	: 9
microcode	: 0x15
cpu MHz		: 3199.921
cache size	: 3072 KB
physical id	: 0
siblings	: 4
core id		: 1
cpu cores	: 2
apicid		: 2
initial apicid	: 2
fpu		: yes
fpu_exception	: yes
cpuid level	: 13
wp		: yes
flags		: fpu vme de pse tsc msr pae mce cx8 apic sep mtrr pge mca cmov pat pse36 clflush dts acpi mmx fxsr sse sse2 ss ht tm pbe syscall nx rdtscp lm constant_tsc arch_perfmon pebs bts rep_good nopl xtopology nonstop_tsc aperfmperf eagerfpu pni pclmulqdq dtes64 monitor ds_cpl vmx smx est tm2 ssse3 cx16 xtpr pdcm pcid sse4_1 sse4_2 x2apic popcnt tsc_deadline_timer aes xsave avx f16c rdrand lahf_lm ida arat epb pln pts dtherm tpr_shadow vnmi flexpriority ept vpid fsgsbase smep erms xsaveopt
bugs		:
bogomips	: 5382.55
clflush size	: 64
cache_alignment	: 64
address sizes	: 36 bits physical, 48 bits virtual
power management:

processor	: 2
vendor_id	: GenuineIntel
cpu family	: 6
model		: 58
model name	: Intel(R) Core(TM) i5-3340M CPU @ 2.70GHz
stepping	: 9
microcode	: 0x15
cpu MHz		: 3199.921
cache size	: 3072 KB
physical id	: 0
siblings	: 4
core id		: 0
cpu cores	: 2
apicid		: 1
initial apicid	: 1
fpu		: yes
fpu_exception	: yes
cpuid level	: 13
wp		: yes
flags		: fpu vme de pse tsc msr pae mce cx8 apic sep mtrr pge mca cmov pat pse36 clflush dts acpi mmx fxsr sse sse2 ss ht tm pbe syscall nx rdtscp lm constant_tsc arch_perfmon pebs bts rep_good nopl xtopology nonstop_tsc aperfmperf eagerfpu pni pclmulqdq dtes64 monitor ds_cpl vmx smx est tm2 ssse3 cx16 xtpr pdcm pcid sse4_1 sse4_2 x2apic popcnt tsc_deadline_timer aes xsave avx f16c rdrand lahf_lm ida arat epb pln pts dtherm tpr_shadow vnmi flexpriority ept vpid fsgsbase smep erms xsaveopt
bugs		:
bogomips	: 5382.55
clflush size	: 64
cache_alignment	: 64
address sizes	: 36 bits physical, 48 bits virtual
power management:

processor	: 3
vendor_id	: GenuineIntel
cpu family	: 6
model		: 58
model name	: Intel(R) Core(TM) i5-3340M CPU @ 2.70GHz
stepping	: 9
microcode	: 0x15
cpu MHz		: 3200.027
cache size	: 3072 KB
physical id	: 0
siblings	: 4
core id		: 1
cpu cores	: 2
apicid		: 3
initial apicid	: 3
fpu		: yes
fpu_exception	: yes
cpuid level	: 13
wp		: yes
flags		: fpu vme de pse tsc msr pae mce cx8 apic sep mtrr pge mca cmov pat pse36 clflush dts acpi mmx fxsr sse sse2 ss ht tm pbe syscall nx rdtscp lm constant_tsc arch_perfmon pebs bts rep_good nopl xtopology nonstop_tsc aperfmperf eagerfpu pni pclmulqdq dtes64 monitor ds_cpl vmx smx est tm2 ssse3 cx16 xtpr pdcm pcid sse4_1 sse4_2 x2apic popcnt tsc_deadline_timer aes xsave avx f16c rdrand lahf_lm ida arat epb pln pts dtherm tpr_shadow vnmi flexpriority ept vpid fsgsbase smep erms xsaveopt
bugs		:
bogomips	: 5382.55
clflush size	: 64
cache_alignment	: 64
address sizes	: 36 bits physical, 48 bits virtual
power management:



Memory: 4k page, physical 8044164k(117688k free), swap 0k(0k free)

vm_info: Java HotSpot(TM) 64-Bit Server VM (25.91-b14) for linux-amd64 JRE (1.8.0_91-b14), built on Apr  1 2016 00:57:21 by "java_re" with gcc 4.3.0 20080428 (Red Hat 4.3.0-8)

time: Thu Jul 21 16:08:38 2016
elapsed time: 10 seconds (0d 0h 0m 10s)

