#
# There is insufficient memory for the Java Runtime Environment to continue.
# Native memory allocation (mmap) failed to map 75497472 bytes for committing reserved memory.
# Possible reasons:
#   The system is out of physical RAM or swap space
#   In 32 bit mode, the process size limit was hit
# Possible solutions:
#   Reduce memory load on the system
#   Increase physical memory or swap space
#   Check if swap backing store is full
#   Use 64 bit Java on a 64 bit OS
#   Decrease Java heap size (-Xmx/-Xms)
#   Decrease number of Java threads
#   Decrease Java thread stack sizes (-Xss)
#   Set larger code cache with -XX:ReservedCodeCacheSize=
# This output file may be truncated or incomplete.
#
#  Out of Memory Error (os_linux.cpp:2627), pid=8379, tid=0x00007f05ccc5f700
#
# JRE version: Java(TM) SE Runtime Environment (8.0_101-b13) (build 1.8.0_101-b13)
# Java VM: Java HotSpot(TM) 64-Bit Server VM (25.101-b13 mixed mode linux-amd64 compressed oops)
# Failed to write core dump. Core dumps have been disabled. To enable core dumping, try "ulimit -c unlimited" before starting Java again
#

---------------  T H R E A D  ---------------

Current thread (0x00007f05e0078000):  VMThread [stack: 0x00007f05ccb5f000,0x00007f05ccc60000] [id=8389]

Stack: [0x00007f05ccb5f000,0x00007f05ccc60000],  sp=0x00007f05ccc5df60,  free space=1019k
Native frames: (J=compiled Java code, j=interpreted, Vv=VM code, C=native code)
V  [libjvm.so+0xac3f0a]  VMError::report_and_die()+0x2ba
V  [libjvm.so+0x4fbf9b]  report_vm_out_of_memory(char const*, int, unsigned long, VMErrorType, char const*)+0x8b
V  [libjvm.so+0x9222d3]  os::Linux::commit_memory_impl(char*, unsigned long, bool)+0x103
V  [libjvm.so+0x922829]  os::pd_commit_memory(char*, unsigned long, unsigned long, bool)+0x29
V  [libjvm.so+0x91cb2a]  os::commit_memory(char*, unsigned long, unsigned long, bool)+0x2a
V  [libjvm.so+0x991053]  PSVirtualSpace::expand_by(unsigned long)+0x53
V  [libjvm.so+0x992458]  PSYoungGen::resize_generation(unsigned long, unsigned long)+0xf8
V  [libjvm.so+0x9915b2]  PSYoungGen::resize(unsigned long, unsigned long)+0x22
V  [libjvm.so+0x98e88b]  PSScavenge::invoke_no_policy()+0xf3b
V  [libjvm.so+0x98f011]  PSScavenge::invoke()+0x41
V  [libjvm.so+0x945fc0]  ParallelScavengeHeap::failed_mem_allocate(unsigned long)+0x70
V  [libjvm.so+0xac5927]  VM_ParallelGCFailedAllocation::doit()+0x97
V  [libjvm.so+0xacd405]  VM_Operation::evaluate()+0x55
V  [libjvm.so+0xacb7da]  VMThread::evaluate_operation(VM_Operation*)+0xba
V  [libjvm.so+0xacbb5e]  VMThread::loop()+0x1ce
V  [libjvm.so+0xacbfd0]  VMThread::run()+0x70
V  [libjvm.so+0x924698]  java_start(Thread*)+0x108

VM_Operation (0x00007f05c7a630d0): ParallelGCFailedAllocation, mode: safepoint, requested by thread 0x00007f05e01b2800


---------------  P R O C E S S  ---------------

Java Threads: ( => current thread )
  0x00007f05e01b2800 JavaThread "pool-1-thread-1" [_thread_blocked, id=8405, stack(0x00007f05c7964000,0x00007f05c7a65000)]
  0x00007f05e00d2800 JavaThread "Service Thread" daemon [_thread_blocked, id=8396, stack(0x00007f05c7cfd000,0x00007f05c7dfe000)]
  0x00007f05e00bd000 JavaThread "C1 CompilerThread2" daemon [_thread_blocked, id=8395, stack(0x00007f05c7dfe000,0x00007f05c7eff000)]
  0x00007f05e00bb800 JavaThread "C2 CompilerThread1" daemon [_thread_blocked, id=8394, stack(0x00007f05c7eff000,0x00007f05c8000000)]
  0x00007f05e00b8800 JavaThread "C2 CompilerThread0" daemon [_thread_blocked, id=8393, stack(0x00007f05cc079000,0x00007f05cc17a000)]
  0x00007f05e00b7000 JavaThread "Signal Dispatcher" daemon [_thread_blocked, id=8392, stack(0x00007f05cc17a000,0x00007f05cc27b000)]
  0x00007f05e0084000 JavaThread "Finalizer" daemon [_thread_blocked, id=8391, stack(0x00007f05cc95d000,0x00007f05cca5e000)]
  0x00007f05e007f800 JavaThread "Reference Handler" daemon [_thread_blocked, id=8390, stack(0x00007f05cca5e000,0x00007f05ccb5f000)]
  0x00007f05e000a000 JavaThread "main" [_thread_blocked, id=8380, stack(0x00007f05e6253000,0x00007f05e6354000)]

Other Threads:
=>0x00007f05e0078000 VMThread [stack: 0x00007f05ccb5f000,0x00007f05ccc60000] [id=8389]
  0x00007f05e00dd000 WatcherThread [stack: 0x00007f05c7bfc000,0x00007f05c7cfd000] [id=8397]

VM state:at safepoint (normal execution)

VM Mutex/Monitor currently owned by a thread:  ([mutex/lock_event])
[0x00007f05e00065b0] Threads_lock - owner thread: 0x00007f05e0078000
[0x00007f05e0006ab0] Heap_lock - owner thread: 0x00007f05e01b2800

Heap:
 PSYoungGen      total 918016K, used 297967K [0x000000076ab00000, 0x00000007bb800000, 0x00000007c0000000)
  eden space 595968K, 0% used [0x000000076ab00000,0x000000076ab00000,0x000000078f100000)
  from space 322048K, 92% used [0x00000007a7d80000,0x00000007ba07bf70,0x00000007bb800000)
  to   space 303616K, 0% used [0x000000078f100000,0x000000078f100000,0x00000007a1980000)
 ParOldGen       total 763392K, used 612243K [0x00000006c0000000, 0x00000006ee980000, 0x000000076ab00000)
  object space 763392K, 80% used [0x00000006c0000000,0x00000006e55e4c98,0x00000006ee980000)
 Metaspace       used 6971K, capacity 7672K, committed 7936K, reserved 1056768K
  class space    used 636K, capacity 688K, committed 768K, reserved 1048576K

Card table byte_map: [0x00007f05cf7bd000,0x00007f05cffbe000] byte_map_base: 0x00007f05cc1bd000

Marking Bits: (ParMarkBitMap*) 0x00007f05e572f120
 Begin Bits: [0x00007f05a8000000, 0x00007f05ac000000)
 End Bits:   [0x00007f05ac000000, 0x00007f05b0000000)

Polling page: 0x00007f05e6378000

CodeCache: size=245760Kb used=13070Kb max_used=14942Kb free=232689Kb
 bounds [0x00007f05d037e000, 0x00007f05d122e000, 0x00007f05df37e000]
 total_blobs=3109 nmethods=2840 adapters=182
 compilation: enabled

Compilation events (10 events):
Event: 23.241 Thread 0x00007f05e00bd000 3476       3       com.android.dx.dex.code.OutputFinisher::reserveRegisters (119 bytes)
Event: 23.243 Thread 0x00007f05e00bd000 nmethod 3476 0x00007f05d061b190 code [0x00007f05d061b3e0, 0x00007f05d061c138]
Event: 23.249 Thread 0x00007f05e00bd000 3477       3       com.android.dx.dex.code.LocalList$MakeState::finish (151 bytes)
Event: 23.251 Thread 0x00007f05e00bd000 nmethod 3477 0x00007f05d07fb390 code [0x00007f05d07fb660, 0x00007f05d07fcb88]
Event: 23.266 Thread 0x00007f05e00bd000 3478       2       com.android.dx.dex.code.form.Form22t::compatibleRegs (48 bytes)
Event: 23.267 Thread 0x00007f05e00bd000 nmethod 3478 0x00007f05d06c83d0 code [0x00007f05d06c85a0, 0x00007f05d06c8928]
Event: 23.268 Thread 0x00007f05e00bd000 3479       1       com.android.dx.dex.code.form.Form31t::codeSize (2 bytes)
Event: 23.268 Thread 0x00007f05e00bd000 nmethod 3479 0x00007f05d07b7fd0 code [0x00007f05d07b8120, 0x00007f05d07b8230]
Event: 23.268 Thread 0x00007f05e00bd000 3480       1       com.android.dx.dex.code.form.Form31t::branchFits (2 bytes)
Event: 23.268 Thread 0x00007f05e00bd000 nmethod 3480 0x00007f05d08d0710 code [0x00007f05d08d0860, 0x00007f05d08d0970]

GC Heap History (10 events):
Event: 15.157 GC heap after
Heap after GC invocations=17 (full 3):
 PSYoungGen      total 711168K, used 194041K [0x000000076ab00000, 0x00000007aea00000, 0x00000007c0000000)
  eden space 517120K, 0% used [0x000000076ab00000,0x000000076ab00000,0x000000078a400000)
  from space 194048K, 99% used [0x000000079a900000,0x00000007a667e6a0,0x00000007a6680000)
  to   space 267264K, 0% used [0x000000078a400000,0x000000078a400000,0x000000079a900000)
 ParOldGen       total 503808K, used 426232K [0x00000006c0000000, 0x00000006dec00000, 0x000000076ab00000)
  object space 503808K, 84% used [0x00000006c0000000,0x00000006da03e0d8,0x00000006dec00000)
 Metaspace       used 6612K, capacity 7320K, committed 7680K, reserved 1056768K
  class space    used 617K, capacity 656K, committed 768K, reserved 1048576K
}
Event: 15.157 GC heap before
{Heap before GC invocations=18 (full 4):
 PSYoungGen      total 711168K, used 194041K [0x000000076ab00000, 0x00000007aea00000, 0x00000007c0000000)
  eden space 517120K, 0% used [0x000000076ab00000,0x000000076ab00000,0x000000078a400000)
  from space 194048K, 99% used [0x000000079a900000,0x00000007a667e6a0,0x00000007a6680000)
  to   space 267264K, 0% used [0x000000078a400000,0x000000078a400000,0x000000079a900000)
 ParOldGen       total 503808K, used 426232K [0x00000006c0000000, 0x00000006dec00000, 0x000000076ab00000)
  object space 503808K, 84% used [0x00000006c0000000,0x00000006da03e0d8,0x00000006dec00000)
 Metaspace       used 6612K, capacity 7320K, committed 7680K, reserved 1056768K
  class space    used 617K, capacity 656K, committed 768K, reserved 1048576K
Event: 16.448 GC heap after
Heap after GC invocations=18 (full 4):
 PSYoungGen      total 711168K, used 107326K [0x000000076ab00000, 0x00000007aea00000, 0x00000007c0000000)
  eden space 517120K, 0% used [0x000000076ab00000,0x000000076ab00000,0x000000078a400000)
  from space 194048K, 55% used [0x000000079a900000,0x00000007a11cf9a0,0x00000007a6680000)
  to   space 267264K, 0% used [0x000000078a400000,0x000000078a400000,0x000000079a900000)
 ParOldGen       total 763392K, used 503482K [0x00000006c0000000, 0x00000006ee980000, 0x000000076ab00000)
  object space 763392K, 65% used [0x00000006c0000000,0x00000006debae908,0x00000006ee980000)
 Metaspace       used 6612K, capacity 7320K, committed 7680K, reserved 1056768K
  class space    used 617K, capacity 656K, committed 768K, reserved 1048576K
}
Event: 17.529 GC heap before
{Heap before GC invocations=19 (full 4):
 PSYoungGen      total 711168K, used 624446K [0x000000076ab00000, 0x00000007aea00000, 0x00000007c0000000)
  eden space 517120K, 100% used [0x000000076ab00000,0x000000078a400000,0x000000078a400000)
  from space 194048K, 55% used [0x000000079a900000,0x00000007a11cf9a0,0x00000007a6680000)
  to   space 267264K, 0% used [0x000000078a400000,0x000000078a400000,0x000000079a900000)
 ParOldGen       total 763392K, used 503482K [0x00000006c0000000, 0x00000006ee980000, 0x000000076ab00000)
  object space 763392K, 65% used [0x00000006c0000000,0x00000006debae908,0x00000006ee980000)
 Metaspace       used 6613K, capacity 7320K, committed 7680K, reserved 1056768K
  class space    used 617K, capacity 656K, committed 768K, reserved 1048576K
Event: 17.807 GC heap after
Heap after GC invocations=19 (full 4):
 PSYoungGen      total 784384K, used 191205K [0x000000076ab00000, 0x00000007b3180000, 0x00000007c0000000)
  eden space 517120K, 0% used [0x000000076ab00000,0x000000076ab00000,0x000000078a400000)
  from space 267264K, 71% used [0x000000078a400000,0x0000000795eb97b0,0x000000079a900000)
  to   space 286720K, 0% used [0x00000007a1980000,0x00000007a1980000,0x00000007b3180000)
 ParOldGen       total 763392K, used 612235K [0x00000006c0000000, 0x00000006ee980000, 0x000000076ab00000)
  object space 763392K, 80% used [0x00000006c0000000,0x00000006e55e2c98,0x00000006ee980000)
 Metaspace       used 6613K, capacity 7320K, committed 7680K, reserved 1056768K
  class space    used 617K, capacity 656K, committed 768K, reserved 1048576K
}
Event: 18.850 GC heap before
{Heap before GC invocations=20 (full 4):
 PSYoungGen      total 784384K, used 708325K [0x000000076ab00000, 0x00000007b3180000, 0x00000007c0000000)
  eden space 517120K, 100% used [0x000000076ab00000,0x000000078a400000,0x000000078a400000)
  from space 267264K, 71% used [0x000000078a400000,0x0000000795eb97b0,0x000000079a900000)
  to   space 286720K, 0% used [0x00000007a1980000,0x00000007a1980000,0x00000007b3180000)
 ParOldGen       total 763392K, used 612235K [0x00000006c0000000, 0x00000006ee980000, 0x000000076ab00000)
  object space 763392K, 80% used [0x00000006c0000000,0x00000006e55e2c98,0x00000006ee980000)
 Metaspace       used 6613K, capacity 7320K, committed 7680K, reserved 1056768K
  class space    used 617K, capacity 656K, committed 768K, reserved 1048576K
Event: 19.041 GC heap after
Heap after GC invocations=20 (full 4):
 PSYoungGen      total 882688K, used 196725K [0x000000076ab00000, 0x00000007b5a80000, 0x00000007c0000000)
  eden space 595968K, 0% used [0x000000076ab00000,0x000000076ab00000,0x000000078f100000)
  from space 286720K, 68% used [0x00000007a1980000,0x00000007ad99d618,0x00000007b3180000)
  to   space 303616K, 0% used [0x000000078f100000,0x000000078f100000,0x00000007a1980000)
 ParOldGen       total 763392K, used 612235K [0x00000006c0000000, 0x00000006ee980000, 0x000000076ab00000)
  object space 763392K, 80% used [0x00000006c0000000,0x00000006e55e2c98,0x00000006ee980000)
 Metaspace       used 6613K, capacity 7320K, committed 7680K, reserved 1056768K
  class space    used 617K, capacity 656K, committed 768K, reserved 1048576K
}
Event: 20.344 GC heap before
{Heap before GC invocations=21 (full 4):
 PSYoungGen      total 882688K, used 792693K [0x000000076ab00000, 0x00000007b5a80000, 0x00000007c0000000)
  eden space 595968K, 100% used [0x000000076ab00000,0x000000078f100000,0x000000078f100000)
  from space 286720K, 68% used [0x00000007a1980000,0x00000007ad99d618,0x00000007b3180000)
  to   space 303616K, 0% used [0x000000078f100000,0x000000078f100000,0x00000007a1980000)
 ParOldGen       total 763392K, used 612235K [0x00000006c0000000, 0x00000006ee980000, 0x000000076ab00000)
  object space 763392K, 80% used [0x00000006c0000000,0x00000006e55e2c98,0x00000006ee980000)
 Metaspace       used 6615K, capacity 7320K, committed 7680K, reserved 1056768K
  class space    used 617K, capacity 656K, committed 768K, reserved 1048576K
Event: 20.573 GC heap after
Heap after GC invocations=21 (full 4):
 PSYoungGen      total 899584K, used 212010K [0x000000076ab00000, 0x00000007bb800000, 0x00000007c0000000)
  eden space 595968K, 0% used [0x000000076ab00000,0x000000076ab00000,0x000000078f100000)
  from space 303616K, 69% used [0x000000078f100000,0x000000079c00aa50,0x00000007a1980000)
  to   space 322048K, 0% used [0x00000007a7d80000,0x00000007a7d80000,0x00000007bb800000)
 ParOldGen       total 763392K, used 612243K [0x00000006c0000000, 0x00000006ee980000, 0x000000076ab00000)
  object space 763392K, 80% used [0x00000006c0000000,0x00000006e55e4c98,0x00000006ee980000)
 Metaspace       used 6615K, capacity 7320K, committed 7680K, reserved 1056768K
  class space    used 617K, capacity 656K, committed 768K, reserved 1048576K
}
Event: 23.291 GC heap before
{Heap before GC invocations=22 (full 4):
 PSYoungGen      total 899584K, used 807978K [0x000000076ab00000, 0x00000007bb800000, 0x00000007c0000000)
  eden space 595968K, 100% used [0x000000076ab00000,0x000000078f100000,0x000000078f100000)
  from space 303616K, 69% used [0x000000078f100000,0x000000079c00aa50,0x00000007a1980000)
  to   space 322048K, 0% used [0x00000007a7d80000,0x00000007a7d80000,0x00000007bb800000)
 ParOldGen       total 763392K, used 612243K [0x00000006c0000000, 0x00000006ee980000, 0x000000076ab00000)
  object space 763392K, 80% used [0x00000006c0000000,0x00000006e55e4c98,0x00000006ee980000)
 Metaspace       used 6971K, capacity 7672K, committed 7936K, reserved 1056768K
  class space    used 636K, capacity 688K, committed 768K, reserved 1048576K

Deoptimization events (10 events):
Event: 22.856 Thread 0x00007f05e01b2800 Uncommon trap: reason=speculate_class_check action=maybe_recompile pc=0x00007f05d0791a28 method=com.android.dx.util.FixedSizeList.equals(Ljava/lang/Object;)Z @ 25
Event: 22.856 Thread 0x00007f05e01b2800 Uncommon trap: reason=class_check action=maybe_recompile pc=0x00007f05d06adf68 method=java.util.Arrays.equals([Ljava/lang/Object;[Ljava/lang/Object;)Z @ 62
Event: 22.856 Thread 0x00007f05e01b2800 Uncommon trap: reason=speculate_class_check action=maybe_recompile pc=0x00007f05d0791a28 method=com.android.dx.util.FixedSizeList.equals(Ljava/lang/Object;)Z @ 25
Event: 22.856 Thread 0x00007f05e01b2800 Uncommon trap: reason=class_check action=maybe_recompile pc=0x00007f05d06adf68 method=java.util.Arrays.equals([Ljava/lang/Object;[Ljava/lang/Object;)Z @ 62
Event: 22.856 Thread 0x00007f05e01b2800 Uncommon trap: reason=speculate_class_check action=maybe_recompile pc=0x00007f05d0791a28 method=com.android.dx.util.FixedSizeList.equals(Ljava/lang/Object;)Z @ 25
Event: 22.856 Thread 0x00007f05e01b2800 Uncommon trap: reason=class_check action=maybe_recompile pc=0x00007f05d06adf68 method=java.util.Arrays.equals([Ljava/lang/Object;[Ljava/lang/Object;)Z @ 62
Event: 22.856 Thread 0x00007f05e01b2800 Uncommon trap: reason=speculate_class_check action=maybe_recompile pc=0x00007f05d0791a28 method=com.android.dx.util.FixedSizeList.equals(Ljava/lang/Object;)Z @ 25
Event: 22.856 Thread 0x00007f05e01b2800 Uncommon trap: reason=class_check action=maybe_recompile pc=0x00007f05d06adf68 method=java.util.Arrays.equals([Ljava/lang/Object;[Ljava/lang/Object;)Z @ 62
Event: 22.857 Thread 0x00007f05e01b2800 Uncommon trap: reason=unstable_if action=reinterpret pc=0x00007f05d0fcf950 method=java.util.TreeMap.put(Ljava/lang/Object;Ljava/lang/Object;)Ljava/lang/Object; @ 163
Event: 22.877 Thread 0x00007f05e01b2800 Uncommon trap: reason=unstable_if action=reinterpret pc=0x00007f05d121a4e0 method=com.android.dx.rop.code.RegisterSpecSet.equals(Ljava/lang/Object;)Z @ 30

Internal exceptions (9 events):
Event: 0.019 Thread 0x00007f05e000a000 Exception <a 'java/lang/NoSuchMethodError': Method sun.misc.Unsafe.defineClass(Ljava/lang/String;[BII)Ljava/lang/Class; name or signature does not match> (0x000000076ab07cc0) thrown at [/HUDSON3/workspace/8-2-build-linux-amd64/jdk8u101/7261/hotspot/src/sh
Event: 0.019 Thread 0x00007f05e000a000 Exception <a 'java/lang/NoSuchMethodError': Method sun.misc.Unsafe.prefetchRead(Ljava/lang/Object;J)V name or signature does not match> (0x000000076ab07fa8) thrown at [/HUDSON3/workspace/8-2-build-linux-amd64/jdk8u101/7261/hotspot/src/share/vm/prims/jni.c
Event: 0.868 Thread 0x00007f05e01b7800 Implicit null exception at 0x00007f05d06721d8 to 0x00007f05d06747b9
Event: 1.784 Thread 0x00007f05e01b2800 Exception <a 'java/lang/ArrayIndexOutOfBoundsException': 18> (0x000000076ad69a98) thrown at [/HUDSON3/workspace/8-2-build-linux-amd64/jdk8u101/7261/hotspot/src/share/vm/interpreter/interpreterRuntime.cpp, line 366]
Event: 1.784 Thread 0x00007f05e01b2800 Exception <a 'java/lang/ArrayIndexOutOfBoundsException': 145> (0x000000076ad6b618) thrown at [/HUDSON3/workspace/8-2-build-linux-amd64/jdk8u101/7261/hotspot/src/share/vm/interpreter/interpreterRuntime.cpp, line 366]
Event: 1.786 Thread 0x00007f05e01b2800 Exception <a 'java/lang/ArrayIndexOutOfBoundsException': 40> (0x000000076ad6c900) thrown at [/HUDSON3/workspace/8-2-build-linux-amd64/jdk8u101/7261/hotspot/src/share/vm/interpreter/interpreterRuntime.cpp, line 366]
Event: 19.746 Thread 0x00007f05e000a000 Implicit null exception at 0x00007f05d111f08c to 0x00007f05d11230f1
Event: 20.315 Thread 0x00007f05e01b7800 Implicit null exception at 0x00007f05d0f62556 to 0x00007f05d0f64131
Event: 20.695 Thread 0x00007f05e01b9800 Implicit null exception at 0x00007f05d10d2bcd to 0x00007f05d10d393d

Events (10 events):
Event: 23.160 Thread 0x00007f05e01b2800 DEOPT UNPACKING pc=0x00007f05d03c5633 sp=0x00007f05c7a62df8 mode 0
Event: 23.160 Thread 0x00007f05e01b2800 DEOPT PACKING pc=0x00007f05d06fe268 sp=0x00007f05c7a62f70
Event: 23.160 Thread 0x00007f05e01b2800 DEOPT UNPACKING pc=0x00007f05d03c5633 sp=0x00007f05c7a62dd8 mode 0
Event: 23.179 Thread 0x00007f05e01b2800 DEOPT PACKING pc=0x00007f05d05b54f6 sp=0x00007f05c7a63090
Event: 23.179 Thread 0x00007f05e01b2800 DEOPT UNPACKING pc=0x00007f05d03c5633 sp=0x00007f05c7a62e08 mode 0
Event: 23.188 Thread 0x00007f05e01b2800 DEOPT PACKING pc=0x00007f05d05b54f6 sp=0x00007f05c7a63100
Event: 23.188 Thread 0x00007f05e01b2800 DEOPT UNPACKING pc=0x00007f05d03c5633 sp=0x00007f05c7a62e78 mode 0
Event: 23.196 Thread 0x00007f05e01b2800 DEOPT PACKING pc=0x00007f05d05b54f6 sp=0x00007f05c7a63100
Event: 23.196 Thread 0x00007f05e01b2800 DEOPT UNPACKING pc=0x00007f05d03c5633 sp=0x00007f05c7a62e78 mode 0
Event: 23.291 Executing VM operation: ParallelGCFailedAllocation


Dynamic libraries:
00400000-00401000 r-xp 00000000 08:01 1454053                            /usr/lib/jvm/java-8-oracle/bin/java
00600000-00601000 rw-p 00000000 08:01 1454053                            /usr/lib/jvm/java-8-oracle/bin/java
00851000-00872000 rw-p 00000000 00:00 0                                  [heap]
6c0000000-6ee980000 rw-p 00000000 00:00 0 
6ee980000-76ab00000 ---p 00000000 00:00 0 
76ab00000-7bb800000 rw-p 00000000 00:00 0 
7c0000000-7c00c0000 rw-p 00000000 00:00 0 
7c00c0000-800000000 ---p 00000000 00:00 0 
7f0570000000-7f0570041000 rw-p 00000000 00:00 0 
7f0570041000-7f0574000000 ---p 00000000 00:00 0 
7f0578000000-7f0578021000 rw-p 00000000 00:00 0 
7f0578021000-7f057c000000 ---p 00000000 00:00 0 
7f057c000000-7f057c033000 rw-p 00000000 00:00 0 
7f057c033000-7f0580000000 ---p 00000000 00:00 0 
7f0580000000-7f058004e000 rw-p 00000000 00:00 0 
7f058004e000-7f0584000000 ---p 00000000 00:00 0 
7f0584000000-7f0584026000 rw-p 00000000 00:00 0 
7f0584026000-7f0588000000 ---p 00000000 00:00 0 
7f0588000000-7f0588021000 rw-p 00000000 00:00 0 
7f0588021000-7f058c000000 ---p 00000000 00:00 0 
7f058c000000-7f058c021000 rw-p 00000000 00:00 0 
7f058c021000-7f0590000000 ---p 00000000 00:00 0 
7f0590000000-7f05914f1000 rw-p 00000000 00:00 0 
7f05914f1000-7f0594000000 ---p 00000000 00:00 0 
7f0594000000-7f0594a48000 rw-p 00000000 00:00 0 
7f0594a48000-7f0598000000 ---p 00000000 00:00 0 
7f0598000000-7f0598021000 rw-p 00000000 00:00 0 
7f0598021000-7f059c000000 ---p 00000000 00:00 0 
7f059c000000-7f059d211000 rw-p 00000000 00:00 0 
7f059d211000-7f05a0000000 ---p 00000000 00:00 0 
7f05a0000000-7f05a0021000 rw-p 00000000 00:00 0 
7f05a0021000-7f05a4000000 ---p 00000000 00:00 0 
7f05a4000000-7f05a4021000 rw-p 00000000 00:00 0 
7f05a4021000-7f05a8000000 ---p 00000000 00:00 0 
7f05a8000000-7f05b0000000 rw-p 00000000 00:00 0 
7f05b0000000-7f05b0021000 rw-p 00000000 00:00 0 
7f05b0021000-7f05b4000000 ---p 00000000 00:00 0 
7f05b4000000-7f05b42a9000 rw-p 00000000 00:00 0 
7f05b42a9000-7f05b8000000 ---p 00000000 00:00 0 
7f05b8000000-7f05b8021000 rw-p 00000000 00:00 0 
7f05b8021000-7f05bc000000 ---p 00000000 00:00 0 
7f05c0000000-7f05c0021000 rw-p 00000000 00:00 0 
7f05c0021000-7f05c4000000 ---p 00000000 00:00 0 
7f05c7661000-7f05c7664000 ---p 00000000 00:00 0 
7f05c7664000-7f05c7762000 rw-p 00000000 00:00 0 
7f05c7762000-7f05c7765000 ---p 00000000 00:00 0 
7f05c7765000-7f05c7863000 rw-p 00000000 00:00 0 
7f05c7863000-7f05c7866000 ---p 00000000 00:00 0 
7f05c7866000-7f05c7964000 rw-p 00000000 00:00 0 
7f05c7964000-7f05c7967000 ---p 00000000 00:00 0 
7f05c7967000-7f05c7a65000 rw-p 00000000 00:00 0 
7f05c7a65000-7f05c7a68000 ---p 00000000 00:00 0 
7f05c7a68000-7f05c7b66000 rw-p 00000000 00:00 0 
7f05c7bfc000-7f05c7bfd000 ---p 00000000 00:00 0 
7f05c7bfd000-7f05c7cfd000 rw-p 00000000 00:00 0 
7f05c7cfd000-7f05c7d00000 ---p 00000000 00:00 0 
7f05c7d00000-7f05c7dfe000 rw-p 00000000 00:00 0 
7f05c7dfe000-7f05c7e01000 ---p 00000000 00:00 0 
7f05c7e01000-7f05c7eff000 rw-p 00000000 00:00 0 
7f05c7eff000-7f05c7f02000 ---p 00000000 00:00 0 
7f05c7f02000-7f05c8000000 rw-p 00000000 00:00 0 
7f05c8000000-7f05c8021000 rw-p 00000000 00:00 0 
7f05c8021000-7f05cc000000 ---p 00000000 00:00 0 
7f05cc079000-7f05cc07c000 ---p 00000000 00:00 0 
7f05cc07c000-7f05cc17a000 rw-p 00000000 00:00 0 
7f05cc17a000-7f05cc17d000 ---p 00000000 00:00 0 
7f05cc17d000-7f05cc27b000 rw-p 00000000 00:00 0 
7f05cc27b000-7f05cc95d000 r--p 00000000 08:01 1448881                    /usr/lib/locale/locale-archive
7f05cc95d000-7f05cc960000 ---p 00000000 00:00 0 
7f05cc960000-7f05cca5e000 rw-p 00000000 00:00 0 
7f05cca5e000-7f05cca61000 ---p 00000000 00:00 0 
7f05cca61000-7f05ccb5f000 rw-p 00000000 00:00 0 
7f05ccb5f000-7f05ccb60000 ---p 00000000 00:00 0 
7f05ccb60000-7f05cdc14000 rw-p 00000000 00:00 0 
7f05cdc14000-7f05cdded000 r--s 03d29000 08:01 1452475                    /usr/lib/jvm/java-8-oracle/jre/lib/rt.jar
7f05cdded000-7f05ce563000 rw-p 00000000 00:00 0 
7f05ce563000-7f05ce663000 ---p 00000000 00:00 0 
7f05ce663000-7f05cee63000 rw-p 00000000 00:00 0 
7f05cee63000-7f05cee64000 ---p 00000000 00:00 0 
7f05cee64000-7f05cef64000 rw-p 00000000 00:00 0 
7f05cef64000-7f05cef65000 ---p 00000000 00:00 0 
7f05cef65000-7f05cf065000 rw-p 00000000 00:00 0 
7f05cf065000-7f05cf066000 ---p 00000000 00:00 0 
7f05cf066000-7f05cf166000 rw-p 00000000 00:00 0 
7f05cf166000-7f05cf167000 ---p 00000000 00:00 0 
7f05cf167000-7f05cf3dc000 rw-p 00000000 00:00 0 
7f05cf3dc000-7f05cf7bd000 ---p 00000000 00:00 0 
7f05cf7bd000-7f05cf932000 rw-p 00000000 00:00 0 
7f05cf932000-7f05cfd12000 ---p 00000000 00:00 0 
7f05cfd12000-7f05cff99000 rw-p 00000000 00:00 0 
7f05cff99000-7f05cffbd000 ---p 00000000 00:00 0 
7f05cffbd000-7f05cfff9000 rw-p 00000000 00:00 0 
7f05cfff9000-7f05d037e000 ---p 00000000 00:00 0 
7f05d037e000-7f05d122e000 rwxp 00000000 00:00 0 
7f05d122e000-7f05df37e000 ---p 00000000 00:00 0 
7f05df37e000-7f05df398000 r-xp 00000000 08:01 1452530                    /usr/lib/jvm/java-8-oracle/jre/lib/amd64/libzip.so
7f05df398000-7f05df598000 ---p 0001a000 08:01 1452530                    /usr/lib/jvm/java-8-oracle/jre/lib/amd64/libzip.so
7f05df598000-7f05df599000 rw-p 0001a000 08:01 1452530                    /usr/lib/jvm/java-8-oracle/jre/lib/amd64/libzip.so
7f05df599000-7f05df5a3000 r-xp 00000000 08:01 7078098                    /lib/x86_64-linux-gnu/libnss_files-2.19.so
7f05df5a3000-7f05df7a2000 ---p 0000a000 08:01 7078098                    /lib/x86_64-linux-gnu/libnss_files-2.19.so
7f05df7a2000-7f05df7a3000 r--p 00009000 08:01 7078098                    /lib/x86_64-linux-gnu/libnss_files-2.19.so
7f05df7a3000-7f05df7a4000 rw-p 0000a000 08:01 7078098                    /lib/x86_64-linux-gnu/libnss_files-2.19.so
7f05df7a4000-7f05df7af000 r-xp 00000000 08:01 7078090                    /lib/x86_64-linux-gnu/libnss_nis-2.19.so
7f05df7af000-7f05df9ae000 ---p 0000b000 08:01 7078090                    /lib/x86_64-linux-gnu/libnss_nis-2.19.so
7f05df9ae000-7f05df9af000 r--p 0000a000 08:01 7078090                    /lib/x86_64-linux-gnu/libnss_nis-2.19.so
7f05df9af000-7f05df9b0000 rw-p 0000b000 08:01 7078090                    /lib/x86_64-linux-gnu/libnss_nis-2.19.so
7f05df9b0000-7f05df9c7000 r-xp 00000000 08:01 7078086                    /lib/x86_64-linux-gnu/libnsl-2.19.so
7f05df9c7000-7f05dfbc6000 ---p 00017000 08:01 7078086                    /lib/x86_64-linux-gnu/libnsl-2.19.so
7f05dfbc6000-7f05dfbc7000 r--p 00016000 08:01 7078086                    /lib/x86_64-linux-gnu/libnsl-2.19.so
7f05dfbc7000-7f05dfbc8000 rw-p 00017000 08:01 7078086                    /lib/x86_64-linux-gnu/libnsl-2.19.so
7f05dfbc8000-7f05dfbca000 rw-p 00000000 00:00 0 
7f05dfbca000-7f05dfbd3000 r-xp 00000000 08:01 7078085                    /lib/x86_64-linux-gnu/libnss_compat-2.19.so
7f05dfbd3000-7f05dfdd2000 ---p 00009000 08:01 7078085                    /lib/x86_64-linux-gnu/libnss_compat-2.19.so
7f05dfdd2000-7f05dfdd3000 r--p 00008000 08:01 7078085                    /lib/x86_64-linux-gnu/libnss_compat-2.19.so
7f05dfdd3000-7f05dfdd4000 rw-p 00009000 08:01 7078085                    /lib/x86_64-linux-gnu/libnss_compat-2.19.so
7f05dfdd4000-7f05dfdfe000 r-xp 00000000 08:01 1452510                    /usr/lib/jvm/java-8-oracle/jre/lib/amd64/libjava.so
7f05dfdfe000-7f05dfffe000 ---p 0002a000 08:01 1452510                    /usr/lib/jvm/java-8-oracle/jre/lib/amd64/libjava.so
7f05dfffe000-7f05e0000000 rw-p 0002a000 08:01 1452510                    /usr/lib/jvm/java-8-oracle/jre/lib/amd64/libjava.so
7f05e0000000-7f05e03d0000 rw-p 00000000 00:00 0 
7f05e03d0000-7f05e4000000 ---p 00000000 00:00 0 
7f05e4002000-7f05e4051000 rw-p 00000000 00:00 0 
7f05e4051000-7f05e405e000 r-xp 00000000 08:01 1452527                    /usr/lib/jvm/java-8-oracle/jre/lib/amd64/libverify.so
7f05e405e000-7f05e425e000 ---p 0000d000 08:01 1452527                    /usr/lib/jvm/java-8-oracle/jre/lib/amd64/libverify.so
7f05e425e000-7f05e4260000 rw-p 0000d000 08:01 1452527                    /usr/lib/jvm/java-8-oracle/jre/lib/amd64/libverify.so
7f05e4260000-7f05e4267000 r-xp 00000000 08:01 7078094                    /lib/x86_64-linux-gnu/librt-2.19.so
7f05e4267000-7f05e4466000 ---p 00007000 08:01 7078094                    /lib/x86_64-linux-gnu/librt-2.19.so
7f05e4466000-7f05e4467000 r--p 00006000 08:01 7078094                    /lib/x86_64-linux-gnu/librt-2.19.so
7f05e4467000-7f05e4468000 rw-p 00007000 08:01 7078094                    /lib/x86_64-linux-gnu/librt-2.19.so
7f05e4468000-7f05e456d000 r-xp 00000000 08:01 7078080                    /lib/x86_64-linux-gnu/libm-2.19.so
7f05e456d000-7f05e476c000 ---p 00105000 08:01 7078080                    /lib/x86_64-linux-gnu/libm-2.19.so
7f05e476c000-7f05e476d000 r--p 00104000 08:01 7078080                    /lib/x86_64-linux-gnu/libm-2.19.so
7f05e476d000-7f05e476e000 rw-p 00105000 08:01 7078080                    /lib/x86_64-linux-gnu/libm-2.19.so
7f05e476e000-7f05e5439000 r-xp 00000000 08:01 1452518                    /usr/lib/jvm/java-8-oracle/jre/lib/amd64/server/libjvm.so
7f05e5439000-7f05e5638000 ---p 00ccb000 08:01 1452518                    /usr/lib/jvm/java-8-oracle/jre/lib/amd64/server/libjvm.so
7f05e5638000-7f05e5711000 rw-p 00cca000 08:01 1452518                    /usr/lib/jvm/java-8-oracle/jre/lib/amd64/server/libjvm.so
7f05e5711000-7f05e575c000 rw-p 00000000 00:00 0 
7f05e575c000-7f05e5916000 r-xp 00000000 08:01 7078095                    /lib/x86_64-linux-gnu/libc-2.19.so
7f05e5916000-7f05e5b16000 ---p 001ba000 08:01 7078095                    /lib/x86_64-linux-gnu/libc-2.19.so
7f05e5b16000-7f05e5b1a000 r--p 001ba000 08:01 7078095                    /lib/x86_64-linux-gnu/libc-2.19.so
7f05e5b1a000-7f05e5b1c000 rw-p 001be000 08:01 7078095                    /lib/x86_64-linux-gnu/libc-2.19.so
7f05e5b1c000-7f05e5b21000 rw-p 00000000 00:00 0 
7f05e5b21000-7f05e5b24000 r-xp 00000000 08:01 7078082                    /lib/x86_64-linux-gnu/libdl-2.19.so
7f05e5b24000-7f05e5d23000 ---p 00003000 08:01 7078082                    /lib/x86_64-linux-gnu/libdl-2.19.so
7f05e5d23000-7f05e5d24000 r--p 00002000 08:01 7078082                    /lib/x86_64-linux-gnu/libdl-2.19.so
7f05e5d24000-7f05e5d25000 rw-p 00003000 08:01 7078082                    /lib/x86_64-linux-gnu/libdl-2.19.so
7f05e5d25000-7f05e5d3a000 r-xp 00000000 08:01 1453997                    /usr/lib/jvm/java-8-oracle/lib/amd64/jli/libjli.so
7f05e5d3a000-7f05e5f3a000 ---p 00015000 08:01 1453997                    /usr/lib/jvm/java-8-oracle/lib/amd64/jli/libjli.so
7f05e5f3a000-7f05e5f3b000 rw-p 00015000 08:01 1453997                    /usr/lib/jvm/java-8-oracle/lib/amd64/jli/libjli.so
7f05e5f3b000-7f05e5f54000 r-xp 00000000 08:01 7078087                    /lib/x86_64-linux-gnu/libpthread-2.19.so
7f05e5f54000-7f05e6153000 ---p 00019000 08:01 7078087                    /lib/x86_64-linux-gnu/libpthread-2.19.so
7f05e6153000-7f05e6154000 r--p 00018000 08:01 7078087                    /lib/x86_64-linux-gnu/libpthread-2.19.so
7f05e6154000-7f05e6155000 rw-p 00019000 08:01 7078087                    /lib/x86_64-linux-gnu/libpthread-2.19.so
7f05e6155000-7f05e6159000 rw-p 00000000 00:00 0 
7f05e6159000-7f05e617c000 r-xp 00000000 08:01 7078088                    /lib/x86_64-linux-gnu/ld-2.19.so
7f05e6180000-7f05e6253000 rw-p 00000000 00:00 0 
7f05e6253000-7f05e6256000 ---p 00000000 00:00 0 
7f05e6256000-7f05e6358000 rw-p 00000000 00:00 0 
7f05e635f000-7f05e6360000 rw-p 00000000 00:00 0 
7f05e6360000-7f05e636f000 r--s 000df000 08:05 264644                     /home/onmymobile/Android/Sdk/build-tools/23.0.3/lib/dx.jar
7f05e636f000-7f05e6377000 rw-s 00000000 08:01 524403                     /tmp/hsperfdata_onmymobile/8379
7f05e6377000-7f05e6378000 rw-p 00000000 00:00 0 
7f05e6378000-7f05e6379000 ---p 00000000 00:00 0 
7f05e6379000-7f05e637b000 rw-p 00000000 00:00 0 
7f05e637b000-7f05e637c000 r--p 00022000 08:01 7078088                    /lib/x86_64-linux-gnu/ld-2.19.so
7f05e637c000-7f05e637d000 rw-p 00023000 08:01 7078088                    /lib/x86_64-linux-gnu/ld-2.19.so
7f05e637d000-7f05e637e000 rw-p 00000000 00:00 0 
7ffdbeaf3000-7ffdbeb15000 rw-p 00000000 00:00 0                          [stack]
7ffdbebe1000-7ffdbebe3000 r--p 00000000 00:00 0                          [vvar]
7ffdbebe3000-7ffdbebe5000 r-xp 00000000 00:00 0                          [vdso]
ffffffffff600000-ffffffffff601000 r-xp 00000000 00:00 0                  [vsyscall]

VM Arguments:
jvm_args: -Djava.awt.headless=true -Xmx4g -Dfile.encoding=UTF-8 -Duser.country=IN -Duser.language=en -Duser.variant 
java_command: com.android.dx.command.Main --dex --num-threads=4 --multi-dex --main-dex-list /home/onmymobile/AndroidStudioProjects/Heritage/Heritage/app/build/intermediates/multi-dex/debug/maindexlist.txt --output /home/onmymobile/AndroidStudioProjects/Heritage/Heritage/app/build/intermediates/transforms/dex/debug/folders/1000/1f/main /home/onmymobile/AndroidStudioProjects/Heritage/Heritage/app/build/intermediates/transforms/jarMerging/debug/jars/1/1f/combined.jar
java_class_path (initial): /home/onmymobile/Android/Sdk/build-tools/23.0.3/lib/dx.jar
Launcher Type: SUN_STANDARD

Environment Variables:
JAVA_HOME=/usr/lib/jvm/java-8-oracle
PATH=/home/onmymobile/bin:/usr/local/sbin:/usr/local/bin:/usr/sbin:/usr/bin:/sbin:/bin:/usr/games:/usr/local/games:/usr/lib/jvm/java-8-oracle/bin:/usr/lib/jvm/java-8-oracle/db/bin:/usr/lib/jvm/java-8-oracle/jre/bin
LD_LIBRARY_PATH=.:
SHELL=/bin/bash
DISPLAY=:0

Signal Handlers:
SIGSEGV: [libjvm.so+0xac4790], sa_mask[0]=11111111011111111101111111111110, sa_flags=SA_RESTART|SA_SIGINFO
SIGBUS: [libjvm.so+0xac4790], sa_mask[0]=11111111011111111101111111111110, sa_flags=SA_RESTART|SA_SIGINFO
SIGFPE: [libjvm.so+0x91f140], sa_mask[0]=11111111011111111101111111111110, sa_flags=SA_RESTART|SA_SIGINFO
SIGPIPE: [libjvm.so+0x91f140], sa_mask[0]=11111111011111111101111111111110, sa_flags=SA_RESTART|SA_SIGINFO
SIGXFSZ: [libjvm.so+0x91f140], sa_mask[0]=11111111011111111101111111111110, sa_flags=SA_RESTART|SA_SIGINFO
SIGILL: [libjvm.so+0x91f140], sa_mask[0]=11111111011111111101111111111110, sa_flags=SA_RESTART|SA_SIGINFO
SIGUSR1: SIG_DFL, sa_mask[0]=00000000000000000000000000000000, sa_flags=none
SIGUSR2: [libjvm.so+0x920770], sa_mask[0]=00100000000000000000000000000000, sa_flags=SA_RESTART|SA_SIGINFO
SIGHUP: [libjvm.so+0x921b70], sa_mask[0]=11111111011111111101111111111110, sa_flags=SA_RESTART|SA_SIGINFO
SIGINT: [libjvm.so+0x921b70], sa_mask[0]=11111111011111111101111111111110, sa_flags=SA_RESTART|SA_SIGINFO
SIGTERM: [libjvm.so+0x921b70], sa_mask[0]=11111111011111111101111111111110, sa_flags=SA_RESTART|SA_SIGINFO
SIGQUIT: [libjvm.so+0x921b70], sa_mask[0]=11111111011111111101111111111110, sa_flags=SA_RESTART|SA_SIGINFO


---------------  S Y S T E M  ---------------

OS:DISTRIB_ID=Ubuntu
DISTRIB_RELEASE=14.04
DISTRIB_CODENAME=trusty
DISTRIB_DESCRIPTION="Ubuntu 14.04.5 LTS"

uname:Linux 4.4.0-36-generic #55~14.04.1-Ubuntu SMP Fri Aug 12 11:49:30 UTC 2016 x86_64
libc:glibc 2.19 NPTL 2.19 
rlimit: STACK 8192k, CORE 0k, NPROC 31334, NOFILE 4096, AS infinity
load average:26.90 10.82 4.38

/proc/meminfo:
MemTotal:        8043772 kB
MemFree:          105856 kB
MemAvailable:          0 kB
Buffers:             232 kB
Cached:           405456 kB
SwapCached:            0 kB
Active:          7354844 kB
Inactive:         376172 kB
Active(anon):    7353180 kB
Inactive(anon):   372644 kB
Active(file):       1664 kB
Inactive(file):     3528 kB
Unevictable:         176 kB
Mlocked:             176 kB
SwapTotal:             0 kB
SwapFree:              0 kB
Dirty:                12 kB
Writeback:            12 kB
AnonPages:       7326348 kB
Mapped:           173576 kB
Shmem:            399652 kB
Slab:              83340 kB
SReclaimable:      41472 kB
SUnreclaim:        41868 kB
KernelStack:       11808 kB
PageTables:        61100 kB
NFS_Unstable:          0 kB
Bounce:                0 kB
WritebackTmp:          0 kB
CommitLimit:     4021884 kB
Committed_AS:   12943264 kB
VmallocTotal:   34359738367 kB
VmallocUsed:           0 kB
VmallocChunk:          0 kB
HardwareCorrupted:     0 kB
AnonHugePages:   4431872 kB
CmaTotal:              0 kB
CmaFree:               0 kB
HugePages_Total:       0
HugePages_Free:        0
HugePages_Rsvd:        0
HugePages_Surp:        0
Hugepagesize:       2048 kB
DirectMap4k:      134688 kB
DirectMap2M:     8122368 kB


CPU:total 4 (2 cores per cpu, 2 threads per core) family 6 model 58 stepping 9, cmov, cx8, fxsr, mmx, sse, sse2, sse3, ssse3, sse4.1, sse4.2, popcnt, avx, aes, clmul, erms, ht, tsc, tscinvbit, tscinv

/proc/cpuinfo:
processor	: 0
vendor_id	: GenuineIntel
cpu family	: 6
model		: 58
model name	: Intel(R) Core(TM) i5-3340M CPU @ 2.70GHz
stepping	: 9
microcode	: 0x15
cpu MHz		: 2947.324
cache size	: 3072 KB
physical id	: 0
siblings	: 4
core id		: 0
cpu cores	: 2
apicid		: 0
initial apicid	: 0
fpu		: yes
fpu_exception	: yes
cpuid level	: 13
wp		: yes
flags		: fpu vme de pse tsc msr pae mce cx8 apic sep mtrr pge mca cmov pat pse36 clflush dts acpi mmx fxsr sse sse2 ss ht tm pbe syscall nx rdtscp lm constant_tsc arch_perfmon pebs bts rep_good nopl xtopology nonstop_tsc aperfmperf eagerfpu pni pclmulqdq dtes64 monitor ds_cpl vmx smx est tm2 ssse3 cx16 xtpr pdcm pcid sse4_1 sse4_2 x2apic popcnt tsc_deadline_timer aes xsave avx f16c rdrand lahf_lm epb tpr_shadow vnmi flexpriority ept vpid fsgsbase smep erms xsaveopt dtherm ida arat pln pts
bugs		:
bogomips	: 5382.47
clflush size	: 64
cache_alignment	: 64
address sizes	: 36 bits physical, 48 bits virtual
power management:

processor	: 1
vendor_id	: GenuineIntel
cpu family	: 6
model		: 58
model name	: Intel(R) Core(TM) i5-3340M CPU @ 2.70GHz
stepping	: 9
microcode	: 0x15
cpu MHz		: 2260.406
cache size	: 3072 KB
physical id	: 0
siblings	: 4
core id		: 1
cpu cores	: 2
apicid		: 2
initial apicid	: 2
fpu		: yes
fpu_exception	: yes
cpuid level	: 13
wp		: yes
flags		: fpu vme de pse tsc msr pae mce cx8 apic sep mtrr pge mca cmov pat pse36 clflush dts acpi mmx fxsr sse sse2 ss ht tm pbe syscall nx rdtscp lm constant_tsc arch_perfmon pebs bts rep_good nopl xtopology nonstop_tsc aperfmperf eagerfpu pni pclmulqdq dtes64 monitor ds_cpl vmx smx est tm2 ssse3 cx16 xtpr pdcm pcid sse4_1 sse4_2 x2apic popcnt tsc_deadline_timer aes xsave avx f16c rdrand lahf_lm epb tpr_shadow vnmi flexpriority ept vpid fsgsbase smep erms xsaveopt dtherm ida arat pln pts
bugs		:
bogomips	: 5382.47
clflush size	: 64
cache_alignment	: 64
address sizes	: 36 bits physical, 48 bits virtual
power management:

processor	: 2
vendor_id	: GenuineIntel
cpu family	: 6
model		: 58
model name	: Intel(R) Core(TM) i5-3340M CPU @ 2.70GHz
stepping	: 9
microcode	: 0x15
cpu MHz		: 2682.492
cache size	: 3072 KB
physical id	: 0
siblings	: 4
core id		: 0
cpu cores	: 2
apicid		: 1
initial apicid	: 1
fpu		: yes
fpu_exception	: yes
cpuid level	: 13
wp		: yes
flags		: fpu vme de pse tsc msr pae mce cx8 apic sep mtrr pge mca cmov pat pse36 clflush dts acpi mmx fxsr sse sse2 ss ht tm pbe syscall nx rdtscp lm constant_tsc arch_perfmon pebs bts rep_good nopl xtopology nonstop_tsc aperfmperf eagerfpu pni pclmulqdq dtes64 monitor ds_cpl vmx smx est tm2 ssse3 cx16 xtpr pdcm pcid sse4_1 sse4_2 x2apic popcnt tsc_deadline_timer aes xsave avx f16c rdrand lahf_lm epb tpr_shadow vnmi flexpriority ept vpid fsgsbase smep erms xsaveopt dtherm ida arat pln pts
bugs		:
bogomips	: 5382.47
clflush size	: 64
cache_alignment	: 64
address sizes	: 36 bits physical, 48 bits virtual
power management:

processor	: 3
vendor_id	: GenuineIntel
cpu family	: 6
model		: 58
model name	: Intel(R) Core(TM) i5-3340M CPU @ 2.70GHz
stepping	: 9
microcode	: 0x15
cpu MHz		: 3001.640
cache size	: 3072 KB
physical id	: 0
siblings	: 4
core id		: 1
cpu cores	: 2
apicid		: 3
initial apicid	: 3
fpu		: yes
fpu_exception	: yes
cpuid level	: 13
wp		: yes
flags		: fpu vme de pse tsc msr pae mce cx8 apic sep mtrr pge mca cmov pat pse36 clflush dts acpi mmx fxsr sse sse2 ss ht tm pbe syscall nx rdtscp lm constant_tsc arch_perfmon pebs bts rep_good nopl xtopology nonstop_tsc aperfmperf eagerfpu pni pclmulqdq dtes64 monitor ds_cpl vmx smx est tm2 ssse3 cx16 xtpr pdcm pcid sse4_1 sse4_2 x2apic popcnt tsc_deadline_timer aes xsave avx f16c rdrand lahf_lm epb tpr_shadow vnmi flexpriority ept vpid fsgsbase smep erms xsaveopt dtherm ida arat pln pts
bugs		:
bogomips	: 5382.47
clflush size	: 64
cache_alignment	: 64
address sizes	: 36 bits physical, 48 bits virtual
power management:



Memory: 4k page, physical 8043772k(106924k free), swap 0k(0k free)

vm_info: Java HotSpot(TM) 64-Bit Server VM (25.101-b13) for linux-amd64 JRE (1.8.0_101-b13), built on Jun 22 2016 02:59:44 by "java_re" with gcc 4.3.0 20080428 (Red Hat 4.3.0-8)

time: Wed Sep 14 18:17:20 2016
elapsed time: 142 seconds (0d 0h 2m 22s)

