#
# There is insufficient memory for the Java Runtime Environment to continue.
# Native memory allocation (mmap) failed to map 177209344 bytes for committing reserved memory.
# Possible reasons:
#   The system is out of physical RAM or swap space
#   In 32 bit mode, the process size limit was hit
# Possible solutions:
#   Reduce memory load on the system
#   Increase physical memory or swap space
#   Check if swap backing store is full
#   Use 64 bit Java on a 64 bit OS
#   Decrease Java heap size (-Xmx/-Xms)
#   Decrease number of Java threads
#   Decrease Java thread stack sizes (-Xss)
#   Set larger code cache with -XX:ReservedCodeCacheSize=
# This output file may be truncated or incomplete.
#
#  Out of Memory Error (os_linux.cpp:2627), pid=14619, tid=140130259277568
#
# JRE version: Java(TM) SE Runtime Environment (8.0_91-b14) (build 1.8.0_91-b14)
# Java VM: Java HotSpot(TM) 64-Bit Server VM (25.91-b14 mixed mode linux-amd64 compressed oops)
# Failed to write core dump. Core dumps have been disabled. To enable core dumping, try "ulimit -c unlimited" before starting Java again
#

---------------  T H R E A D  ---------------

Current thread (0x00007f72b8078000):  VMThread [stack: 0x00007f729e439000,0x00007f729e53a000] [id=14628]

Stack: [0x00007f729e439000,0x00007f729e53a000],  sp=0x00007f729e537f60,  free space=1019k
Native frames: (J=compiled Java code, j=interpreted, Vv=VM code, C=native code)
V  [libjvm.so+0xabc18a]  VMError::report_and_die()+0x2ba
V  [libjvm.so+0x4fafeb]  report_vm_out_of_memory(char const*, int, unsigned long, VMErrorType, char const*)+0x8b
V  [libjvm.so+0x91cbb3]  os::Linux::commit_memory_impl(char*, unsigned long, bool)+0x103
V  [libjvm.so+0x91d109]  os::pd_commit_memory(char*, unsigned long, unsigned long, bool)+0x29
V  [libjvm.so+0x91740a]  os::commit_memory(char*, unsigned long, unsigned long, bool)+0x2a
V  [libjvm.so+0x98b033]  PSVirtualSpace::expand_by(unsigned long)+0x53
V  [libjvm.so+0x98c438]  PSYoungGen::resize_generation(unsigned long, unsigned long)+0xf8
V  [libjvm.so+0x98b592]  PSYoungGen::resize(unsigned long, unsigned long)+0x22
V  [libjvm.so+0x98886b]  PSScavenge::invoke_no_policy()+0xf3b
V  [libjvm.so+0x988ff1]  PSScavenge::invoke()+0x41
V  [libjvm.so+0x9408b0]  ParallelScavengeHeap::failed_mem_allocate(unsigned long)+0x70
V  [libjvm.so+0xabdba7]  VM_ParallelGCFailedAllocation::doit()+0x97
V  [libjvm.so+0xac55d5]  VM_Operation::evaluate()+0x55
V  [libjvm.so+0xac39aa]  VMThread::evaluate_operation(VM_Operation*)+0xba
V  [libjvm.so+0xac3d2e]  VMThread::loop()+0x1ce
V  [libjvm.so+0xac41a0]  VMThread::run()+0x70
V  [libjvm.so+0x91ef78]  java_start(Thread*)+0x108

VM_Operation (0x00007f729d112d90): ParallelGCFailedAllocation, mode: safepoint, requested by thread 0x00007f72b8230000


---------------  P R O C E S S  ---------------

Java Threads: ( => current thread )
  0x00007f72b8230000 JavaThread "pool-2-thread-4" [_thread_blocked, id=14642, stack(0x00007f729d014000,0x00007f729d115000)]
  0x00007f72b822e000 JavaThread "pool-2-thread-3" [_thread_blocked, id=14641, stack(0x00007f729d115000,0x00007f729d216000)]
  0x00007f72b822c000 JavaThread "pool-2-thread-2" [_thread_blocked, id=14640, stack(0x00007f729d216000,0x00007f729d317000)]
  0x00007f72b822b000 JavaThread "pool-3-thread-1" [_thread_blocked, id=14639, stack(0x00007f729d317000,0x00007f729d418000)]
  0x00007f72b8228800 JavaThread "pool-2-thread-1" [_thread_blocked, id=14638, stack(0x00007f729d418000,0x00007f729d519000)]
  0x00007f72b80c8800 JavaThread "Service Thread" daemon [_thread_blocked, id=14636, stack(0x00007f729d650000,0x00007f729d751000)]
  0x00007f72b80bd000 JavaThread "C1 CompilerThread2" daemon [_thread_blocked, id=14635, stack(0x00007f729d751000,0x00007f729d852000)]
  0x00007f72b80bb800 JavaThread "C2 CompilerThread1" daemon [_thread_in_native, id=14634, stack(0x00007f729d852000,0x00007f729d953000)]
  0x00007f72b80b8800 JavaThread "C2 CompilerThread0" daemon [_thread_blocked, id=14633, stack(0x00007f729d953000,0x00007f729da54000)]
  0x00007f72b80b7000 JavaThread "Signal Dispatcher" daemon [_thread_blocked, id=14632, stack(0x00007f729da54000,0x00007f729db55000)]
  0x00007f72b8084000 JavaThread "Finalizer" daemon [_thread_blocked, id=14630, stack(0x00007f729e237000,0x00007f729e338000)]
  0x00007f72b807f800 JavaThread "Reference Handler" daemon [_thread_blocked, id=14629, stack(0x00007f729e338000,0x00007f729e439000)]
  0x00007f72b800a000 JavaThread "main" [_thread_blocked, id=14623, stack(0x00007f72bfb28000,0x00007f72bfc29000)]

Other Threads:
=>0x00007f72b8078000 VMThread [stack: 0x00007f729e439000,0x00007f729e53a000] [id=14628]
  0x00007f72b80cb000 WatcherThread [stack: 0x00007f729d54f000,0x00007f729d650000] [id=14637]

VM state:at safepoint (normal execution)

VM Mutex/Monitor currently owned by a thread:  ([mutex/lock_event])
[0x00007f72b80065f0] Threads_lock - owner thread: 0x00007f72b8078000
[0x00007f72b8006af0] Heap_lock - owner thread: 0x00007f72b8230000

Heap:
 PSYoungGen      total 132096K, used 5096K [0x000000076ab00000, 0x0000000773100000, 0x00000007c0000000)
  eden space 126976K, 0% used [0x000000076ab00000,0x000000076ab00000,0x0000000772700000)
  from space 5120K, 99% used [0x0000000772700000,0x0000000772bfa040,0x0000000772c00000)
  to   space 5120K, 0% used [0x0000000772c00000,0x0000000772c00000,0x0000000773100000)
 ParOldGen       total 84992K, used 39081K [0x00000006c0000000, 0x00000006c5300000, 0x000000076ab00000)
  object space 84992K, 45% used [0x00000006c0000000,0x00000006c262a6a8,0x00000006c5300000)
 Metaspace       used 6241K, capacity 7128K, committed 7424K, reserved 1056768K
  class space    used 615K, capacity 656K, committed 768K, reserved 1048576K

Card table byte_map: [0x00007f72bc0ea000,0x00007f72bc8eb000] byte_map_base: 0x00007f72b8aea000

Marking Bits: (ParMarkBitMap*) 0x00007f72bf000d60
 Begin Bits: [0x00007f72a06a6000, 0x00007f72a46a6000)
 End Bits:   [0x00007f72a46a6000, 0x00007f72a86a6000)

Polling page: 0x00007f72bfc49000

CodeCache: size=245760Kb used=6159Kb max_used=6159Kb free=239600Kb
 bounds [0x00007f72a9000000, 0x00007f72a9610000, 0x00007f72b8000000]
 total_blobs=1889 nmethods=1621 adapters=182
 compilation: enabled

Compilation events (10 events):
Event: 2.262 Thread 0x00007f72b80bd000 nmethod 1824 0x00007f72a9606390 code [0x00007f72a96064e0, 0x00007f72a9606610]
Event: 2.262 Thread 0x00007f72b80bd000 1758       2       com.android.dx.dex.code.DalvCode::<init> (68 bytes)
Event: 2.263 Thread 0x00007f72b80bd000 nmethod 1758 0x00007f72a9606690 code [0x00007f72a9606820, 0x00007f72a9606b38]
Event: 2.263 Thread 0x00007f72b80bd000 1746       2       com.android.dx.cf.code.BasicBlocker::<init> (79 bytes)
Event: 2.263 Thread 0x00007f72b80bd000 nmethod 1746 0x00007f72a9606c90 code [0x00007f72a9606e20, 0x00007f72a9607388]
Event: 2.263 Thread 0x00007f72b80bd000 1849       2       com.android.dx.cf.iface.StdAttributeList::byteLength (35 bytes)
Event: 2.263 Thread 0x00007f72b80bd000 nmethod 1849 0x00007f72a9607610 code [0x00007f72a96077a0, 0x00007f72a9607a18]
Event: 2.263 Thread 0x00007f72b80bd000 1845   !   2       com.android.dx.cf.attrib.AttCode::<init> (144 bytes)
Event: 2.264 Thread 0x00007f72b80bd000 nmethod 1845 0x00007f72a9607bd0 code [0x00007f72a9607de0, 0x00007f72a9608508]
Event: 2.264 Thread 0x00007f72b80bd000 1846       2       com.android.dx.cf.attrib.AttCode::byteLength (29 bytes)

GC Heap History (9 events):
Event: 0.186 GC heap before
{Heap before GC invocations=1 (full 0):
 PSYoungGen      total 36864K, used 31744K [0x000000076ab00000, 0x000000076d400000, 0x00000007c0000000)
  eden space 31744K, 100% used [0x000000076ab00000,0x000000076ca00000,0x000000076ca00000)
  from space 5120K, 0% used [0x000000076cf00000,0x000000076cf00000,0x000000076d400000)
  to   space 5120K, 0% used [0x000000076ca00000,0x000000076ca00000,0x000000076cf00000)
 ParOldGen       total 84992K, used 0K [0x00000006c0000000, 0x00000006c5300000, 0x000000076ab00000)
  object space 84992K, 0% used [0x00000006c0000000,0x00000006c0000000,0x00000006c5300000)
 Metaspace       used 3349K, capacity 4720K, committed 4864K, reserved 1056768K
  class space    used 359K, capacity 424K, committed 512K, reserved 1048576K
Event: 0.188 GC heap after
Heap after GC invocations=1 (full 0):
 PSYoungGen      total 36864K, used 1229K [0x000000076ab00000, 0x000000076f300000, 0x00000007c0000000)
  eden space 31744K, 0% used [0x000000076ab00000,0x000000076ab00000,0x000000076ca00000)
  from space 5120K, 24% used [0x000000076ca00000,0x000000076cb33630,0x000000076cf00000)
  to   space 5120K, 0% used [0x000000076ee00000,0x000000076ee00000,0x000000076f300000)
 ParOldGen       total 84992K, used 8K [0x00000006c0000000, 0x00000006c5300000, 0x000000076ab00000)
  object space 84992K, 0% used [0x00000006c0000000,0x00000006c0002000,0x00000006c5300000)
 Metaspace       used 3349K, capacity 4720K, committed 4864K, reserved 1056768K
  class space    used 359K, capacity 424K, committed 512K, reserved 1048576K
}
Event: 0.735 GC heap before
{Heap before GC invocations=2 (full 0):
 PSYoungGen      total 36864K, used 32973K [0x000000076ab00000, 0x000000076f300000, 0x00000007c0000000)
  eden space 31744K, 100% used [0x000000076ab00000,0x000000076ca00000,0x000000076ca00000)
  from space 5120K, 24% used [0x000000076ca00000,0x000000076cb33630,0x000000076cf00000)
  to   space 5120K, 0% used [0x000000076ee00000,0x000000076ee00000,0x000000076f300000)
 ParOldGen       total 84992K, used 8K [0x00000006c0000000, 0x00000006c5300000, 0x000000076ab00000)
  object space 84992K, 0% used [0x00000006c0000000,0x00000006c0002000,0x00000006c5300000)
 Metaspace       used 5834K, capacity 6832K, committed 7040K, reserved 1056768K
  class space    used 593K, capacity 616K, committed 640K, reserved 1048576K
Event: 0.746 GC heap after
Heap after GC invocations=2 (full 0):
 PSYoungGen      total 68608K, used 5117K [0x000000076ab00000, 0x000000076f300000, 0x00000007c0000000)
  eden space 63488K, 0% used [0x000000076ab00000,0x000000076ab00000,0x000000076e900000)
  from space 5120K, 99% used [0x000000076ee00000,0x000000076f2ff690,0x000000076f300000)
  to   space 5120K, 0% used [0x000000076e900000,0x000000076e900000,0x000000076ee00000)
 ParOldGen       total 84992K, used 1859K [0x00000006c0000000, 0x00000006c5300000, 0x000000076ab00000)
  object space 84992K, 2% used [0x00000006c0000000,0x00000006c01d0dc8,0x00000006c5300000)
 Metaspace       used 5834K, capacity 6832K, committed 7040K, reserved 1056768K
  class space    used 593K, capacity 616K, committed 640K, reserved 1048576K
}
Event: 1.272 GC heap before
{Heap before GC invocations=3 (full 0):
 PSYoungGen      total 68608K, used 68605K [0x000000076ab00000, 0x000000076f300000, 0x00000007c0000000)
  eden space 63488K, 100% used [0x000000076ab00000,0x000000076e900000,0x000000076e900000)
  from space 5120K, 99% used [0x000000076ee00000,0x000000076f2ff690,0x000000076f300000)
  to   space 5120K, 0% used [0x000000076e900000,0x000000076e900000,0x000000076ee00000)
 ParOldGen       total 84992K, used 1859K [0x00000006c0000000, 0x00000006c5300000, 0x000000076ab00000)
  object space 84992K, 2% used [0x00000006c0000000,0x00000006c01d0dc8,0x00000006c5300000)
 Metaspace       used 5915K, capacity 6896K, committed 7040K, reserved 1056768K
  class space    used 594K, capacity 616K, committed 640K, reserved 1048576K
Event: 1.292 GC heap after
Heap after GC invocations=3 (full 0):
 PSYoungGen      total 68608K, used 5102K [0x000000076ab00000, 0x0000000773100000, 0x00000007c0000000)
  eden space 63488K, 0% used [0x000000076ab00000,0x000000076ab00000,0x000000076e900000)
  from space 5120K, 99% used [0x000000076e900000,0x000000076edfba00,0x000000076ee00000)
  to   space 5120K, 0% used [0x0000000772c00000,0x0000000772c00000,0x0000000773100000)
 ParOldGen       total 84992K, used 11862K [0x00000006c0000000, 0x00000006c5300000, 0x000000076ab00000)
  object space 84992K, 13% used [0x00000006c0000000,0x00000006c0b959e0,0x00000006c5300000)
 Metaspace       used 5915K, capacity 6896K, committed 7040K, reserved 1056768K
  class space    used 594K, capacity 616K, committed 640K, reserved 1048576K
}
Event: 1.620 GC heap before
{Heap before GC invocations=4 (full 0):
 PSYoungGen      total 68608K, used 68590K [0x000000076ab00000, 0x0000000773100000, 0x00000007c0000000)
  eden space 63488K, 100% used [0x000000076ab00000,0x000000076e900000,0x000000076e900000)
  from space 5120K, 99% used [0x000000076e900000,0x000000076edfba00,0x000000076ee00000)
  to   space 5120K, 0% used [0x0000000772c00000,0x0000000772c00000,0x0000000773100000)
 ParOldGen       total 84992K, used 11862K [0x00000006c0000000, 0x00000006c5300000, 0x000000076ab00000)
  object space 84992K, 13% used [0x00000006c0000000,0x00000006c0b959e0,0x00000006c5300000)
 Metaspace       used 6045K, capacity 7024K, committed 7296K, reserved 1056768K
  class space    used 595K, capacity 616K, committed 640K, reserved 1048576K
Event: 1.662 GC heap after
Heap after GC invocations=4 (full 0):
 PSYoungGen      total 132096K, used 5093K [0x000000076ab00000, 0x0000000773100000, 0x00000007c0000000)
  eden space 126976K, 0% used [0x000000076ab00000,0x000000076ab00000,0x0000000772700000)
  from space 5120K, 99% used [0x0000000772c00000,0x00000007730f9440,0x0000000773100000)
  to   space 5120K, 0% used [0x0000000772700000,0x0000000772700000,0x0000000772c00000)
 ParOldGen       total 84992K, used 21916K [0x00000006c0000000, 0x00000006c5300000, 0x000000076ab00000)
  object space 84992K, 25% used [0x00000006c0000000,0x00000006c1567170,0x00000006c5300000)
 Metaspace       used 6045K, capacity 7024K, committed 7296K, reserved 1056768K
  class space    used 595K, capacity 616K, committed 640K, reserved 1048576K
}
Event: 2.265 GC heap before
{Heap before GC invocations=5 (full 0):
 PSYoungGen      total 132096K, used 132069K [0x000000076ab00000, 0x0000000773100000, 0x00000007c0000000)
  eden space 126976K, 100% used [0x000000076ab00000,0x0000000772700000,0x0000000772700000)
  from space 5120K, 99% used [0x0000000772c00000,0x00000007730f9440,0x0000000773100000)
  to   space 5120K, 0% used [0x0000000772700000,0x0000000772700000,0x0000000772c00000)
 ParOldGen       total 84992K, used 21916K [0x00000006c0000000, 0x00000006c5300000, 0x000000076ab00000)
  object space 84992K, 25% used [0x00000006c0000000,0x00000006c1567170,0x00000006c5300000)
 Metaspace       used 6241K, capacity 7128K, committed 7424K, reserved 1056768K
  class space    used 615K, capacity 656K, committed 768K, reserved 1048576K

Deoptimization events (10 events):
Event: 1.403 Thread 0x00007f72b822c000 Uncommon trap: reason=unstable_if action=reinterpret pc=0x00007f72a92fa718 method=com.android.dx.rop.code.RegisterSpec.equals(ILcom/android/dx/rop/type/TypeBearer;Lcom/android/dx/rop/code/LocalItem;)Z @ 42
Event: 1.594 Thread 0x00007f72b8228800 Uncommon trap: reason=unstable_if action=reinterpret pc=0x00007f72a93ec0fc method=com.android.dx.ssa.SsaMethod.updateOneDefinition(Lcom/android/dx/ssa/SsaInsn;Lcom/android/dx/rop/code/RegisterSpec;)V @ 4
Event: 1.866 Thread 0x00007f72b822e000 Uncommon trap: reason=unstable_if action=reinterpret pc=0x00007f72a953f544 method=com.android.dx.ssa.SCCP.simulateStmt(Lcom/android/dx/ssa/SsaInsn;)V @ 53
Event: 1.939 Thread 0x00007f72b822e000 Uncommon trap: reason=unstable_if action=reinterpret pc=0x00007f72a9340eec method=java.util.HashMap.putVal(ILjava/lang/Object;Ljava/lang/Object;ZZ)Ljava/lang/Object; @ 162
Event: 1.947 Thread 0x00007f72b822e000 Uncommon trap: reason=unstable_if action=reinterpret pc=0x00007f72a93d22dc method=java.util.HashMap.getNode(ILjava/lang/Object;)Ljava/util/HashMap$Node; @ 84
Event: 1.952 Thread 0x00007f72b822c000 Uncommon trap: reason=unstable_if action=reinterpret pc=0x00007f72a94befc4 method=java.util.HashMap.getNode(ILjava/lang/Object;)Ljava/util/HashMap$Node; @ 84
Event: 2.020 Thread 0x00007f72b822c000 Uncommon trap: reason=bimorphic action=maybe_recompile pc=0x00007f72a94d2254 method=java.util.HashMap.putVal(ILjava/lang/Object;Ljava/lang/Object;ZZ)Ljava/lang/Object; @ 203
Event: 2.053 Thread 0x00007f72b800a000 Uncommon trap: reason=bimorphic action=maybe_recompile pc=0x00007f72a94d2254 method=java.util.HashMap.putVal(ILjava/lang/Object;Ljava/lang/Object;ZZ)Ljava/lang/Object; @ 203
Event: 2.053 Thread 0x00007f72b800a000 Uncommon trap: reason=bimorphic action=maybe_recompile pc=0x00007f72a94d2254 method=java.util.HashMap.putVal(ILjava/lang/Object;Ljava/lang/Object;ZZ)Ljava/lang/Object; @ 203
Event: 2.053 Thread 0x00007f72b800a000 Uncommon trap: reason=unstable_if action=reinterpret pc=0x00007f72a94d1efc method=java.util.HashMap.putVal(ILjava/lang/Object;Ljava/lang/Object;ZZ)Ljava/lang/Object; @ 162

Internal exceptions (6 events):
Event: 0.020 Thread 0x00007f72b800a000 Exception <a 'java/lang/NoSuchMethodError': Method sun.misc.Unsafe.defineClass(Ljava/lang/String;[BII)Ljava/lang/Class; name or signature does not match> (0x000000076ab07cc0) thrown at [/HUDSON/workspace/8-2-build-linux-amd64/jdk8u91/6644/hotspot/src/shar
Event: 0.020 Thread 0x00007f72b800a000 Exception <a 'java/lang/NoSuchMethodError': Method sun.misc.Unsafe.prefetchRead(Ljava/lang/Object;J)V name or signature does not match> (0x000000076ab07fa8) thrown at [/HUDSON/workspace/8-2-build-linux-amd64/jdk8u91/6644/hotspot/src/share/vm/prims/jni.cpp
Event: 0.771 Thread 0x00007f72b800a000 Implicit null exception at 0x00007f72a93047a6 to 0x00007f72a9306ed5
Event: 1.942 Thread 0x00007f72b822e000 Exception <a 'java/lang/ArrayIndexOutOfBoundsException': 18> (0x000000076e836868) thrown at [/HUDSON/workspace/8-2-build-linux-amd64/jdk8u91/6644/hotspot/src/share/vm/interpreter/interpreterRuntime.cpp, line 366]
Event: 1.942 Thread 0x00007f72b822e000 Exception <a 'java/lang/ArrayIndexOutOfBoundsException': 145> (0x000000076e8383e8) thrown at [/HUDSON/workspace/8-2-build-linux-amd64/jdk8u91/6644/hotspot/src/share/vm/interpreter/interpreterRuntime.cpp, line 366]
Event: 1.945 Thread 0x00007f72b822e000 Exception <a 'java/lang/ArrayIndexOutOfBoundsException': 40> (0x000000076e8396d0) thrown at [/HUDSON/workspace/8-2-build-linux-amd64/jdk8u91/6644/hotspot/src/share/vm/interpreter/interpreterRuntime.cpp, line 366]

Events (10 events):
Event: 2.206 Thread 0x00007f72b822c000 DEOPT UNPACKING pc=0x00007f72a9047633 sp=0x00007f729d314c20 mode 0
Event: 2.222 Thread 0x00007f72b822c000 DEOPT PACKING pc=0x00007f72a92717a8 sp=0x00007f729d3142a0
Event: 2.222 Thread 0x00007f72b822c000 DEOPT UNPACKING pc=0x00007f72a9047633 sp=0x00007f729d313fe0 mode 0
Event: 2.223 Thread 0x00007f72b822c000 DEOPT PACKING pc=0x00007f72a93217b8 sp=0x00007f729d314df0
Event: 2.223 Thread 0x00007f72b822c000 DEOPT UNPACKING pc=0x00007f72a9047633 sp=0x00007f729d314bf0 mode 0
Event: 2.227 Thread 0x00007f72b822e000 DEOPT PACKING pc=0x00007f72a949793c sp=0x00007f729d213f30
Event: 2.227 Thread 0x00007f72b822e000 DEOPT UNPACKING pc=0x00007f72a9047633 sp=0x00007f729d213c98 mode 0
Event: 2.259 Thread 0x00007f72b8230000 DEOPT PACKING pc=0x00007f72a93217b8 sp=0x00007f729d112ef0
Event: 2.259 Thread 0x00007f72b8230000 DEOPT UNPACKING pc=0x00007f72a9047633 sp=0x00007f729d112cf0 mode 0
Event: 2.265 Executing VM operation: ParallelGCFailedAllocation


Dynamic libraries:
00400000-00401000 r-xp 00000000 08:01 1454135                            /usr/lib/jvm/java-8-oracle/bin/java
00600000-00601000 rw-p 00000000 08:01 1454135                            /usr/lib/jvm/java-8-oracle/bin/java
016be000-016df000 rw-p 00000000 00:00 0                                  [heap]
6c0000000-6c5300000 rw-p 00000000 00:00 0 
6c5300000-76ab00000 ---p 00000000 00:00 0 
76ab00000-773100000 rw-p 00000000 00:00 0 
77da00000-7c0000000 ---p 00000000 00:00 0 
7c0000000-7c00c0000 rw-p 00000000 00:00 0 
7c00c0000-800000000 ---p 00000000 00:00 0 
7f7248000000-7f7248021000 rw-p 00000000 00:00 0 
7f7248021000-7f724c000000 ---p 00000000 00:00 0 
7f7250000000-7f7250027000 rw-p 00000000 00:00 0 
7f7250027000-7f7254000000 ---p 00000000 00:00 0 
7f7254000000-7f7254038000 rw-p 00000000 00:00 0 
7f7254038000-7f7258000000 ---p 00000000 00:00 0 
7f7258000000-7f725803b000 rw-p 00000000 00:00 0 
7f725803b000-7f725c000000 ---p 00000000 00:00 0 
7f725c000000-7f725c021000 rw-p 00000000 00:00 0 
7f725c021000-7f7260000000 ---p 00000000 00:00 0 
7f7260000000-7f7260021000 rw-p 00000000 00:00 0 
7f7260021000-7f7264000000 ---p 00000000 00:00 0 
7f7264000000-7f7264021000 rw-p 00000000 00:00 0 
7f7264021000-7f7268000000 ---p 00000000 00:00 0 
7f7268000000-7f726866e000 rw-p 00000000 00:00 0 
7f726866e000-7f726c000000 ---p 00000000 00:00 0 
7f726c000000-7f726caa0000 rw-p 00000000 00:00 0 
7f726caa0000-7f7270000000 ---p 00000000 00:00 0 
7f7270000000-7f7270021000 rw-p 00000000 00:00 0 
7f7270021000-7f7274000000 ---p 00000000 00:00 0 
7f7274000000-7f727485b000 rw-p 00000000 00:00 0 
7f727485b000-7f7278000000 ---p 00000000 00:00 0 
7f7278000000-7f7278021000 rw-p 00000000 00:00 0 
7f7278021000-7f727c000000 ---p 00000000 00:00 0 
7f727c000000-7f727c021000 rw-p 00000000 00:00 0 
7f727c021000-7f7280000000 ---p 00000000 00:00 0 
7f7280000000-7f7280021000 rw-p 00000000 00:00 0 
7f7280021000-7f7284000000 ---p 00000000 00:00 0 
7f7284000000-7f7284294000 rw-p 00000000 00:00 0 
7f7284294000-7f7288000000 ---p 00000000 00:00 0 
7f7288000000-7f7288021000 rw-p 00000000 00:00 0 
7f7288021000-7f728c000000 ---p 00000000 00:00 0 
7f7290000000-7f7290021000 rw-p 00000000 00:00 0 
7f7290021000-7f7294000000 ---p 00000000 00:00 0 
7f7298000000-7f7298021000 rw-p 00000000 00:00 0 
7f7298021000-7f729c000000 ---p 00000000 00:00 0 
7f729d014000-7f729d017000 ---p 00000000 00:00 0 
7f729d017000-7f729d115000 rw-p 00000000 00:00 0 
7f729d115000-7f729d118000 ---p 00000000 00:00 0 
7f729d118000-7f729d216000 rw-p 00000000 00:00 0 
7f729d216000-7f729d219000 ---p 00000000 00:00 0 
7f729d219000-7f729d317000 rw-p 00000000 00:00 0 
7f729d317000-7f729d31a000 ---p 00000000 00:00 0 
7f729d31a000-7f729d418000 rw-p 00000000 00:00 0 
7f729d418000-7f729d41b000 ---p 00000000 00:00 0 
7f729d41b000-7f729d519000 rw-p 00000000 00:00 0 
7f729d519000-7f729d54f000 r--s 002b8000 08:05 4855617                    /home/onmymobile/AndroidStudioProjects/Heritage/SmsCapture (2)/app/build/intermediates/transforms/jarMerging/release/jars/1/1f/combined.jar
7f729d54f000-7f729d550000 ---p 00000000 00:00 0 
7f729d550000-7f729d650000 rw-p 00000000 00:00 0 
7f729d650000-7f729d653000 ---p 00000000 00:00 0 
7f729d653000-7f729d751000 rw-p 00000000 00:00 0 
7f729d751000-7f729d754000 ---p 00000000 00:00 0 
7f729d754000-7f729d852000 rw-p 00000000 00:00 0 
7f729d852000-7f729d855000 ---p 00000000 00:00 0 
7f729d855000-7f729d953000 rw-p 00000000 00:00 0 
7f729d953000-7f729d956000 ---p 00000000 00:00 0 
7f729d956000-7f729da54000 rw-p 00000000 00:00 0 
7f729da54000-7f729da57000 ---p 00000000 00:00 0 
7f729da57000-7f729db55000 rw-p 00000000 00:00 0 
7f729db55000-7f729e237000 r--p 00000000 08:01 1448881                    /usr/lib/locale/locale-archive
7f729e237000-7f729e23a000 ---p 00000000 00:00 0 
7f729e23a000-7f729e338000 rw-p 00000000 00:00 0 
7f729e338000-7f729e33b000 ---p 00000000 00:00 0 
7f729e33b000-7f729e439000 rw-p 00000000 00:00 0 
7f729e439000-7f729e43a000 ---p 00000000 00:00 0 
7f729e43a000-7f729f4cd000 rw-p 00000000 00:00 0 
7f729f4cd000-7f729f6a6000 r--s 03d1f000 08:01 1452558                    /usr/lib/jvm/java-8-oracle/jre/lib/rt.jar
7f729f6a6000-7f729fd26000 rw-p 00000000 00:00 0 
7f729fd26000-7f729fea6000 ---p 00000000 00:00 0 
7f729fea6000-7f72a86a6000 rw-p 00000000 00:00 0 
7f72a86a6000-7f72a86a7000 ---p 00000000 00:00 0 
7f72a86a7000-7f72a87a7000 rw-p 00000000 00:00 0 
7f72a87a7000-7f72a87a8000 ---p 00000000 00:00 0 
7f72a87a8000-7f72a88a8000 rw-p 00000000 00:00 0 
7f72a88a8000-7f72a88a9000 ---p 00000000 00:00 0 
7f72a88a9000-7f72a89a9000 rw-p 00000000 00:00 0 
7f72a89a9000-7f72a89aa000 ---p 00000000 00:00 0 
7f72a89aa000-7f72a8ad4000 rw-p 00000000 00:00 0 
7f72a8ad4000-7f72a9000000 ---p 00000000 00:00 0 
7f72a9000000-7f72a9610000 rwxp 00000000 00:00 0 
7f72a9610000-7f72b8000000 ---p 00000000 00:00 0 
7f72b8000000-7f72b83a6000 rw-p 00000000 00:00 0 
7f72b83a6000-7f72bc000000 ---p 00000000 00:00 0 
7f72bc004000-7f72bc114000 rw-p 00000000 00:00 0 
7f72bc114000-7f72bc63f000 ---p 00000000 00:00 0 
7f72bc63f000-7f72bc683000 rw-p 00000000 00:00 0 
7f72bc683000-7f72bc8ea000 ---p 00000000 00:00 0 
7f72bc8ea000-7f72bc904000 rw-p 00000000 00:00 0 
7f72bc904000-7f72bccab000 ---p 00000000 00:00 0 
7f72bccab000-7f72bccc5000 r-xp 00000000 08:01 1452613                    /usr/lib/jvm/java-8-oracle/jre/lib/amd64/libzip.so
7f72bccc5000-7f72bcec5000 ---p 0001a000 08:01 1452613                    /usr/lib/jvm/java-8-oracle/jre/lib/amd64/libzip.so
7f72bcec5000-7f72bcec6000 rw-p 0001a000 08:01 1452613                    /usr/lib/jvm/java-8-oracle/jre/lib/amd64/libzip.so
7f72bcec6000-7f72bced0000 r-xp 00000000 08:01 7078098                    /lib/x86_64-linux-gnu/libnss_files-2.19.so
7f72bced0000-7f72bd0cf000 ---p 0000a000 08:01 7078098                    /lib/x86_64-linux-gnu/libnss_files-2.19.so
7f72bd0cf000-7f72bd0d0000 r--p 00009000 08:01 7078098                    /lib/x86_64-linux-gnu/libnss_files-2.19.so
7f72bd0d0000-7f72bd0d1000 rw-p 0000a000 08:01 7078098                    /lib/x86_64-linux-gnu/libnss_files-2.19.so
7f72bd0d1000-7f72bd0dc000 r-xp 00000000 08:01 7078090                    /lib/x86_64-linux-gnu/libnss_nis-2.19.so
7f72bd0dc000-7f72bd2db000 ---p 0000b000 08:01 7078090                    /lib/x86_64-linux-gnu/libnss_nis-2.19.so
7f72bd2db000-7f72bd2dc000 r--p 0000a000 08:01 7078090                    /lib/x86_64-linux-gnu/libnss_nis-2.19.so
7f72bd2dc000-7f72bd2dd000 rw-p 0000b000 08:01 7078090                    /lib/x86_64-linux-gnu/libnss_nis-2.19.so
7f72bd2dd000-7f72bd2f4000 r-xp 00000000 08:01 7078086                    /lib/x86_64-linux-gnu/libnsl-2.19.so
7f72bd2f4000-7f72bd4f3000 ---p 00017000 08:01 7078086                    /lib/x86_64-linux-gnu/libnsl-2.19.so
7f72bd4f3000-7f72bd4f4000 r--p 00016000 08:01 7078086                    /lib/x86_64-linux-gnu/libnsl-2.19.so
7f72bd4f4000-7f72bd4f5000 rw-p 00017000 08:01 7078086                    /lib/x86_64-linux-gnu/libnsl-2.19.so
7f72bd4f5000-7f72bd4f7000 rw-p 00000000 00:00 0 
7f72bd4f7000-7f72bd500000 r-xp 00000000 08:01 7078085                    /lib/x86_64-linux-gnu/libnss_compat-2.19.so
7f72bd500000-7f72bd6ff000 ---p 00009000 08:01 7078085                    /lib/x86_64-linux-gnu/libnss_compat-2.19.so
7f72bd6ff000-7f72bd700000 r--p 00008000 08:01 7078085                    /lib/x86_64-linux-gnu/libnss_compat-2.19.so
7f72bd700000-7f72bd701000 rw-p 00009000 08:01 7078085                    /lib/x86_64-linux-gnu/libnss_compat-2.19.so
7f72bd701000-7f72bd72b000 r-xp 00000000 08:01 1452593                    /usr/lib/jvm/java-8-oracle/jre/lib/amd64/libjava.so
7f72bd72b000-7f72bd92b000 ---p 0002a000 08:01 1452593                    /usr/lib/jvm/java-8-oracle/jre/lib/amd64/libjava.so
7f72bd92b000-7f72bd92d000 rw-p 0002a000 08:01 1452593                    /usr/lib/jvm/java-8-oracle/jre/lib/amd64/libjava.so
7f72bd92d000-7f72bd93a000 r-xp 00000000 08:01 1452610                    /usr/lib/jvm/java-8-oracle/jre/lib/amd64/libverify.so
7f72bd93a000-7f72bdb3a000 ---p 0000d000 08:01 1452610                    /usr/lib/jvm/java-8-oracle/jre/lib/amd64/libverify.so
7f72bdb3a000-7f72bdb3c000 rw-p 0000d000 08:01 1452610                    /usr/lib/jvm/java-8-oracle/jre/lib/amd64/libverify.so
7f72bdb3c000-7f72bdb43000 r-xp 00000000 08:01 7078094                    /lib/x86_64-linux-gnu/librt-2.19.so
7f72bdb43000-7f72bdd42000 ---p 00007000 08:01 7078094                    /lib/x86_64-linux-gnu/librt-2.19.so
7f72bdd42000-7f72bdd43000 r--p 00006000 08:01 7078094                    /lib/x86_64-linux-gnu/librt-2.19.so
7f72bdd43000-7f72bdd44000 rw-p 00007000 08:01 7078094                    /lib/x86_64-linux-gnu/librt-2.19.so
7f72bdd44000-7f72bde49000 r-xp 00000000 08:01 7078080                    /lib/x86_64-linux-gnu/libm-2.19.so
7f72bde49000-7f72be048000 ---p 00105000 08:01 7078080                    /lib/x86_64-linux-gnu/libm-2.19.so
7f72be048000-7f72be049000 r--p 00104000 08:01 7078080                    /lib/x86_64-linux-gnu/libm-2.19.so
7f72be049000-7f72be04a000 rw-p 00105000 08:01 7078080                    /lib/x86_64-linux-gnu/libm-2.19.so
7f72be04a000-7f72bed0a000 r-xp 00000000 08:01 1452601                    /usr/lib/jvm/java-8-oracle/jre/lib/amd64/server/libjvm.so
7f72bed0a000-7f72bef0a000 ---p 00cc0000 08:01 1452601                    /usr/lib/jvm/java-8-oracle/jre/lib/amd64/server/libjvm.so
7f72bef0a000-7f72befe2000 rw-p 00cc0000 08:01 1452601                    /usr/lib/jvm/java-8-oracle/jre/lib/amd64/server/libjvm.so
7f72befe2000-7f72bf02d000 rw-p 00000000 00:00 0 
7f72bf02d000-7f72bf1e7000 r-xp 00000000 08:01 7078095                    /lib/x86_64-linux-gnu/libc-2.19.so
7f72bf1e7000-7f72bf3e7000 ---p 001ba000 08:01 7078095                    /lib/x86_64-linux-gnu/libc-2.19.so
7f72bf3e7000-7f72bf3eb000 r--p 001ba000 08:01 7078095                    /lib/x86_64-linux-gnu/libc-2.19.so
7f72bf3eb000-7f72bf3ed000 rw-p 001be000 08:01 7078095                    /lib/x86_64-linux-gnu/libc-2.19.so
7f72bf3ed000-7f72bf3f2000 rw-p 00000000 00:00 0 
7f72bf3f2000-7f72bf3f5000 r-xp 00000000 08:01 7078082                    /lib/x86_64-linux-gnu/libdl-2.19.so
7f72bf3f5000-7f72bf5f4000 ---p 00003000 08:01 7078082                    /lib/x86_64-linux-gnu/libdl-2.19.so
7f72bf5f4000-7f72bf5f5000 r--p 00002000 08:01 7078082                    /lib/x86_64-linux-gnu/libdl-2.19.so
7f72bf5f5000-7f72bf5f6000 rw-p 00003000 08:01 7078082                    /lib/x86_64-linux-gnu/libdl-2.19.so
7f72bf5f6000-7f72bf60b000 r-xp 00000000 08:01 1454079                    /usr/lib/jvm/java-8-oracle/lib/amd64/jli/libjli.so
7f72bf60b000-7f72bf80b000 ---p 00015000 08:01 1454079                    /usr/lib/jvm/java-8-oracle/lib/amd64/jli/libjli.so
7f72bf80b000-7f72bf80c000 rw-p 00015000 08:01 1454079                    /usr/lib/jvm/java-8-oracle/lib/amd64/jli/libjli.so
7f72bf80c000-7f72bf825000 r-xp 00000000 08:01 7078087                    /lib/x86_64-linux-gnu/libpthread-2.19.so
7f72bf825000-7f72bfa24000 ---p 00019000 08:01 7078087                    /lib/x86_64-linux-gnu/libpthread-2.19.so
7f72bfa24000-7f72bfa25000 r--p 00018000 08:01 7078087                    /lib/x86_64-linux-gnu/libpthread-2.19.so
7f72bfa25000-7f72bfa26000 rw-p 00019000 08:01 7078087                    /lib/x86_64-linux-gnu/libpthread-2.19.so
7f72bfa26000-7f72bfa2a000 rw-p 00000000 00:00 0 
7f72bfa2a000-7f72bfa4d000 r-xp 00000000 08:01 7078088                    /lib/x86_64-linux-gnu/ld-2.19.so
7f72bfa55000-7f72bfb28000 rw-p 00000000 00:00 0 
7f72bfb28000-7f72bfb2b000 ---p 00000000 00:00 0 
7f72bfb2b000-7f72bfc2d000 rw-p 00000000 00:00 0 
7f72bfc30000-7f72bfc31000 rw-p 00000000 00:00 0 
7f72bfc31000-7f72bfc40000 r--s 000df000 08:05 264644                     /home/onmymobile/Android/Sdk/build-tools/23.0.3/lib/dx.jar
7f72bfc40000-7f72bfc48000 rw-s 00000000 08:01 524413                     /tmp/hsperfdata_onmymobile/14619
7f72bfc48000-7f72bfc49000 rw-p 00000000 00:00 0 
7f72bfc49000-7f72bfc4a000 ---p 00000000 00:00 0 
7f72bfc4a000-7f72bfc4c000 rw-p 00000000 00:00 0 
7f72bfc4c000-7f72bfc4d000 r--p 00022000 08:01 7078088                    /lib/x86_64-linux-gnu/ld-2.19.so
7f72bfc4d000-7f72bfc4e000 rw-p 00023000 08:01 7078088                    /lib/x86_64-linux-gnu/ld-2.19.so
7f72bfc4e000-7f72bfc4f000 rw-p 00000000 00:00 0 
7ffd9d2a8000-7ffd9d2c9000 rw-p 00000000 00:00 0                          [stack]
7ffd9d3c3000-7ffd9d3c5000 r--p 00000000 00:00 0                          [vvar]
7ffd9d3c5000-7ffd9d3c7000 r-xp 00000000 00:00 0                          [vdso]
ffffffffff600000-ffffffffff601000 r-xp 00000000 00:00 0                  [vsyscall]

VM Arguments:
jvm_args: -Djava.awt.headless=true -Xmx4g -Dfile.encoding=UTF-8 -Duser.country=IN -Duser.language=en -Duser.variant 
java_command: com.android.dx.command.Main --dex --num-threads=4 --multi-dex --main-dex-list /home/onmymobile/AndroidStudioProjects/Heritage/SmsCapture (2)/app/build/intermediates/multi-dex/release/maindexlist.txt --output /home/onmymobile/AndroidStudioProjects/Heritage/SmsCapture (2)/app/build/intermediates/transforms/dex/release/folders/1000/1f/main /home/onmymobile/AndroidStudioProjects/Heritage/SmsCapture (2)/app/build/intermediates/transforms/jarMerging/release/jars/1/1f/combined.jar
java_class_path (initial): /home/onmymobile/Android/Sdk/build-tools/23.0.3/lib/dx.jar
Launcher Type: SUN_STANDARD

Environment Variables:
JAVA_HOME=/usr/lib/jvm/java-8-oracle
PATH=/home/onmymobile/bin:/usr/local/sbin:/usr/local/bin:/usr/sbin:/usr/bin:/sbin:/bin:/usr/games:/usr/local/games:/usr/lib/jvm/java-8-oracle/bin:/usr/lib/jvm/java-8-oracle/db/bin:/usr/lib/jvm/java-8-oracle/jre/bin
SHELL=/bin/bash
DISPLAY=:0

Signal Handlers:
SIGSEGV: [libjvm.so+0xabca10], sa_mask[0]=11111111011111111101111111111110, sa_flags=SA_RESTART|SA_SIGINFO
SIGBUS: [libjvm.so+0xabca10], sa_mask[0]=11111111011111111101111111111110, sa_flags=SA_RESTART|SA_SIGINFO
SIGFPE: [libjvm.so+0x919a20], sa_mask[0]=11111111011111111101111111111110, sa_flags=SA_RESTART|SA_SIGINFO
SIGPIPE: [libjvm.so+0x919a20], sa_mask[0]=11111111011111111101111111111110, sa_flags=SA_RESTART|SA_SIGINFO
SIGXFSZ: [libjvm.so+0x919a20], sa_mask[0]=11111111011111111101111111111110, sa_flags=SA_RESTART|SA_SIGINFO
SIGILL: [libjvm.so+0x919a20], sa_mask[0]=11111111011111111101111111111110, sa_flags=SA_RESTART|SA_SIGINFO
SIGUSR1: SIG_DFL, sa_mask[0]=00000000000000000000000000000000, sa_flags=none
SIGUSR2: [libjvm.so+0x91b050], sa_mask[0]=00100000000000000000000000000000, sa_flags=SA_RESTART|SA_SIGINFO
SIGHUP: [libjvm.so+0x91c450], sa_mask[0]=11111111011111111101111111111110, sa_flags=SA_RESTART|SA_SIGINFO
SIGINT: [libjvm.so+0x91c450], sa_mask[0]=11111111011111111101111111111110, sa_flags=SA_RESTART|SA_SIGINFO
SIGTERM: [libjvm.so+0x91c450], sa_mask[0]=11111111011111111101111111111110, sa_flags=SA_RESTART|SA_SIGINFO
SIGQUIT: [libjvm.so+0x91c450], sa_mask[0]=11111111011111111101111111111110, sa_flags=SA_RESTART|SA_SIGINFO


---------------  S Y S T E M  ---------------

OS:DISTRIB_ID=Ubuntu
DISTRIB_RELEASE=14.04
DISTRIB_CODENAME=trusty
DISTRIB_DESCRIPTION="Ubuntu 14.04.4 LTS"

uname:Linux 4.2.0-42-generic #49~14.04.1-Ubuntu SMP Wed Jun 29 20:22:11 UTC 2016 x86_64
libc:glibc 2.19 NPTL 2.19 
rlimit: STACK 8192k, CORE 0k, NPROC 31336, NOFILE 4096, AS infinity
load average:1.51 2.75 2.10

/proc/meminfo:
MemTotal:        8044164 kB
MemFree:          140140 kB
MemAvailable:     137684 kB
Buffers:            2620 kB
Cached:          1171104 kB
SwapCached:            0 kB
Active:          6723312 kB
Inactive:         954848 kB
Active(anon):    6662724 kB
Inactive(anon):   899240 kB
Active(file):      60588 kB
Inactive(file):    55608 kB
Unevictable:         156 kB
Mlocked:             156 kB
SwapTotal:             0 kB
SwapFree:              0 kB
Dirty:             38184 kB
Writeback:             0 kB
AnonPages:       6504408 kB
Mapped:           525872 kB
Shmem:           1057804 kB
Slab:              91764 kB
SReclaimable:      47824 kB
SUnreclaim:        43940 kB
KernelStack:       13136 kB
PageTables:        66172 kB
NFS_Unstable:          0 kB
Bounce:                0 kB
WritebackTmp:          0 kB
CommitLimit:     4022080 kB
Committed_AS:   13777944 kB
VmallocTotal:   34359738367 kB
VmallocUsed:      358888 kB
VmallocChunk:   34358947836 kB
HardwareCorrupted:     0 kB
AnonHugePages:   3915776 kB
CmaTotal:              0 kB
CmaFree:               0 kB
HugePages_Total:       0
HugePages_Free:        0
HugePages_Rsvd:        0
HugePages_Surp:        0
Hugepagesize:       2048 kB
DirectMap4k:      187936 kB
DirectMap2M:     8069120 kB


CPU:total 4 (2 cores per cpu, 2 threads per core) family 6 model 58 stepping 9, cmov, cx8, fxsr, mmx, sse, sse2, sse3, ssse3, sse4.1, sse4.2, popcnt, avx, aes, clmul, erms, ht, tsc, tscinvbit, tscinv

/proc/cpuinfo:
processor	: 0
vendor_id	: GenuineIntel
cpu family	: 6
model		: 58
model name	: Intel(R) Core(TM) i5-3340M CPU @ 2.70GHz
stepping	: 9
microcode	: 0x15
cpu MHz		: 3199.921
cache size	: 3072 KB
physical id	: 0
siblings	: 4
core id		: 0
cpu cores	: 2
apicid		: 0
initial apicid	: 0
fpu		: yes
fpu_exception	: yes
cpuid level	: 13
wp		: yes
flags		: fpu vme de pse tsc msr pae mce cx8 apic sep mtrr pge mca cmov pat pse36 clflush dts acpi mmx fxsr sse sse2 ss ht tm pbe syscall nx rdtscp lm constant_tsc arch_perfmon pebs bts rep_good nopl xtopology nonstop_tsc aperfmperf eagerfpu pni pclmulqdq dtes64 monitor ds_cpl vmx smx est tm2 ssse3 cx16 xtpr pdcm pcid sse4_1 sse4_2 x2apic popcnt tsc_deadline_timer aes xsave avx f16c rdrand lahf_lm ida arat epb pln pts dtherm tpr_shadow vnmi flexpriority ept vpid fsgsbase smep erms xsaveopt
bugs		:
bogomips	: 5382.55
clflush size	: 64
cache_alignment	: 64
address sizes	: 36 bits physical, 48 bits virtual
power management:

processor	: 1
vendor_id	: GenuineIntel
cpu family	: 6
model		: 58
model name	: Intel(R) Core(TM) i5-3340M CPU @ 2.70GHz
stepping	: 9
microcode	: 0x15
cpu MHz		: 3199.921
cache size	: 3072 KB
physical id	: 0
siblings	: 4
core id		: 1
cpu cores	: 2
apicid		: 2
initial apicid	: 2
fpu		: yes
fpu_exception	: yes
cpuid level	: 13
wp		: yes
flags		: fpu vme de pse tsc msr pae mce cx8 apic sep mtrr pge mca cmov pat pse36 clflush dts acpi mmx fxsr sse sse2 ss ht tm pbe syscall nx rdtscp lm constant_tsc arch_perfmon pebs bts rep_good nopl xtopology nonstop_tsc aperfmperf eagerfpu pni pclmulqdq dtes64 monitor ds_cpl vmx smx est tm2 ssse3 cx16 xtpr pdcm pcid sse4_1 sse4_2 x2apic popcnt tsc_deadline_timer aes xsave avx f16c rdrand lahf_lm ida arat epb pln pts dtherm tpr_shadow vnmi flexpriority ept vpid fsgsbase smep erms xsaveopt
bugs		:
bogomips	: 5382.55
clflush size	: 64
cache_alignment	: 64
address sizes	: 36 bits physical, 48 bits virtual
power management:

processor	: 2
vendor_id	: GenuineIntel
cpu family	: 6
model		: 58
model name	: Intel(R) Core(TM) i5-3340M CPU @ 2.70GHz
stepping	: 9
microcode	: 0x15
cpu MHz		: 3199.921
cache size	: 3072 KB
physical id	: 0
siblings	: 4
core id		: 0
cpu cores	: 2
apicid		: 1
initial apicid	: 1
fpu		: yes
fpu_exception	: yes
cpuid level	: 13
wp		: yes
flags		: fpu vme de pse tsc msr pae mce cx8 apic sep mtrr pge mca cmov pat pse36 clflush dts acpi mmx fxsr sse sse2 ss ht tm pbe syscall nx rdtscp lm constant_tsc arch_perfmon pebs bts rep_good nopl xtopology nonstop_tsc aperfmperf eagerfpu pni pclmulqdq dtes64 monitor ds_cpl vmx smx est tm2 ssse3 cx16 xtpr pdcm pcid sse4_1 sse4_2 x2apic popcnt tsc_deadline_timer aes xsave avx f16c rdrand lahf_lm ida arat epb pln pts dtherm tpr_shadow vnmi flexpriority ept vpid fsgsbase smep erms xsaveopt
bugs		:
bogomips	: 5382.55
clflush size	: 64
cache_alignment	: 64
address sizes	: 36 bits physical, 48 bits virtual
power management:

processor	: 3
vendor_id	: GenuineIntel
cpu family	: 6
model		: 58
model name	: Intel(R) Core(TM) i5-3340M CPU @ 2.70GHz
stepping	: 9
microcode	: 0x15
cpu MHz		: 3199.921
cache size	: 3072 KB
physical id	: 0
siblings	: 4
core id		: 1
cpu cores	: 2
apicid		: 3
initial apicid	: 3
fpu		: yes
fpu_exception	: yes
cpuid level	: 13
wp		: yes
flags		: fpu vme de pse tsc msr pae mce cx8 apic sep mtrr pge mca cmov pat pse36 clflush dts acpi mmx fxsr sse sse2 ss ht tm pbe syscall nx rdtscp lm constant_tsc arch_perfmon pebs bts rep_good nopl xtopology nonstop_tsc aperfmperf eagerfpu pni pclmulqdq dtes64 monitor ds_cpl vmx smx est tm2 ssse3 cx16 xtpr pdcm pcid sse4_1 sse4_2 x2apic popcnt tsc_deadline_timer aes xsave avx f16c rdrand lahf_lm ida arat epb pln pts dtherm tpr_shadow vnmi flexpriority ept vpid fsgsbase smep erms xsaveopt
bugs		:
bogomips	: 5382.55
clflush size	: 64
cache_alignment	: 64
address sizes	: 36 bits physical, 48 bits virtual
power management:



Memory: 4k page, physical 8044164k(140140k free), swap 0k(0k free)

vm_info: Java HotSpot(TM) 64-Bit Server VM (25.91-b14) for linux-amd64 JRE (1.8.0_91-b14), built on Apr  1 2016 00:57:21 by "java_re" with gcc 4.3.0 20080428 (Red Hat 4.3.0-8)

time: Thu Jul 21 15:52:17 2016
elapsed time: 2 seconds (0d 0h 0m 2s)

