#
# There is insufficient memory for the Java Runtime Environment to continue.
# Native memory allocation (mmap) failed to map 165675008 bytes for committing reserved memory.
# Possible reasons:
#   The system is out of physical RAM or swap space
#   In 32 bit mode, the process size limit was hit
# Possible solutions:
#   Reduce memory load on the system
#   Increase physical memory or swap space
#   Check if swap backing store is full
#   Use 64 bit Java on a 64 bit OS
#   Decrease Java heap size (-Xmx/-Xms)
#   Decrease number of Java threads
#   Decrease Java thread stack sizes (-Xss)
#   Set larger code cache with -XX:ReservedCodeCacheSize=
# This output file may be truncated or incomplete.
#
#  Out of Memory Error (os_linux.cpp:2627), pid=16002, tid=0x00007f6655a79700
#
# JRE version: Java(TM) SE Runtime Environment (8.0_101-b13) (build 1.8.0_101-b13)
# Java VM: Java HotSpot(TM) 64-Bit Server VM (25.101-b13 mixed mode linux-amd64 compressed oops)
# Failed to write core dump. Core dumps have been disabled. To enable core dumping, try "ulimit -c unlimited" before starting Java again
#

---------------  T H R E A D  ---------------

Current thread (0x00007f6670078000):  VMThread [stack: 0x00007f6655979000,0x00007f6655a7a000] [id=16012]

Stack: [0x00007f6655979000,0x00007f6655a7a000],  sp=0x00007f6655a77fe0,  free space=1019k
Native frames: (J=compiled Java code, j=interpreted, Vv=VM code, C=native code)
V  [libjvm.so+0xac3f0a]  VMError::report_and_die()+0x2ba
V  [libjvm.so+0x4fbf9b]  report_vm_out_of_memory(char const*, int, unsigned long, VMErrorType, char const*)+0x8b
V  [libjvm.so+0x9222d3]  os::Linux::commit_memory_impl(char*, unsigned long, bool)+0x103
V  [libjvm.so+0x922829]  os::pd_commit_memory(char*, unsigned long, unsigned long, bool)+0x29
V  [libjvm.so+0x91cb2a]  os::commit_memory(char*, unsigned long, unsigned long, bool)+0x2a
V  [libjvm.so+0x991053]  PSVirtualSpace::expand_by(unsigned long)+0x53
V  [libjvm.so+0x992458]  PSYoungGen::resize_generation(unsigned long, unsigned long)+0xf8
V  [libjvm.so+0x9915b2]  PSYoungGen::resize(unsigned long, unsigned long)+0x22
V  [libjvm.so+0x98e88b]  PSScavenge::invoke_no_policy()+0xf3b
V  [libjvm.so+0x98f011]  PSScavenge::invoke()+0x41
V  [libjvm.so+0x945fc0]  ParallelScavengeHeap::failed_mem_allocate(unsigned long)+0x70
V  [libjvm.so+0xac5927]  VM_ParallelGCFailedAllocation::doit()+0x97
V  [libjvm.so+0xacd405]  VM_Operation::evaluate()+0x55
V  [libjvm.so+0xacb7da]  VMThread::evaluate_operation(VM_Operation*)+0xba
V  [libjvm.so+0xacbb5e]  VMThread::loop()+0x1ce
V  [libjvm.so+0xacbfd0]  VMThread::run()+0x70
V  [libjvm.so+0x924698]  java_start(Thread*)+0x108

VM_Operation (0x00007f6677176e40): ParallelGCFailedAllocation, mode: safepoint, requested by thread 0x00007f667000a000


---------------  P R O C E S S  ---------------

Java Threads: ( => current thread )
  0x00007f6670247800 JavaThread "pool-2-thread-4" [_thread_blocked, id=16025, stack(0x00007f6654554000,0x00007f6654655000)]
  0x00007f6670246000 JavaThread "pool-2-thread-3" [_thread_blocked, id=16024, stack(0x00007f6654655000,0x00007f6654756000)]
  0x00007f6670244800 JavaThread "pool-2-thread-2" [_thread_blocked, id=16023, stack(0x00007f6654756000,0x00007f6654857000)]
  0x00007f6670243000 JavaThread "pool-3-thread-1" [_thread_blocked, id=16022, stack(0x00007f6654857000,0x00007f6654958000)]
  0x00007f6670241000 JavaThread "pool-2-thread-1" [_thread_blocked, id=16021, stack(0x00007f6654958000,0x00007f6654a59000)]
  0x00007f66700c8800 JavaThread "Service Thread" daemon [_thread_blocked, id=16019, stack(0x00007f6654b90000,0x00007f6654c91000)]
  0x00007f66700bd000 JavaThread "C1 CompilerThread2" daemon [_thread_blocked, id=16018, stack(0x00007f6654c91000,0x00007f6654d92000)]
  0x00007f66700bb800 JavaThread "C2 CompilerThread1" daemon [_thread_blocked, id=16017, stack(0x00007f6654d92000,0x00007f6654e93000)]
  0x00007f66700b8800 JavaThread "C2 CompilerThread0" daemon [_thread_blocked, id=16016, stack(0x00007f6654e93000,0x00007f6654f94000)]
  0x00007f66700b7000 JavaThread "Signal Dispatcher" daemon [_thread_blocked, id=16015, stack(0x00007f6654f94000,0x00007f6655095000)]
  0x00007f6670084000 JavaThread "Finalizer" daemon [_thread_blocked, id=16014, stack(0x00007f6655777000,0x00007f6655878000)]
  0x00007f667007f800 JavaThread "Reference Handler" daemon [_thread_blocked, id=16013, stack(0x00007f6655878000,0x00007f6655979000)]
  0x00007f667000a000 JavaThread "main" [_thread_blocked, id=16007, stack(0x00007f6677079000,0x00007f667717a000)]

Other Threads:
=>0x00007f6670078000 VMThread [stack: 0x00007f6655979000,0x00007f6655a7a000] [id=16012]
  0x00007f66700cb000 WatcherThread [stack: 0x00007f6654a8f000,0x00007f6654b90000] [id=16020]

VM state:at safepoint (normal execution)

VM Mutex/Monitor currently owned by a thread:  ([mutex/lock_event])
[0x00007f66700065d0] Threads_lock - owner thread: 0x00007f6670078000
[0x00007f6670006ad0] Heap_lock - owner thread: 0x00007f667000a000

Heap:
 PSYoungGen      total 132096K, used 5119K [0x000000076ab00000, 0x0000000773100000, 0x00000007c0000000)
  eden space 126976K, 0% used [0x000000076ab00000,0x000000076ab00000,0x0000000772700000)
  from space 5120K, 99% used [0x0000000772700000,0x0000000772bfff48,0x0000000772c00000)
  to   space 5120K, 0% used [0x0000000772c00000,0x0000000772c00000,0x0000000773100000)
 ParOldGen       total 149504K, used 117310K [0x00000006c0000000, 0x00000006c9200000, 0x000000076ab00000)
  object space 149504K, 78% used [0x00000006c0000000,0x00000006c728fab8,0x00000006c9200000)
 Metaspace       used 5728K, capacity 6672K, committed 6784K, reserved 1056768K
  class space    used 545K, capacity 584K, committed 640K, reserved 1048576K

Card table byte_map: [0x00007f666043f000,0x00007f6660c40000] byte_map_base: 0x00007f665ce3f000

Marking Bits: (ParMarkBitMap*) 0x00007f6676553120
 Begin Bits: [0x00007f6657be6000, 0x00007f665bbe6000)
 End Bits:   [0x00007f665bbe6000, 0x00007f665fbe6000)

Polling page: 0x00007f667719c000

CodeCache: size=245760Kb used=6444Kb max_used=6444Kb free=239315Kb
 bounds [0x00007f6661000000, 0x00007f6661650000, 0x00007f6670000000]
 total_blobs=1887 nmethods=1620 adapters=181
 compilation: enabled

Compilation events (10 events):
Event: 3.052 Thread 0x00007f66700bd000 nmethod 1703% 0x00007f666163f9d0 code [0x00007f666163fb80, 0x00007f6661640218]
Event: 3.053 Thread 0x00007f66700bd000 1704       3       com.android.dx.rop.type.StdTypeList::getWordCount (33 bytes)
Event: 3.053 Thread 0x00007f66700bd000 nmethod 1704 0x00007f666163efd0 code [0x00007f666163f180, 0x00007f666163f7b8]
Event: 3.054 Thread 0x00007f66700bd000 1705       3       com.android.dx.cf.code.ConcreteMethod::<init> (262 bytes)
Event: 3.056 Thread 0x00007f66700bd000 nmethod 1705 0x00007f666163ce90 code [0x00007f666163d160, 0x00007f666163e5d8]
Event: 3.085 Thread 0x00007f66700bd000 1706   !   3       com.android.dx.cf.direct.StdAttributeFactory::parseLocalVariables (274 bytes)
Event: 3.095 Thread 0x00007f66700bd000 nmethod 1706 0x00007f6661643550 code [0x00007f6661643cc0, 0x00007f6661648d88]
Event: 3.095 Thread 0x00007f66700bd000 1707       1       com.android.dx.cf.code.SwitchList::size (5 bytes)
Event: 3.095 Thread 0x00007f66700bd000 nmethod 1707 0x00007f666163abd0 code [0x00007f666163ad20, 0x00007f666163ae30]
Event: 3.121 Thread 0x00007f66700bd000 1709 %     3       com.android.dx.cf.code.RopperMachine::jopToRopOpcode @ 949 (1103 bytes)

GC Heap History (10 events):
Event: 0.216 GC heap after
Heap after GC invocations=1 (full 0):
 PSYoungGen      total 36864K, used 1261K [0x000000076ab00000, 0x000000076f300000, 0x00000007c0000000)
  eden space 31744K, 0% used [0x000000076ab00000,0x000000076ab00000,0x000000076ca00000)
  from space 5120K, 24% used [0x000000076ca00000,0x000000076cb3b630,0x000000076cf00000)
  to   space 5120K, 0% used [0x000000076ee00000,0x000000076ee00000,0x000000076f300000)
 ParOldGen       total 84992K, used 8K [0x00000006c0000000, 0x00000006c5300000, 0x000000076ab00000)
  object space 84992K, 0% used [0x00000006c0000000,0x00000006c0002000,0x00000006c5300000)
 Metaspace       used 3353K, capacity 4720K, committed 4864K, reserved 1056768K
  class space    used 359K, capacity 424K, committed 512K, reserved 1048576K
}
Event: 0.761 GC heap before
{Heap before GC invocations=2 (full 0):
 PSYoungGen      total 36864K, used 33005K [0x000000076ab00000, 0x000000076f300000, 0x00000007c0000000)
  eden space 31744K, 100% used [0x000000076ab00000,0x000000076ca00000,0x000000076ca00000)
  from space 5120K, 24% used [0x000000076ca00000,0x000000076cb3b630,0x000000076cf00000)
  to   space 5120K, 0% used [0x000000076ee00000,0x000000076ee00000,0x000000076f300000)
 ParOldGen       total 84992K, used 8K [0x00000006c0000000, 0x00000006c5300000, 0x000000076ab00000)
  object space 84992K, 0% used [0x00000006c0000000,0x00000006c0002000,0x00000006c5300000)
 Metaspace       used 5385K, capacity 6416K, committed 6528K, reserved 1056768K
  class space    used 544K, capacity 584K, committed 640K, reserved 1048576K
Event: 0.780 GC heap after
Heap after GC invocations=2 (full 0):
 PSYoungGen      total 68608K, used 5107K [0x000000076ab00000, 0x000000076f300000, 0x00000007c0000000)
  eden space 63488K, 0% used [0x000000076ab00000,0x000000076ab00000,0x000000076e900000)
  from space 5120K, 99% used [0x000000076ee00000,0x000000076f2fcc90,0x000000076f300000)
  to   space 5120K, 0% used [0x000000076e900000,0x000000076e900000,0x000000076ee00000)
 ParOldGen       total 84992K, used 8417K [0x00000006c0000000, 0x00000006c5300000, 0x000000076ab00000)
  object space 84992K, 9% used [0x00000006c0000000,0x00000006c08387e8,0x00000006c5300000)
 Metaspace       used 5385K, capacity 6416K, committed 6528K, reserved 1056768K
  class space    used 544K, capacity 584K, committed 640K, reserved 1048576K
}
Event: 1.321 GC heap before
{Heap before GC invocations=3 (full 0):
 PSYoungGen      total 68608K, used 68595K [0x000000076ab00000, 0x000000076f300000, 0x00000007c0000000)
  eden space 63488K, 100% used [0x000000076ab00000,0x000000076e900000,0x000000076e900000)
  from space 5120K, 99% used [0x000000076ee00000,0x000000076f2fcc90,0x000000076f300000)
  to   space 5120K, 0% used [0x000000076e900000,0x000000076e900000,0x000000076ee00000)
 ParOldGen       total 84992K, used 8417K [0x00000006c0000000, 0x00000006c5300000, 0x000000076ab00000)
  object space 84992K, 9% used [0x00000006c0000000,0x00000006c08387e8,0x00000006c5300000)
 Metaspace       used 5544K, capacity 6544K, committed 6784K, reserved 1056768K
  class space    used 544K, capacity 584K, committed 640K, reserved 1048576K
Event: 1.397 GC heap after
Heap after GC invocations=3 (full 0):
 PSYoungGen      total 68608K, used 5098K [0x000000076ab00000, 0x0000000773100000, 0x00000007c0000000)
  eden space 63488K, 0% used [0x000000076ab00000,0x000000076ab00000,0x000000076e900000)
  from space 5120K, 99% used [0x000000076e900000,0x000000076edfa8a0,0x000000076ee00000)
  to   space 5120K, 0% used [0x0000000772c00000,0x0000000772c00000,0x0000000773100000)
 ParOldGen       total 84992K, used 41338K [0x00000006c0000000, 0x00000006c5300000, 0x000000076ab00000)
  object space 84992K, 48% used [0x00000006c0000000,0x00000006c285ead0,0x00000006c5300000)
 Metaspace       used 5544K, capacity 6544K, committed 6784K, reserved 1056768K
  class space    used 544K, capacity 584K, committed 640K, reserved 1048576K
}
Event: 1.617 GC heap before
{Heap before GC invocations=4 (full 0):
 PSYoungGen      total 68608K, used 68586K [0x000000076ab00000, 0x0000000773100000, 0x00000007c0000000)
  eden space 63488K, 100% used [0x000000076ab00000,0x000000076e900000,0x000000076e900000)
  from space 5120K, 99% used [0x000000076e900000,0x000000076edfa8a0,0x000000076ee00000)
  to   space 5120K, 0% used [0x0000000772c00000,0x0000000772c00000,0x0000000773100000)
 ParOldGen       total 84992K, used 41338K [0x00000006c0000000, 0x00000006c5300000, 0x000000076ab00000)
  object space 84992K, 48% used [0x00000006c0000000,0x00000006c285ead0,0x00000006c5300000)
 Metaspace       used 5595K, capacity 6608K, committed 6784K, reserved 1056768K
  class space    used 545K, capacity 584K, committed 640K, reserved 1048576K
Event: 1.663 GC heap after
Heap after GC invocations=4 (full 0):
 PSYoungGen      total 132096K, used 5110K [0x000000076ab00000, 0x0000000773100000, 0x00000007c0000000)
  eden space 126976K, 0% used [0x000000076ab00000,0x000000076ab00000,0x0000000772700000)
  from space 5120K, 99% used [0x0000000772c00000,0x00000007730fd980,0x0000000773100000)
  to   space 5120K, 0% used [0x0000000772700000,0x0000000772700000,0x0000000772c00000)
 ParOldGen       total 84992K, used 59423K [0x00000006c0000000, 0x00000006c5300000, 0x000000076ab00000)
  object space 84992K, 69% used [0x00000006c0000000,0x00000006c3a07f50,0x00000006c5300000)
 Metaspace       used 5595K, capacity 6608K, committed 6784K, reserved 1056768K
  class space    used 545K, capacity 584K, committed 640K, reserved 1048576K
}
Event: 1.663 GC heap before
{Heap before GC invocations=5 (full 1):
 PSYoungGen      total 132096K, used 5110K [0x000000076ab00000, 0x0000000773100000, 0x00000007c0000000)
  eden space 126976K, 0% used [0x000000076ab00000,0x000000076ab00000,0x0000000772700000)
  from space 5120K, 99% used [0x0000000772c00000,0x00000007730fd980,0x0000000773100000)
  to   space 5120K, 0% used [0x0000000772700000,0x0000000772700000,0x0000000772c00000)
 ParOldGen       total 84992K, used 59423K [0x00000006c0000000, 0x00000006c5300000, 0x000000076ab00000)
  object space 84992K, 69% used [0x00000006c0000000,0x00000006c3a07f50,0x00000006c5300000)
 Metaspace       used 5595K, capacity 6608K, committed 6784K, reserved 1056768K
  class space    used 545K, capacity 584K, committed 640K, reserved 1048576K
Event: 2.071 GC heap after
Heap after GC invocations=5 (full 1):
 PSYoungGen      total 132096K, used 0K [0x000000076ab00000, 0x0000000773100000, 0x00000007c0000000)
  eden space 126976K, 0% used [0x000000076ab00000,0x000000076ab00000,0x0000000772700000)
  from space 5120K, 0% used [0x0000000772c00000,0x0000000772c00000,0x0000000773100000)
  to   space 5120K, 0% used [0x0000000772700000,0x0000000772700000,0x0000000772c00000)
 ParOldGen       total 149504K, used 61531K [0x00000006c0000000, 0x00000006c9200000, 0x000000076ab00000)
  object space 149504K, 41% used [0x00000006c0000000,0x00000006c3c16c00,0x00000006c9200000)
 Metaspace       used 5595K, capacity 6608K, committed 6784K, reserved 1056768K
  class space    used 545K, capacity 584K, committed 640K, reserved 1048576K
}
Event: 3.122 GC heap before
{Heap before GC invocations=6 (full 1):
 PSYoungGen      total 132096K, used 126976K [0x000000076ab00000, 0x0000000773100000, 0x00000007c0000000)
  eden space 126976K, 100% used [0x000000076ab00000,0x0000000772700000,0x0000000772700000)
  from space 5120K, 0% used [0x0000000772c00000,0x0000000772c00000,0x0000000773100000)
  to   space 5120K, 0% used [0x0000000772700000,0x0000000772700000,0x0000000772c00000)
 ParOldGen       total 149504K, used 61531K [0x00000006c0000000, 0x00000006c9200000, 0x000000076ab00000)
  object space 149504K, 41% used [0x00000006c0000000,0x00000006c3c16c00,0x00000006c9200000)
 Metaspace       used 5728K, capacity 6672K, committed 6784K, reserved 1056768K
  class space    used 545K, capacity 584K, committed 640K, reserved 1048576K

Deoptimization events (10 events):
Event: 1.036 Thread 0x00007f6670244800 Uncommon trap: reason=unstable_if action=reinterpret pc=0x00007f666123ca54 method=com.android.dx.rop.code.RegisterSpec.equals(ILcom/android/dx/rop/type/TypeBearer;Lcom/android/dx/rop/code/LocalItem;)Z @ 5
Event: 1.055 Thread 0x00007f6670241000 Uncommon trap: reason=bimorphic action=maybe_recompile pc=0x00007f6661380f50 method=com.android.dx.cf.code.BytecodeArray.parseInstruction(ILcom/android/dx/cf/code/BytecodeArray$Visitor;)I @ 907
Event: 1.055 Thread 0x00007f6670241000 Uncommon trap: reason=bimorphic action=maybe_recompile pc=0x00007f6661380f50 method=com.android.dx.cf.code.BytecodeArray.parseInstruction(ILcom/android/dx/cf/code/BytecodeArray$Visitor;)I @ 907
Event: 1.055 Thread 0x00007f6670241000 Uncommon trap: reason=bimorphic action=maybe_recompile pc=0x00007f6661380f50 method=com.android.dx.cf.code.BytecodeArray.parseInstruction(ILcom/android/dx/cf/code/BytecodeArray$Visitor;)I @ 907
Event: 1.055 Thread 0x00007f6670241000 Uncommon trap: reason=bimorphic action=maybe_recompile pc=0x00007f6661380f50 method=com.android.dx.cf.code.BytecodeArray.parseInstruction(ILcom/android/dx/cf/code/BytecodeArray$Visitor;)I @ 907
Event: 1.602 Thread 0x00007f6670244800 Uncommon trap: reason=unstable_if action=reinterpret pc=0x00007f666149adb8 method=com.android.dx.cf.code.Ropper.processBlock(Lcom/android/dx/cf/code/ByteBlock;Lcom/android/dx/cf/code/Frame;[I)V @ 429
Event: 2.189 Thread 0x00007f6670246000 Uncommon trap: reason=unstable_if action=reinterpret pc=0x00007f66614b8564 method=com.android.dx.rop.code.LocalVariableExtractor.processBlock(I)V @ 195
Event: 2.782 Thread 0x00007f6670241000 Uncommon trap: reason=bimorphic action=maybe_recompile pc=0x00007f66615980e8 method=com.android.dx.cf.code.BytecodeArray.parseInstruction(ILcom/android/dx/cf/code/BytecodeArray$Visitor;)I @ 1357
Event: 2.783 Thread 0x00007f6670241000 Uncommon trap: reason=bimorphic action=maybe_recompile pc=0x00007f66615980e8 method=com.android.dx.cf.code.BytecodeArray.parseInstruction(ILcom/android/dx/cf/code/BytecodeArray$Visitor;)I @ 1357
Event: 3.042 Thread 0x00007f6670247800 Uncommon trap: reason=unstable_if action=reinterpret pc=0x00007f66614d99a0 method=com.android.dx.rop.cst.CstNat.equals(Ljava/lang/Object;)Z @ 25

Internal exceptions (2 events):
Event: 0.031 Thread 0x00007f667000a000 Exception <a 'java/lang/NoSuchMethodError': Method sun.misc.Unsafe.defineClass(Ljava/lang/String;[BII)Ljava/lang/Class; name or signature does not match> (0x000000076ab07cc0) thrown at [/HUDSON3/workspace/8-2-build-linux-amd64/jdk8u101/7261/hotspot/src/sh
Event: 0.031 Thread 0x00007f667000a000 Exception <a 'java/lang/NoSuchMethodError': Method sun.misc.Unsafe.prefetchRead(Ljava/lang/Object;J)V name or signature does not match> (0x000000076ab07fa8) thrown at [/HUDSON3/workspace/8-2-build-linux-amd64/jdk8u101/7261/hotspot/src/share/vm/prims/jni.c

Events (10 events):
Event: 3.054 Thread 0x00007f6670241000 DEOPT UNPACKING pc=0x00007f6661047633 sp=0x00007f6654a56ce0 mode 0
Event: 3.057 Thread 0x00007f6670247800 DEOPT PACKING pc=0x00007f666126f15b sp=0x00007f6654652fb0
Event: 3.057 Thread 0x00007f6670247800 DEOPT UNPACKING pc=0x00007f6661047633 sp=0x00007f6654652d28 mode 0
Event: 3.090 Thread 0x00007f6670246000 DEOPT PACKING pc=0x00007f66613066f4 sp=0x00007f6654754010
Event: 3.090 Thread 0x00007f6670246000 DEOPT UNPACKING pc=0x00007f6661047633 sp=0x00007f6654753d10 mode 0
Event: 3.108 Thread 0x00007f667000a000 DEOPT PACKING pc=0x00007f666126f15b sp=0x00007f6677177810
Event: 3.108 Thread 0x00007f667000a000 DEOPT UNPACKING pc=0x00007f6661047633 sp=0x00007f6677177588 mode 0
Event: 3.119 Thread 0x00007f667000a000 DEOPT PACKING pc=0x00007f666126f15b sp=0x00007f6677177810
Event: 3.119 Thread 0x00007f667000a000 DEOPT UNPACKING pc=0x00007f6661047633 sp=0x00007f6677177588 mode 0
Event: 3.122 Executing VM operation: ParallelGCFailedAllocation


Dynamic libraries:
00400000-00401000 r-xp 00000000 08:01 1454053                            /usr/lib/jvm/java-8-oracle/bin/java
00600000-00601000 rw-p 00000000 08:01 1454053                            /usr/lib/jvm/java-8-oracle/bin/java
024fe000-0251f000 rw-p 00000000 00:00 0                                  [heap]
6c0000000-6c9200000 rw-p 00000000 00:00 0 
6c9200000-76ab00000 ---p 00000000 00:00 0 
76ab00000-773100000 rw-p 00000000 00:00 0 
77cf00000-7c0000000 ---p 00000000 00:00 0 
7c0000000-7c00a0000 rw-p 00000000 00:00 0 
7c00a0000-800000000 ---p 00000000 00:00 0 
7f6600000000-7f6600021000 rw-p 00000000 00:00 0 
7f6600021000-7f6604000000 ---p 00000000 00:00 0 
7f6608000000-7f6608022000 rw-p 00000000 00:00 0 
7f6608022000-7f660c000000 ---p 00000000 00:00 0 
7f660c000000-7f660c02a000 rw-p 00000000 00:00 0 
7f660c02a000-7f6610000000 ---p 00000000 00:00 0 
7f6610000000-7f6610032000 rw-p 00000000 00:00 0 
7f6610032000-7f6614000000 ---p 00000000 00:00 0 
7f6614000000-7f6614021000 rw-p 00000000 00:00 0 
7f6614021000-7f6618000000 ---p 00000000 00:00 0 
7f6618000000-7f6618021000 rw-p 00000000 00:00 0 
7f6618021000-7f661c000000 ---p 00000000 00:00 0 
7f661c000000-7f661c021000 rw-p 00000000 00:00 0 
7f661c021000-7f6620000000 ---p 00000000 00:00 0 
7f6620000000-7f6620eec000 rw-p 00000000 00:00 0 
7f6620eec000-7f6624000000 ---p 00000000 00:00 0 
7f6624000000-7f6624b97000 rw-p 00000000 00:00 0 
7f6624b97000-7f6628000000 ---p 00000000 00:00 0 
7f6628000000-7f6628021000 rw-p 00000000 00:00 0 
7f6628021000-7f662c000000 ---p 00000000 00:00 0 
7f662c000000-7f662d332000 rw-p 00000000 00:00 0 
7f662d332000-7f6630000000 ---p 00000000 00:00 0 
7f6630000000-7f6630021000 rw-p 00000000 00:00 0 
7f6630021000-7f6634000000 ---p 00000000 00:00 0 
7f6634000000-7f6634021000 rw-p 00000000 00:00 0 
7f6634021000-7f6638000000 ---p 00000000 00:00 0 
7f6638000000-7f6638021000 rw-p 00000000 00:00 0 
7f6638021000-7f663c000000 ---p 00000000 00:00 0 
7f663c000000-7f663c28e000 rw-p 00000000 00:00 0 
7f663c28e000-7f6640000000 ---p 00000000 00:00 0 
7f6640000000-7f6640021000 rw-p 00000000 00:00 0 
7f6640021000-7f6644000000 ---p 00000000 00:00 0 
7f6648000000-7f6648021000 rw-p 00000000 00:00 0 
7f6648021000-7f664c000000 ---p 00000000 00:00 0 
7f6650000000-7f6650021000 rw-p 00000000 00:00 0 
7f6650021000-7f6654000000 ---p 00000000 00:00 0 
7f6654554000-7f6654557000 ---p 00000000 00:00 0 
7f6654557000-7f6654655000 rw-p 00000000 00:00 0 
7f6654655000-7f6654658000 ---p 00000000 00:00 0 
7f6654658000-7f6654756000 rw-p 00000000 00:00 0 
7f6654756000-7f6654759000 ---p 00000000 00:00 0 
7f6654759000-7f6654857000 rw-p 00000000 00:00 0 
7f6654857000-7f665485a000 ---p 00000000 00:00 0 
7f665485a000-7f6654958000 rw-p 00000000 00:00 0 
7f6654958000-7f665495b000 ---p 00000000 00:00 0 
7f665495b000-7f6654a59000 rw-p 00000000 00:00 0 
7f6654a59000-7f6654a8f000 r--s 002ba000 08:05 4850856                    /home/onmymobile/AndroidStudioProjects/Heritage/Heritage/app/build/intermediates/transforms/jarMerging/debug/jars/1/1f/combined.jar
7f6654a8f000-7f6654a90000 ---p 00000000 00:00 0 
7f6654a90000-7f6654b90000 rw-p 00000000 00:00 0 
7f6654b90000-7f6654b93000 ---p 00000000 00:00 0 
7f6654b93000-7f6654c91000 rw-p 00000000 00:00 0 
7f6654c91000-7f6654c94000 ---p 00000000 00:00 0 
7f6654c94000-7f6654d92000 rw-p 00000000 00:00 0 
7f6654d92000-7f6654d95000 ---p 00000000 00:00 0 
7f6654d95000-7f6654e93000 rw-p 00000000 00:00 0 
7f6654e93000-7f6654e96000 ---p 00000000 00:00 0 
7f6654e96000-7f6654f94000 rw-p 00000000 00:00 0 
7f6654f94000-7f6654f97000 ---p 00000000 00:00 0 
7f6654f97000-7f6655095000 rw-p 00000000 00:00 0 
7f6655095000-7f6655777000 r--p 00000000 08:01 1448881                    /usr/lib/locale/locale-archive
7f6655777000-7f665577a000 ---p 00000000 00:00 0 
7f665577a000-7f6655878000 rw-p 00000000 00:00 0 
7f6655878000-7f665587b000 ---p 00000000 00:00 0 
7f665587b000-7f6655979000 rw-p 00000000 00:00 0 
7f6655979000-7f665597a000 ---p 00000000 00:00 0 
7f665597a000-7f6656a0d000 rw-p 00000000 00:00 0 
7f6656a0d000-7f6656be6000 r--s 03d29000 08:01 1452475                    /usr/lib/jvm/java-8-oracle/jre/lib/rt.jar
7f6656be6000-7f66571e6000 rw-p 00000000 00:00 0 
7f66571e6000-7f66573e6000 ---p 00000000 00:00 0 
7f66573e6000-7f665fbe6000 rw-p 00000000 00:00 0 
7f665fbe6000-7f665fbe7000 ---p 00000000 00:00 0 
7f665fbe7000-7f665fce7000 rw-p 00000000 00:00 0 
7f665fce7000-7f665fce8000 ---p 00000000 00:00 0 
7f665fce8000-7f665fde8000 rw-p 00000000 00:00 0 
7f665fde8000-7f665fde9000 ---p 00000000 00:00 0 
7f665fde9000-7f665ff32000 rw-p 00000000 00:00 0 
7f665ff32000-7f666043f000 ---p 00000000 00:00 0 
7f666043f000-7f6660488000 rw-p 00000000 00:00 0 
7f6660488000-7f6660994000 ---p 00000000 00:00 0 
7f6660994000-7f66609d8000 rw-p 00000000 00:00 0 
7f66609d8000-7f6660c3f000 ---p 00000000 00:00 0 
7f6660c3f000-7f6660c5a000 rw-p 00000000 00:00 0 
7f6660c5a000-7f6661000000 ---p 00000000 00:00 0 
7f6661000000-7f6661650000 rwxp 00000000 00:00 0 
7f6661650000-7f6670000000 ---p 00000000 00:00 0 
7f6670000000-7f66703a5000 rw-p 00000000 00:00 0 
7f66703a5000-7f6674000000 ---p 00000000 00:00 0 
7f667400c000-7f66740f2000 rw-p 00000000 00:00 0 
7f66740f2000-7f66740f3000 ---p 00000000 00:00 0 
7f66740f3000-7f66741f3000 rw-p 00000000 00:00 0 
7f66741f3000-7f667420d000 r-xp 00000000 08:01 1452530                    /usr/lib/jvm/java-8-oracle/jre/lib/amd64/libzip.so
7f667420d000-7f667440d000 ---p 0001a000 08:01 1452530                    /usr/lib/jvm/java-8-oracle/jre/lib/amd64/libzip.so
7f667440d000-7f667440e000 rw-p 0001a000 08:01 1452530                    /usr/lib/jvm/java-8-oracle/jre/lib/amd64/libzip.so
7f667440e000-7f6674418000 r-xp 00000000 08:01 7078098                    /lib/x86_64-linux-gnu/libnss_files-2.19.so
7f6674418000-7f6674617000 ---p 0000a000 08:01 7078098                    /lib/x86_64-linux-gnu/libnss_files-2.19.so
7f6674617000-7f6674618000 r--p 00009000 08:01 7078098                    /lib/x86_64-linux-gnu/libnss_files-2.19.so
7f6674618000-7f6674619000 rw-p 0000a000 08:01 7078098                    /lib/x86_64-linux-gnu/libnss_files-2.19.so
7f6674619000-7f6674624000 r-xp 00000000 08:01 7078090                    /lib/x86_64-linux-gnu/libnss_nis-2.19.so
7f6674624000-7f6674823000 ---p 0000b000 08:01 7078090                    /lib/x86_64-linux-gnu/libnss_nis-2.19.so
7f6674823000-7f6674824000 r--p 0000a000 08:01 7078090                    /lib/x86_64-linux-gnu/libnss_nis-2.19.so
7f6674824000-7f6674825000 rw-p 0000b000 08:01 7078090                    /lib/x86_64-linux-gnu/libnss_nis-2.19.so
7f6674825000-7f667483c000 r-xp 00000000 08:01 7078086                    /lib/x86_64-linux-gnu/libnsl-2.19.so
7f667483c000-7f6674a3b000 ---p 00017000 08:01 7078086                    /lib/x86_64-linux-gnu/libnsl-2.19.so
7f6674a3b000-7f6674a3c000 r--p 00016000 08:01 7078086                    /lib/x86_64-linux-gnu/libnsl-2.19.so
7f6674a3c000-7f6674a3d000 rw-p 00017000 08:01 7078086                    /lib/x86_64-linux-gnu/libnsl-2.19.so
7f6674a3d000-7f6674a3f000 rw-p 00000000 00:00 0 
7f6674a3f000-7f6674a48000 r-xp 00000000 08:01 7078085                    /lib/x86_64-linux-gnu/libnss_compat-2.19.so
7f6674a48000-7f6674c47000 ---p 00009000 08:01 7078085                    /lib/x86_64-linux-gnu/libnss_compat-2.19.so
7f6674c47000-7f6674c48000 r--p 00008000 08:01 7078085                    /lib/x86_64-linux-gnu/libnss_compat-2.19.so
7f6674c48000-7f6674c49000 rw-p 00009000 08:01 7078085                    /lib/x86_64-linux-gnu/libnss_compat-2.19.so
7f6674c49000-7f6674c73000 r-xp 00000000 08:01 1452510                    /usr/lib/jvm/java-8-oracle/jre/lib/amd64/libjava.so
7f6674c73000-7f6674e73000 ---p 0002a000 08:01 1452510                    /usr/lib/jvm/java-8-oracle/jre/lib/amd64/libjava.so
7f6674e73000-7f6674e75000 rw-p 0002a000 08:01 1452510                    /usr/lib/jvm/java-8-oracle/jre/lib/amd64/libjava.so
7f6674e75000-7f6674e82000 r-xp 00000000 08:01 1452527                    /usr/lib/jvm/java-8-oracle/jre/lib/amd64/libverify.so
7f6674e82000-7f6675082000 ---p 0000d000 08:01 1452527                    /usr/lib/jvm/java-8-oracle/jre/lib/amd64/libverify.so
7f6675082000-7f6675084000 rw-p 0000d000 08:01 1452527                    /usr/lib/jvm/java-8-oracle/jre/lib/amd64/libverify.so
7f6675084000-7f667508b000 r-xp 00000000 08:01 7078094                    /lib/x86_64-linux-gnu/librt-2.19.so
7f667508b000-7f667528a000 ---p 00007000 08:01 7078094                    /lib/x86_64-linux-gnu/librt-2.19.so
7f667528a000-7f667528b000 r--p 00006000 08:01 7078094                    /lib/x86_64-linux-gnu/librt-2.19.so
7f667528b000-7f667528c000 rw-p 00007000 08:01 7078094                    /lib/x86_64-linux-gnu/librt-2.19.so
7f667528c000-7f6675391000 r-xp 00000000 08:01 7078080                    /lib/x86_64-linux-gnu/libm-2.19.so
7f6675391000-7f6675590000 ---p 00105000 08:01 7078080                    /lib/x86_64-linux-gnu/libm-2.19.so
7f6675590000-7f6675591000 r--p 00104000 08:01 7078080                    /lib/x86_64-linux-gnu/libm-2.19.so
7f6675591000-7f6675592000 rw-p 00105000 08:01 7078080                    /lib/x86_64-linux-gnu/libm-2.19.so
7f6675592000-7f667625d000 r-xp 00000000 08:01 1452518                    /usr/lib/jvm/java-8-oracle/jre/lib/amd64/server/libjvm.so
7f667625d000-7f667645c000 ---p 00ccb000 08:01 1452518                    /usr/lib/jvm/java-8-oracle/jre/lib/amd64/server/libjvm.so
7f667645c000-7f6676535000 rw-p 00cca000 08:01 1452518                    /usr/lib/jvm/java-8-oracle/jre/lib/amd64/server/libjvm.so
7f6676535000-7f6676580000 rw-p 00000000 00:00 0 
7f6676580000-7f667673a000 r-xp 00000000 08:01 7078095                    /lib/x86_64-linux-gnu/libc-2.19.so
7f667673a000-7f667693a000 ---p 001ba000 08:01 7078095                    /lib/x86_64-linux-gnu/libc-2.19.so
7f667693a000-7f667693e000 r--p 001ba000 08:01 7078095                    /lib/x86_64-linux-gnu/libc-2.19.so
7f667693e000-7f6676940000 rw-p 001be000 08:01 7078095                    /lib/x86_64-linux-gnu/libc-2.19.so
7f6676940000-7f6676945000 rw-p 00000000 00:00 0 
7f6676945000-7f6676948000 r-xp 00000000 08:01 7078082                    /lib/x86_64-linux-gnu/libdl-2.19.so
7f6676948000-7f6676b47000 ---p 00003000 08:01 7078082                    /lib/x86_64-linux-gnu/libdl-2.19.so
7f6676b47000-7f6676b48000 r--p 00002000 08:01 7078082                    /lib/x86_64-linux-gnu/libdl-2.19.so
7f6676b48000-7f6676b49000 rw-p 00003000 08:01 7078082                    /lib/x86_64-linux-gnu/libdl-2.19.so
7f6676b49000-7f6676b5e000 r-xp 00000000 08:01 1453997                    /usr/lib/jvm/java-8-oracle/lib/amd64/jli/libjli.so
7f6676b5e000-7f6676d5e000 ---p 00015000 08:01 1453997                    /usr/lib/jvm/java-8-oracle/lib/amd64/jli/libjli.so
7f6676d5e000-7f6676d5f000 rw-p 00015000 08:01 1453997                    /usr/lib/jvm/java-8-oracle/lib/amd64/jli/libjli.so
7f6676d5f000-7f6676d78000 r-xp 00000000 08:01 7078087                    /lib/x86_64-linux-gnu/libpthread-2.19.so
7f6676d78000-7f6676f77000 ---p 00019000 08:01 7078087                    /lib/x86_64-linux-gnu/libpthread-2.19.so
7f6676f77000-7f6676f78000 r--p 00018000 08:01 7078087                    /lib/x86_64-linux-gnu/libpthread-2.19.so
7f6676f78000-7f6676f79000 rw-p 00019000 08:01 7078087                    /lib/x86_64-linux-gnu/libpthread-2.19.so
7f6676f79000-7f6676f7d000 rw-p 00000000 00:00 0 
7f6676f7d000-7f6676fa0000 r-xp 00000000 08:01 7078088                    /lib/x86_64-linux-gnu/ld-2.19.so
7f6676fa6000-7f6677079000 rw-p 00000000 00:00 0 
7f6677079000-7f667707c000 ---p 00000000 00:00 0 
7f667707c000-7f667717e000 rw-p 00000000 00:00 0 
7f6677183000-7f6677184000 rw-p 00000000 00:00 0 
7f6677184000-7f6677193000 r--s 000df000 08:05 264644                     /home/onmymobile/Android/Sdk/build-tools/23.0.3/lib/dx.jar
7f6677193000-7f667719b000 rw-s 00000000 08:01 524456                     /tmp/hsperfdata_onmymobile/16002
7f667719b000-7f667719c000 rw-p 00000000 00:00 0 
7f667719c000-7f667719d000 ---p 00000000 00:00 0 
7f667719d000-7f667719f000 rw-p 00000000 00:00 0 
7f667719f000-7f66771a0000 r--p 00022000 08:01 7078088                    /lib/x86_64-linux-gnu/ld-2.19.so
7f66771a0000-7f66771a1000 rw-p 00023000 08:01 7078088                    /lib/x86_64-linux-gnu/ld-2.19.so
7f66771a1000-7f66771a2000 rw-p 00000000 00:00 0 
7ffc719d6000-7ffc719f8000 rw-p 00000000 00:00 0                          [stack]
7ffc719fc000-7ffc719fe000 r--p 00000000 00:00 0                          [vvar]
7ffc719fe000-7ffc71a00000 r-xp 00000000 00:00 0                          [vdso]
ffffffffff600000-ffffffffff601000 r-xp 00000000 00:00 0                  [vsyscall]

VM Arguments:
jvm_args: -Djava.awt.headless=true -Xmx4g -Dfile.encoding=UTF-8 -Duser.country=IN -Duser.language=en -Duser.variant 
java_command: com.android.dx.command.Main --dex --no-optimize --num-threads=4 --multi-dex --main-dex-list /home/onmymobile/AndroidStudioProjects/Heritage/Heritage/app/build/intermediates/multi-dex/debug/maindexlist.txt --output /home/onmymobile/AndroidStudioProjects/Heritage/Heritage/app/build/intermediates/transforms/dex/debug/folders/1000/1f/main /home/onmymobile/AndroidStudioProjects/Heritage/Heritage/app/build/intermediates/transforms/jarMerging/debug/jars/1/1f/combined.jar
java_class_path (initial): /home/onmymobile/Android/Sdk/build-tools/23.0.3/lib/dx.jar
Launcher Type: SUN_STANDARD

Environment Variables:
JAVA_HOME=/usr/lib/jvm/java-8-oracle
PATH=/home/onmymobile/bin:/usr/local/sbin:/usr/local/bin:/usr/sbin:/usr/bin:/sbin:/bin:/usr/games:/usr/local/games:/usr/lib/jvm/java-8-oracle/bin:/usr/lib/jvm/java-8-oracle/db/bin:/usr/lib/jvm/java-8-oracle/jre/bin
LD_LIBRARY_PATH=.:
SHELL=/bin/bash
DISPLAY=:0

Signal Handlers:
SIGSEGV: [libjvm.so+0xac4790], sa_mask[0]=11111111011111111101111111111110, sa_flags=SA_RESTART|SA_SIGINFO
SIGBUS: [libjvm.so+0xac4790], sa_mask[0]=11111111011111111101111111111110, sa_flags=SA_RESTART|SA_SIGINFO
SIGFPE: [libjvm.so+0x91f140], sa_mask[0]=11111111011111111101111111111110, sa_flags=SA_RESTART|SA_SIGINFO
SIGPIPE: [libjvm.so+0x91f140], sa_mask[0]=11111111011111111101111111111110, sa_flags=SA_RESTART|SA_SIGINFO
SIGXFSZ: [libjvm.so+0x91f140], sa_mask[0]=11111111011111111101111111111110, sa_flags=SA_RESTART|SA_SIGINFO
SIGILL: [libjvm.so+0x91f140], sa_mask[0]=11111111011111111101111111111110, sa_flags=SA_RESTART|SA_SIGINFO
SIGUSR1: SIG_DFL, sa_mask[0]=00000000000000000000000000000000, sa_flags=none
SIGUSR2: [libjvm.so+0x920770], sa_mask[0]=00100000000000000000000000000000, sa_flags=SA_RESTART|SA_SIGINFO
SIGHUP: [libjvm.so+0x921b70], sa_mask[0]=11111111011111111101111111111110, sa_flags=SA_RESTART|SA_SIGINFO
SIGINT: [libjvm.so+0x921b70], sa_mask[0]=11111111011111111101111111111110, sa_flags=SA_RESTART|SA_SIGINFO
SIGTERM: [libjvm.so+0x921b70], sa_mask[0]=11111111011111111101111111111110, sa_flags=SA_RESTART|SA_SIGINFO
SIGQUIT: [libjvm.so+0x921b70], sa_mask[0]=11111111011111111101111111111110, sa_flags=SA_RESTART|SA_SIGINFO


---------------  S Y S T E M  ---------------

OS:DISTRIB_ID=Ubuntu
DISTRIB_RELEASE=14.04
DISTRIB_CODENAME=trusty
DISTRIB_DESCRIPTION="Ubuntu 14.04.4 LTS"

uname:Linux 4.2.0-42-generic #49~14.04.1-Ubuntu SMP Wed Jun 29 20:22:11 UTC 2016 x86_64
libc:glibc 2.19 NPTL 2.19 
rlimit: STACK 8192k, CORE 0k, NPROC 31336, NOFILE 4096, AS infinity
load average:3.57 1.68 0.91

/proc/meminfo:
MemTotal:        8044164 kB
MemFree:          145948 kB
MemAvailable:      89956 kB
Buffers:             680 kB
Cached:          1015328 kB
SwapCached:            0 kB
Active:          6754204 kB
Inactive:         928244 kB
Active(anon):    6748940 kB
Inactive(anon):   922804 kB
Active(file):       5264 kB
Inactive(file):     5440 kB
Unevictable:         156 kB
Mlocked:             156 kB
SwapTotal:             0 kB
SwapFree:              0 kB
Dirty:               412 kB
Writeback:             0 kB
AnonPages:       6666752 kB
Mapped:           407820 kB
Shmem:           1005148 kB
Slab:              89020 kB
SReclaimable:      46248 kB
SUnreclaim:        42772 kB
KernelStack:       11904 kB
PageTables:        61284 kB
NFS_Unstable:          0 kB
Bounce:                0 kB
WritebackTmp:          0 kB
CommitLimit:     4022080 kB
Committed_AS:   13395000 kB
VmallocTotal:   34359738367 kB
VmallocUsed:      358852 kB
VmallocChunk:   34358947836 kB
HardwareCorrupted:     0 kB
AnonHugePages:   4235264 kB
CmaTotal:              0 kB
CmaFree:               0 kB
HugePages_Total:       0
HugePages_Free:        0
HugePages_Rsvd:        0
HugePages_Surp:        0
Hugepagesize:       2048 kB
DirectMap4k:      185888 kB
DirectMap2M:     8071168 kB


CPU:total 4 (2 cores per cpu, 2 threads per core) family 6 model 58 stepping 9, cmov, cx8, fxsr, mmx, sse, sse2, sse3, ssse3, sse4.1, sse4.2, popcnt, avx, aes, clmul, erms, ht, tsc, tscinvbit, tscinv

/proc/cpuinfo:
processor	: 0
vendor_id	: GenuineIntel
cpu family	: 6
model		: 58
model name	: Intel(R) Core(TM) i5-3340M CPU @ 2.70GHz
stepping	: 9
microcode	: 0x15
cpu MHz		: 3200.238
cache size	: 3072 KB
physical id	: 0
siblings	: 4
core id		: 0
cpu cores	: 2
apicid		: 0
initial apicid	: 0
fpu		: yes
fpu_exception	: yes
cpuid level	: 13
wp		: yes
flags		: fpu vme de pse tsc msr pae mce cx8 apic sep mtrr pge mca cmov pat pse36 clflush dts acpi mmx fxsr sse sse2 ss ht tm pbe syscall nx rdtscp lm constant_tsc arch_perfmon pebs bts rep_good nopl xtopology nonstop_tsc aperfmperf eagerfpu pni pclmulqdq dtes64 monitor ds_cpl vmx smx est tm2 ssse3 cx16 xtpr pdcm pcid sse4_1 sse4_2 x2apic popcnt tsc_deadline_timer aes xsave avx f16c rdrand lahf_lm ida arat epb pln pts dtherm tpr_shadow vnmi flexpriority ept vpid fsgsbase smep erms xsaveopt
bugs		:
bogomips	: 5382.51
clflush size	: 64
cache_alignment	: 64
address sizes	: 36 bits physical, 48 bits virtual
power management:

processor	: 1
vendor_id	: GenuineIntel
cpu family	: 6
model		: 58
model name	: Intel(R) Core(TM) i5-3340M CPU @ 2.70GHz
stepping	: 9
microcode	: 0x15
cpu MHz		: 3214.687
cache size	: 3072 KB
physical id	: 0
siblings	: 4
core id		: 1
cpu cores	: 2
apicid		: 2
initial apicid	: 2
fpu		: yes
fpu_exception	: yes
cpuid level	: 13
wp		: yes
flags		: fpu vme de pse tsc msr pae mce cx8 apic sep mtrr pge mca cmov pat pse36 clflush dts acpi mmx fxsr sse sse2 ss ht tm pbe syscall nx rdtscp lm constant_tsc arch_perfmon pebs bts rep_good nopl xtopology nonstop_tsc aperfmperf eagerfpu pni pclmulqdq dtes64 monitor ds_cpl vmx smx est tm2 ssse3 cx16 xtpr pdcm pcid sse4_1 sse4_2 x2apic popcnt tsc_deadline_timer aes xsave avx f16c rdrand lahf_lm ida arat epb pln pts dtherm tpr_shadow vnmi flexpriority ept vpid fsgsbase smep erms xsaveopt
bugs		:
bogomips	: 5382.51
clflush size	: 64
cache_alignment	: 64
address sizes	: 36 bits physical, 48 bits virtual
power management:

processor	: 2
vendor_id	: GenuineIntel
cpu family	: 6
model		: 58
model name	: Intel(R) Core(TM) i5-3340M CPU @ 2.70GHz
stepping	: 9
microcode	: 0x15
cpu MHz		: 3199.921
cache size	: 3072 KB
physical id	: 0
siblings	: 4
core id		: 0
cpu cores	: 2
apicid		: 1
initial apicid	: 1
fpu		: yes
fpu_exception	: yes
cpuid level	: 13
wp		: yes
flags		: fpu vme de pse tsc msr pae mce cx8 apic sep mtrr pge mca cmov pat pse36 clflush dts acpi mmx fxsr sse sse2 ss ht tm pbe syscall nx rdtscp lm constant_tsc arch_perfmon pebs bts rep_good nopl xtopology nonstop_tsc aperfmperf eagerfpu pni pclmulqdq dtes64 monitor ds_cpl vmx smx est tm2 ssse3 cx16 xtpr pdcm pcid sse4_1 sse4_2 x2apic popcnt tsc_deadline_timer aes xsave avx f16c rdrand lahf_lm ida arat epb pln pts dtherm tpr_shadow vnmi flexpriority ept vpid fsgsbase smep erms xsaveopt
bugs		:
bogomips	: 5382.51
clflush size	: 64
cache_alignment	: 64
address sizes	: 36 bits physical, 48 bits virtual
power management:

processor	: 3
vendor_id	: GenuineIntel
cpu family	: 6
model		: 58
model name	: Intel(R) Core(TM) i5-3340M CPU @ 2.70GHz
stepping	: 9
microcode	: 0x15
cpu MHz		: 3227.976
cache size	: 3072 KB
physical id	: 0
siblings	: 4
core id		: 1
cpu cores	: 2
apicid		: 3
initial apicid	: 3
fpu		: yes
fpu_exception	: yes
cpuid level	: 13
wp		: yes
flags		: fpu vme de pse tsc msr pae mce cx8 apic sep mtrr pge mca cmov pat pse36 clflush dts acpi mmx fxsr sse sse2 ss ht tm pbe syscall nx rdtscp lm constant_tsc arch_perfmon pebs bts rep_good nopl xtopology nonstop_tsc aperfmperf eagerfpu pni pclmulqdq dtes64 monitor ds_cpl vmx smx est tm2 ssse3 cx16 xtpr pdcm pcid sse4_1 sse4_2 x2apic popcnt tsc_deadline_timer aes xsave avx f16c rdrand lahf_lm ida arat epb pln pts dtherm tpr_shadow vnmi flexpriority ept vpid fsgsbase smep erms xsaveopt
bugs		:
bogomips	: 5382.51
clflush size	: 64
cache_alignment	: 64
address sizes	: 36 bits physical, 48 bits virtual
power management:



Memory: 4k page, physical 8044164k(145824k free), swap 0k(0k free)

vm_info: Java HotSpot(TM) 64-Bit Server VM (25.101-b13) for linux-amd64 JRE (1.8.0_101-b13), built on Jun 22 2016 02:59:44 by "java_re" with gcc 4.3.0 20080428 (Red Hat 4.3.0-8)

time: Wed Aug  3 14:34:25 2016
elapsed time: 3 seconds (0d 0h 0m 3s)

