#
# There is insufficient memory for the Java Runtime Environment to continue.
# Native memory allocation (mmap) failed to map 147849216 bytes for committing reserved memory.
# Possible reasons:
#   The system is out of physical RAM or swap space
#   In 32 bit mode, the process size limit was hit
# Possible solutions:
#   Reduce memory load on the system
#   Increase physical memory or swap space
#   Check if swap backing store is full
#   Use 64 bit Java on a 64 bit OS
#   Decrease Java heap size (-Xmx/-Xms)
#   Decrease number of Java threads
#   Decrease Java thread stack sizes (-Xss)
#   Set larger code cache with -XX:ReservedCodeCacheSize=
# This output file may be truncated or incomplete.
#
#  Out of Memory Error (os_linux.cpp:2627), pid=14266, tid=140173675919104
#
# JRE version: Java(TM) SE Runtime Environment (8.0_91-b14) (build 1.8.0_91-b14)
# Java VM: Java HotSpot(TM) 64-Bit Server VM (25.91-b14 mixed mode linux-amd64 compressed oops)
# Failed to write core dump. Core dumps have been disabled. To enable core dumping, try "ulimit -c unlimited" before starting Java again
#

---------------  T H R E A D  ---------------

Current thread (0x00007f7ce4078000):  VMThread [stack: 0x00007f7cba18f000,0x00007f7cba290000] [id=14277]

Stack: [0x00007f7cba18f000,0x00007f7cba290000],  sp=0x00007f7cba28dfe0,  free space=1019k
Native frames: (J=compiled Java code, j=interpreted, Vv=VM code, C=native code)
V  [libjvm.so+0xabc18a]  VMError::report_and_die()+0x2ba
V  [libjvm.so+0x4fafeb]  report_vm_out_of_memory(char const*, int, unsigned long, VMErrorType, char const*)+0x8b
V  [libjvm.so+0x91cbb3]  os::Linux::commit_memory_impl(char*, unsigned long, bool)+0x103
V  [libjvm.so+0x91d109]  os::pd_commit_memory(char*, unsigned long, unsigned long, bool)+0x29
V  [libjvm.so+0x91740a]  os::commit_memory(char*, unsigned long, unsigned long, bool)+0x2a
V  [libjvm.so+0x98b033]  PSVirtualSpace::expand_by(unsigned long)+0x53
V  [libjvm.so+0x98c438]  PSYoungGen::resize_generation(unsigned long, unsigned long)+0xf8
V  [libjvm.so+0x98b592]  PSYoungGen::resize(unsigned long, unsigned long)+0x22
V  [libjvm.so+0x98886b]  PSScavenge::invoke_no_policy()+0xf3b
V  [libjvm.so+0x988ff1]  PSScavenge::invoke()+0x41
V  [libjvm.so+0x9408b0]  ParallelScavengeHeap::failed_mem_allocate(unsigned long)+0x70
V  [libjvm.so+0xabdba7]  VM_ParallelGCFailedAllocation::doit()+0x97
V  [libjvm.so+0xac55d5]  VM_Operation::evaluate()+0x55
V  [libjvm.so+0xac39aa]  VMThread::evaluate_operation(VM_Operation*)+0xba
V  [libjvm.so+0xac3d2e]  VMThread::loop()+0x1ce
V  [libjvm.so+0xac41a0]  VMThread::run()+0x70
V  [libjvm.so+0x91ef78]  java_start(Thread*)+0x108

VM_Operation (0x00007f7cb906a800): ParallelGCFailedAllocation, mode: safepoint, requested by thread 0x00007f7ce41d4000


---------------  P R O C E S S  ---------------

Java Threads: ( => current thread )
  0x00007f7ce41d7800 JavaThread "pool-2-thread-4" [_thread_blocked, id=14290, stack(0x00007f7cb8d6a000,0x00007f7cb8e6b000)]
  0x00007f7ce41d6000 JavaThread "pool-2-thread-3" [_thread_blocked, id=14289, stack(0x00007f7cb8e6b000,0x00007f7cb8f6c000)]
  0x00007f7ce41d4000 JavaThread "pool-2-thread-2" [_thread_blocked, id=14288, stack(0x00007f7cb8f6c000,0x00007f7cb906d000)]
  0x00007f7ce41d3000 JavaThread "pool-3-thread-1" [_thread_blocked, id=14287, stack(0x00007f7cb906d000,0x00007f7cb916e000)]
  0x00007f7ce41d0800 JavaThread "pool-2-thread-1" [_thread_blocked, id=14286, stack(0x00007f7cb916e000,0x00007f7cb926f000)]
  0x00007f7ce40c0000 JavaThread "Service Thread" daemon [_thread_blocked, id=14284, stack(0x00007f7cb93a6000,0x00007f7cb94a7000)]
  0x00007f7ce40bd000 JavaThread "C1 CompilerThread2" daemon [_thread_blocked, id=14283, stack(0x00007f7cb94a7000,0x00007f7cb95a8000)]
  0x00007f7ce40bb800 JavaThread "C2 CompilerThread1" daemon [_thread_blocked, id=14282, stack(0x00007f7cb95a8000,0x00007f7cb96a9000)]
  0x00007f7ce40b8800 JavaThread "C2 CompilerThread0" daemon [_thread_blocked, id=14281, stack(0x00007f7cb96a9000,0x00007f7cb97aa000)]
  0x00007f7ce40b7000 JavaThread "Signal Dispatcher" daemon [_thread_blocked, id=14280, stack(0x00007f7cb97aa000,0x00007f7cb98ab000)]
  0x00007f7ce4084000 JavaThread "Finalizer" daemon [_thread_blocked, id=14279, stack(0x00007f7cb9f8d000,0x00007f7cba08e000)]
  0x00007f7ce407f800 JavaThread "Reference Handler" daemon [_thread_blocked, id=14278, stack(0x00007f7cba08e000,0x00007f7cba18f000)]
  0x00007f7ce400a000 JavaThread "main" [_thread_blocked, id=14272, stack(0x00007f7ceb895000,0x00007f7ceb996000)]

Other Threads:
=>0x00007f7ce4078000 VMThread [stack: 0x00007f7cba18f000,0x00007f7cba290000] [id=14277]
  0x00007f7ce40c3000 WatcherThread [stack: 0x00007f7cb92a5000,0x00007f7cb93a6000] [id=14285]

VM state:at safepoint (normal execution)

VM Mutex/Monitor currently owned by a thread:  ([mutex/lock_event])
[0x00007f7ce40065f0] Threads_lock - owner thread: 0x00007f7ce4078000
[0x00007f7ce4006af0] Heap_lock - owner thread: 0x00007f7ce41d4000

Heap:
 PSYoungGen      total 145408K, used 19964K [0x000000076ab00000, 0x0000000774e00000, 0x00000007c0000000)
  eden space 125440K, 0% used [0x000000076ab00000,0x000000076ab00000,0x0000000772580000)
  from space 19968K, 99% used [0x0000000772580000,0x00000007738ff0a8,0x0000000773900000)
  to   space 18432K, 0% used [0x0000000773900000,0x0000000773900000,0x0000000774b00000)
 ParOldGen       total 84992K, used 34201K [0x00000006c0000000, 0x00000006c5300000, 0x000000076ab00000)
  object space 84992K, 40% used [0x00000006c0000000,0x00000006c21664e8,0x00000006c5300000)
 Metaspace       used 6280K, capacity 7128K, committed 7424K, reserved 1056768K
  class space    used 615K, capacity 656K, committed 768K, reserved 1048576K

Card table byte_map: [0x00007f7cd47ff000,0x00007f7cd5000000] byte_map_base: 0x00007f7cd11ff000

Marking Bits: (ParMarkBitMap*) 0x00007f7cead6dd60
 Begin Bits: [0x00007f7cbc000000, 0x00007f7cc0000000)
 End Bits:   [0x00007f7cc0000000, 0x00007f7cc4000000)

Polling page: 0x00007f7ceb9b6000

CodeCache: size=245760Kb used=6772Kb max_used=6772Kb free=238987Kb
 bounds [0x00007f7cd5000000, 0x00007f7cd56b0000, 0x00007f7ce4000000]
 total_blobs=1998 nmethods=1730 adapters=182
 compilation: enabled

Compilation events (10 events):
Event: 2.793 Thread 0x00007f7ce40bd000 nmethod 1889 0x00007f7cd569f890 code [0x00007f7cd569fa00, 0x00007f7cd569fc48]
Event: 2.793 Thread 0x00007f7ce40bd000 1914       2       java.util.concurrent.locks.AbstractQueuedSynchronizer::setState (6 bytes)
Event: 2.807 Thread 0x00007f7ce40bd000 nmethod 1914 0x00007f7cd569fd50 code [0x00007f7cd569fea0, 0x00007f7cd569fff0]
Event: 2.807 Thread 0x00007f7ce40bd000 1919       2       java.util.concurrent.locks.AbstractQueuedSynchronizer::compareAndSetState (13 bytes)
Event: 2.807 Thread 0x00007f7ce40bd000 nmethod 1919 0x00007f7cd56a0050 code [0x00007f7cd56a01a0, 0x00007f7cd56a0310]
Event: 2.807 Thread 0x00007f7ce40bd000 1933       2       com.android.dx.ssa.back.FirstFitLocalCombiningAllocator::getLocalItemForReg (97 bytes)
Event: 2.808 Thread 0x00007f7ce40bd000 nmethod 1933 0x00007f7cd56a0390 code [0x00007f7cd56a0580, 0x00007f7cd56a0ab8]
Event: 2.808 Thread 0x00007f7ce40bd000 1932       2       com.android.dx.ssa.PhiTypeResolver::equalsHandlesNulls (23 bytes)
Event: 2.808 Thread 0x00007f7ce40bd000 nmethod 1932 0x00007f7cd56a0e50 code [0x00007f7cd56a0fc0, 0x00007f7cd56a11c8]
Event: 2.808 Thread 0x00007f7ce40bd000 1935       2       com.android.dx.cf.code.LocalVariableList::set (21 bytes)

GC Heap History (10 events):
Event: 0.953 GC heap after
Heap after GC invocations=2 (full 0):
 PSYoungGen      total 36864K, used 5108K [0x000000076ab00000, 0x000000076f300000, 0x00000007c0000000)
  eden space 31744K, 0% used [0x000000076ab00000,0x000000076ab00000,0x000000076ca00000)
  from space 5120K, 99% used [0x000000076cf00000,0x000000076d3fd018,0x000000076d400000)
  to   space 5120K, 0% used [0x000000076ca00000,0x000000076ca00000,0x000000076cf00000)
 ParOldGen       total 84992K, used 2171K [0x00000006c0000000, 0x00000006c5300000, 0x000000076ab00000)
  object space 84992K, 2% used [0x00000006c0000000,0x00000006c021ed28,0x00000006c5300000)
 Metaspace       used 5834K, capacity 6768K, committed 7040K, reserved 1056768K
  class space    used 594K, capacity 616K, committed 640K, reserved 1048576K
}
Event: 1.253 GC heap before
{Heap before GC invocations=3 (full 0):
 PSYoungGen      total 36864K, used 36852K [0x000000076ab00000, 0x000000076f300000, 0x00000007c0000000)
  eden space 31744K, 100% used [0x000000076ab00000,0x000000076ca00000,0x000000076ca00000)
  from space 5120K, 99% used [0x000000076cf00000,0x000000076d3fd018,0x000000076d400000)
  to   space 5120K, 0% used [0x000000076ca00000,0x000000076ca00000,0x000000076cf00000)
 ParOldGen       total 84992K, used 2171K [0x00000006c0000000, 0x00000006c5300000, 0x000000076ab00000)
  object space 84992K, 2% used [0x00000006c0000000,0x00000006c021ed28,0x00000006c5300000)
 Metaspace       used 5897K, capacity 6832K, committed 7040K, reserved 1056768K
  class space    used 594K, capacity 616K, committed 640K, reserved 1048576K
Event: 1.273 GC heap after
Heap after GC invocations=3 (full 0):
 PSYoungGen      total 36864K, used 5112K [0x000000076ab00000, 0x000000076f300000, 0x00000007c0000000)
  eden space 31744K, 0% used [0x000000076ab00000,0x000000076ab00000,0x000000076ca00000)
  from space 5120K, 99% used [0x000000076ca00000,0x000000076cefe140,0x000000076cf00000)
  to   space 5120K, 0% used [0x000000076ee00000,0x000000076ee00000,0x000000076f300000)
 ParOldGen       total 84992K, used 6630K [0x00000006c0000000, 0x00000006c5300000, 0x000000076ab00000)
  object space 84992K, 7% used [0x00000006c0000000,0x00000006c06799c8,0x00000006c5300000)
 Metaspace       used 5897K, capacity 6832K, committed 7040K, reserved 1056768K
  class space    used 594K, capacity 616K, committed 640K, reserved 1048576K
}
Event: 1.440 GC heap before
{Heap before GC invocations=4 (full 0):
 PSYoungGen      total 36864K, used 36856K [0x000000076ab00000, 0x000000076f300000, 0x00000007c0000000)
  eden space 31744K, 100% used [0x000000076ab00000,0x000000076ca00000,0x000000076ca00000)
  from space 5120K, 99% used [0x000000076ca00000,0x000000076cefe140,0x000000076cf00000)
  to   space 5120K, 0% used [0x000000076ee00000,0x000000076ee00000,0x000000076f300000)
 ParOldGen       total 84992K, used 6630K [0x00000006c0000000, 0x00000006c5300000, 0x000000076ab00000)
  object space 84992K, 7% used [0x00000006c0000000,0x00000006c06799c8,0x00000006c5300000)
 Metaspace       used 5926K, capacity 6896K, committed 7040K, reserved 1056768K
  class space    used 594K, capacity 616K, committed 640K, reserved 1048576K
Event: 1.457 GC heap after
Heap after GC invocations=4 (full 0):
 PSYoungGen      total 68608K, used 5114K [0x000000076ab00000, 0x000000076f300000, 0x00000007c0000000)
  eden space 63488K, 0% used [0x000000076ab00000,0x000000076ab00000,0x000000076e900000)
  from space 5120K, 99% used [0x000000076ee00000,0x000000076f2fea70,0x000000076f300000)
  to   space 5120K, 0% used [0x000000076e900000,0x000000076e900000,0x000000076ee00000)
 ParOldGen       total 84992K, used 12143K [0x00000006c0000000, 0x00000006c5300000, 0x000000076ab00000)
  object space 84992K, 14% used [0x00000006c0000000,0x00000006c0bdbe30,0x00000006c5300000)
 Metaspace       used 5926K, capacity 6896K, committed 7040K, reserved 1056768K
  class space    used 594K, capacity 616K, committed 640K, reserved 1048576K
}
Event: 1.846 GC heap before
{Heap before GC invocations=5 (full 0):
 PSYoungGen      total 68608K, used 68602K [0x000000076ab00000, 0x000000076f300000, 0x00000007c0000000)
  eden space 63488K, 100% used [0x000000076ab00000,0x000000076e900000,0x000000076e900000)
  from space 5120K, 99% used [0x000000076ee00000,0x000000076f2fea70,0x000000076f300000)
  to   space 5120K, 0% used [0x000000076e900000,0x000000076e900000,0x000000076ee00000)
 ParOldGen       total 84992K, used 12143K [0x00000006c0000000, 0x00000006c5300000, 0x000000076ab00000)
  object space 84992K, 14% used [0x00000006c0000000,0x00000006c0bdbe30,0x00000006c5300000)
 Metaspace       used 6010K, capacity 6960K, committed 7040K, reserved 1056768K
  class space    used 595K, capacity 616K, committed 640K, reserved 1048576K
Event: 1.887 GC heap after
Heap after GC invocations=5 (full 0):
 PSYoungGen      total 68608K, used 5092K [0x000000076ab00000, 0x0000000774b00000, 0x00000007c0000000)
  eden space 63488K, 0% used [0x000000076ab00000,0x000000076ab00000,0x000000076e900000)
  from space 5120K, 99% used [0x000000076e900000,0x000000076edf9148,0x000000076ee00000)
  to   space 18432K, 0% used [0x0000000773900000,0x0000000773900000,0x0000000774b00000)
 ParOldGen       total 84992K, used 21690K [0x00000006c0000000, 0x00000006c5300000, 0x000000076ab00000)
  object space 84992K, 25% used [0x00000006c0000000,0x00000006c152e9b0,0x00000006c5300000)
 Metaspace       used 6010K, capacity 6960K, committed 7040K, reserved 1056768K
  class space    used 595K, capacity 616K, committed 640K, reserved 1048576K
}
Event: 2.185 GC heap before
{Heap before GC invocations=6 (full 0):
 PSYoungGen      total 68608K, used 68580K [0x000000076ab00000, 0x0000000774b00000, 0x00000007c0000000)
  eden space 63488K, 100% used [0x000000076ab00000,0x000000076e900000,0x000000076e900000)
  from space 5120K, 99% used [0x000000076e900000,0x000000076edf9148,0x000000076ee00000)
  to   space 18432K, 0% used [0x0000000773900000,0x0000000773900000,0x0000000774b00000)
 ParOldGen       total 84992K, used 21690K [0x00000006c0000000, 0x00000006c5300000, 0x000000076ab00000)
  object space 84992K, 25% used [0x00000006c0000000,0x00000006c152e9b0,0x00000006c5300000)
 Metaspace       used 6053K, capacity 6960K, committed 7040K, reserved 1056768K
  class space    used 595K, capacity 616K, committed 640K, reserved 1048576K
Event: 2.238 GC heap after
Heap after GC invocations=6 (full 0):
 PSYoungGen      total 143872K, used 14338K [0x000000076ab00000, 0x0000000774e00000, 0x00000007c0000000)
  eden space 125440K, 0% used [0x000000076ab00000,0x000000076ab00000,0x0000000772580000)
  from space 18432K, 77% used [0x0000000773900000,0x0000000774700900,0x0000000774b00000)
  to   space 19968K, 0% used [0x0000000772580000,0x0000000772580000,0x0000000773900000)
 ParOldGen       total 84992K, used 21690K [0x00000006c0000000, 0x00000006c5300000, 0x000000076ab00000)
  object space 84992K, 25% used [0x00000006c0000000,0x00000006c152e9b0,0x00000006c5300000)
 Metaspace       used 6053K, capacity 6960K, committed 7040K, reserved 1056768K
  class space    used 595K, capacity 616K, committed 640K, reserved 1048576K
}
Event: 2.816 GC heap before
{Heap before GC invocations=7 (full 0):
 PSYoungGen      total 143872K, used 139778K [0x000000076ab00000, 0x0000000774e00000, 0x00000007c0000000)
  eden space 125440K, 100% used [0x000000076ab00000,0x0000000772580000,0x0000000772580000)
  from space 18432K, 77% used [0x0000000773900000,0x0000000774700900,0x0000000774b00000)
  to   space 19968K, 0% used [0x0000000772580000,0x0000000772580000,0x0000000773900000)
 ParOldGen       total 84992K, used 21690K [0x00000006c0000000, 0x00000006c5300000, 0x000000076ab00000)
  object space 84992K, 25% used [0x00000006c0000000,0x00000006c152e9b0,0x00000006c5300000)
 Metaspace       used 6280K, capacity 7128K, committed 7424K, reserved 1056768K
  class space    used 615K, capacity 656K, committed 768K, reserved 1048576K

Deoptimization events (10 events):
Event: 1.303 Thread 0x00007f7ce41d6000 Uncommon trap: reason=null_check action=make_not_entrant pc=0x00007f7cd52ed398 method=com.android.dx.ssa.SsaRenamer.getLocalForNewReg(I)Lcom/android/dx/rop/code/LocalItem; @ 19
Event: 1.350 Thread 0x00007f7ce41d7800 Uncommon trap: reason=unstable_if action=reinterpret pc=0x00007f7cd52fde18 method=com.android.dx.rop.code.RegisterSpecSet.put(Lcom/android/dx/rop/code/RegisterSpec;)V @ 77
Event: 1.559 Thread 0x00007f7ce41d0800 Uncommon trap: reason=unstable_if action=reinterpret pc=0x00007f7cd52f6918 method=com.android.dx.rop.code.RegisterSpec.equals(ILcom/android/dx/rop/type/TypeBearer;Lcom/android/dx/rop/code/LocalItem;)Z @ 42
Event: 1.660 Thread 0x00007f7ce41d7800 Uncommon trap: reason=unstable_if action=reinterpret pc=0x00007f7cd53f90f0 method=java.util.HashMap.putVal(ILjava/lang/Object;Ljava/lang/Object;ZZ)Ljava/lang/Object; @ 94
Event: 1.744 Thread 0x00007f7ce41d4000 Uncommon trap: reason=unstable_if action=reinterpret pc=0x00007f7cd53ce33c method=com.android.dx.ssa.SsaMethod.updateOneDefinition(Lcom/android/dx/ssa/SsaInsn;Lcom/android/dx/rop/code/RegisterSpec;)V @ 4
Event: 2.090 Thread 0x00007f7ce41d6000 Uncommon trap: reason=unstable_if action=reinterpret pc=0x00007f7cd5513588 method=com.android.dx.ssa.SCCP.simulateStmt(Lcom/android/dx/ssa/SsaInsn;)V @ 53
Event: 2.261 Thread 0x00007f7ce41d6000 Uncommon trap: reason=unstable_if action=reinterpret pc=0x00007f7cd5344504 method=java.util.HashMap.putVal(ILjava/lang/Object;Ljava/lang/Object;ZZ)Ljava/lang/Object; @ 162
Event: 2.263 Thread 0x00007f7ce400a000 Uncommon trap: reason=unstable_if action=reinterpret pc=0x00007f7cd537a7dc method=java.util.HashMap.getNode(ILjava/lang/Object;)Ljava/util/HashMap$Node; @ 84
Event: 2.596 Thread 0x00007f7ce41d0800 Uncommon trap: reason=unstable_if action=reinterpret pc=0x00007f7cd53b77cc method=com.android.dx.dex.code.OutputFinisher.hasLocalInfo(Lcom/android/dx/dex/code/DalvInsn;)Z @ 24
Event: 2.668 Thread 0x00007f7ce41d0800 Uncommon trap: reason=unstable_if action=reinterpret pc=0x00007f7cd55fff18 method=com.android.dx.ssa.SCCP.simulateBranch(Lcom/android/dx/ssa/SsaInsn;)V @ 64

Internal exceptions (6 events):
Event: 0.070 Thread 0x00007f7ce400a000 Exception <a 'java/lang/NoSuchMethodError': Method sun.misc.Unsafe.defineClass(Ljava/lang/String;[BII)Ljava/lang/Class; name or signature does not match> (0x000000076ab07cc0) thrown at [/HUDSON/workspace/8-2-build-linux-amd64/jdk8u91/6644/hotspot/src/shar
Event: 0.070 Thread 0x00007f7ce400a000 Exception <a 'java/lang/NoSuchMethodError': Method sun.misc.Unsafe.prefetchRead(Ljava/lang/Object;J)V name or signature does not match> (0x000000076ab07fa8) thrown at [/HUDSON/workspace/8-2-build-linux-amd64/jdk8u91/6644/hotspot/src/share/vm/prims/jni.cpp
Event: 1.303 Thread 0x00007f7ce41d6000 Implicit null exception at 0x00007f7cd52ea955 to 0x00007f7cd52ed379
Event: 2.262 Thread 0x00007f7ce400a000 Exception <a 'java/lang/ArrayIndexOutOfBoundsException': 18> (0x000000076aed3688) thrown at [/HUDSON/workspace/8-2-build-linux-amd64/jdk8u91/6644/hotspot/src/share/vm/interpreter/interpreterRuntime.cpp, line 366]
Event: 2.264 Thread 0x00007f7ce41d6000 Exception <a 'java/lang/ArrayIndexOutOfBoundsException': 145> (0x000000076b0d34f8) thrown at [/HUDSON/workspace/8-2-build-linux-amd64/jdk8u91/6644/hotspot/src/share/vm/interpreter/interpreterRuntime.cpp, line 366]
Event: 2.265 Thread 0x00007f7ce41d6000 Exception <a 'java/lang/ArrayIndexOutOfBoundsException': 40> (0x000000076b0d47e0) thrown at [/HUDSON/workspace/8-2-build-linux-amd64/jdk8u91/6644/hotspot/src/share/vm/interpreter/interpreterRuntime.cpp, line 366]

Events (10 events):
Event: 2.596 Thread 0x00007f7ce41d0800 DEOPT PACKING pc=0x00007f7cd53b77cc sp=0x00007f7cb926cdf0
Event: 2.596 Thread 0x00007f7ce41d0800 DEOPT UNPACKING pc=0x00007f7cd5005229 sp=0x00007f7cb926cd28 mode 2
Event: 2.633 Thread 0x00007f7ce41d6000 DEOPT PACKING pc=0x00007f7cd54e3fb6 sp=0x00007f7cb8f6a0b0
Event: 2.633 Thread 0x00007f7ce41d6000 DEOPT UNPACKING pc=0x00007f7cd5047633 sp=0x00007f7cb8f69e10 mode 0
Event: 2.668 Thread 0x00007f7ce41d0800 Uncommon trap: trap_request=0xffffff65 fr.pc=0x00007f7cd55fff18
Event: 2.668 Thread 0x00007f7ce41d0800 DEOPT PACKING pc=0x00007f7cd55fff18 sp=0x00007f7cb926cb30
Event: 2.668 Thread 0x00007f7ce41d0800 DEOPT UNPACKING pc=0x00007f7cd5005229 sp=0x00007f7cb926cb30 mode 2
Event: 2.676 Thread 0x00007f7ce400a000 DEOPT PACKING pc=0x00007f7cd54fd102 sp=0x00007f7ceb993a30
Event: 2.676 Thread 0x00007f7ce400a000 DEOPT UNPACKING pc=0x00007f7cd5047633 sp=0x00007f7ceb9937e0 mode 0
Event: 2.816 Executing VM operation: ParallelGCFailedAllocation


Dynamic libraries:
00400000-00401000 r-xp 00000000 08:01 1454135                            /usr/lib/jvm/java-8-oracle/bin/java
00600000-00601000 rw-p 00000000 08:01 1454135                            /usr/lib/jvm/java-8-oracle/bin/java
01b71000-01b92000 rw-p 00000000 00:00 0                                  [heap]
6c0000000-6c5300000 rw-p 00000000 00:00 0 
6c5300000-76ab00000 ---p 00000000 00:00 0 
76ab00000-774e00000 rw-p 00000000 00:00 0 
77db00000-7c0000000 ---p 00000000 00:00 0 
7c0000000-7c00c0000 rw-p 00000000 00:00 0 
7c00c0000-800000000 ---p 00000000 00:00 0 
7f7c7c000000-7f7c7c032000 rw-p 00000000 00:00 0 
7f7c7c032000-7f7c80000000 ---p 00000000 00:00 0 
7f7c84000000-7f7c8402e000 rw-p 00000000 00:00 0 
7f7c8402e000-7f7c88000000 ---p 00000000 00:00 0 
7f7c88000000-7f7c88021000 rw-p 00000000 00:00 0 
7f7c88021000-7f7c8c000000 ---p 00000000 00:00 0 
7f7c8c000000-7f7c8c02f000 rw-p 00000000 00:00 0 
7f7c8c02f000-7f7c90000000 ---p 00000000 00:00 0 
7f7c90000000-7f7c90021000 rw-p 00000000 00:00 0 
7f7c90021000-7f7c94000000 ---p 00000000 00:00 0 
7f7c94000000-7f7c94021000 rw-p 00000000 00:00 0 
7f7c94021000-7f7c98000000 ---p 00000000 00:00 0 
7f7c98000000-7f7c98021000 rw-p 00000000 00:00 0 
7f7c98021000-7f7c9c000000 ---p 00000000 00:00 0 
7f7c9c000000-7f7c9cadd000 rw-p 00000000 00:00 0 
7f7c9cadd000-7f7ca0000000 ---p 00000000 00:00 0 
7f7ca0000000-7f7ca075b000 rw-p 00000000 00:00 0 
7f7ca075b000-7f7ca4000000 ---p 00000000 00:00 0 
7f7ca4000000-7f7ca4021000 rw-p 00000000 00:00 0 
7f7ca4021000-7f7ca8000000 ---p 00000000 00:00 0 
7f7ca8000000-7f7ca8ba1000 rw-p 00000000 00:00 0 
7f7ca8ba1000-7f7cac000000 ---p 00000000 00:00 0 
7f7cac000000-7f7cac021000 rw-p 00000000 00:00 0 
7f7cac021000-7f7cb0000000 ---p 00000000 00:00 0 
7f7cb0000000-7f7cb0021000 rw-p 00000000 00:00 0 
7f7cb0021000-7f7cb4000000 ---p 00000000 00:00 0 
7f7cb4000000-7f7cb428c000 rw-p 00000000 00:00 0 
7f7cb428c000-7f7cb8000000 ---p 00000000 00:00 0 
7f7cb8d6a000-7f7cb8d6d000 ---p 00000000 00:00 0 
7f7cb8d6d000-7f7cb8e6b000 rw-p 00000000 00:00 0 
7f7cb8e6b000-7f7cb8e6e000 ---p 00000000 00:00 0 
7f7cb8e6e000-7f7cb8f6c000 rw-p 00000000 00:00 0 
7f7cb8f6c000-7f7cb8f6f000 ---p 00000000 00:00 0 
7f7cb8f6f000-7f7cb906d000 rw-p 00000000 00:00 0 
7f7cb906d000-7f7cb9070000 ---p 00000000 00:00 0 
7f7cb9070000-7f7cb916e000 rw-p 00000000 00:00 0 
7f7cb916e000-7f7cb9171000 ---p 00000000 00:00 0 
7f7cb9171000-7f7cb926f000 rw-p 00000000 00:00 0 
7f7cb926f000-7f7cb92a5000 r--s 002b8000 08:05 4855623                    /home/onmymobile/AndroidStudioProjects/Heritage/SmsCapture (2)/app/build/intermediates/transforms/jarMerging/release/jars/1/1f/combined.jar
7f7cb92a5000-7f7cb92a6000 ---p 00000000 00:00 0 
7f7cb92a6000-7f7cb93a6000 rw-p 00000000 00:00 0 
7f7cb93a6000-7f7cb93a9000 ---p 00000000 00:00 0 
7f7cb93a9000-7f7cb94a7000 rw-p 00000000 00:00 0 
7f7cb94a7000-7f7cb94aa000 ---p 00000000 00:00 0 
7f7cb94aa000-7f7cb95a8000 rw-p 00000000 00:00 0 
7f7cb95a8000-7f7cb95ab000 ---p 00000000 00:00 0 
7f7cb95ab000-7f7cb96a9000 rw-p 00000000 00:00 0 
7f7cb96a9000-7f7cb96ac000 ---p 00000000 00:00 0 
7f7cb96ac000-7f7cb97aa000 rw-p 00000000 00:00 0 
7f7cb97aa000-7f7cb97ad000 ---p 00000000 00:00 0 
7f7cb97ad000-7f7cb98ab000 rw-p 00000000 00:00 0 
7f7cb98ab000-7f7cb9f8d000 r--p 00000000 08:01 1448881                    /usr/lib/locale/locale-archive
7f7cb9f8d000-7f7cb9f90000 ---p 00000000 00:00 0 
7f7cb9f90000-7f7cba08e000 rw-p 00000000 00:00 0 
7f7cba08e000-7f7cba091000 ---p 00000000 00:00 0 
7f7cba091000-7f7cba18f000 rw-p 00000000 00:00 0 
7f7cba18f000-7f7cba190000 ---p 00000000 00:00 0 
7f7cba190000-7f7cbb680000 rw-p 00000000 00:00 0 
7f7cbb680000-7f7cbb800000 ---p 00000000 00:00 0 
7f7cbb800000-7f7cc4000000 rw-p 00000000 00:00 0 
7f7cc4000000-7f7cc4021000 rw-p 00000000 00:00 0 
7f7cc4021000-7f7cc8000000 ---p 00000000 00:00 0 
7f7cc8000000-7f7cc8021000 rw-p 00000000 00:00 0 
7f7cc8021000-7f7ccc000000 ---p 00000000 00:00 0 
7f7ccc000000-7f7ccc021000 rw-p 00000000 00:00 0 
7f7ccc021000-7f7cd0000000 ---p 00000000 00:00 0 
7f7cd0000000-7f7cd0021000 rw-p 00000000 00:00 0 
7f7cd0021000-7f7cd4000000 ---p 00000000 00:00 0 
7f7cd401a000-7f7cd42ad000 rw-p 00000000 00:00 0 
7f7cd42ad000-7f7cd4486000 r--s 03d1f000 08:01 1452558                    /usr/lib/jvm/java-8-oracle/jre/lib/rt.jar
7f7cd4486000-7f7cd44fc000 rw-p 00000000 00:00 0 
7f7cd44fc000-7f7cd44fd000 ---p 00000000 00:00 0 
7f7cd44fd000-7f7cd45fd000 rw-p 00000000 00:00 0 
7f7cd45fd000-7f7cd45fe000 ---p 00000000 00:00 0 
7f7cd45fe000-7f7cd46fe000 rw-p 00000000 00:00 0 
7f7cd46fe000-7f7cd46ff000 ---p 00000000 00:00 0 
7f7cd46ff000-7f7cd4829000 rw-p 00000000 00:00 0 
7f7cd4829000-7f7cd4d54000 ---p 00000000 00:00 0 
7f7cd4d54000-7f7cd4da6000 rw-p 00000000 00:00 0 
7f7cd4da6000-7f7cd4fff000 ---p 00000000 00:00 0 
7f7cd4fff000-7f7cd5000000 rw-p 00000000 00:00 0 
7f7cd5000000-7f7cd56b0000 rwxp 00000000 00:00 0 
7f7cd56b0000-7f7ce4000000 ---p 00000000 00:00 0 
7f7ce4000000-7f7ce43bb000 rw-p 00000000 00:00 0 
7f7ce43bb000-7f7ce8000000 ---p 00000000 00:00 0 
7f7ce8001000-7f7ce8002000 ---p 00000000 00:00 0 
7f7ce8002000-7f7ce812c000 rw-p 00000000 00:00 0 
7f7ce812c000-7f7ce8658000 ---p 00000000 00:00 0 
7f7ce8658000-7f7ce8673000 rw-p 00000000 00:00 0 
7f7ce8673000-7f7ce8a18000 ---p 00000000 00:00 0 
7f7ce8a18000-7f7ce8a32000 r-xp 00000000 08:01 1452613                    /usr/lib/jvm/java-8-oracle/jre/lib/amd64/libzip.so
7f7ce8a32000-7f7ce8c32000 ---p 0001a000 08:01 1452613                    /usr/lib/jvm/java-8-oracle/jre/lib/amd64/libzip.so
7f7ce8c32000-7f7ce8c33000 rw-p 0001a000 08:01 1452613                    /usr/lib/jvm/java-8-oracle/jre/lib/amd64/libzip.so
7f7ce8c33000-7f7ce8c3d000 r-xp 00000000 08:01 7078098                    /lib/x86_64-linux-gnu/libnss_files-2.19.so
7f7ce8c3d000-7f7ce8e3c000 ---p 0000a000 08:01 7078098                    /lib/x86_64-linux-gnu/libnss_files-2.19.so
7f7ce8e3c000-7f7ce8e3d000 r--p 00009000 08:01 7078098                    /lib/x86_64-linux-gnu/libnss_files-2.19.so
7f7ce8e3d000-7f7ce8e3e000 rw-p 0000a000 08:01 7078098                    /lib/x86_64-linux-gnu/libnss_files-2.19.so
7f7ce8e3e000-7f7ce8e49000 r-xp 00000000 08:01 7078090                    /lib/x86_64-linux-gnu/libnss_nis-2.19.so
7f7ce8e49000-7f7ce9048000 ---p 0000b000 08:01 7078090                    /lib/x86_64-linux-gnu/libnss_nis-2.19.so
7f7ce9048000-7f7ce9049000 r--p 0000a000 08:01 7078090                    /lib/x86_64-linux-gnu/libnss_nis-2.19.so
7f7ce9049000-7f7ce904a000 rw-p 0000b000 08:01 7078090                    /lib/x86_64-linux-gnu/libnss_nis-2.19.so
7f7ce904a000-7f7ce9061000 r-xp 00000000 08:01 7078086                    /lib/x86_64-linux-gnu/libnsl-2.19.so
7f7ce9061000-7f7ce9260000 ---p 00017000 08:01 7078086                    /lib/x86_64-linux-gnu/libnsl-2.19.so
7f7ce9260000-7f7ce9261000 r--p 00016000 08:01 7078086                    /lib/x86_64-linux-gnu/libnsl-2.19.so
7f7ce9261000-7f7ce9262000 rw-p 00017000 08:01 7078086                    /lib/x86_64-linux-gnu/libnsl-2.19.so
7f7ce9262000-7f7ce9264000 rw-p 00000000 00:00 0 
7f7ce9264000-7f7ce926d000 r-xp 00000000 08:01 7078085                    /lib/x86_64-linux-gnu/libnss_compat-2.19.so
7f7ce926d000-7f7ce946c000 ---p 00009000 08:01 7078085                    /lib/x86_64-linux-gnu/libnss_compat-2.19.so
7f7ce946c000-7f7ce946d000 r--p 00008000 08:01 7078085                    /lib/x86_64-linux-gnu/libnss_compat-2.19.so
7f7ce946d000-7f7ce946e000 rw-p 00009000 08:01 7078085                    /lib/x86_64-linux-gnu/libnss_compat-2.19.so
7f7ce946e000-7f7ce9498000 r-xp 00000000 08:01 1452593                    /usr/lib/jvm/java-8-oracle/jre/lib/amd64/libjava.so
7f7ce9498000-7f7ce9698000 ---p 0002a000 08:01 1452593                    /usr/lib/jvm/java-8-oracle/jre/lib/amd64/libjava.so
7f7ce9698000-7f7ce969a000 rw-p 0002a000 08:01 1452593                    /usr/lib/jvm/java-8-oracle/jre/lib/amd64/libjava.so
7f7ce969a000-7f7ce96a7000 r-xp 00000000 08:01 1452610                    /usr/lib/jvm/java-8-oracle/jre/lib/amd64/libverify.so
7f7ce96a7000-7f7ce98a7000 ---p 0000d000 08:01 1452610                    /usr/lib/jvm/java-8-oracle/jre/lib/amd64/libverify.so
7f7ce98a7000-7f7ce98a9000 rw-p 0000d000 08:01 1452610                    /usr/lib/jvm/java-8-oracle/jre/lib/amd64/libverify.so
7f7ce98a9000-7f7ce98b0000 r-xp 00000000 08:01 7078094                    /lib/x86_64-linux-gnu/librt-2.19.so
7f7ce98b0000-7f7ce9aaf000 ---p 00007000 08:01 7078094                    /lib/x86_64-linux-gnu/librt-2.19.so
7f7ce9aaf000-7f7ce9ab0000 r--p 00006000 08:01 7078094                    /lib/x86_64-linux-gnu/librt-2.19.so
7f7ce9ab0000-7f7ce9ab1000 rw-p 00007000 08:01 7078094                    /lib/x86_64-linux-gnu/librt-2.19.so
7f7ce9ab1000-7f7ce9bb6000 r-xp 00000000 08:01 7078080                    /lib/x86_64-linux-gnu/libm-2.19.so
7f7ce9bb6000-7f7ce9db5000 ---p 00105000 08:01 7078080                    /lib/x86_64-linux-gnu/libm-2.19.so
7f7ce9db5000-7f7ce9db6000 r--p 00104000 08:01 7078080                    /lib/x86_64-linux-gnu/libm-2.19.so
7f7ce9db6000-7f7ce9db7000 rw-p 00105000 08:01 7078080                    /lib/x86_64-linux-gnu/libm-2.19.so
7f7ce9db7000-7f7ceaa77000 r-xp 00000000 08:01 1452601                    /usr/lib/jvm/java-8-oracle/jre/lib/amd64/server/libjvm.so
7f7ceaa77000-7f7ceac77000 ---p 00cc0000 08:01 1452601                    /usr/lib/jvm/java-8-oracle/jre/lib/amd64/server/libjvm.so
7f7ceac77000-7f7cead4f000 rw-p 00cc0000 08:01 1452601                    /usr/lib/jvm/java-8-oracle/jre/lib/amd64/server/libjvm.so
7f7cead4f000-7f7cead9a000 rw-p 00000000 00:00 0 
7f7cead9a000-7f7ceaf54000 r-xp 00000000 08:01 7078095                    /lib/x86_64-linux-gnu/libc-2.19.so
7f7ceaf54000-7f7ceb154000 ---p 001ba000 08:01 7078095                    /lib/x86_64-linux-gnu/libc-2.19.so
7f7ceb154000-7f7ceb158000 r--p 001ba000 08:01 7078095                    /lib/x86_64-linux-gnu/libc-2.19.so
7f7ceb158000-7f7ceb15a000 rw-p 001be000 08:01 7078095                    /lib/x86_64-linux-gnu/libc-2.19.so
7f7ceb15a000-7f7ceb15f000 rw-p 00000000 00:00 0 
7f7ceb15f000-7f7ceb162000 r-xp 00000000 08:01 7078082                    /lib/x86_64-linux-gnu/libdl-2.19.so
7f7ceb162000-7f7ceb361000 ---p 00003000 08:01 7078082                    /lib/x86_64-linux-gnu/libdl-2.19.so
7f7ceb361000-7f7ceb362000 r--p 00002000 08:01 7078082                    /lib/x86_64-linux-gnu/libdl-2.19.so
7f7ceb362000-7f7ceb363000 rw-p 00003000 08:01 7078082                    /lib/x86_64-linux-gnu/libdl-2.19.so
7f7ceb363000-7f7ceb378000 r-xp 00000000 08:01 1454079                    /usr/lib/jvm/java-8-oracle/lib/amd64/jli/libjli.so
7f7ceb378000-7f7ceb578000 ---p 00015000 08:01 1454079                    /usr/lib/jvm/java-8-oracle/lib/amd64/jli/libjli.so
7f7ceb578000-7f7ceb579000 rw-p 00015000 08:01 1454079                    /usr/lib/jvm/java-8-oracle/lib/amd64/jli/libjli.so
7f7ceb579000-7f7ceb592000 r-xp 00000000 08:01 7078087                    /lib/x86_64-linux-gnu/libpthread-2.19.so
7f7ceb592000-7f7ceb791000 ---p 00019000 08:01 7078087                    /lib/x86_64-linux-gnu/libpthread-2.19.so
7f7ceb791000-7f7ceb792000 r--p 00018000 08:01 7078087                    /lib/x86_64-linux-gnu/libpthread-2.19.so
7f7ceb792000-7f7ceb793000 rw-p 00019000 08:01 7078087                    /lib/x86_64-linux-gnu/libpthread-2.19.so
7f7ceb793000-7f7ceb797000 rw-p 00000000 00:00 0 
7f7ceb797000-7f7ceb7ba000 r-xp 00000000 08:01 7078088                    /lib/x86_64-linux-gnu/ld-2.19.so
7f7ceb7c2000-7f7ceb895000 rw-p 00000000 00:00 0 
7f7ceb895000-7f7ceb898000 ---p 00000000 00:00 0 
7f7ceb898000-7f7ceb99a000 rw-p 00000000 00:00 0 
7f7ceb99d000-7f7ceb99e000 rw-p 00000000 00:00 0 
7f7ceb99e000-7f7ceb9ad000 r--s 000df000 08:05 264644                     /home/onmymobile/Android/Sdk/build-tools/23.0.3/lib/dx.jar
7f7ceb9ad000-7f7ceb9b5000 rw-s 00000000 08:01 524410                     /tmp/hsperfdata_onmymobile/14266
7f7ceb9b5000-7f7ceb9b6000 rw-p 00000000 00:00 0 
7f7ceb9b6000-7f7ceb9b7000 ---p 00000000 00:00 0 
7f7ceb9b7000-7f7ceb9b9000 rw-p 00000000 00:00 0 
7f7ceb9b9000-7f7ceb9ba000 r--p 00022000 08:01 7078088                    /lib/x86_64-linux-gnu/ld-2.19.so
7f7ceb9ba000-7f7ceb9bb000 rw-p 00023000 08:01 7078088                    /lib/x86_64-linux-gnu/ld-2.19.so
7f7ceb9bb000-7f7ceb9bc000 rw-p 00000000 00:00 0 
7fffd13e2000-7fffd1403000 rw-p 00000000 00:00 0                          [stack]
7fffd1573000-7fffd1575000 r--p 00000000 00:00 0                          [vvar]
7fffd1575000-7fffd1577000 r-xp 00000000 00:00 0                          [vdso]
ffffffffff600000-ffffffffff601000 r-xp 00000000 00:00 0                  [vsyscall]

VM Arguments:
jvm_args: -Djava.awt.headless=true -Xmx4g -Dfile.encoding=UTF-8 -Duser.country=IN -Duser.language=en -Duser.variant 
java_command: com.android.dx.command.Main --dex --num-threads=4 --multi-dex --main-dex-list /home/onmymobile/AndroidStudioProjects/Heritage/SmsCapture (2)/app/build/intermediates/multi-dex/release/maindexlist.txt --output /home/onmymobile/AndroidStudioProjects/Heritage/SmsCapture (2)/app/build/intermediates/transforms/dex/release/folders/1000/1f/main /home/onmymobile/AndroidStudioProjects/Heritage/SmsCapture (2)/app/build/intermediates/transforms/jarMerging/release/jars/1/1f/combined.jar
java_class_path (initial): /home/onmymobile/Android/Sdk/build-tools/23.0.3/lib/dx.jar
Launcher Type: SUN_STANDARD

Environment Variables:
JAVA_HOME=/usr/lib/jvm/java-8-oracle
PATH=/home/onmymobile/bin:/usr/local/sbin:/usr/local/bin:/usr/sbin:/usr/bin:/sbin:/bin:/usr/games:/usr/local/games:/usr/lib/jvm/java-8-oracle/bin:/usr/lib/jvm/java-8-oracle/db/bin:/usr/lib/jvm/java-8-oracle/jre/bin
SHELL=/bin/bash
DISPLAY=:0

Signal Handlers:
SIGSEGV: [libjvm.so+0xabca10], sa_mask[0]=11111111011111111101111111111110, sa_flags=SA_RESTART|SA_SIGINFO
SIGBUS: [libjvm.so+0xabca10], sa_mask[0]=11111111011111111101111111111110, sa_flags=SA_RESTART|SA_SIGINFO
SIGFPE: [libjvm.so+0x919a20], sa_mask[0]=11111111011111111101111111111110, sa_flags=SA_RESTART|SA_SIGINFO
SIGPIPE: [libjvm.so+0x919a20], sa_mask[0]=11111111011111111101111111111110, sa_flags=SA_RESTART|SA_SIGINFO
SIGXFSZ: [libjvm.so+0x919a20], sa_mask[0]=11111111011111111101111111111110, sa_flags=SA_RESTART|SA_SIGINFO
SIGILL: [libjvm.so+0x919a20], sa_mask[0]=11111111011111111101111111111110, sa_flags=SA_RESTART|SA_SIGINFO
SIGUSR1: SIG_DFL, sa_mask[0]=00000000000000000000000000000000, sa_flags=none
SIGUSR2: [libjvm.so+0x91b050], sa_mask[0]=00100000000000000000000000000000, sa_flags=SA_RESTART|SA_SIGINFO
SIGHUP: [libjvm.so+0x91c450], sa_mask[0]=11111111011111111101111111111110, sa_flags=SA_RESTART|SA_SIGINFO
SIGINT: [libjvm.so+0x91c450], sa_mask[0]=11111111011111111101111111111110, sa_flags=SA_RESTART|SA_SIGINFO
SIGTERM: [libjvm.so+0x91c450], sa_mask[0]=11111111011111111101111111111110, sa_flags=SA_RESTART|SA_SIGINFO
SIGQUIT: [libjvm.so+0x91c450], sa_mask[0]=11111111011111111101111111111110, sa_flags=SA_RESTART|SA_SIGINFO


---------------  S Y S T E M  ---------------

OS:DISTRIB_ID=Ubuntu
DISTRIB_RELEASE=14.04
DISTRIB_CODENAME=trusty
DISTRIB_DESCRIPTION="Ubuntu 14.04.4 LTS"

uname:Linux 4.2.0-42-generic #49~14.04.1-Ubuntu SMP Wed Jun 29 20:22:11 UTC 2016 x86_64
libc:glibc 2.19 NPTL 2.19 
rlimit: STACK 8192k, CORE 0k, NPROC 31336, NOFILE 4096, AS infinity
load average:3.26 3.43 2.16

/proc/meminfo:
MemTotal:        8044164 kB
MemFree:          141636 kB
MemAvailable:     116480 kB
Buffers:            7344 kB
Cached:          1123052 kB
SwapCached:            0 kB
Active:          6734328 kB
Inactive:         941764 kB
Active(anon):    6698148 kB
Inactive(anon):   906452 kB
Active(file):      36180 kB
Inactive(file):    35312 kB
Unevictable:         156 kB
Mlocked:             156 kB
SwapTotal:             0 kB
SwapFree:              0 kB
Dirty:              9964 kB
Writeback:            44 kB
AnonPages:       6546312 kB
Mapped:           505428 kB
Shmem:           1058476 kB
Slab:              90584 kB
SReclaimable:      47128 kB
SUnreclaim:        43456 kB
KernelStack:       12752 kB
PageTables:        66172 kB
NFS_Unstable:          0 kB
Bounce:                0 kB
WritebackTmp:          0 kB
CommitLimit:     4022080 kB
Committed_AS:   13779236 kB
VmallocTotal:   34359738367 kB
VmallocUsed:      358888 kB
VmallocChunk:   34358947836 kB
HardwareCorrupted:     0 kB
AnonHugePages:   3911680 kB
CmaTotal:              0 kB
CmaFree:               0 kB
HugePages_Total:       0
HugePages_Free:        0
HugePages_Rsvd:        0
HugePages_Surp:        0
Hugepagesize:       2048 kB
DirectMap4k:      187936 kB
DirectMap2M:     8069120 kB


CPU:total 4 (2 cores per cpu, 2 threads per core) family 6 model 58 stepping 9, cmov, cx8, fxsr, mmx, sse, sse2, sse3, ssse3, sse4.1, sse4.2, popcnt, avx, aes, clmul, erms, ht, tsc, tscinvbit, tscinv

/proc/cpuinfo:
processor	: 0
vendor_id	: GenuineIntel
cpu family	: 6
model		: 58
model name	: Intel(R) Core(TM) i5-3340M CPU @ 2.70GHz
stepping	: 9
microcode	: 0x15
cpu MHz		: 3199.921
cache size	: 3072 KB
physical id	: 0
siblings	: 4
core id		: 0
cpu cores	: 2
apicid		: 0
initial apicid	: 0
fpu		: yes
fpu_exception	: yes
cpuid level	: 13
wp		: yes
flags		: fpu vme de pse tsc msr pae mce cx8 apic sep mtrr pge mca cmov pat pse36 clflush dts acpi mmx fxsr sse sse2 ss ht tm pbe syscall nx rdtscp lm constant_tsc arch_perfmon pebs bts rep_good nopl xtopology nonstop_tsc aperfmperf eagerfpu pni pclmulqdq dtes64 monitor ds_cpl vmx smx est tm2 ssse3 cx16 xtpr pdcm pcid sse4_1 sse4_2 x2apic popcnt tsc_deadline_timer aes xsave avx f16c rdrand lahf_lm ida arat epb pln pts dtherm tpr_shadow vnmi flexpriority ept vpid fsgsbase smep erms xsaveopt
bugs		:
bogomips	: 5382.55
clflush size	: 64
cache_alignment	: 64
address sizes	: 36 bits physical, 48 bits virtual
power management:

processor	: 1
vendor_id	: GenuineIntel
cpu family	: 6
model		: 58
model name	: Intel(R) Core(TM) i5-3340M CPU @ 2.70GHz
stepping	: 9
microcode	: 0x15
cpu MHz		: 3230.718
cache size	: 3072 KB
physical id	: 0
siblings	: 4
core id		: 1
cpu cores	: 2
apicid		: 2
initial apicid	: 2
fpu		: yes
fpu_exception	: yes
cpuid level	: 13
wp		: yes
flags		: fpu vme de pse tsc msr pae mce cx8 apic sep mtrr pge mca cmov pat pse36 clflush dts acpi mmx fxsr sse sse2 ss ht tm pbe syscall nx rdtscp lm constant_tsc arch_perfmon pebs bts rep_good nopl xtopology nonstop_tsc aperfmperf eagerfpu pni pclmulqdq dtes64 monitor ds_cpl vmx smx est tm2 ssse3 cx16 xtpr pdcm pcid sse4_1 sse4_2 x2apic popcnt tsc_deadline_timer aes xsave avx f16c rdrand lahf_lm ida arat epb pln pts dtherm tpr_shadow vnmi flexpriority ept vpid fsgsbase smep erms xsaveopt
bugs		:
bogomips	: 5382.55
clflush size	: 64
cache_alignment	: 64
address sizes	: 36 bits physical, 48 bits virtual
power management:

processor	: 2
vendor_id	: GenuineIntel
cpu family	: 6
model		: 58
model name	: Intel(R) Core(TM) i5-3340M CPU @ 2.70GHz
stepping	: 9
microcode	: 0x15
cpu MHz		: 3199.921
cache size	: 3072 KB
physical id	: 0
siblings	: 4
core id		: 0
cpu cores	: 2
apicid		: 1
initial apicid	: 1
fpu		: yes
fpu_exception	: yes
cpuid level	: 13
wp		: yes
flags		: fpu vme de pse tsc msr pae mce cx8 apic sep mtrr pge mca cmov pat pse36 clflush dts acpi mmx fxsr sse sse2 ss ht tm pbe syscall nx rdtscp lm constant_tsc arch_perfmon pebs bts rep_good nopl xtopology nonstop_tsc aperfmperf eagerfpu pni pclmulqdq dtes64 monitor ds_cpl vmx smx est tm2 ssse3 cx16 xtpr pdcm pcid sse4_1 sse4_2 x2apic popcnt tsc_deadline_timer aes xsave avx f16c rdrand lahf_lm ida arat epb pln pts dtherm tpr_shadow vnmi flexpriority ept vpid fsgsbase smep erms xsaveopt
bugs		:
bogomips	: 5382.55
clflush size	: 64
cache_alignment	: 64
address sizes	: 36 bits physical, 48 bits virtual
power management:

processor	: 3
vendor_id	: GenuineIntel
cpu family	: 6
model		: 58
model name	: Intel(R) Core(TM) i5-3340M CPU @ 2.70GHz
stepping	: 9
microcode	: 0x15
cpu MHz		: 3214.898
cache size	: 3072 KB
physical id	: 0
siblings	: 4
core id		: 1
cpu cores	: 2
apicid		: 3
initial apicid	: 3
fpu		: yes
fpu_exception	: yes
cpuid level	: 13
wp		: yes
flags		: fpu vme de pse tsc msr pae mce cx8 apic sep mtrr pge mca cmov pat pse36 clflush dts acpi mmx fxsr sse sse2 ss ht tm pbe syscall nx rdtscp lm constant_tsc arch_perfmon pebs bts rep_good nopl xtopology nonstop_tsc aperfmperf eagerfpu pni pclmulqdq dtes64 monitor ds_cpl vmx smx est tm2 ssse3 cx16 xtpr pdcm pcid sse4_1 sse4_2 x2apic popcnt tsc_deadline_timer aes xsave avx f16c rdrand lahf_lm ida arat epb pln pts dtherm tpr_shadow vnmi flexpriority ept vpid fsgsbase smep erms xsaveopt
bugs		:
bogomips	: 5382.55
clflush size	: 64
cache_alignment	: 64
address sizes	: 36 bits physical, 48 bits virtual
power management:



Memory: 4k page, physical 8044164k(141980k free), swap 0k(0k free)

vm_info: Java HotSpot(TM) 64-Bit Server VM (25.91-b14) for linux-amd64 JRE (1.8.0_91-b14), built on Apr  1 2016 00:57:21 by "java_re" with gcc 4.3.0 20080428 (Red Hat 4.3.0-8)

time: Thu Jul 21 15:49:49 2016
elapsed time: 2 seconds (0d 0h 0m 2s)

