#
# There is insufficient memory for the Java Runtime Environment to continue.
# Native memory allocation (mmap) failed to map 295698432 bytes for committing reserved memory.
# Possible reasons:
#   The system is out of physical RAM or swap space
#   In 32 bit mode, the process size limit was hit
# Possible solutions:
#   Reduce memory load on the system
#   Increase physical memory or swap space
#   Check if swap backing store is full
#   Use 64 bit Java on a 64 bit OS
#   Decrease Java heap size (-Xmx/-Xms)
#   Decrease number of Java threads
#   Decrease Java thread stack sizes (-Xss)
#   Set larger code cache with -XX:ReservedCodeCacheSize=
# This output file may be truncated or incomplete.
#
#  Out of Memory Error (os_linux.cpp:2627), pid=17239, tid=139935837234944
#
# JRE version: Java(TM) SE Runtime Environment (8.0_91-b14) (build 1.8.0_91-b14)
# Java VM: Java HotSpot(TM) 64-Bit Server VM (25.91-b14 mixed mode linux-amd64 compressed oops)
# Failed to write core dump. Core dumps have been disabled. To enable core dumping, try "ulimit -c unlimited" before starting Java again
#

---------------  T H R E A D  ---------------

Current thread (0x00007f4574078000):  VMThread [stack: 0x00007f4559cea000,0x00007f4559deb000] [id=17249]

Stack: [0x00007f4559cea000,0x00007f4559deb000],  sp=0x00007f4559de9160,  free space=1020k
Native frames: (J=compiled Java code, j=interpreted, Vv=VM code, C=native code)
V  [libjvm.so+0xabc18a]  VMError::report_and_die()+0x2ba
V  [libjvm.so+0x4fafeb]  report_vm_out_of_memory(char const*, int, unsigned long, VMErrorType, char const*)+0x8b
V  [libjvm.so+0x91cbb3]  os::Linux::commit_memory_impl(char*, unsigned long, bool)+0x103
V  [libjvm.so+0x91d109]  os::pd_commit_memory(char*, unsigned long, unsigned long, bool)+0x29
V  [libjvm.so+0x91740a]  os::commit_memory(char*, unsigned long, unsigned long, bool)+0x2a
V  [libjvm.so+0x98b033]  PSVirtualSpace::expand_by(unsigned long)+0x53
V  [libjvm.so+0x98c438]  PSYoungGen::resize_generation(unsigned long, unsigned long)+0xf8
V  [libjvm.so+0x98b592]  PSYoungGen::resize(unsigned long, unsigned long)+0x22
V  [libjvm.so+0x98886b]  PSScavenge::invoke_no_policy()+0xf3b
V  [libjvm.so+0x988ff1]  PSScavenge::invoke()+0x41
V  [libjvm.so+0x9408b0]  ParallelScavengeHeap::failed_mem_allocate(unsigned long)+0x70
V  [libjvm.so+0xabdba7]  VM_ParallelGCFailedAllocation::doit()+0x97
V  [libjvm.so+0xac55d5]  VM_Operation::evaluate()+0x55
V  [libjvm.so+0xac39aa]  VMThread::evaluate_operation(VM_Operation*)+0xba
V  [libjvm.so+0xac3d2e]  VMThread::loop()+0x1ce
V  [libjvm.so+0xac41a0]  VMThread::run()+0x70
V  [libjvm.so+0x91ef78]  java_start(Thread*)+0x108

VM_Operation (0x00007f457b4f12b0): ParallelGCFailedAllocation, mode: safepoint, requested by thread 0x00007f457400a000


---------------  P R O C E S S  ---------------

Java Threads: ( => current thread )
  0x00007f457426f800 JavaThread "pool-2-thread-4" [_thread_blocked, id=17262, stack(0x00007f45588c5000,0x00007f45589c6000)]
  0x00007f457426e000 JavaThread "pool-2-thread-3" [_thread_blocked, id=17261, stack(0x00007f45589c6000,0x00007f4558ac7000)]
  0x00007f457426c000 JavaThread "pool-2-thread-2" [_thread_blocked, id=17260, stack(0x00007f4558ac7000,0x00007f4558bc8000)]
  0x00007f457426b000 JavaThread "pool-3-thread-1" [_thread_blocked, id=17259, stack(0x00007f4558bc8000,0x00007f4558cc9000)]
  0x00007f4574251800 JavaThread "pool-2-thread-1" [_thread_blocked, id=17258, stack(0x00007f4558cc9000,0x00007f4558dca000)]
  0x00007f45740c0800 JavaThread "Service Thread" daemon [_thread_blocked, id=17256, stack(0x00007f4558f01000,0x00007f4559002000)]
  0x00007f45740bd000 JavaThread "C1 CompilerThread2" daemon [_thread_blocked, id=17255, stack(0x00007f4559002000,0x00007f4559103000)]
  0x00007f45740bb800 JavaThread "C2 CompilerThread1" daemon [_thread_blocked, id=17254, stack(0x00007f4559103000,0x00007f4559204000)]
  0x00007f45740b8800 JavaThread "C2 CompilerThread0" daemon [_thread_blocked, id=17253, stack(0x00007f4559204000,0x00007f4559305000)]
  0x00007f45740b7000 JavaThread "Signal Dispatcher" daemon [_thread_blocked, id=17252, stack(0x00007f4559305000,0x00007f4559406000)]
  0x00007f4574084000 JavaThread "Finalizer" daemon [_thread_blocked, id=17251, stack(0x00007f4559ae8000,0x00007f4559be9000)]
  0x00007f457407f800 JavaThread "Reference Handler" daemon [_thread_blocked, id=17250, stack(0x00007f4559be9000,0x00007f4559cea000)]
  0x00007f457400a000 JavaThread "main" [_thread_blocked, id=17244, stack(0x00007f457b3f3000,0x00007f457b4f4000)]

Other Threads:
=>0x00007f4574078000 VMThread [stack: 0x00007f4559cea000,0x00007f4559deb000] [id=17249]
  0x00007f45740c3000 WatcherThread [stack: 0x00007f4558e00000,0x00007f4558f01000] [id=17257]

VM state:at safepoint (normal execution)

VM Mutex/Monitor currently owned by a thread:  ([mutex/lock_event])
[0x00007f45740065f0] Threads_lock - owner thread: 0x00007f4574078000
[0x00007f4574006af0] Heap_lock - owner thread: 0x00007f457400a000

Heap:
 PSYoungGen      total 282112K, used 29166K [0x000000076ab00000, 0x000000077dc00000, 0x00000007c0000000)
  eden space 252928K, 0% used [0x000000076ab00000,0x000000076ab00000,0x000000077a200000)
  from space 29184K, 99% used [0x000000077a200000,0x000000077be7bbd0,0x000000077be80000)
  to   space 28160K, 0% used [0x000000077be80000,0x000000077be80000,0x000000077da00000)
 ParOldGen       total 84992K, used 64475K [0x00000006c0000000, 0x00000006c5300000, 0x000000076ab00000)
  object space 84992K, 75% used [0x00000006c0000000,0x00000006c3ef6cf8,0x00000006c5300000)
 Metaspace       used 6530K, capacity 7256K, committed 7424K, reserved 1056768K
  class space    used 616K, capacity 656K, committed 768K, reserved 1048576K

Card table byte_map: [0x00007f45647ff000,0x00007f4565000000] byte_map_base: 0x00007f45611ff000

Marking Bits: (ParMarkBitMap*) 0x00007f457a8cbd60
 Begin Bits: [0x00007f455bfa6000, 0x00007f455ffa6000)
 End Bits:   [0x00007f455ffa6000, 0x00007f4563fa6000)

Polling page: 0x00007f457b514000

CodeCache: size=245760Kb used=8478Kb max_used=8478Kb free=237281Kb
 bounds [0x00007f4565000000, 0x00007f4565850000, 0x00007f4574000000]
 total_blobs=2458 nmethods=2189 adapters=182
 compilation: enabled

Compilation events (10 events):
Event: 4.035 Thread 0x00007f45740bd000 nmethod 2404 0x00007f4565848e50 code [0x00007f4565849060, 0x00007f4565849748]
Event: 4.035 Thread 0x00007f45740bd000 2406       2       com.android.dx.dex.code.RopTranslator$TranslationVisitor::addOutputSuffix (9 bytes)
Event: 4.036 Thread 0x00007f45740bd000 nmethod 2406 0x00007f4565849d10 code [0x00007f4565849e80, 0x00007f456584a108]
Event: 4.036 Thread 0x00007f45740bd000 2407       2       com.android.dx.dex.code.OutputCollector::addSuffix (10 bytes)
Event: 4.036 Thread 0x00007f45740bd000 nmethod 2407 0x00007f456584a350 code [0x00007f456584a4c0, 0x00007f456584a768]
Event: 4.036 Thread 0x00007f45740bd000 2405       2       com.android.dx.dex.code.VariableSizeInsn::<init> (10 bytes)
Event: 4.037 Thread 0x00007f45740bd000 nmethod 2405 0x00007f456584a990 code [0x00007f456584ab00, 0x00007f456584ac88]
Event: 4.041 Thread 0x00007f45740bd000 2408       2       com.android.dx.dex.file.AnnotationUtils::makeCstArray (57 bytes)
Event: 4.042 Thread 0x00007f45740bd000 nmethod 2408 0x00007f456584ad10 code [0x00007f456584af20, 0x00007f456584b638]
Event: 4.046 Thread 0x00007f45740bd000 2409       2       java.util.DualPivotQuicksort::sort (1195 bytes)

GC Heap History (10 events):
Event: 0.924 GC heap after
Heap after GC invocations=2 (full 0):
 PSYoungGen      total 68608K, used 5118K [0x000000076ab00000, 0x000000076f300000, 0x00000007c0000000)
  eden space 63488K, 0% used [0x000000076ab00000,0x000000076ab00000,0x000000076e900000)
  from space 5120K, 99% used [0x000000076ee00000,0x000000076f2ffa30,0x000000076f300000)
  to   space 5120K, 0% used [0x000000076e900000,0x000000076e900000,0x000000076ee00000)
 ParOldGen       total 84992K, used 1983K [0x00000006c0000000, 0x00000006c5300000, 0x000000076ab00000)
  object space 84992K, 2% used [0x00000006c0000000,0x00000006c01efc08,0x00000006c5300000)
 Metaspace       used 5833K, capacity 6768K, committed 7040K, reserved 1056768K
  class space    used 594K, capacity 616K, committed 640K, reserved 1048576K
}
Event: 1.475 GC heap before
{Heap before GC invocations=3 (full 0):
 PSYoungGen      total 68608K, used 68606K [0x000000076ab00000, 0x000000076f300000, 0x00000007c0000000)
  eden space 63488K, 100% used [0x000000076ab00000,0x000000076e900000,0x000000076e900000)
  from space 5120K, 99% used [0x000000076ee00000,0x000000076f2ffa30,0x000000076f300000)
  to   space 5120K, 0% used [0x000000076e900000,0x000000076e900000,0x000000076ee00000)
 ParOldGen       total 84992K, used 1983K [0x00000006c0000000, 0x00000006c5300000, 0x000000076ab00000)
  object space 84992K, 2% used [0x00000006c0000000,0x00000006c01efc08,0x00000006c5300000)
 Metaspace       used 5926K, capacity 6896K, committed 7040K, reserved 1056768K
  class space    used 595K, capacity 616K, committed 640K, reserved 1048576K
Event: 1.515 GC heap after
Heap after GC invocations=3 (full 0):
 PSYoungGen      total 68608K, used 5089K [0x000000076ab00000, 0x0000000773100000, 0x00000007c0000000)
  eden space 63488K, 0% used [0x000000076ab00000,0x000000076ab00000,0x000000076e900000)
  from space 5120K, 99% used [0x000000076e900000,0x000000076edf85d8,0x000000076ee00000)
  to   space 5120K, 0% used [0x0000000772c00000,0x0000000772c00000,0x0000000773100000)
 ParOldGen       total 84992K, used 11887K [0x00000006c0000000, 0x00000006c5300000, 0x000000076ab00000)
  object space 84992K, 13% used [0x00000006c0000000,0x00000006c0b9bfc8,0x00000006c5300000)
 Metaspace       used 5926K, capacity 6896K, committed 7040K, reserved 1056768K
  class space    used 595K, capacity 616K, committed 640K, reserved 1048576K
}
Event: 1.863 GC heap before
{Heap before GC invocations=4 (full 0):
 PSYoungGen      total 68608K, used 68577K [0x000000076ab00000, 0x0000000773100000, 0x00000007c0000000)
  eden space 63488K, 100% used [0x000000076ab00000,0x000000076e900000,0x000000076e900000)
  from space 5120K, 99% used [0x000000076e900000,0x000000076edf85d8,0x000000076ee00000)
  to   space 5120K, 0% used [0x0000000772c00000,0x0000000772c00000,0x0000000773100000)
 ParOldGen       total 84992K, used 11887K [0x00000006c0000000, 0x00000006c5300000, 0x000000076ab00000)
  object space 84992K, 13% used [0x00000006c0000000,0x00000006c0b9bfc8,0x00000006c5300000)
 Metaspace       used 6030K, capacity 6960K, committed 7040K, reserved 1056768K
  class space    used 595K, capacity 616K, committed 640K, reserved 1048576K
Event: 1.892 GC heap after
Heap after GC invocations=4 (full 0):
 PSYoungGen      total 132096K, used 5106K [0x000000076ab00000, 0x0000000773100000, 0x00000007c0000000)
  eden space 126976K, 0% used [0x000000076ab00000,0x000000076ab00000,0x0000000772700000)
  from space 5120K, 99% used [0x0000000772c00000,0x00000007730fc8a0,0x0000000773100000)
  to   space 5120K, 0% used [0x0000000772700000,0x0000000772700000,0x0000000772c00000)
 ParOldGen       total 84992K, used 21540K [0x00000006c0000000, 0x00000006c5300000, 0x000000076ab00000)
  object space 84992K, 25% used [0x00000006c0000000,0x00000006c15091b8,0x00000006c5300000)
 Metaspace       used 6030K, capacity 6960K, committed 7040K, reserved 1056768K
  class space    used 595K, capacity 616K, committed 640K, reserved 1048576K
}
Event: 2.492 GC heap before
{Heap before GC invocations=5 (full 0):
 PSYoungGen      total 132096K, used 132082K [0x000000076ab00000, 0x0000000773100000, 0x00000007c0000000)
  eden space 126976K, 100% used [0x000000076ab00000,0x0000000772700000,0x0000000772700000)
  from space 5120K, 99% used [0x0000000772c00000,0x00000007730fc8a0,0x0000000773100000)
  to   space 5120K, 0% used [0x0000000772700000,0x0000000772700000,0x0000000772c00000)
 ParOldGen       total 84992K, used 21540K [0x00000006c0000000, 0x00000006c5300000, 0x000000076ab00000)
  object space 84992K, 25% used [0x00000006c0000000,0x00000006c15091b8,0x00000006c5300000)
 Metaspace       used 6216K, capacity 7128K, committed 7424K, reserved 1056768K
  class space    used 615K, capacity 656K, committed 768K, reserved 1048576K
Event: 2.542 GC heap after
Heap after GC invocations=5 (full 0):
 PSYoungGen      total 132096K, used 5095K [0x000000076ab00000, 0x000000077da00000, 0x00000007c0000000)
  eden space 126976K, 0% used [0x000000076ab00000,0x000000076ab00000,0x0000000772700000)
  from space 5120K, 99% used [0x0000000772700000,0x0000000772bf9d60,0x0000000772c00000)
  to   space 28160K, 0% used [0x000000077be80000,0x000000077be80000,0x000000077da00000)
 ParOldGen       total 84992K, used 39537K [0x00000006c0000000, 0x00000006c5300000, 0x000000076ab00000)
  object space 84992K, 46% used [0x00000006c0000000,0x00000006c269c688,0x00000006c5300000)
 Metaspace       used 6216K, capacity 7128K, committed 7424K, reserved 1056768K
  class space    used 615K, capacity 656K, committed 768K, reserved 1048576K
}
Event: 2.889 GC heap before
{Heap before GC invocations=6 (full 0):
 PSYoungGen      total 132096K, used 132071K [0x000000076ab00000, 0x000000077da00000, 0x00000007c0000000)
  eden space 126976K, 100% used [0x000000076ab00000,0x0000000772700000,0x0000000772700000)
  from space 5120K, 99% used [0x0000000772700000,0x0000000772bf9d60,0x0000000772c00000)
  to   space 28160K, 0% used [0x000000077be80000,0x000000077be80000,0x000000077da00000)
 ParOldGen       total 84992K, used 39537K [0x00000006c0000000, 0x00000006c5300000, 0x000000076ab00000)
  object space 84992K, 46% used [0x00000006c0000000,0x00000006c269c688,0x00000006c5300000)
 Metaspace       used 6328K, capacity 7192K, committed 7424K, reserved 1056768K
  class space    used 616K, capacity 656K, committed 768K, reserved 1048576K
Event: 2.942 GC heap after
Heap after GC invocations=6 (full 0):
 PSYoungGen      total 281088K, used 18588K [0x000000076ab00000, 0x000000077dc00000, 0x00000007c0000000)
  eden space 252928K, 0% used [0x000000076ab00000,0x000000076ab00000,0x000000077a200000)
  from space 28160K, 66% used [0x000000077be80000,0x000000077d0a71a0,0x000000077da00000)
  to   space 29184K, 0% used [0x000000077a200000,0x000000077a200000,0x000000077be80000)
 ParOldGen       total 84992K, used 39537K [0x00000006c0000000, 0x00000006c5300000, 0x000000076ab00000)
  object space 84992K, 46% used [0x00000006c0000000,0x00000006c269c688,0x00000006c5300000)
 Metaspace       used 6328K, capacity 7192K, committed 7424K, reserved 1056768K
  class space    used 616K, capacity 656K, committed 768K, reserved 1048576K
}
Event: 4.051 GC heap before
{Heap before GC invocations=7 (full 0):
 PSYoungGen      total 281088K, used 271516K [0x000000076ab00000, 0x000000077dc00000, 0x00000007c0000000)
  eden space 252928K, 100% used [0x000000076ab00000,0x000000077a200000,0x000000077a200000)
  from space 28160K, 66% used [0x000000077be80000,0x000000077d0a71a0,0x000000077da00000)
  to   space 29184K, 0% used [0x000000077a200000,0x000000077a200000,0x000000077be80000)
 ParOldGen       total 84992K, used 39537K [0x00000006c0000000, 0x00000006c5300000, 0x000000076ab00000)
  object space 84992K, 46% used [0x00000006c0000000,0x00000006c269c688,0x00000006c5300000)
 Metaspace       used 6530K, capacity 7256K, committed 7424K, reserved 1056768K
  class space    used 616K, capacity 656K, committed 768K, reserved 1048576K

Deoptimization events (10 events):
Event: 1.566 Thread 0x00007f457426f800 Uncommon trap: reason=unstable_if action=reinterpret pc=0x00007f45654240f0 method=com.android.dx.ssa.SsaRenamer$BlockRenamer.visitMoveInsn(Lcom/android/dx/ssa/NormalSsaInsn;)V @ 104
Event: 1.641 Thread 0x00007f457426f800 Uncommon trap: reason=unstable_if action=reinterpret pc=0x00007f4565303818 method=com.android.dx.rop.code.RegisterSpec.equals(ILcom/android/dx/rop/type/TypeBearer;Lcom/android/dx/rop/code/LocalItem;)Z @ 42
Event: 1.827 Thread 0x00007f457426f800 Uncommon trap: reason=unstable_if action=reinterpret pc=0x00007f456541617c method=com.android.dx.ssa.SsaMethod.updateOneDefinition(Lcom/android/dx/ssa/SsaInsn;Lcom/android/dx/rop/code/RegisterSpec;)V @ 4
Event: 2.180 Thread 0x00007f457426e000 Uncommon trap: reason=unstable_if action=reinterpret pc=0x00007f456557693c method=com.android.dx.ssa.SCCP.simulateStmt(Lcom/android/dx/ssa/SsaInsn;)V @ 53
Event: 2.197 Thread 0x00007f457400a000 Uncommon trap: reason=unstable_if action=reinterpret pc=0x00007f45653a3d40 method=java.util.HashMap.getNode(ILjava/lang/Object;)Ljava/util/HashMap$Node; @ 84
Event: 2.215 Thread 0x00007f457426e000 Uncommon trap: reason=unstable_if action=reinterpret pc=0x00007f45653a9394 method=java.util.HashMap.putVal(ILjava/lang/Object;Ljava/lang/Object;ZZ)Ljava/lang/Object; @ 162
Event: 2.237 Thread 0x00007f457426f800 Uncommon trap: reason=unstable_if action=reinterpret pc=0x00007f4565591adc method=java.util.HashMap.putVal(ILjava/lang/Object;Ljava/lang/Object;ZZ)Ljava/lang/Object; @ 162
Event: 2.456 Thread 0x00007f457400a000 Uncommon trap: reason=unstable_if action=reinterpret pc=0x00007f4565439d0c method=com.android.dx.dex.code.OutputFinisher.hasLocalInfo(Lcom/android/dx/dex/code/DalvInsn;)Z @ 24
Event: 2.995 Thread 0x00007f4574251800 Uncommon trap: reason=unstable_if action=reinterpret pc=0x00007f4565643de0 method=com.android.dx.ssa.SCCP.simulateBranch(Lcom/android/dx/ssa/SsaInsn;)V @ 548
Event: 3.404 Thread 0x00007f457426e000 Uncommon trap: reason=unstable_if action=reinterpret pc=0x00007f456577603c method=com.android.dx.rop.code.RegisterSpec.intersect(Lcom/android/dx/rop/code/RegisterSpec;Z)Lcom/android/dx/rop/code/RegisterSpec; @ 42

Internal exceptions (7 events):
Event: 0.061 Thread 0x00007f457400a000 Exception <a 'java/lang/NoSuchMethodError': Method sun.misc.Unsafe.defineClass(Ljava/lang/String;[BII)Ljava/lang/Class; name or signature does not match> (0x000000076ab07cc0) thrown at [/HUDSON/workspace/8-2-build-linux-amd64/jdk8u91/6644/hotspot/src/shar
Event: 0.061 Thread 0x00007f457400a000 Exception <a 'java/lang/NoSuchMethodError': Method sun.misc.Unsafe.prefetchRead(Ljava/lang/Object;J)V name or signature does not match> (0x000000076ab07fa8) thrown at [/HUDSON/workspace/8-2-build-linux-amd64/jdk8u91/6644/hotspot/src/share/vm/prims/jni.cpp
Event: 1.272 Thread 0x00007f457426f800 Implicit null exception at 0x00007f4565319128 to 0x00007f456531b6e9
Event: 1.272 Thread 0x00007f457426f800 Implicit null exception at 0x00007f456530f8d3 to 0x00007f45653123d1
Event: 2.197 Thread 0x00007f457400a000 Exception <a 'java/lang/ArrayIndexOutOfBoundsException': 18> (0x000000076eac0c28) thrown at [/HUDSON/workspace/8-2-build-linux-amd64/jdk8u91/6644/hotspot/src/share/vm/interpreter/interpreterRuntime.cpp, line 366]
Event: 2.218 Thread 0x00007f457426e000 Exception <a 'java/lang/ArrayIndexOutOfBoundsException': 145> (0x000000076f693cf0) thrown at [/HUDSON/workspace/8-2-build-linux-amd64/jdk8u91/6644/hotspot/src/share/vm/interpreter/interpreterRuntime.cpp, line 366]
Event: 2.219 Thread 0x00007f457426e000 Exception <a 'java/lang/ArrayIndexOutOfBoundsException': 40> (0x000000076f694fd8) thrown at [/HUDSON/workspace/8-2-build-linux-amd64/jdk8u91/6644/hotspot/src/share/vm/interpreter/interpreterRuntime.cpp, line 366]

Events (10 events):
Event: 3.404 Thread 0x00007f457426e000 Uncommon trap: trap_request=0xffffff65 fr.pc=0x00007f456577603c
Event: 3.404 Thread 0x00007f457426e000 DEOPT PACKING pc=0x00007f456577603c sp=0x00007f4558ac4ca0
Event: 3.404 Thread 0x00007f457426e000 DEOPT UNPACKING pc=0x00007f4565005229 sp=0x00007f4558ac4ac8 mode 2
Event: 3.435 Thread 0x00007f457400a000 DEOPT PACKING pc=0x00007f45656f6969 sp=0x00007f457b4f1cd0
Event: 3.435 Thread 0x00007f457400a000 DEOPT UNPACKING pc=0x00007f4565047633 sp=0x00007f457b4f1ab0 mode 0
Event: 3.530 Thread 0x00007f457400a000 DEOPT PACKING pc=0x00007f45656be251 sp=0x00007f457b4f1c00
Event: 3.530 Thread 0x00007f457400a000 DEOPT UNPACKING pc=0x00007f4565047633 sp=0x00007f457b4f1a28 mode 0
Event: 3.865 Thread 0x00007f457400a000 DEOPT PACKING pc=0x00007f45656f8e0a sp=0x00007f457b4f1ca0
Event: 3.865 Thread 0x00007f457400a000 DEOPT UNPACKING pc=0x00007f4565047633 sp=0x00007f457b4f1ad0 mode 0
Event: 4.049 Executing VM operation: ParallelGCFailedAllocation


Dynamic libraries:
00400000-00401000 r-xp 00000000 08:01 1454135                            /usr/lib/jvm/java-8-oracle/bin/java
00600000-00601000 rw-p 00000000 08:01 1454135                            /usr/lib/jvm/java-8-oracle/bin/java
01bda000-01bfb000 rw-p 00000000 00:00 0                                  [heap]
6c0000000-6c5300000 rw-p 00000000 00:00 0 
6c5300000-76ab00000 ---p 00000000 00:00 0 
76ab00000-77dc00000 rw-p 00000000 00:00 0 
78f600000-7c0000000 ---p 00000000 00:00 0 
7c0000000-7c00c0000 rw-p 00000000 00:00 0 
7c00c0000-800000000 ---p 00000000 00:00 0 
7f450c000000-7f450c021000 rw-p 00000000 00:00 0 
7f450c021000-7f4510000000 ---p 00000000 00:00 0 
7f4510000000-7f4510021000 rw-p 00000000 00:00 0 
7f4510021000-7f4514000000 ---p 00000000 00:00 0 
7f4514000000-7f4514021000 rw-p 00000000 00:00 0 
7f4514021000-7f4518000000 ---p 00000000 00:00 0 
7f4518000000-7f4518021000 rw-p 00000000 00:00 0 
7f4518021000-7f451c000000 ---p 00000000 00:00 0 
7f451c000000-7f451c021000 rw-p 00000000 00:00 0 
7f451c021000-7f4520000000 ---p 00000000 00:00 0 
7f4520000000-7f4520073000 rw-p 00000000 00:00 0 
7f4520073000-7f4524000000 ---p 00000000 00:00 0 
7f4524000000-7f4524c2c000 rw-p 00000000 00:00 0 
7f4524c2c000-7f4528000000 ---p 00000000 00:00 0 
7f4528000000-7f4528021000 rw-p 00000000 00:00 0 
7f4528021000-7f452c000000 ---p 00000000 00:00 0 
7f452c000000-7f452ce99000 rw-p 00000000 00:00 0 
7f452ce99000-7f4530000000 ---p 00000000 00:00 0 
7f4530000000-7f4530cef000 rw-p 00000000 00:00 0 
7f4530cef000-7f4534000000 ---p 00000000 00:00 0 
7f4534000000-7f4534021000 rw-p 00000000 00:00 0 
7f4534021000-7f4538000000 ---p 00000000 00:00 0 
7f4538000000-7f4538021000 rw-p 00000000 00:00 0 
7f4538021000-7f453c000000 ---p 00000000 00:00 0 
7f453c000000-7f453c294000 rw-p 00000000 00:00 0 
7f453c294000-7f4540000000 ---p 00000000 00:00 0 
7f4540000000-7f4540021000 rw-p 00000000 00:00 0 
7f4540021000-7f4544000000 ---p 00000000 00:00 0 
7f4544000000-7f4544021000 rw-p 00000000 00:00 0 
7f4544021000-7f4548000000 ---p 00000000 00:00 0 
7f4548000000-7f4548021000 rw-p 00000000 00:00 0 
7f4548021000-7f454c000000 ---p 00000000 00:00 0 
7f454c000000-7f454c021000 rw-p 00000000 00:00 0 
7f454c021000-7f4550000000 ---p 00000000 00:00 0 
7f4554000000-7f4554021000 rw-p 00000000 00:00 0 
7f4554021000-7f4558000000 ---p 00000000 00:00 0 
7f45588c5000-7f45588c8000 ---p 00000000 00:00 0 
7f45588c8000-7f45589c6000 rw-p 00000000 00:00 0 
7f45589c6000-7f45589c9000 ---p 00000000 00:00 0 
7f45589c9000-7f4558ac7000 rw-p 00000000 00:00 0 
7f4558ac7000-7f4558aca000 ---p 00000000 00:00 0 
7f4558aca000-7f4558bc8000 rw-p 00000000 00:00 0 
7f4558bc8000-7f4558bcb000 ---p 00000000 00:00 0 
7f4558bcb000-7f4558cc9000 rw-p 00000000 00:00 0 
7f4558cc9000-7f4558ccc000 ---p 00000000 00:00 0 
7f4558ccc000-7f4558dca000 rw-p 00000000 00:00 0 
7f4558dca000-7f4558e00000 r--s 002b8000 08:05 4855664                    /home/onmymobile/AndroidStudioProjects/Heritage/SmsCapture (2)/app/build/intermediates/transforms/jarMerging/release/jars/1/1f/combined.jar
7f4558e00000-7f4558e01000 ---p 00000000 00:00 0 
7f4558e01000-7f4558f01000 rw-p 00000000 00:00 0 
7f4558f01000-7f4558f04000 ---p 00000000 00:00 0 
7f4558f04000-7f4559002000 rw-p 00000000 00:00 0 
7f4559002000-7f4559005000 ---p 00000000 00:00 0 
7f4559005000-7f4559103000 rw-p 00000000 00:00 0 
7f4559103000-7f4559106000 ---p 00000000 00:00 0 
7f4559106000-7f4559204000 rw-p 00000000 00:00 0 
7f4559204000-7f4559207000 ---p 00000000 00:00 0 
7f4559207000-7f4559305000 rw-p 00000000 00:00 0 
7f4559305000-7f4559308000 ---p 00000000 00:00 0 
7f4559308000-7f4559406000 rw-p 00000000 00:00 0 
7f4559406000-7f4559ae8000 r--p 00000000 08:01 1448881                    /usr/lib/locale/locale-archive
7f4559ae8000-7f4559aeb000 ---p 00000000 00:00 0 
7f4559aeb000-7f4559be9000 rw-p 00000000 00:00 0 
7f4559be9000-7f4559bec000 ---p 00000000 00:00 0 
7f4559bec000-7f4559cea000 rw-p 00000000 00:00 0 
7f4559cea000-7f4559ceb000 ---p 00000000 00:00 0 
7f4559ceb000-7f455adcd000 rw-p 00000000 00:00 0 
7f455adcd000-7f455afa6000 r--s 03d1f000 08:01 1452558                    /usr/lib/jvm/java-8-oracle/jre/lib/rt.jar
7f455afa6000-7f455b626000 rw-p 00000000 00:00 0 
7f455b626000-7f455b7a6000 ---p 00000000 00:00 0 
7f455b7a6000-7f4563fa6000 rw-p 00000000 00:00 0 
7f4563fa6000-7f4563fa7000 ---p 00000000 00:00 0 
7f4563fa7000-7f45640a7000 rw-p 00000000 00:00 0 
7f45640a7000-7f45640a8000 ---p 00000000 00:00 0 
7f45640a8000-7f45641a8000 rw-p 00000000 00:00 0 
7f45641a8000-7f45641a9000 ---p 00000000 00:00 0 
7f45641a9000-7f45642d3000 rw-p 00000000 00:00 0 
7f45642d3000-7f45647ff000 ---p 00000000 00:00 0 
7f45647ff000-7f4564829000 rw-p 00000000 00:00 0 
7f4564829000-7f4564d54000 ---p 00000000 00:00 0 
7f4564d54000-7f4564ded000 rw-p 00000000 00:00 0 
7f4564ded000-7f4564fff000 ---p 00000000 00:00 0 
7f4564fff000-7f4565000000 rw-p 00000000 00:00 0 
7f4565000000-7f4565850000 rwxp 00000000 00:00 0 
7f4565850000-7f4574000000 ---p 00000000 00:00 0 
7f4574000000-7f4574396000 rw-p 00000000 00:00 0 
7f4574396000-7f4578000000 ---p 00000000 00:00 0 
7f457801e000-7f45780b5000 rw-p 00000000 00:00 0 
7f45780b5000-7f45780b6000 ---p 00000000 00:00 0 
7f45780b6000-7f45781d8000 rw-p 00000000 00:00 0 
7f45781d8000-7f4578576000 ---p 00000000 00:00 0 
7f4578576000-7f4578590000 r-xp 00000000 08:01 1452613                    /usr/lib/jvm/java-8-oracle/jre/lib/amd64/libzip.so
7f4578590000-7f4578790000 ---p 0001a000 08:01 1452613                    /usr/lib/jvm/java-8-oracle/jre/lib/amd64/libzip.so
7f4578790000-7f4578791000 rw-p 0001a000 08:01 1452613                    /usr/lib/jvm/java-8-oracle/jre/lib/amd64/libzip.so
7f4578791000-7f457879b000 r-xp 00000000 08:01 7078098                    /lib/x86_64-linux-gnu/libnss_files-2.19.so
7f457879b000-7f457899a000 ---p 0000a000 08:01 7078098                    /lib/x86_64-linux-gnu/libnss_files-2.19.so
7f457899a000-7f457899b000 r--p 00009000 08:01 7078098                    /lib/x86_64-linux-gnu/libnss_files-2.19.so
7f457899b000-7f457899c000 rw-p 0000a000 08:01 7078098                    /lib/x86_64-linux-gnu/libnss_files-2.19.so
7f457899c000-7f45789a7000 r-xp 00000000 08:01 7078090                    /lib/x86_64-linux-gnu/libnss_nis-2.19.so
7f45789a7000-7f4578ba6000 ---p 0000b000 08:01 7078090                    /lib/x86_64-linux-gnu/libnss_nis-2.19.so
7f4578ba6000-7f4578ba7000 r--p 0000a000 08:01 7078090                    /lib/x86_64-linux-gnu/libnss_nis-2.19.so
7f4578ba7000-7f4578ba8000 rw-p 0000b000 08:01 7078090                    /lib/x86_64-linux-gnu/libnss_nis-2.19.so
7f4578ba8000-7f4578bbf000 r-xp 00000000 08:01 7078086                    /lib/x86_64-linux-gnu/libnsl-2.19.so
7f4578bbf000-7f4578dbe000 ---p 00017000 08:01 7078086                    /lib/x86_64-linux-gnu/libnsl-2.19.so
7f4578dbe000-7f4578dbf000 r--p 00016000 08:01 7078086                    /lib/x86_64-linux-gnu/libnsl-2.19.so
7f4578dbf000-7f4578dc0000 rw-p 00017000 08:01 7078086                    /lib/x86_64-linux-gnu/libnsl-2.19.so
7f4578dc0000-7f4578dc2000 rw-p 00000000 00:00 0 
7f4578dc2000-7f4578dcb000 r-xp 00000000 08:01 7078085                    /lib/x86_64-linux-gnu/libnss_compat-2.19.so
7f4578dcb000-7f4578fca000 ---p 00009000 08:01 7078085                    /lib/x86_64-linux-gnu/libnss_compat-2.19.so
7f4578fca000-7f4578fcb000 r--p 00008000 08:01 7078085                    /lib/x86_64-linux-gnu/libnss_compat-2.19.so
7f4578fcb000-7f4578fcc000 rw-p 00009000 08:01 7078085                    /lib/x86_64-linux-gnu/libnss_compat-2.19.so
7f4578fcc000-7f4578ff6000 r-xp 00000000 08:01 1452593                    /usr/lib/jvm/java-8-oracle/jre/lib/amd64/libjava.so
7f4578ff6000-7f45791f6000 ---p 0002a000 08:01 1452593                    /usr/lib/jvm/java-8-oracle/jre/lib/amd64/libjava.so
7f45791f6000-7f45791f8000 rw-p 0002a000 08:01 1452593                    /usr/lib/jvm/java-8-oracle/jre/lib/amd64/libjava.so
7f45791f8000-7f4579205000 r-xp 00000000 08:01 1452610                    /usr/lib/jvm/java-8-oracle/jre/lib/amd64/libverify.so
7f4579205000-7f4579405000 ---p 0000d000 08:01 1452610                    /usr/lib/jvm/java-8-oracle/jre/lib/amd64/libverify.so
7f4579405000-7f4579407000 rw-p 0000d000 08:01 1452610                    /usr/lib/jvm/java-8-oracle/jre/lib/amd64/libverify.so
7f4579407000-7f457940e000 r-xp 00000000 08:01 7078094                    /lib/x86_64-linux-gnu/librt-2.19.so
7f457940e000-7f457960d000 ---p 00007000 08:01 7078094                    /lib/x86_64-linux-gnu/librt-2.19.so
7f457960d000-7f457960e000 r--p 00006000 08:01 7078094                    /lib/x86_64-linux-gnu/librt-2.19.so
7f457960e000-7f457960f000 rw-p 00007000 08:01 7078094                    /lib/x86_64-linux-gnu/librt-2.19.so
7f457960f000-7f4579714000 r-xp 00000000 08:01 7078080                    /lib/x86_64-linux-gnu/libm-2.19.so
7f4579714000-7f4579913000 ---p 00105000 08:01 7078080                    /lib/x86_64-linux-gnu/libm-2.19.so
7f4579913000-7f4579914000 r--p 00104000 08:01 7078080                    /lib/x86_64-linux-gnu/libm-2.19.so
7f4579914000-7f4579915000 rw-p 00105000 08:01 7078080                    /lib/x86_64-linux-gnu/libm-2.19.so
7f4579915000-7f457a5d5000 r-xp 00000000 08:01 1452601                    /usr/lib/jvm/java-8-oracle/jre/lib/amd64/server/libjvm.so
7f457a5d5000-7f457a7d5000 ---p 00cc0000 08:01 1452601                    /usr/lib/jvm/java-8-oracle/jre/lib/amd64/server/libjvm.so
7f457a7d5000-7f457a8ad000 rw-p 00cc0000 08:01 1452601                    /usr/lib/jvm/java-8-oracle/jre/lib/amd64/server/libjvm.so
7f457a8ad000-7f457a8f8000 rw-p 00000000 00:00 0 
7f457a8f8000-7f457aab2000 r-xp 00000000 08:01 7078095                    /lib/x86_64-linux-gnu/libc-2.19.so
7f457aab2000-7f457acb2000 ---p 001ba000 08:01 7078095                    /lib/x86_64-linux-gnu/libc-2.19.so
7f457acb2000-7f457acb6000 r--p 001ba000 08:01 7078095                    /lib/x86_64-linux-gnu/libc-2.19.so
7f457acb6000-7f457acb8000 rw-p 001be000 08:01 7078095                    /lib/x86_64-linux-gnu/libc-2.19.so
7f457acb8000-7f457acbd000 rw-p 00000000 00:00 0 
7f457acbd000-7f457acc0000 r-xp 00000000 08:01 7078082                    /lib/x86_64-linux-gnu/libdl-2.19.so
7f457acc0000-7f457aebf000 ---p 00003000 08:01 7078082                    /lib/x86_64-linux-gnu/libdl-2.19.so
7f457aebf000-7f457aec0000 r--p 00002000 08:01 7078082                    /lib/x86_64-linux-gnu/libdl-2.19.so
7f457aec0000-7f457aec1000 rw-p 00003000 08:01 7078082                    /lib/x86_64-linux-gnu/libdl-2.19.so
7f457aec1000-7f457aed6000 r-xp 00000000 08:01 1454079                    /usr/lib/jvm/java-8-oracle/lib/amd64/jli/libjli.so
7f457aed6000-7f457b0d6000 ---p 00015000 08:01 1454079                    /usr/lib/jvm/java-8-oracle/lib/amd64/jli/libjli.so
7f457b0d6000-7f457b0d7000 rw-p 00015000 08:01 1454079                    /usr/lib/jvm/java-8-oracle/lib/amd64/jli/libjli.so
7f457b0d7000-7f457b0f0000 r-xp 00000000 08:01 7078087                    /lib/x86_64-linux-gnu/libpthread-2.19.so
7f457b0f0000-7f457b2ef000 ---p 00019000 08:01 7078087                    /lib/x86_64-linux-gnu/libpthread-2.19.so
7f457b2ef000-7f457b2f0000 r--p 00018000 08:01 7078087                    /lib/x86_64-linux-gnu/libpthread-2.19.so
7f457b2f0000-7f457b2f1000 rw-p 00019000 08:01 7078087                    /lib/x86_64-linux-gnu/libpthread-2.19.so
7f457b2f1000-7f457b2f5000 rw-p 00000000 00:00 0 
7f457b2f5000-7f457b318000 r-xp 00000000 08:01 7078088                    /lib/x86_64-linux-gnu/ld-2.19.so
7f457b320000-7f457b3f3000 rw-p 00000000 00:00 0 
7f457b3f3000-7f457b3f6000 ---p 00000000 00:00 0 
7f457b3f6000-7f457b4f8000 rw-p 00000000 00:00 0 
7f457b4fb000-7f457b4fc000 rw-p 00000000 00:00 0 
7f457b4fc000-7f457b50b000 r--s 000df000 08:05 264644                     /home/onmymobile/Android/Sdk/build-tools/23.0.3/lib/dx.jar
7f457b50b000-7f457b513000 rw-s 00000000 08:01 524432                     /tmp/hsperfdata_onmymobile/17239
7f457b513000-7f457b514000 rw-p 00000000 00:00 0 
7f457b514000-7f457b515000 ---p 00000000 00:00 0 
7f457b515000-7f457b517000 rw-p 00000000 00:00 0 
7f457b517000-7f457b518000 r--p 00022000 08:01 7078088                    /lib/x86_64-linux-gnu/ld-2.19.so
7f457b518000-7f457b519000 rw-p 00023000 08:01 7078088                    /lib/x86_64-linux-gnu/ld-2.19.so
7f457b519000-7f457b51a000 rw-p 00000000 00:00 0 
7ffc92e93000-7ffc92eb4000 rw-p 00000000 00:00 0                          [stack]
7ffc92f88000-7ffc92f8a000 r--p 00000000 00:00 0                          [vvar]
7ffc92f8a000-7ffc92f8c000 r-xp 00000000 00:00 0                          [vdso]
ffffffffff600000-ffffffffff601000 r-xp 00000000 00:00 0                  [vsyscall]

VM Arguments:
jvm_args: -Djava.awt.headless=true -Xmx4g -Dfile.encoding=UTF-8 -Duser.country=IN -Duser.language=en -Duser.variant 
java_command: com.android.dx.command.Main --dex --num-threads=4 --multi-dex --main-dex-list /home/onmymobile/AndroidStudioProjects/Heritage/SmsCapture (2)/app/build/intermediates/multi-dex/release/maindexlist.txt --output /home/onmymobile/AndroidStudioProjects/Heritage/SmsCapture (2)/app/build/intermediates/transforms/dex/release/folders/1000/1f/main /home/onmymobile/AndroidStudioProjects/Heritage/SmsCapture (2)/app/build/intermediates/transforms/jarMerging/release/jars/1/1f/combined.jar
java_class_path (initial): /home/onmymobile/Android/Sdk/build-tools/23.0.3/lib/dx.jar
Launcher Type: SUN_STANDARD

Environment Variables:
JAVA_HOME=/usr/lib/jvm/java-8-oracle
PATH=/home/onmymobile/bin:/usr/local/sbin:/usr/local/bin:/usr/sbin:/usr/bin:/sbin:/bin:/usr/games:/usr/local/games:/usr/lib/jvm/java-8-oracle/bin:/usr/lib/jvm/java-8-oracle/db/bin:/usr/lib/jvm/java-8-oracle/jre/bin
SHELL=/bin/bash
DISPLAY=:0

Signal Handlers:
SIGSEGV: [libjvm.so+0xabca10], sa_mask[0]=11111111011111111101111111111110, sa_flags=SA_RESTART|SA_SIGINFO
SIGBUS: [libjvm.so+0xabca10], sa_mask[0]=11111111011111111101111111111110, sa_flags=SA_RESTART|SA_SIGINFO
SIGFPE: [libjvm.so+0x919a20], sa_mask[0]=11111111011111111101111111111110, sa_flags=SA_RESTART|SA_SIGINFO
SIGPIPE: [libjvm.so+0x919a20], sa_mask[0]=11111111011111111101111111111110, sa_flags=SA_RESTART|SA_SIGINFO
SIGXFSZ: [libjvm.so+0x919a20], sa_mask[0]=11111111011111111101111111111110, sa_flags=SA_RESTART|SA_SIGINFO
SIGILL: [libjvm.so+0x919a20], sa_mask[0]=11111111011111111101111111111110, sa_flags=SA_RESTART|SA_SIGINFO
SIGUSR1: SIG_DFL, sa_mask[0]=00000000000000000000000000000000, sa_flags=none
SIGUSR2: [libjvm.so+0x91b050], sa_mask[0]=00100000000000000000000000000000, sa_flags=SA_RESTART|SA_SIGINFO
SIGHUP: [libjvm.so+0x91c450], sa_mask[0]=11111111011111111101111111111110, sa_flags=SA_RESTART|SA_SIGINFO
SIGINT: [libjvm.so+0x91c450], sa_mask[0]=11111111011111111101111111111110, sa_flags=SA_RESTART|SA_SIGINFO
SIGTERM: [libjvm.so+0x91c450], sa_mask[0]=11111111011111111101111111111110, sa_flags=SA_RESTART|SA_SIGINFO
SIGQUIT: [libjvm.so+0x91c450], sa_mask[0]=11111111011111111101111111111110, sa_flags=SA_RESTART|SA_SIGINFO


---------------  S Y S T E M  ---------------

OS:DISTRIB_ID=Ubuntu
DISTRIB_RELEASE=14.04
DISTRIB_CODENAME=trusty
DISTRIB_DESCRIPTION="Ubuntu 14.04.4 LTS"

uname:Linux 4.2.0-42-generic #49~14.04.1-Ubuntu SMP Wed Jun 29 20:22:11 UTC 2016 x86_64
libc:glibc 2.19 NPTL 2.19 
rlimit: STACK 8192k, CORE 0k, NPROC 31336, NOFILE 4096, AS infinity
load average:1.84 1.57 1.30

/proc/meminfo:
MemTotal:        8044164 kB
MemFree:          132756 kB
MemAvailable:      87408 kB
Buffers:            1012 kB
Cached:          1066988 kB
SwapCached:            0 kB
Active:          6819092 kB
Inactive:         870764 kB
Active(anon):    6803420 kB
Inactive(anon):   852336 kB
Active(file):      15672 kB
Inactive(file):    18428 kB
Unevictable:         156 kB
Mlocked:             156 kB
SwapTotal:             0 kB
SwapFree:              0 kB
Dirty:              1820 kB
Writeback:             0 kB
AnonPages:       6622084 kB
Mapped:           468164 kB
Shmem:           1033828 kB
Slab:              88360 kB
SReclaimable:      44136 kB
SUnreclaim:        44224 kB
KernelStack:       12656 kB
PageTables:        65320 kB
NFS_Unstable:          0 kB
Bounce:                0 kB
WritebackTmp:          0 kB
CommitLimit:     4022080 kB
Committed_AS:   13738560 kB
VmallocTotal:   34359738367 kB
VmallocUsed:      358884 kB
VmallocChunk:   34358947836 kB
HardwareCorrupted:     0 kB
AnonHugePages:   3995648 kB
CmaTotal:              0 kB
CmaFree:               0 kB
HugePages_Total:       0
HugePages_Free:        0
HugePages_Rsvd:        0
HugePages_Surp:        0
Hugepagesize:       2048 kB
DirectMap4k:      196128 kB
DirectMap2M:     8060928 kB


CPU:total 4 (2 cores per cpu, 2 threads per core) family 6 model 58 stepping 9, cmov, cx8, fxsr, mmx, sse, sse2, sse3, ssse3, sse4.1, sse4.2, popcnt, avx, aes, clmul, erms, ht, tsc, tscinvbit, tscinv

/proc/cpuinfo:
processor	: 0
vendor_id	: GenuineIntel
cpu family	: 6
model		: 58
model name	: Intel(R) Core(TM) i5-3340M CPU @ 2.70GHz
stepping	: 9
microcode	: 0x15
cpu MHz		: 3199.921
cache size	: 3072 KB
physical id	: 0
siblings	: 4
core id		: 0
cpu cores	: 2
apicid		: 0
initial apicid	: 0
fpu		: yes
fpu_exception	: yes
cpuid level	: 13
wp		: yes
flags		: fpu vme de pse tsc msr pae mce cx8 apic sep mtrr pge mca cmov pat pse36 clflush dts acpi mmx fxsr sse sse2 ss ht tm pbe syscall nx rdtscp lm constant_tsc arch_perfmon pebs bts rep_good nopl xtopology nonstop_tsc aperfmperf eagerfpu pni pclmulqdq dtes64 monitor ds_cpl vmx smx est tm2 ssse3 cx16 xtpr pdcm pcid sse4_1 sse4_2 x2apic popcnt tsc_deadline_timer aes xsave avx f16c rdrand lahf_lm ida arat epb pln pts dtherm tpr_shadow vnmi flexpriority ept vpid fsgsbase smep erms xsaveopt
bugs		:
bogomips	: 5382.55
clflush size	: 64
cache_alignment	: 64
address sizes	: 36 bits physical, 48 bits virtual
power management:

processor	: 1
vendor_id	: GenuineIntel
cpu family	: 6
model		: 58
model name	: Intel(R) Core(TM) i5-3340M CPU @ 2.70GHz
stepping	: 9
microcode	: 0x15
cpu MHz		: 3281.449
cache size	: 3072 KB
physical id	: 0
siblings	: 4
core id		: 1
cpu cores	: 2
apicid		: 2
initial apicid	: 2
fpu		: yes
fpu_exception	: yes
cpuid level	: 13
wp		: yes
flags		: fpu vme de pse tsc msr pae mce cx8 apic sep mtrr pge mca cmov pat pse36 clflush dts acpi mmx fxsr sse sse2 ss ht tm pbe syscall nx rdtscp lm constant_tsc arch_perfmon pebs bts rep_good nopl xtopology nonstop_tsc aperfmperf eagerfpu pni pclmulqdq dtes64 monitor ds_cpl vmx smx est tm2 ssse3 cx16 xtpr pdcm pcid sse4_1 sse4_2 x2apic popcnt tsc_deadline_timer aes xsave avx f16c rdrand lahf_lm ida arat epb pln pts dtherm tpr_shadow vnmi flexpriority ept vpid fsgsbase smep erms xsaveopt
bugs		:
bogomips	: 5382.55
clflush size	: 64
cache_alignment	: 64
address sizes	: 36 bits physical, 48 bits virtual
power management:

processor	: 2
vendor_id	: GenuineIntel
cpu family	: 6
model		: 58
model name	: Intel(R) Core(TM) i5-3340M CPU @ 2.70GHz
stepping	: 9
microcode	: 0x15
cpu MHz		: 3199.921
cache size	: 3072 KB
physical id	: 0
siblings	: 4
core id		: 0
cpu cores	: 2
apicid		: 1
initial apicid	: 1
fpu		: yes
fpu_exception	: yes
cpuid level	: 13
wp		: yes
flags		: fpu vme de pse tsc msr pae mce cx8 apic sep mtrr pge mca cmov pat pse36 clflush dts acpi mmx fxsr sse sse2 ss ht tm pbe syscall nx rdtscp lm constant_tsc arch_perfmon pebs bts rep_good nopl xtopology nonstop_tsc aperfmperf eagerfpu pni pclmulqdq dtes64 monitor ds_cpl vmx smx est tm2 ssse3 cx16 xtpr pdcm pcid sse4_1 sse4_2 x2apic popcnt tsc_deadline_timer aes xsave avx f16c rdrand lahf_lm ida arat epb pln pts dtherm tpr_shadow vnmi flexpriority ept vpid fsgsbase smep erms xsaveopt
bugs		:
bogomips	: 5382.55
clflush size	: 64
cache_alignment	: 64
address sizes	: 36 bits physical, 48 bits virtual
power management:

processor	: 3
vendor_id	: GenuineIntel
cpu family	: 6
model		: 58
model name	: Intel(R) Core(TM) i5-3340M CPU @ 2.70GHz
stepping	: 9
microcode	: 0x15
cpu MHz		: 3225.761
cache size	: 3072 KB
physical id	: 0
siblings	: 4
core id		: 1
cpu cores	: 2
apicid		: 3
initial apicid	: 3
fpu		: yes
fpu_exception	: yes
cpuid level	: 13
wp		: yes
flags		: fpu vme de pse tsc msr pae mce cx8 apic sep mtrr pge mca cmov pat pse36 clflush dts acpi mmx fxsr sse sse2 ss ht tm pbe syscall nx rdtscp lm constant_tsc arch_perfmon pebs bts rep_good nopl xtopology nonstop_tsc aperfmperf eagerfpu pni pclmulqdq dtes64 monitor ds_cpl vmx smx est tm2 ssse3 cx16 xtpr pdcm pcid sse4_1 sse4_2 x2apic popcnt tsc_deadline_timer aes xsave avx f16c rdrand lahf_lm ida arat epb pln pts dtherm tpr_shadow vnmi flexpriority ept vpid fsgsbase smep erms xsaveopt
bugs		:
bogomips	: 5382.55
clflush size	: 64
cache_alignment	: 64
address sizes	: 36 bits physical, 48 bits virtual
power management:



Memory: 4k page, physical 8044164k(132756k free), swap 0k(0k free)

vm_info: Java HotSpot(TM) 64-Bit Server VM (25.91-b14) for linux-amd64 JRE (1.8.0_91-b14), built on Apr  1 2016 00:57:21 by "java_re" with gcc 4.3.0 20080428 (Red Hat 4.3.0-8)

time: Thu Jul 21 16:53:39 2016
elapsed time: 4 seconds (0d 0h 0m 4s)

