#
# There is insufficient memory for the Java Runtime Environment to continue.
# Native memory allocation (mmap) failed to map 276824064 bytes for committing reserved memory.
# Possible reasons:
#   The system is out of physical RAM or swap space
#   In 32 bit mode, the process size limit was hit
# Possible solutions:
#   Reduce memory load on the system
#   Increase physical memory or swap space
#   Check if swap backing store is full
#   Use 64 bit Java on a 64 bit OS
#   Decrease Java heap size (-Xmx/-Xms)
#   Decrease number of Java threads
#   Decrease Java thread stack sizes (-Xss)
#   Set larger code cache with -XX:ReservedCodeCacheSize=
# This output file may be truncated or incomplete.
#
#  Out of Memory Error (os_linux.cpp:2627), pid=12604, tid=0x00007fc0dd20c700
#
# JRE version: Java(TM) SE Runtime Environment (8.0_101-b13) (build 1.8.0_101-b13)
# Java VM: Java HotSpot(TM) 64-Bit Server VM (25.101-b13 mixed mode linux-amd64 compressed oops)
# Failed to write core dump. Core dumps have been disabled. To enable core dumping, try "ulimit -c unlimited" before starting Java again
#

---------------  T H R E A D  ---------------

Current thread (0x00007fc0f0078000):  VMThread [stack: 0x00007fc0dd10c000,0x00007fc0dd20d000] [id=12613]

Stack: [0x00007fc0dd10c000,0x00007fc0dd20d000],  sp=0x00007fc0dd20b360,  free space=1020k
Native frames: (J=compiled Java code, j=interpreted, Vv=VM code, C=native code)
V  [libjvm.so+0xac3f0a]  VMError::report_and_die()+0x2ba
V  [libjvm.so+0x4fbf9b]  report_vm_out_of_memory(char const*, int, unsigned long, VMErrorType, char const*)+0x8b
V  [libjvm.so+0x9222d3]  os::Linux::commit_memory_impl(char*, unsigned long, bool)+0x103
V  [libjvm.so+0x922829]  os::pd_commit_memory(char*, unsigned long, unsigned long, bool)+0x29
V  [libjvm.so+0x91cb2a]  os::commit_memory(char*, unsigned long, unsigned long, bool)+0x2a
V  [libjvm.so+0x991053]  PSVirtualSpace::expand_by(unsigned long)+0x53
V  [libjvm.so+0x981920]  PSOldGen::expand(unsigned long)+0x170
V  [libjvm.so+0x981b2b]  PSOldGen::resize(unsigned long)+0x1cb
V  [libjvm.so+0x989821]  PSParallelCompact::invoke_no_policy(bool)+0x991
V  [libjvm.so+0x98f17d]  PSScavenge::invoke()+0x1ad
V  [libjvm.so+0x945fc0]  ParallelScavengeHeap::failed_mem_allocate(unsigned long)+0x70
V  [libjvm.so+0xac5927]  VM_ParallelGCFailedAllocation::doit()+0x97
V  [libjvm.so+0xacd405]  VM_Operation::evaluate()+0x55
V  [libjvm.so+0xacb7da]  VMThread::evaluate_operation(VM_Operation*)+0xba
V  [libjvm.so+0xacbb5e]  VMThread::loop()+0x1ce
V  [libjvm.so+0xacbfd0]  VMThread::run()+0x70
V  [libjvm.so+0x924698]  java_start(Thread*)+0x108

VM_Operation (0x00007fc0dc189d50): ParallelGCFailedAllocation, mode: safepoint, requested by thread 0x00007fc0f01ca800


---------------  P R O C E S S  ---------------

Java Threads: ( => current thread )
  0x00007fc0f01d1000 JavaThread "pool-2-thread-4" [_thread_blocked, id=12626, stack(0x00007fc0d7bfc000,0x00007fc0d7cfd000)]
  0x00007fc0f01cf800 JavaThread "pool-2-thread-3" [_thread_blocked, id=12625, stack(0x00007fc0d7cfd000,0x00007fc0d7dfe000)]
  0x00007fc0f01cd800 JavaThread "pool-2-thread-2" [_thread_blocked, id=12624, stack(0x00007fc0d7dfe000,0x00007fc0d7eff000)]
  0x00007fc0f01cc800 JavaThread "pool-3-thread-1" [_thread_blocked, id=12623, stack(0x00007fc0d7eff000,0x00007fc0d8000000)]
  0x00007fc0f01ca800 JavaThread "pool-2-thread-1" [_thread_blocked, id=12622, stack(0x00007fc0dc08b000,0x00007fc0dc18c000)]
  0x00007fc0f00c0800 JavaThread "Service Thread" daemon [_thread_blocked, id=12620, stack(0x00007fc0dc323000,0x00007fc0dc424000)]
  0x00007fc0f00bd000 JavaThread "C1 CompilerThread2" daemon [_thread_blocked, id=12619, stack(0x00007fc0dc424000,0x00007fc0dc525000)]
  0x00007fc0f00bb800 JavaThread "C2 CompilerThread1" daemon [_thread_blocked, id=12618, stack(0x00007fc0dc525000,0x00007fc0dc626000)]
  0x00007fc0f00b8800 JavaThread "C2 CompilerThread0" daemon [_thread_blocked, id=12617, stack(0x00007fc0dc626000,0x00007fc0dc727000)]
  0x00007fc0f00b7000 JavaThread "Signal Dispatcher" daemon [_thread_blocked, id=12616, stack(0x00007fc0dc727000,0x00007fc0dc828000)]
  0x00007fc0f0084000 JavaThread "Finalizer" daemon [_thread_blocked, id=12615, stack(0x00007fc0dcf0a000,0x00007fc0dd00b000)]
  0x00007fc0f007f800 JavaThread "Reference Handler" daemon [_thread_blocked, id=12614, stack(0x00007fc0dd00b000,0x00007fc0dd10c000)]
  0x00007fc0f000a000 JavaThread "main" [_thread_blocked, id=12608, stack(0x00007fc0f6813000,0x00007fc0f6914000)]

Other Threads:
=>0x00007fc0f0078000 VMThread [stack: 0x00007fc0dd10c000,0x00007fc0dd20d000] [id=12613]
  0x00007fc0f00c3000 WatcherThread [stack: 0x00007fc0dc222000,0x00007fc0dc323000] [id=12621]

VM state:at safepoint (normal execution)

VM Mutex/Monitor currently owned by a thread:  ([mutex/lock_event])
[0x00007fc0f0005f30] ExpandHeap_lock - owner thread: 0x00007fc0f0078000
[0x00007fc0f00065b0] Threads_lock - owner thread: 0x00007fc0f0078000
[0x00007fc0f0006ab0] Heap_lock - owner thread: 0x00007fc0f01ca800

Heap:
 PSYoungGen      total 896512K, used 55566K [0x000000076ab00000, 0x00000007b8d80000, 0x00000007c0000000)
  eden space 614400K, 0% used [0x000000076ab00000,0x000000076ab00000,0x0000000790300000)
  from space 282112K, 19% used [0x0000000790300000,0x00000007939438c0,0x00000007a1680000)
  to   space 283648K, 0% used [0x00000007a7880000,0x00000007a7880000,0x00000007b8d80000)
 ParOldGen       total 553984K, used 553579K [0x00000006c0000000, 0x00000006e1d00000, 0x000000076ab00000)
  object space 553984K, 99% used [0x00000006c0000000,0x00000006e1c9aca0,0x00000006e1d00000)
 Metaspace       used 6608K, capacity 7320K, committed 7680K, reserved 1056768K
  class space    used 617K, capacity 656K, committed 768K, reserved 1048576K

Card table byte_map: [0x00007fc0dfbf3000,0x00007fc0e03f4000] byte_map_base: 0x00007fc0dc5f3000

Marking Bits: (ParMarkBitMap*) 0x00007fc0f5cef120
 Begin Bits: [0x00007fc0b8000000, 0x00007fc0bc000000)
 End Bits:   [0x00007fc0bc000000, 0x00007fc0c0000000)

Polling page: 0x00007fc0f6938000

CodeCache: size=245760Kb used=11039Kb max_used=11757Kb free=234720Kb
 bounds [0x00007fc0e07b4000, 0x00007fc0e1364000, 0x00007fc0ef7b4000]
 total_blobs=2518 nmethods=2249 adapters=182
 compilation: enabled

Compilation events (10 events):
Event: 20.703 Thread 0x00007fc0f00bd000 2882       3       com.android.dx.ssa.back.FirstFitLocalCombiningAllocator::tryMapRegs (110 bytes)
Event: 20.704 Thread 0x00007fc0f00bd000 nmethod 2882 0x00007fc0e1323190 code [0x00007fc0e13233e0, 0x00007fc0e1324118]
Event: 20.887 Thread 0x00007fc0f00bb800 nmethod 2876 0x00007fc0e0ac4350 code [0x00007fc0e0ac47e0, 0x00007fc0e0ac7bf0]
Event: 20.887 Thread 0x00007fc0f00bb800 2883   !   4       com.android.dx.cf.code.RopperMachine::run (1550 bytes)
Event: 20.908 Thread 0x00007fc0f00bd000 2885       2       com.android.dx.ssa.LiteralOpUpgrader::access$200 (10 bytes)
Event: 20.908 Thread 0x00007fc0f00bd000 nmethod 2885 0x00007fc0e0908b90 code [0x00007fc0e0908d00, 0x00007fc0e0908e48]
Event: 20.917 Thread 0x00007fc0f00bd000 2886       2       com.android.dx.rop.code.RegOps::flippedIfOpcode (81 bytes)
Event: 20.918 Thread 0x00007fc0f00bd000 nmethod 2886 0x00007fc0e0c67790 code [0x00007fc0e0c67940, 0x00007fc0e0c67d98]
Event: 21.148 Thread 0x00007fc0f00bd000 2890       2       com.android.dx.cf.code.BytecodeArray$ConstantParserVisitor::visitNoArgs (5 bytes)
Event: 21.148 Thread 0x00007fc0f00bd000 nmethod 2890 0x00007fc0e0b2fb10 code [0x00007fc0e0b2fc60, 0x00007fc0e0b2fdb0]

GC Heap History (10 events):
Event: 14.882 GC heap after
Heap after GC invocations=16 (full 2):
 PSYoungGen      total 741376K, used 154615K [0x000000076ab00000, 0x00000007a6f80000, 0x00000007c0000000)
  eden space 551936K, 0% used [0x000000076ab00000,0x000000076ab00000,0x000000078c600000)
  from space 189440K, 81% used [0x0000000799300000,0x00000007a29fdf58,0x00000007a4c00000)
  to   space 209920K, 0% used [0x000000078c600000,0x000000078c600000,0x0000000799300000)
 ParOldGen       total 349184K, used 349038K [0x00000006c0000000, 0x00000006d5500000, 0x000000076ab00000)
  object space 349184K, 99% used [0x00000006c0000000,0x00000006d54db938,0x00000006d5500000)
 Metaspace       used 6607K, capacity 7320K, committed 7680K, reserved 1056768K
  class space    used 617K, capacity 656K, committed 768K, reserved 1048576K
}
Event: 14.882 GC heap before
{Heap before GC invocations=17 (full 3):
 PSYoungGen      total 741376K, used 154615K [0x000000076ab00000, 0x00000007a6f80000, 0x00000007c0000000)
  eden space 551936K, 0% used [0x000000076ab00000,0x000000076ab00000,0x000000078c600000)
  from space 189440K, 81% used [0x0000000799300000,0x00000007a29fdf58,0x00000007a4c00000)
  to   space 209920K, 0% used [0x000000078c600000,0x000000078c600000,0x0000000799300000)
 ParOldGen       total 349184K, used 349038K [0x00000006c0000000, 0x00000006d5500000, 0x000000076ab00000)
  object space 349184K, 99% used [0x00000006c0000000,0x00000006d54db938,0x00000006d5500000)
 Metaspace       used 6607K, capacity 7320K, committed 7680K, reserved 1056768K
  class space    used 617K, capacity 656K, committed 768K, reserved 1048576K
Event: 16.627 GC heap after
Heap after GC invocations=17 (full 3):
 PSYoungGen      total 741376K, used 142999K [0x000000076ab00000, 0x00000007a6f80000, 0x00000007c0000000)
  eden space 551936K, 0% used [0x000000076ab00000,0x000000076ab00000,0x000000078c600000)
  from space 189440K, 75% used [0x0000000799300000,0x00000007a1ea5d50,0x00000007a4c00000)
  to   space 209920K, 0% used [0x000000078c600000,0x000000078c600000,0x0000000799300000)
 ParOldGen       total 553984K, used 348780K [0x00000006c0000000, 0x00000006e1d00000, 0x000000076ab00000)
  object space 553984K, 62% used [0x00000006c0000000,0x00000006d549b2f0,0x00000006e1d00000)
 Metaspace       used 6607K, capacity 7320K, committed 7680K, reserved 1056768K
  class space    used 617K, capacity 656K, committed 768K, reserved 1048576K
}
Event: 18.266 GC heap before
{Heap before GC invocations=18 (full 3):
 PSYoungGen      total 741376K, used 694935K [0x000000076ab00000, 0x00000007a6f80000, 0x00000007c0000000)
  eden space 551936K, 100% used [0x000000076ab00000,0x000000078c600000,0x000000078c600000)
  from space 189440K, 75% used [0x0000000799300000,0x00000007a1ea5d50,0x00000007a4c00000)
  to   space 209920K, 0% used [0x000000078c600000,0x000000078c600000,0x0000000799300000)
 ParOldGen       total 553984K, used 348780K [0x00000006c0000000, 0x00000006e1d00000, 0x000000076ab00000)
  object space 553984K, 62% used [0x00000006c0000000,0x00000006d549b2f0,0x00000006e1d00000)
 Metaspace       used 6607K, capacity 7320K, committed 7680K, reserved 1056768K
  class space    used 617K, capacity 656K, committed 768K, reserved 1048576K
Event: 18.467 GC heap after
Heap after GC invocations=18 (full 3):
 PSYoungGen      total 761856K, used 187916K [0x000000076ab00000, 0x00000007aff00000, 0x00000007c0000000)
  eden space 551936K, 0% used [0x000000076ab00000,0x000000076ab00000,0x000000078c600000)
  from space 209920K, 89% used [0x000000078c600000,0x0000000797d832d0,0x0000000799300000)
  to   space 238080K, 0% used [0x00000007a1680000,0x00000007a1680000,0x00000007aff00000)
 ParOldGen       total 553984K, used 348780K [0x00000006c0000000, 0x00000006e1d00000, 0x000000076ab00000)
  object space 553984K, 62% used [0x00000006c0000000,0x00000006d549b2f0,0x00000006e1d00000)
 Metaspace       used 6607K, capacity 7320K, committed 7680K, reserved 1056768K
  class space    used 617K, capacity 656K, committed 768K, reserved 1048576K
}
Event: 19.548 GC heap before
{Heap before GC invocations=19 (full 3):
 PSYoungGen      total 761856K, used 739852K [0x000000076ab00000, 0x00000007aff00000, 0x00000007c0000000)
  eden space 551936K, 100% used [0x000000076ab00000,0x000000078c600000,0x000000078c600000)
  from space 209920K, 89% used [0x000000078c600000,0x0000000797d832d0,0x0000000799300000)
  to   space 238080K, 0% used [0x00000007a1680000,0x00000007a1680000,0x00000007aff00000)
 ParOldGen       total 553984K, used 348780K [0x00000006c0000000, 0x00000006e1d00000, 0x000000076ab00000)
  object space 553984K, 62% used [0x00000006c0000000,0x00000006d549b2f0,0x00000006e1d00000)
 Metaspace       used 6607K, capacity 7320K, committed 7680K, reserved 1056768K
  class space    used 617K, capacity 656K, committed 768K, reserved 1048576K
Event: 19.776 GC heap after
Heap after GC invocations=19 (full 3):
 PSYoungGen      total 852480K, used 238064K [0x000000076ab00000, 0x00000007b6480000, 0x00000007c0000000)
  eden space 614400K, 0% used [0x000000076ab00000,0x000000076ab00000,0x0000000790300000)
  from space 238080K, 99% used [0x00000007a1680000,0x00000007afefc068,0x00000007aff00000)
  to   space 282112K, 0% used [0x0000000790300000,0x0000000790300000,0x00000007a1680000)
 ParOldGen       total 553984K, used 356532K [0x00000006c0000000, 0x00000006e1d00000, 0x000000076ab00000)
  object space 553984K, 64% used [0x00000006c0000000,0x00000006d5c2d188,0x00000006e1d00000)
 Metaspace       used 6607K, capacity 7320K, committed 7680K, reserved 1056768K
  class space    used 617K, capacity 656K, committed 768K, reserved 1048576K
}
Event: 21.150 GC heap before
{Heap before GC invocations=20 (full 3):
 PSYoungGen      total 852480K, used 852464K [0x000000076ab00000, 0x00000007b6480000, 0x00000007c0000000)
  eden space 614400K, 100% used [0x000000076ab00000,0x0000000790300000,0x0000000790300000)
  from space 238080K, 99% used [0x00000007a1680000,0x00000007afefc068,0x00000007aff00000)
  to   space 282112K, 0% used [0x0000000790300000,0x0000000790300000,0x00000007a1680000)
 ParOldGen       total 553984K, used 356532K [0x00000006c0000000, 0x00000006e1d00000, 0x000000076ab00000)
  object space 553984K, 64% used [0x00000006c0000000,0x00000006d5c2d188,0x00000006e1d00000)
 Metaspace       used 6608K, capacity 7320K, committed 7680K, reserved 1056768K
  class space    used 617K, capacity 656K, committed 768K, reserved 1048576K
Event: 21.435 GC heap after
Heap after GC invocations=20 (full 3):
 PSYoungGen      total 896512K, used 154719K [0x000000076ab00000, 0x00000007b8d80000, 0x00000007c0000000)
  eden space 614400K, 0% used [0x000000076ab00000,0x000000076ab00000,0x0000000790300000)
  from space 282112K, 54% used [0x0000000790300000,0x0000000799a17de0,0x00000007a1680000)
  to   space 283648K, 0% used [0x00000007a7880000,0x00000007a7880000,0x00000007b8d80000)
 ParOldGen       total 553984K, used 456209K [0x00000006c0000000, 0x00000006e1d00000, 0x000000076ab00000)
  object space 553984K, 82% used [0x00000006c0000000,0x00000006dbd846f8,0x00000006e1d00000)
 Metaspace       used 6608K, capacity 7320K, committed 7680K, reserved 1056768K
  class space    used 617K, capacity 656K, committed 768K, reserved 1048576K
}
Event: 21.435 GC heap before
{Heap before GC invocations=21 (full 4):
 PSYoungGen      total 896512K, used 154719K [0x000000076ab00000, 0x00000007b8d80000, 0x00000007c0000000)
  eden space 614400K, 0% used [0x000000076ab00000,0x000000076ab00000,0x0000000790300000)
  from space 282112K, 54% used [0x0000000790300000,0x0000000799a17de0,0x00000007a1680000)
  to   space 283648K, 0% used [0x00000007a7880000,0x00000007a7880000,0x00000007b8d80000)
 ParOldGen       total 553984K, used 456209K [0x00000006c0000000, 0x00000006e1d00000, 0x000000076ab00000)
  object space 553984K, 82% used [0x00000006c0000000,0x00000006dbd846f8,0x00000006e1d00000)
 Metaspace       used 6608K, capacity 7320K, committed 7680K, reserved 1056768K
  class space    used 617K, capacity 656K, committed 768K, reserved 1048576K

Deoptimization events (10 events):
Event: 16.752 Thread 0x00007fc0f000a000 Uncommon trap: reason=unstable_if action=reinterpret pc=0x00007fc0e12dcb50 method=com.android.dx.rop.code.DexTranslationAdvice.hasConstantOperation(Lcom/android/dx/rop/code/Rop;Lcom/android/dx/rop/code/RegisterSpec;Lcom/android/dx/rop/code/RegisterSpec;)Z
Event: 16.898 Thread 0x00007fc0f01d1000 Uncommon trap: reason=class_check action=maybe_recompile pc=0x00007fc0e12a6b78 method=com.android.dx.ssa.back.InterferenceGraph.mergeInterferenceSet(ILcom/android/dx/util/IntSet;)V @ 20
Event: 17.139 Thread 0x00007fc0f01ca800 Uncommon trap: reason=class_check action=maybe_recompile pc=0x00007fc0e12a6b78 method=com.android.dx.ssa.back.InterferenceGraph.mergeInterferenceSet(ILcom/android/dx/util/IntSet;)V @ 20
Event: 17.304 Thread 0x00007fc0f01cd800 Uncommon trap: reason=class_check action=maybe_recompile pc=0x00007fc0e12a6b78 method=com.android.dx.ssa.back.InterferenceGraph.mergeInterferenceSet(ILcom/android/dx/util/IntSet;)V @ 20
Event: 17.366 Thread 0x00007fc0f000a000 Uncommon trap: reason=unstable_if action=reinterpret pc=0x00007fc0e0b50c28 method=com.android.dx.ssa.SCCP.replaceBranches()V @ 14
Event: 19.252 Thread 0x00007fc0f000a000 Uncommon trap: reason=unstable_if action=reinterpret pc=0x00007fc0e0e4eea0 method=com.android.dx.ssa.SsaMethod.blockIndexToRopLabel(I)I @ 1
Event: 19.309 Thread 0x00007fc0f01cd800 Uncommon trap: reason=unstable_if action=reinterpret pc=0x00007fc0e0c81a6c method=com.android.dx.rop.type.Type.isReference()Z @ 6
Event: 19.924 Thread 0x00007fc0f01cf800 Uncommon trap: reason=unstable_if action=reinterpret pc=0x00007fc0e0fec0a0 method=com.android.dx.cf.code.RopperMachine.updateReturnOp(Lcom/android/dx/rop/code/Rop;Lcom/android/dx/rop/code/SourcePosition;)V @ 106
Event: 20.439 Thread 0x00007fc0f01d1000 Uncommon trap: reason=unstable_if action=reinterpret pc=0x00007fc0e1304304 method=com.android.dx.cf.code.Ropper.processBlock(Lcom/android/dx/cf/code/ByteBlock;Lcom/android/dx/cf/code/Frame;[I)V @ 651
Event: 20.696 Thread 0x00007fc0f01cd800 Uncommon trap: reason=unstable_if action=reinterpret pc=0x00007fc0e0b264d0 method=com.android.dx.util.BitIntSet.has(I)Z @ 8

Internal exceptions (7 events):
Event: 0.020 Thread 0x00007fc0f000a000 Exception <a 'java/lang/NoSuchMethodError': Method sun.misc.Unsafe.defineClass(Ljava/lang/String;[BII)Ljava/lang/Class; name or signature does not match> (0x000000076ab07cc0) thrown at [/HUDSON3/workspace/8-2-build-linux-amd64/jdk8u101/7261/hotspot/src/sh
Event: 0.020 Thread 0x00007fc0f000a000 Exception <a 'java/lang/NoSuchMethodError': Method sun.misc.Unsafe.prefetchRead(Ljava/lang/Object;J)V name or signature does not match> (0x000000076ab07fa8) thrown at [/HUDSON3/workspace/8-2-build-linux-amd64/jdk8u101/7261/hotspot/src/share/vm/prims/jni.c
Event: 0.687 Thread 0x00007fc0f000a000 Implicit null exception at 0x00007fc0e0a70904 to 0x00007fc0e0a72d25
Event: 1.724 Thread 0x00007fc0f01d1000 Exception <a 'java/lang/ArrayIndexOutOfBoundsException': 18> (0x000000076ae074d8) thrown at [/HUDSON3/workspace/8-2-build-linux-amd64/jdk8u101/7261/hotspot/src/share/vm/interpreter/interpreterRuntime.cpp, line 366]
Event: 1.725 Thread 0x00007fc0f01d1000 Exception <a 'java/lang/ArrayIndexOutOfBoundsException': 145> (0x000000076ae09058) thrown at [/HUDSON3/workspace/8-2-build-linux-amd64/jdk8u101/7261/hotspot/src/share/vm/interpreter/interpreterRuntime.cpp, line 366]
Event: 1.726 Thread 0x00007fc0f01d1000 Exception <a 'java/lang/ArrayIndexOutOfBoundsException': 40> (0x000000076ae0a340) thrown at [/HUDSON3/workspace/8-2-build-linux-amd64/jdk8u101/7261/hotspot/src/share/vm/interpreter/interpreterRuntime.cpp, line 366]
Event: 5.583 Thread 0x00007fc0f01cf800 Implicit null exception at 0x00007fc0e0cf9cc6 to 0x00007fc0e0cfb789

Events (10 events):
Event: 21.134 Thread 0x00007fc0f01ca800 DEOPT UNPACKING pc=0x00007fc0e07fb633 sp=0x00007fc0dc189d50 mode 0
Event: 21.135 Thread 0x00007fc0f01cf800 DEOPT PACKING pc=0x00007fc0e0a147e8 sp=0x00007fc0d7dfb560
Event: 21.135 Thread 0x00007fc0f01cf800 DEOPT UNPACKING pc=0x00007fc0e07fb633 sp=0x00007fc0d7dfb2a0 mode 0
Event: 21.135 Thread 0x00007fc0f01cf800 DEOPT PACKING pc=0x00007fc0e0b88fb4 sp=0x00007fc0d7dfc010
Event: 21.135 Thread 0x00007fc0f01cf800 DEOPT UNPACKING pc=0x00007fc0e07fb633 sp=0x00007fc0d7dfbd10 mode 0
Event: 21.145 Thread 0x00007fc0f01ca800 DEOPT PACKING pc=0x00007fc0e0b626f4 sp=0x00007fc0dc18a030
Event: 21.145 Thread 0x00007fc0f01ca800 DEOPT UNPACKING pc=0x00007fc0e07fb633 sp=0x00007fc0dc189d98 mode 0
Event: 21.147 Thread 0x00007fc0f01ca800 DEOPT PACKING pc=0x00007fc0e0abb259 sp=0x00007fc0dc189f70
Event: 21.147 Thread 0x00007fc0f01ca800 DEOPT UNPACKING pc=0x00007fc0e07fb633 sp=0x00007fc0dc189d00 mode 0
Event: 21.149 Executing VM operation: ParallelGCFailedAllocation


Dynamic libraries:
00400000-00401000 r-xp 00000000 08:01 1454053                            /usr/lib/jvm/java-8-oracle/bin/java
00600000-00601000 rw-p 00000000 08:01 1454053                            /usr/lib/jvm/java-8-oracle/bin/java
01e01000-01e22000 rw-p 00000000 00:00 0                                  [heap]
6c0000000-6e1d00000 rw-p 00000000 00:00 0 
6f2500000-76ab00000 ---p 00000000 00:00 0 
76ab00000-7b8d80000 rw-p 00000000 00:00 0 
7b8d80000-7c0000000 ---p 00000000 00:00 0 
7c0000000-7c00c0000 rw-p 00000000 00:00 0 
7c00c0000-800000000 ---p 00000000 00:00 0 
7fc080000000-7fc08004b000 rw-p 00000000 00:00 0 
7fc08004b000-7fc084000000 ---p 00000000 00:00 0 
7fc088000000-7fc088030000 rw-p 00000000 00:00 0 
7fc088030000-7fc08c000000 ---p 00000000 00:00 0 
7fc08c000000-7fc08c034000 rw-p 00000000 00:00 0 
7fc08c034000-7fc090000000 ---p 00000000 00:00 0 
7fc090000000-7fc090040000 rw-p 00000000 00:00 0 
7fc090040000-7fc094000000 ---p 00000000 00:00 0 
7fc094000000-7fc094021000 rw-p 00000000 00:00 0 
7fc094021000-7fc098000000 ---p 00000000 00:00 0 
7fc098000000-7fc098021000 rw-p 00000000 00:00 0 
7fc098021000-7fc09c000000 ---p 00000000 00:00 0 
7fc09c000000-7fc09c021000 rw-p 00000000 00:00 0 
7fc09c021000-7fc0a0000000 ---p 00000000 00:00 0 
7fc0a0000000-7fc0a11a5000 rw-p 00000000 00:00 0 
7fc0a11a5000-7fc0a4000000 ---p 00000000 00:00 0 
7fc0a4000000-7fc0a4a68000 rw-p 00000000 00:00 0 
7fc0a4a68000-7fc0a8000000 ---p 00000000 00:00 0 
7fc0a8000000-7fc0a8021000 rw-p 00000000 00:00 0 
7fc0a8021000-7fc0ac000000 ---p 00000000 00:00 0 
7fc0ac000000-7fc0ad81e000 rw-p 00000000 00:00 0 
7fc0ad81e000-7fc0b0000000 ---p 00000000 00:00 0 
7fc0b0000000-7fc0b0021000 rw-p 00000000 00:00 0 
7fc0b0021000-7fc0b4000000 ---p 00000000 00:00 0 
7fc0b4000000-7fc0b4021000 rw-p 00000000 00:00 0 
7fc0b4021000-7fc0b8000000 ---p 00000000 00:00 0 
7fc0b8000000-7fc0c0000000 rw-p 00000000 00:00 0 
7fc0c0000000-7fc0c0021000 rw-p 00000000 00:00 0 
7fc0c0021000-7fc0c4000000 ---p 00000000 00:00 0 
7fc0c4000000-7fc0c42a9000 rw-p 00000000 00:00 0 
7fc0c42a9000-7fc0c8000000 ---p 00000000 00:00 0 
7fc0c8000000-7fc0c8021000 rw-p 00000000 00:00 0 
7fc0c8021000-7fc0cc000000 ---p 00000000 00:00 0 
7fc0d0000000-7fc0d0021000 rw-p 00000000 00:00 0 
7fc0d0021000-7fc0d4000000 ---p 00000000 00:00 0 
7fc0d7bfc000-7fc0d7bff000 ---p 00000000 00:00 0 
7fc0d7bff000-7fc0d7cfd000 rw-p 00000000 00:00 0 
7fc0d7cfd000-7fc0d7d00000 ---p 00000000 00:00 0 
7fc0d7d00000-7fc0d7dfe000 rw-p 00000000 00:00 0 
7fc0d7dfe000-7fc0d7e01000 ---p 00000000 00:00 0 
7fc0d7e01000-7fc0d7eff000 rw-p 00000000 00:00 0 
7fc0d7eff000-7fc0d7f02000 ---p 00000000 00:00 0 
7fc0d7f02000-7fc0d8000000 rw-p 00000000 00:00 0 
7fc0d8000000-7fc0d8021000 rw-p 00000000 00:00 0 
7fc0d8021000-7fc0dc000000 ---p 00000000 00:00 0 
7fc0dc08b000-7fc0dc08e000 ---p 00000000 00:00 0 
7fc0dc08e000-7fc0dc18c000 rw-p 00000000 00:00 0 
7fc0dc18c000-7fc0dc222000 r--s 00700000 08:05 5638019                    /home/onmymobile/AndroidStudioProjects/Heritage/Heritage/app/build/intermediates/transforms/jarMerging/debug/jars/1/1f/combined.jar
7fc0dc222000-7fc0dc223000 ---p 00000000 00:00 0 
7fc0dc223000-7fc0dc323000 rw-p 00000000 00:00 0 
7fc0dc323000-7fc0dc326000 ---p 00000000 00:00 0 
7fc0dc326000-7fc0dc424000 rw-p 00000000 00:00 0 
7fc0dc424000-7fc0dc427000 ---p 00000000 00:00 0 
7fc0dc427000-7fc0dc525000 rw-p 00000000 00:00 0 
7fc0dc525000-7fc0dc528000 ---p 00000000 00:00 0 
7fc0dc528000-7fc0dc626000 rw-p 00000000 00:00 0 
7fc0dc626000-7fc0dc629000 ---p 00000000 00:00 0 
7fc0dc629000-7fc0dc727000 rw-p 00000000 00:00 0 
7fc0dc727000-7fc0dc72a000 ---p 00000000 00:00 0 
7fc0dc72a000-7fc0dc828000 rw-p 00000000 00:00 0 
7fc0dc828000-7fc0dcf0a000 r--p 00000000 08:01 1448881                    /usr/lib/locale/locale-archive
7fc0dcf0a000-7fc0dcf0d000 ---p 00000000 00:00 0 
7fc0dcf0d000-7fc0dd00b000 rw-p 00000000 00:00 0 
7fc0dd00b000-7fc0dd00e000 ---p 00000000 00:00 0 
7fc0dd00e000-7fc0dd10c000 rw-p 00000000 00:00 0 
7fc0dd10c000-7fc0dd10d000 ---p 00000000 00:00 0 
7fc0dd10d000-7fc0de1c1000 rw-p 00000000 00:00 0 
7fc0de1c1000-7fc0de39a000 r--s 03d29000 08:01 1452475                    /usr/lib/jvm/java-8-oracle/jre/lib/rt.jar
7fc0de39a000-7fc0dea5a000 rw-p 00000000 00:00 0 
7fc0dea5a000-7fc0deb9a000 ---p 00000000 00:00 0 
7fc0deb9a000-7fc0df39a000 rw-p 00000000 00:00 0 
7fc0df39a000-7fc0df39b000 ---p 00000000 00:00 0 
7fc0df39b000-7fc0df49b000 rw-p 00000000 00:00 0 
7fc0df49b000-7fc0df49c000 ---p 00000000 00:00 0 
7fc0df49c000-7fc0df59c000 rw-p 00000000 00:00 0 
7fc0df59c000-7fc0df59d000 ---p 00000000 00:00 0 
7fc0df59d000-7fc0df7ac000 rw-p 00000000 00:00 0 
7fc0df7ac000-7fc0dfbf3000 ---p 00000000 00:00 0 
7fc0dfbf3000-7fc0dfd02000 rw-p 00000000 00:00 0 
7fc0dfd02000-7fc0e0148000 ---p 00000000 00:00 0 
7fc0e0148000-7fc0e03ba000 rw-p 00000000 00:00 0 
7fc0e03ba000-7fc0e03f3000 ---p 00000000 00:00 0 
7fc0e03f3000-7fc0e0423000 rw-p 00000000 00:00 0 
7fc0e0423000-7fc0e07b4000 ---p 00000000 00:00 0 
7fc0e07b4000-7fc0e1364000 rwxp 00000000 00:00 0 
7fc0e1364000-7fc0ef7b4000 ---p 00000000 00:00 0 
7fc0ef7b4000-7fc0ef7ce000 r-xp 00000000 08:01 1452530                    /usr/lib/jvm/java-8-oracle/jre/lib/amd64/libzip.so
7fc0ef7ce000-7fc0ef9ce000 ---p 0001a000 08:01 1452530                    /usr/lib/jvm/java-8-oracle/jre/lib/amd64/libzip.so
7fc0ef9ce000-7fc0ef9cf000 rw-p 0001a000 08:01 1452530                    /usr/lib/jvm/java-8-oracle/jre/lib/amd64/libzip.so
7fc0ef9cf000-7fc0ef9d9000 r-xp 00000000 08:01 7078098                    /lib/x86_64-linux-gnu/libnss_files-2.19.so
7fc0ef9d9000-7fc0efbd8000 ---p 0000a000 08:01 7078098                    /lib/x86_64-linux-gnu/libnss_files-2.19.so
7fc0efbd8000-7fc0efbd9000 r--p 00009000 08:01 7078098                    /lib/x86_64-linux-gnu/libnss_files-2.19.so
7fc0efbd9000-7fc0efbda000 rw-p 0000a000 08:01 7078098                    /lib/x86_64-linux-gnu/libnss_files-2.19.so
7fc0efbda000-7fc0efbe5000 r-xp 00000000 08:01 7078090                    /lib/x86_64-linux-gnu/libnss_nis-2.19.so
7fc0efbe5000-7fc0efde4000 ---p 0000b000 08:01 7078090                    /lib/x86_64-linux-gnu/libnss_nis-2.19.so
7fc0efde4000-7fc0efde5000 r--p 0000a000 08:01 7078090                    /lib/x86_64-linux-gnu/libnss_nis-2.19.so
7fc0efde5000-7fc0efde6000 rw-p 0000b000 08:01 7078090                    /lib/x86_64-linux-gnu/libnss_nis-2.19.so
7fc0efde6000-7fc0efdfd000 r-xp 00000000 08:01 7078086                    /lib/x86_64-linux-gnu/libnsl-2.19.so
7fc0efdfd000-7fc0efffc000 ---p 00017000 08:01 7078086                    /lib/x86_64-linux-gnu/libnsl-2.19.so
7fc0efffc000-7fc0efffd000 r--p 00016000 08:01 7078086                    /lib/x86_64-linux-gnu/libnsl-2.19.so
7fc0efffd000-7fc0efffe000 rw-p 00017000 08:01 7078086                    /lib/x86_64-linux-gnu/libnsl-2.19.so
7fc0efffe000-7fc0f0000000 rw-p 00000000 00:00 0 
7fc0f0000000-7fc0f03c0000 rw-p 00000000 00:00 0 
7fc0f03c0000-7fc0f4000000 ---p 00000000 00:00 0 
7fc0f4015000-7fc0f40da000 rw-p 00000000 00:00 0 
7fc0f40da000-7fc0f40db000 ---p 00000000 00:00 0 
7fc0f40db000-7fc0f41db000 rw-p 00000000 00:00 0 
7fc0f41db000-7fc0f41e4000 r-xp 00000000 08:01 7078085                    /lib/x86_64-linux-gnu/libnss_compat-2.19.so
7fc0f41e4000-7fc0f43e3000 ---p 00009000 08:01 7078085                    /lib/x86_64-linux-gnu/libnss_compat-2.19.so
7fc0f43e3000-7fc0f43e4000 r--p 00008000 08:01 7078085                    /lib/x86_64-linux-gnu/libnss_compat-2.19.so
7fc0f43e4000-7fc0f43e5000 rw-p 00009000 08:01 7078085                    /lib/x86_64-linux-gnu/libnss_compat-2.19.so
7fc0f43e5000-7fc0f440f000 r-xp 00000000 08:01 1452510                    /usr/lib/jvm/java-8-oracle/jre/lib/amd64/libjava.so
7fc0f440f000-7fc0f460f000 ---p 0002a000 08:01 1452510                    /usr/lib/jvm/java-8-oracle/jre/lib/amd64/libjava.so
7fc0f460f000-7fc0f4611000 rw-p 0002a000 08:01 1452510                    /usr/lib/jvm/java-8-oracle/jre/lib/amd64/libjava.so
7fc0f4611000-7fc0f461e000 r-xp 00000000 08:01 1452527                    /usr/lib/jvm/java-8-oracle/jre/lib/amd64/libverify.so
7fc0f461e000-7fc0f481e000 ---p 0000d000 08:01 1452527                    /usr/lib/jvm/java-8-oracle/jre/lib/amd64/libverify.so
7fc0f481e000-7fc0f4820000 rw-p 0000d000 08:01 1452527                    /usr/lib/jvm/java-8-oracle/jre/lib/amd64/libverify.so
7fc0f4820000-7fc0f4827000 r-xp 00000000 08:01 7078094                    /lib/x86_64-linux-gnu/librt-2.19.so
7fc0f4827000-7fc0f4a26000 ---p 00007000 08:01 7078094                    /lib/x86_64-linux-gnu/librt-2.19.so
7fc0f4a26000-7fc0f4a27000 r--p 00006000 08:01 7078094                    /lib/x86_64-linux-gnu/librt-2.19.so
7fc0f4a27000-7fc0f4a28000 rw-p 00007000 08:01 7078094                    /lib/x86_64-linux-gnu/librt-2.19.so
7fc0f4a28000-7fc0f4b2d000 r-xp 00000000 08:01 7078080                    /lib/x86_64-linux-gnu/libm-2.19.so
7fc0f4b2d000-7fc0f4d2c000 ---p 00105000 08:01 7078080                    /lib/x86_64-linux-gnu/libm-2.19.so
7fc0f4d2c000-7fc0f4d2d000 r--p 00104000 08:01 7078080                    /lib/x86_64-linux-gnu/libm-2.19.so
7fc0f4d2d000-7fc0f4d2e000 rw-p 00105000 08:01 7078080                    /lib/x86_64-linux-gnu/libm-2.19.so
7fc0f4d2e000-7fc0f59f9000 r-xp 00000000 08:01 1452518                    /usr/lib/jvm/java-8-oracle/jre/lib/amd64/server/libjvm.so
7fc0f59f9000-7fc0f5bf8000 ---p 00ccb000 08:01 1452518                    /usr/lib/jvm/java-8-oracle/jre/lib/amd64/server/libjvm.so
7fc0f5bf8000-7fc0f5cd1000 rw-p 00cca000 08:01 1452518                    /usr/lib/jvm/java-8-oracle/jre/lib/amd64/server/libjvm.so
7fc0f5cd1000-7fc0f5d1c000 rw-p 00000000 00:00 0 
7fc0f5d1c000-7fc0f5ed6000 r-xp 00000000 08:01 7078095                    /lib/x86_64-linux-gnu/libc-2.19.so
7fc0f5ed6000-7fc0f60d6000 ---p 001ba000 08:01 7078095                    /lib/x86_64-linux-gnu/libc-2.19.so
7fc0f60d6000-7fc0f60da000 r--p 001ba000 08:01 7078095                    /lib/x86_64-linux-gnu/libc-2.19.so
7fc0f60da000-7fc0f60dc000 rw-p 001be000 08:01 7078095                    /lib/x86_64-linux-gnu/libc-2.19.so
7fc0f60dc000-7fc0f60e1000 rw-p 00000000 00:00 0 
7fc0f60e1000-7fc0f60e4000 r-xp 00000000 08:01 7078082                    /lib/x86_64-linux-gnu/libdl-2.19.so
7fc0f60e4000-7fc0f62e3000 ---p 00003000 08:01 7078082                    /lib/x86_64-linux-gnu/libdl-2.19.so
7fc0f62e3000-7fc0f62e4000 r--p 00002000 08:01 7078082                    /lib/x86_64-linux-gnu/libdl-2.19.so
7fc0f62e4000-7fc0f62e5000 rw-p 00003000 08:01 7078082                    /lib/x86_64-linux-gnu/libdl-2.19.so
7fc0f62e5000-7fc0f62fa000 r-xp 00000000 08:01 1453997                    /usr/lib/jvm/java-8-oracle/lib/amd64/jli/libjli.so
7fc0f62fa000-7fc0f64fa000 ---p 00015000 08:01 1453997                    /usr/lib/jvm/java-8-oracle/lib/amd64/jli/libjli.so
7fc0f64fa000-7fc0f64fb000 rw-p 00015000 08:01 1453997                    /usr/lib/jvm/java-8-oracle/lib/amd64/jli/libjli.so
7fc0f64fb000-7fc0f6514000 r-xp 00000000 08:01 7078087                    /lib/x86_64-linux-gnu/libpthread-2.19.so
7fc0f6514000-7fc0f6713000 ---p 00019000 08:01 7078087                    /lib/x86_64-linux-gnu/libpthread-2.19.so
7fc0f6713000-7fc0f6714000 r--p 00018000 08:01 7078087                    /lib/x86_64-linux-gnu/libpthread-2.19.so
7fc0f6714000-7fc0f6715000 rw-p 00019000 08:01 7078087                    /lib/x86_64-linux-gnu/libpthread-2.19.so
7fc0f6715000-7fc0f6719000 rw-p 00000000 00:00 0 
7fc0f6719000-7fc0f673c000 r-xp 00000000 08:01 7078088                    /lib/x86_64-linux-gnu/ld-2.19.so
7fc0f6740000-7fc0f6813000 rw-p 00000000 00:00 0 
7fc0f6813000-7fc0f6816000 ---p 00000000 00:00 0 
7fc0f6816000-7fc0f6918000 rw-p 00000000 00:00 0 
7fc0f691f000-7fc0f6920000 rw-p 00000000 00:00 0 
7fc0f6920000-7fc0f692f000 r--s 000df000 08:05 264644                     /home/onmymobile/Android/Sdk/build-tools/23.0.3/lib/dx.jar
7fc0f692f000-7fc0f6937000 rw-s 00000000 08:01 524502                     /tmp/hsperfdata_onmymobile/12604
7fc0f6937000-7fc0f6938000 rw-p 00000000 00:00 0 
7fc0f6938000-7fc0f6939000 ---p 00000000 00:00 0 
7fc0f6939000-7fc0f693b000 rw-p 00000000 00:00 0 
7fc0f693b000-7fc0f693c000 r--p 00022000 08:01 7078088                    /lib/x86_64-linux-gnu/ld-2.19.so
7fc0f693c000-7fc0f693d000 rw-p 00023000 08:01 7078088                    /lib/x86_64-linux-gnu/ld-2.19.so
7fc0f693d000-7fc0f693e000 rw-p 00000000 00:00 0 
7ffcaefd4000-7ffcaeff6000 rw-p 00000000 00:00 0                          [stack]
7ffcaeff6000-7ffcaeff8000 r--p 00000000 00:00 0                          [vvar]
7ffcaeff8000-7ffcaeffa000 r-xp 00000000 00:00 0                          [vdso]
ffffffffff600000-ffffffffff601000 r-xp 00000000 00:00 0                  [vsyscall]

VM Arguments:
jvm_args: -Djava.awt.headless=true -Xmx4g -Dfile.encoding=UTF-8 -Duser.country=IN -Duser.language=en -Duser.variant 
java_command: com.android.dx.command.Main --dex --num-threads=4 --multi-dex --main-dex-list /home/onmymobile/AndroidStudioProjects/Heritage/Heritage/app/build/intermediates/multi-dex/debug/maindexlist.txt --output /home/onmymobile/AndroidStudioProjects/Heritage/Heritage/app/build/intermediates/transforms/dex/debug/folders/1000/1f/main /home/onmymobile/AndroidStudioProjects/Heritage/Heritage/app/build/intermediates/transforms/jarMerging/debug/jars/1/1f/combined.jar
java_class_path (initial): /home/onmymobile/Android/Sdk/build-tools/23.0.3/lib/dx.jar
Launcher Type: SUN_STANDARD

Environment Variables:
JAVA_HOME=/usr/lib/jvm/java-8-oracle
PATH=/home/onmymobile/bin:/usr/local/sbin:/usr/local/bin:/usr/sbin:/usr/bin:/sbin:/bin:/usr/games:/usr/local/games:/usr/lib/jvm/java-8-oracle/bin:/usr/lib/jvm/java-8-oracle/db/bin:/usr/lib/jvm/java-8-oracle/jre/bin
LD_LIBRARY_PATH=.:
SHELL=/bin/bash
DISPLAY=:0

Signal Handlers:
SIGSEGV: [libjvm.so+0xac4790], sa_mask[0]=11111111011111111101111111111110, sa_flags=SA_RESTART|SA_SIGINFO
SIGBUS: [libjvm.so+0xac4790], sa_mask[0]=11111111011111111101111111111110, sa_flags=SA_RESTART|SA_SIGINFO
SIGFPE: [libjvm.so+0x91f140], sa_mask[0]=11111111011111111101111111111110, sa_flags=SA_RESTART|SA_SIGINFO
SIGPIPE: [libjvm.so+0x91f140], sa_mask[0]=11111111011111111101111111111110, sa_flags=SA_RESTART|SA_SIGINFO
SIGXFSZ: [libjvm.so+0x91f140], sa_mask[0]=11111111011111111101111111111110, sa_flags=SA_RESTART|SA_SIGINFO
SIGILL: [libjvm.so+0x91f140], sa_mask[0]=11111111011111111101111111111110, sa_flags=SA_RESTART|SA_SIGINFO
SIGUSR1: SIG_DFL, sa_mask[0]=00000000000000000000000000000000, sa_flags=none
SIGUSR2: [libjvm.so+0x920770], sa_mask[0]=00100000000000000000000000000000, sa_flags=SA_RESTART|SA_SIGINFO
SIGHUP: [libjvm.so+0x921b70], sa_mask[0]=11111111011111111101111111111110, sa_flags=SA_RESTART|SA_SIGINFO
SIGINT: [libjvm.so+0x921b70], sa_mask[0]=11111111011111111101111111111110, sa_flags=SA_RESTART|SA_SIGINFO
SIGTERM: [libjvm.so+0x921b70], sa_mask[0]=11111111011111111101111111111110, sa_flags=SA_RESTART|SA_SIGINFO
SIGQUIT: [libjvm.so+0x921b70], sa_mask[0]=11111111011111111101111111111110, sa_flags=SA_RESTART|SA_SIGINFO


---------------  S Y S T E M  ---------------

OS:DISTRIB_ID=Ubuntu
DISTRIB_RELEASE=14.04
DISTRIB_CODENAME=trusty
DISTRIB_DESCRIPTION="Ubuntu 14.04.5 LTS"

uname:Linux 4.4.0-36-generic #55~14.04.1-Ubuntu SMP Fri Aug 12 11:49:30 UTC 2016 x86_64
libc:glibc 2.19 NPTL 2.19 
rlimit: STACK 8192k, CORE 0k, NPROC 31334, NOFILE 4096, AS infinity
load average:1.96 0.82 0.66

/proc/meminfo:
MemTotal:        8043772 kB
MemFree:          138804 kB
MemAvailable:     102320 kB
Buffers:            5384 kB
Cached:           544788 kB
SwapCached:            0 kB
Active:          7233756 kB
Inactive:         445548 kB
Active(anon):    7159424 kB
Inactive(anon):   377816 kB
Active(file):      74332 kB
Inactive(file):    67732 kB
Unevictable:         196 kB
Mlocked:             196 kB
SwapTotal:             0 kB
SwapFree:              0 kB
Dirty:              9100 kB
Writeback:             0 kB
AnonPages:       7129332 kB
Mapped:           310820 kB
Shmem:            408108 kB
Slab:              97824 kB
SReclaimable:      54612 kB
SUnreclaim:        43212 kB
KernelStack:       11792 kB
PageTables:        62456 kB
NFS_Unstable:          0 kB
Bounce:                0 kB
WritebackTmp:          0 kB
CommitLimit:     4021884 kB
Committed_AS:   13340252 kB
VmallocTotal:   34359738367 kB
VmallocUsed:           0 kB
VmallocChunk:          0 kB
HardwareCorrupted:     0 kB
AnonHugePages:   4972544 kB
CmaTotal:              0 kB
CmaFree:               0 kB
HugePages_Total:       0
HugePages_Free:        0
HugePages_Rsvd:        0
HugePages_Surp:        0
Hugepagesize:       2048 kB
DirectMap4k:      163360 kB
DirectMap2M:     8093696 kB


CPU:total 4 (2 cores per cpu, 2 threads per core) family 6 model 58 stepping 9, cmov, cx8, fxsr, mmx, sse, sse2, sse3, ssse3, sse4.1, sse4.2, popcnt, avx, aes, clmul, erms, ht, tsc, tscinvbit, tscinv

/proc/cpuinfo:
processor	: 0
vendor_id	: GenuineIntel
cpu family	: 6
model		: 58
model name	: Intel(R) Core(TM) i5-3340M CPU @ 2.70GHz
stepping	: 9
microcode	: 0x15
cpu MHz		: 3200.027
cache size	: 3072 KB
physical id	: 0
siblings	: 4
core id		: 0
cpu cores	: 2
apicid		: 0
initial apicid	: 0
fpu		: yes
fpu_exception	: yes
cpuid level	: 13
wp		: yes
flags		: fpu vme de pse tsc msr pae mce cx8 apic sep mtrr pge mca cmov pat pse36 clflush dts acpi mmx fxsr sse sse2 ss ht tm pbe syscall nx rdtscp lm constant_tsc arch_perfmon pebs bts rep_good nopl xtopology nonstop_tsc aperfmperf eagerfpu pni pclmulqdq dtes64 monitor ds_cpl vmx smx est tm2 ssse3 cx16 xtpr pdcm pcid sse4_1 sse4_2 x2apic popcnt tsc_deadline_timer aes xsave avx f16c rdrand lahf_lm epb tpr_shadow vnmi flexpriority ept vpid fsgsbase smep erms xsaveopt dtherm ida arat pln pts
bugs		:
bogomips	: 5382.15
clflush size	: 64
cache_alignment	: 64
address sizes	: 36 bits physical, 48 bits virtual
power management:

processor	: 1
vendor_id	: GenuineIntel
cpu family	: 6
model		: 58
model name	: Intel(R) Core(TM) i5-3340M CPU @ 2.70GHz
stepping	: 9
microcode	: 0x15
cpu MHz		: 2828.460
cache size	: 3072 KB
physical id	: 0
siblings	: 4
core id		: 1
cpu cores	: 2
apicid		: 2
initial apicid	: 2
fpu		: yes
fpu_exception	: yes
cpuid level	: 13
wp		: yes
flags		: fpu vme de pse tsc msr pae mce cx8 apic sep mtrr pge mca cmov pat pse36 clflush dts acpi mmx fxsr sse sse2 ss ht tm pbe syscall nx rdtscp lm constant_tsc arch_perfmon pebs bts rep_good nopl xtopology nonstop_tsc aperfmperf eagerfpu pni pclmulqdq dtes64 monitor ds_cpl vmx smx est tm2 ssse3 cx16 xtpr pdcm pcid sse4_1 sse4_2 x2apic popcnt tsc_deadline_timer aes xsave avx f16c rdrand lahf_lm epb tpr_shadow vnmi flexpriority ept vpid fsgsbase smep erms xsaveopt dtherm ida arat pln pts
bugs		:
bogomips	: 5382.15
clflush size	: 64
cache_alignment	: 64
address sizes	: 36 bits physical, 48 bits virtual
power management:

processor	: 2
vendor_id	: GenuineIntel
cpu family	: 6
model		: 58
model name	: Intel(R) Core(TM) i5-3340M CPU @ 2.70GHz
stepping	: 9
microcode	: 0x15
cpu MHz		: 3200.027
cache size	: 3072 KB
physical id	: 0
siblings	: 4
core id		: 0
cpu cores	: 2
apicid		: 1
initial apicid	: 1
fpu		: yes
fpu_exception	: yes
cpuid level	: 13
wp		: yes
flags		: fpu vme de pse tsc msr pae mce cx8 apic sep mtrr pge mca cmov pat pse36 clflush dts acpi mmx fxsr sse sse2 ss ht tm pbe syscall nx rdtscp lm constant_tsc arch_perfmon pebs bts rep_good nopl xtopology nonstop_tsc aperfmperf eagerfpu pni pclmulqdq dtes64 monitor ds_cpl vmx smx est tm2 ssse3 cx16 xtpr pdcm pcid sse4_1 sse4_2 x2apic popcnt tsc_deadline_timer aes xsave avx f16c rdrand lahf_lm epb tpr_shadow vnmi flexpriority ept vpid fsgsbase smep erms xsaveopt dtherm ida arat pln pts
bugs		:
bogomips	: 5382.15
clflush size	: 64
cache_alignment	: 64
address sizes	: 36 bits physical, 48 bits virtual
power management:

processor	: 3
vendor_id	: GenuineIntel
cpu family	: 6
model		: 58
model name	: Intel(R) Core(TM) i5-3340M CPU @ 2.70GHz
stepping	: 9
microcode	: 0x15
cpu MHz		: 3238.207
cache size	: 3072 KB
physical id	: 0
siblings	: 4
core id		: 1
cpu cores	: 2
apicid		: 3
initial apicid	: 3
fpu		: yes
fpu_exception	: yes
cpuid level	: 13
wp		: yes
flags		: fpu vme de pse tsc msr pae mce cx8 apic sep mtrr pge mca cmov pat pse36 clflush dts acpi mmx fxsr sse sse2 ss ht tm pbe syscall nx rdtscp lm constant_tsc arch_perfmon pebs bts rep_good nopl xtopology nonstop_tsc aperfmperf eagerfpu pni pclmulqdq dtes64 monitor ds_cpl vmx smx est tm2 ssse3 cx16 xtpr pdcm pcid sse4_1 sse4_2 x2apic popcnt tsc_deadline_timer aes xsave avx f16c rdrand lahf_lm epb tpr_shadow vnmi flexpriority ept vpid fsgsbase smep erms xsaveopt dtherm ida arat pln pts
bugs		:
bogomips	: 5382.15
clflush size	: 64
cache_alignment	: 64
address sizes	: 36 bits physical, 48 bits virtual
power management:



Memory: 4k page, physical 8043772k(138804k free), swap 0k(0k free)

vm_info: Java HotSpot(TM) 64-Bit Server VM (25.101-b13) for linux-amd64 JRE (1.8.0_101-b13), built on Jun 22 2016 02:59:44 by "java_re" with gcc 4.3.0 20080428 (Red Hat 4.3.0-8)

time: Wed Sep 14 15:08:01 2016
elapsed time: 23 seconds (0d 0h 0m 23s)

