#
# There is insufficient memory for the Java Runtime Environment to continue.
# Native memory allocation (mmap) failed to map 296747008 bytes for committing reserved memory.
# Possible reasons:
#   The system is out of physical RAM or swap space
#   In 32 bit mode, the process size limit was hit
# Possible solutions:
#   Reduce memory load on the system
#   Increase physical memory or swap space
#   Check if swap backing store is full
#   Use 64 bit Java on a 64 bit OS
#   Decrease Java heap size (-Xmx/-Xms)
#   Decrease number of Java threads
#   Decrease Java thread stack sizes (-Xss)
#   Set larger code cache with -XX:ReservedCodeCacheSize=
# This output file may be truncated or incomplete.
#
#  Out of Memory Error (os_linux.cpp:2627), pid=16647, tid=140129384339200
#
# JRE version: Java(TM) SE Runtime Environment (8.0_91-b14) (build 1.8.0_91-b14)
# Java VM: Java HotSpot(TM) 64-Bit Server VM (25.91-b14 mixed mode linux-amd64 compressed oops)
# Failed to write core dump. Core dumps have been disabled. To enable core dumping, try "ulimit -c unlimited" before starting Java again
#

---------------  T H R E A D  ---------------

Current thread (0x00007f7288078000):  VMThread [stack: 0x00007f726a1d1000,0x00007f726a2d2000] [id=16657]

Stack: [0x00007f726a1d1000,0x00007f726a2d2000],  sp=0x00007f726a2d0160,  free space=1020k
Native frames: (J=compiled Java code, j=interpreted, Vv=VM code, C=native code)
V  [libjvm.so+0xabc18a]  VMError::report_and_die()+0x2ba
V  [libjvm.so+0x4fafeb]  report_vm_out_of_memory(char const*, int, unsigned long, VMErrorType, char const*)+0x8b
V  [libjvm.so+0x91cbb3]  os::Linux::commit_memory_impl(char*, unsigned long, bool)+0x103
V  [libjvm.so+0x91d109]  os::pd_commit_memory(char*, unsigned long, unsigned long, bool)+0x29
V  [libjvm.so+0x91740a]  os::commit_memory(char*, unsigned long, unsigned long, bool)+0x2a
V  [libjvm.so+0x98b033]  PSVirtualSpace::expand_by(unsigned long)+0x53
V  [libjvm.so+0x98c438]  PSYoungGen::resize_generation(unsigned long, unsigned long)+0xf8
V  [libjvm.so+0x98b592]  PSYoungGen::resize(unsigned long, unsigned long)+0x22
V  [libjvm.so+0x98886b]  PSScavenge::invoke_no_policy()+0xf3b
V  [libjvm.so+0x988ff1]  PSScavenge::invoke()+0x41
V  [libjvm.so+0x9408b0]  ParallelScavengeHeap::failed_mem_allocate(unsigned long)+0x70
V  [libjvm.so+0xabdba7]  VM_ParallelGCFailedAllocation::doit()+0x97
V  [libjvm.so+0xac55d5]  VM_Operation::evaluate()+0x55
V  [libjvm.so+0xac39aa]  VMThread::evaluate_operation(VM_Operation*)+0xba
V  [libjvm.so+0xac3d2e]  VMThread::loop()+0x1ce
V  [libjvm.so+0xac41a0]  VMThread::run()+0x70
V  [libjvm.so+0x91ef78]  java_start(Thread*)+0x108

VM_Operation (0x00007f72690accd0): ParallelGCFailedAllocation, mode: safepoint, requested by thread 0x00007f728820c000


---------------  P R O C E S S  ---------------

Java Threads: ( => current thread )
  0x00007f728820f800 JavaThread "pool-2-thread-4" [_thread_blocked, id=16670, stack(0x00007f7268dac000,0x00007f7268ead000)]
  0x00007f728820d800 JavaThread "pool-2-thread-3" [_thread_blocked, id=16669, stack(0x00007f7268ead000,0x00007f7268fae000)]
  0x00007f728820c000 JavaThread "pool-2-thread-2" [_thread_blocked, id=16668, stack(0x00007f7268fae000,0x00007f72690af000)]
  0x00007f728820b000 JavaThread "pool-3-thread-1" [_thread_blocked, id=16667, stack(0x00007f72690af000,0x00007f72691b0000)]
  0x00007f7288208800 JavaThread "pool-2-thread-1" [_thread_blocked, id=16666, stack(0x00007f72691b0000,0x00007f72692b1000)]
  0x00007f72880c0800 JavaThread "Service Thread" daemon [_thread_blocked, id=16664, stack(0x00007f72693e8000,0x00007f72694e9000)]
  0x00007f72880bd000 JavaThread "C1 CompilerThread2" daemon [_thread_blocked, id=16663, stack(0x00007f72694e9000,0x00007f72695ea000)]
  0x00007f72880bb800 JavaThread "C2 CompilerThread1" daemon [_thread_blocked, id=16662, stack(0x00007f72695ea000,0x00007f72696eb000)]
  0x00007f72880b8800 JavaThread "C2 CompilerThread0" daemon [_thread_blocked, id=16661, stack(0x00007f72696eb000,0x00007f72697ec000)]
  0x00007f72880b7000 JavaThread "Signal Dispatcher" daemon [_thread_blocked, id=16660, stack(0x00007f72697ec000,0x00007f72698ed000)]
  0x00007f7288084000 JavaThread "Finalizer" daemon [_thread_blocked, id=16659, stack(0x00007f7269fcf000,0x00007f726a0d0000)]
  0x00007f728807f800 JavaThread "Reference Handler" daemon [_thread_blocked, id=16658, stack(0x00007f726a0d0000,0x00007f726a1d1000)]
  0x00007f728800a000 JavaThread "main" [_thread_blocked, id=16652, stack(0x00007f728f8da000,0x00007f728f9db000)]

Other Threads:
=>0x00007f7288078000 VMThread [stack: 0x00007f726a1d1000,0x00007f726a2d2000] [id=16657]
  0x00007f72880c3000 WatcherThread [stack: 0x00007f72692e7000,0x00007f72693e8000] [id=16665]

VM state:at safepoint (normal execution)

VM Mutex/Monitor currently owned by a thread:  ([mutex/lock_event])
[0x00007f72880065f0] Threads_lock - owner thread: 0x00007f7288078000
[0x00007f7288006af0] Heap_lock - owner thread: 0x00007f728820c000

Heap:
 PSYoungGen      total 281600K, used 28644K [0x000000076ab00000, 0x000000077db00000, 0x00000007c0000000)
  eden space 252928K, 0% used [0x000000076ab00000,0x000000076ab00000,0x000000077a200000)
  from space 28672K, 99% used [0x000000077a200000,0x000000077bdf93e8,0x000000077be00000)
  to   space 27648K, 0% used [0x000000077be00000,0x000000077be00000,0x000000077d900000)
 ParOldGen       total 84992K, used 63898K [0x00000006c0000000, 0x00000006c5300000, 0x000000076ab00000)
  object space 84992K, 75% used [0x00000006c0000000,0x00000006c3e668b8,0x00000006c5300000)
 Metaspace       used 6516K, capacity 7256K, committed 7424K, reserved 1056768K
  class space    used 615K, capacity 656K, committed 768K, reserved 1048576K

Card table byte_map: [0x00007f72787ff000,0x00007f7279000000] byte_map_base: 0x00007f72751ff000

Marking Bits: (ParMarkBitMap*) 0x00007f728edb2d60
 Begin Bits: [0x00007f72704fc000, 0x00007f72744fc000)
 End Bits:   [0x00007f72744fc000, 0x00007f72784fc000)

Polling page: 0x00007f728f9fb000

CodeCache: size=245760Kb used=8580Kb max_used=8580Kb free=237179Kb
 bounds [0x00007f7279000000, 0x00007f7279870000, 0x00007f7288000000]
 total_blobs=2493 nmethods=2224 adapters=182
 compilation: enabled

Compilation events (10 events):
Event: 3.981 Thread 0x00007f72880bd000 2421       2       com.android.dx.dex.code.OutputCollector::addSuffix (10 bytes)
Event: 3.981 Thread 0x00007f72880bd000 nmethod 2421 0x00007f727985bd90 code [0x00007f727985bf00, 0x00007f727985c1a8]
Event: 3.981 Thread 0x00007f72880bd000 2419       2       com.android.dx.dex.code.VariableSizeInsn::<init> (10 bytes)
Event: 3.981 Thread 0x00007f72880bd000 nmethod 2419 0x00007f727985c3d0 code [0x00007f727985c540, 0x00007f727985c6c8]
Event: 3.992 Thread 0x00007f72880bd000 2422 %     3       com.android.dx.cf.code.ByteCatchList::listFor @ 16 (120 bytes)
Event: 3.994 Thread 0x00007f72880bd000 nmethod 2422% 0x00007f727985c750 code [0x00007f727985ca00, 0x00007f727985e028]
Event: 4.003 Thread 0x00007f72880bd000 2423       3       com.android.dx.ssa.back.FirstFitLocalCombiningAllocator::handleCheckCastResults (413 bytes)
Event: 4.007 Thread 0x00007f72880bd000 nmethod 2423 0x00007f727985ed50 code [0x00007f727985f2e0, 0x00007f7279862fb8]
Event: 4.007 Thread 0x00007f72880bd000 2424       3       com.android.dx.ssa.back.FirstFitLocalCombiningAllocator::handleLocalAssociatedOther (151 bytes)
Event: 4.008 Thread 0x00007f72880bd000 nmethod 2424 0x00007f7279865950 code [0x00007f7279865be0, 0x00007f7279866c58]

GC Heap History (10 events):
Event: 0.846 GC heap after
Heap after GC invocations=2 (full 0):
 PSYoungGen      total 68608K, used 5114K [0x000000076ab00000, 0x000000076f300000, 0x00000007c0000000)
  eden space 63488K, 0% used [0x000000076ab00000,0x000000076ab00000,0x000000076e900000)
  from space 5120K, 99% used [0x000000076ee00000,0x000000076f2febd0,0x000000076f300000)
  to   space 5120K, 0% used [0x000000076e900000,0x000000076e900000,0x000000076ee00000)
 ParOldGen       total 84992K, used 1900K [0x00000006c0000000, 0x00000006c5300000, 0x000000076ab00000)
  object space 84992K, 2% used [0x00000006c0000000,0x00000006c01db240,0x00000006c5300000)
 Metaspace       used 5836K, capacity 6768K, committed 7040K, reserved 1056768K
  class space    used 594K, capacity 616K, committed 640K, reserved 1048576K
}
Event: 1.392 GC heap before
{Heap before GC invocations=3 (full 0):
 PSYoungGen      total 68608K, used 68602K [0x000000076ab00000, 0x000000076f300000, 0x00000007c0000000)
  eden space 63488K, 100% used [0x000000076ab00000,0x000000076e900000,0x000000076e900000)
  from space 5120K, 99% used [0x000000076ee00000,0x000000076f2febd0,0x000000076f300000)
  to   space 5120K, 0% used [0x000000076e900000,0x000000076e900000,0x000000076ee00000)
 ParOldGen       total 84992K, used 1900K [0x00000006c0000000, 0x00000006c5300000, 0x000000076ab00000)
  object space 84992K, 2% used [0x00000006c0000000,0x00000006c01db240,0x00000006c5300000)
 Metaspace       used 5924K, capacity 6896K, committed 7040K, reserved 1056768K
  class space    used 594K, capacity 616K, committed 640K, reserved 1048576K
Event: 1.445 GC heap after
Heap after GC invocations=3 (full 0):
 PSYoungGen      total 68608K, used 5088K [0x000000076ab00000, 0x0000000773100000, 0x00000007c0000000)
  eden space 63488K, 0% used [0x000000076ab00000,0x000000076ab00000,0x000000076e900000)
  from space 5120K, 99% used [0x000000076e900000,0x000000076edf8048,0x000000076ee00000)
  to   space 5120K, 0% used [0x0000000772c00000,0x0000000772c00000,0x0000000773100000)
 ParOldGen       total 84992K, used 10398K [0x00000006c0000000, 0x00000006c5300000, 0x000000076ab00000)
  object space 84992K, 12% used [0x00000006c0000000,0x00000006c0a27b50,0x00000006c5300000)
 Metaspace       used 5924K, capacity 6896K, committed 7040K, reserved 1056768K
  class space    used 594K, capacity 616K, committed 640K, reserved 1048576K
}
Event: 1.768 GC heap before
{Heap before GC invocations=4 (full 0):
 PSYoungGen      total 68608K, used 68576K [0x000000076ab00000, 0x0000000773100000, 0x00000007c0000000)
  eden space 63488K, 100% used [0x000000076ab00000,0x000000076e900000,0x000000076e900000)
  from space 5120K, 99% used [0x000000076e900000,0x000000076edf8048,0x000000076ee00000)
  to   space 5120K, 0% used [0x0000000772c00000,0x0000000772c00000,0x0000000773100000)
 ParOldGen       total 84992K, used 10398K [0x00000006c0000000, 0x00000006c5300000, 0x000000076ab00000)
  object space 84992K, 12% used [0x00000006c0000000,0x00000006c0a27b50,0x00000006c5300000)
 Metaspace       used 6032K, capacity 6960K, committed 7040K, reserved 1056768K
  class space    used 595K, capacity 616K, committed 640K, reserved 1048576K
Event: 1.797 GC heap after
Heap after GC invocations=4 (full 0):
 PSYoungGen      total 132096K, used 5112K [0x000000076ab00000, 0x0000000773100000, 0x00000007c0000000)
  eden space 126976K, 0% used [0x000000076ab00000,0x000000076ab00000,0x0000000772700000)
  from space 5120K, 99% used [0x0000000772c00000,0x00000007730fe3d0,0x0000000773100000)
  to   space 5120K, 0% used [0x0000000772700000,0x0000000772700000,0x0000000772c00000)
 ParOldGen       total 84992K, used 19552K [0x00000006c0000000, 0x00000006c5300000, 0x000000076ab00000)
  object space 84992K, 23% used [0x00000006c0000000,0x00000006c1318208,0x00000006c5300000)
 Metaspace       used 6032K, capacity 6960K, committed 7040K, reserved 1056768K
  class space    used 595K, capacity 616K, committed 640K, reserved 1048576K
}
Event: 2.382 GC heap before
{Heap before GC invocations=5 (full 0):
 PSYoungGen      total 132096K, used 132088K [0x000000076ab00000, 0x0000000773100000, 0x00000007c0000000)
  eden space 126976K, 100% used [0x000000076ab00000,0x0000000772700000,0x0000000772700000)
  from space 5120K, 99% used [0x0000000772c00000,0x00000007730fe3d0,0x0000000773100000)
  to   space 5120K, 0% used [0x0000000772700000,0x0000000772700000,0x0000000772c00000)
 ParOldGen       total 84992K, used 19552K [0x00000006c0000000, 0x00000006c5300000, 0x000000076ab00000)
  object space 84992K, 23% used [0x00000006c0000000,0x00000006c1318208,0x00000006c5300000)
 Metaspace       used 6220K, capacity 7128K, committed 7424K, reserved 1056768K
  class space    used 615K, capacity 656K, committed 768K, reserved 1048576K
Event: 2.447 GC heap after
Heap after GC invocations=5 (full 0):
 PSYoungGen      total 132096K, used 5097K [0x000000076ab00000, 0x000000077d900000, 0x00000007c0000000)
  eden space 126976K, 0% used [0x000000076ab00000,0x000000076ab00000,0x0000000772700000)
  from space 5120K, 99% used [0x0000000772700000,0x0000000772bfa650,0x0000000772c00000)
  to   space 27648K, 0% used [0x000000077be00000,0x000000077be00000,0x000000077d900000)
 ParOldGen       total 84992K, used 37441K [0x00000006c0000000, 0x00000006c5300000, 0x000000076ab00000)
  object space 84992K, 44% used [0x00000006c0000000,0x00000006c2490678,0x00000006c5300000)
 Metaspace       used 6220K, capacity 7128K, committed 7424K, reserved 1056768K
  class space    used 615K, capacity 656K, committed 768K, reserved 1048576K
}
Event: 2.818 GC heap before
{Heap before GC invocations=6 (full 0):
 PSYoungGen      total 132096K, used 132073K [0x000000076ab00000, 0x000000077d900000, 0x00000007c0000000)
  eden space 126976K, 100% used [0x000000076ab00000,0x0000000772700000,0x0000000772700000)
  from space 5120K, 99% used [0x0000000772700000,0x0000000772bfa650,0x0000000772c00000)
  to   space 27648K, 0% used [0x000000077be00000,0x000000077be00000,0x000000077d900000)
 ParOldGen       total 84992K, used 37441K [0x00000006c0000000, 0x00000006c5300000, 0x000000076ab00000)
  object space 84992K, 44% used [0x00000006c0000000,0x00000006c2490678,0x00000006c5300000)
 Metaspace       used 6353K, capacity 7192K, committed 7424K, reserved 1056768K
  class space    used 615K, capacity 656K, committed 768K, reserved 1048576K
Event: 2.866 GC heap after
Heap after GC invocations=6 (full 0):
 PSYoungGen      total 280576K, used 18213K [0x000000076ab00000, 0x000000077db00000, 0x00000007c0000000)
  eden space 252928K, 0% used [0x000000076ab00000,0x000000076ab00000,0x000000077a200000)
  from space 27648K, 65% used [0x000000077be00000,0x000000077cfc9498,0x000000077d900000)
  to   space 28672K, 0% used [0x000000077a200000,0x000000077a200000,0x000000077be00000)
 ParOldGen       total 84992K, used 37441K [0x00000006c0000000, 0x00000006c5300000, 0x000000076ab00000)
  object space 84992K, 44% used [0x00000006c0000000,0x00000006c2490678,0x00000006c5300000)
 Metaspace       used 6353K, capacity 7192K, committed 7424K, reserved 1056768K
  class space    used 615K, capacity 656K, committed 768K, reserved 1048576K
}
Event: 4.017 GC heap before
{Heap before GC invocations=7 (full 0):
 PSYoungGen      total 280576K, used 271141K [0x000000076ab00000, 0x000000077db00000, 0x00000007c0000000)
  eden space 252928K, 100% used [0x000000076ab00000,0x000000077a200000,0x000000077a200000)
  from space 27648K, 65% used [0x000000077be00000,0x000000077cfc9498,0x000000077d900000)
  to   space 28672K, 0% used [0x000000077a200000,0x000000077a200000,0x000000077be00000)
 ParOldGen       total 84992K, used 37441K [0x00000006c0000000, 0x00000006c5300000, 0x000000076ab00000)
  object space 84992K, 44% used [0x00000006c0000000,0x00000006c2490678,0x00000006c5300000)
 Metaspace       used 6516K, capacity 7256K, committed 7424K, reserved 1056768K
  class space    used 615K, capacity 656K, committed 768K, reserved 1048576K

Deoptimization events (10 events):
Event: 1.979 Thread 0x00007f728800a000 Uncommon trap: reason=bimorphic action=maybe_recompile pc=0x00007f727948b67c method=java.util.HashMap.putVal(ILjava/lang/Object;Ljava/lang/Object;ZZ)Ljava/lang/Object; @ 203
Event: 1.979 Thread 0x00007f728800a000 Uncommon trap: reason=bimorphic action=maybe_recompile pc=0x00007f727948b67c method=java.util.HashMap.putVal(ILjava/lang/Object;Ljava/lang/Object;ZZ)Ljava/lang/Object; @ 203
Event: 1.993 Thread 0x00007f728820c000 Uncommon trap: reason=unstable_if action=reinterpret pc=0x00007f727955346c method=com.android.dx.ssa.LiteralOpUpgrader$1.visitNonMoveInsn(Lcom/android/dx/ssa/NormalSsaInsn;)V @ 176
Event: 2.030 Thread 0x00007f7288208800 Uncommon trap: reason=unstable_if action=reinterpret pc=0x00007f727948b630 method=java.util.HashMap.putVal(ILjava/lang/Object;Ljava/lang/Object;ZZ)Ljava/lang/Object; @ 94
Event: 2.122 Thread 0x00007f728820c000 Uncommon trap: reason=unstable_if action=reinterpret pc=0x00007f727934abc4 method=java.util.HashMap.putVal(ILjava/lang/Object;Ljava/lang/Object;ZZ)Ljava/lang/Object; @ 162
Event: 2.128 Thread 0x00007f728820c000 Uncommon trap: reason=unstable_if action=reinterpret pc=0x00007f727955a904 method=java.util.HashMap.getNode(ILjava/lang/Object;)Ljava/util/HashMap$Node; @ 84
Event: 2.365 Thread 0x00007f7288208800 Uncommon trap: reason=unstable_if action=reinterpret pc=0x00007f7279623080 method=com.android.dx.cf.code.BytecodeArray.parseInstruction(ILcom/android/dx/cf/code/BytecodeArray$Visitor;)I @ 1261
Event: 2.575 Thread 0x00007f728820c000 Uncommon trap: reason=unstable_if action=reinterpret pc=0x00007f72793b6adc method=com.android.dx.dex.code.OutputFinisher.hasLocalInfo(Lcom/android/dx/dex/code/DalvInsn;)Z @ 24
Event: 2.991 Thread 0x00007f728820c000 Uncommon trap: reason=unstable_if action=reinterpret pc=0x00007f72797168d0 method=com.android.dx.ssa.SCCP.simulateBranch(Lcom/android/dx/ssa/SsaInsn;)V @ 548
Event: 3.467 Thread 0x00007f7288208800 Uncommon trap: reason=unstable_if action=reinterpret pc=0x00007f72797f8bc4 method=com.android.dx.cf.code.BaseMachine.getLocalTarget(Z)Lcom/android/dx/rop/code/RegisterSpec; @ 131

Internal exceptions (7 events):
Event: 0.055 Thread 0x00007f728800a000 Exception <a 'java/lang/NoSuchMethodError': Method sun.misc.Unsafe.defineClass(Ljava/lang/String;[BII)Ljava/lang/Class; name or signature does not match> (0x000000076ab07cc0) thrown at [/HUDSON/workspace/8-2-build-linux-amd64/jdk8u91/6644/hotspot/src/shar
Event: 0.055 Thread 0x00007f728800a000 Exception <a 'java/lang/NoSuchMethodError': Method sun.misc.Unsafe.prefetchRead(Ljava/lang/Object;J)V name or signature does not match> (0x000000076ab07fa8) thrown at [/HUDSON/workspace/8-2-build-linux-amd64/jdk8u91/6644/hotspot/src/share/vm/prims/jni.cpp
Event: 1.197 Thread 0x00007f728820d800 Implicit null exception at 0x00007f7279313f4a to 0x00007f727931655d
Event: 1.197 Thread 0x00007f728820d800 Implicit null exception at 0x00007f727931c09a to 0x00007f727931e481
Event: 2.126 Thread 0x00007f728820c000 Exception <a 'java/lang/ArrayIndexOutOfBoundsException': 18> (0x000000076f8d5438) thrown at [/HUDSON/workspace/8-2-build-linux-amd64/jdk8u91/6644/hotspot/src/share/vm/interpreter/interpreterRuntime.cpp, line 366]
Event: 2.126 Thread 0x00007f728820c000 Exception <a 'java/lang/ArrayIndexOutOfBoundsException': 145> (0x000000076f8d6fb8) thrown at [/HUDSON/workspace/8-2-build-linux-amd64/jdk8u91/6644/hotspot/src/share/vm/interpreter/interpreterRuntime.cpp, line 366]
Event: 2.127 Thread 0x00007f728820c000 Exception <a 'java/lang/ArrayIndexOutOfBoundsException': 40> (0x000000076f8d82a0) thrown at [/HUDSON/workspace/8-2-build-linux-amd64/jdk8u91/6644/hotspot/src/share/vm/interpreter/interpreterRuntime.cpp, line 366]

Events (10 events):
Event: 3.401 Thread 0x00007f7288208800 DEOPT PACKING pc=0x00007f72796bdcd1 sp=0x00007f72692af440
Event: 3.401 Thread 0x00007f7288208800 DEOPT UNPACKING pc=0x00007f7279047633 sp=0x00007f72692af240 mode 0
Event: 3.443 Thread 0x00007f728800a000 DEOPT PACKING pc=0x00007f72796dff29 sp=0x00007f728f9d8ac0
Event: 3.443 Thread 0x00007f728800a000 DEOPT UNPACKING pc=0x00007f7279047633 sp=0x00007f728f9d88a0 mode 0
Event: 3.467 Thread 0x00007f7288208800 Uncommon trap: trap_request=0xffffff65 fr.pc=0x00007f72797f8bc4
Event: 3.467 Thread 0x00007f7288208800 DEOPT PACKING pc=0x00007f72797f8bc4 sp=0x00007f72692ae240
Event: 3.467 Thread 0x00007f7288208800 DEOPT UNPACKING pc=0x00007f7279005229 sp=0x00007f72692ae190 mode 2
Event: 3.784 Thread 0x00007f728820c000 DEOPT PACKING pc=0x00007f72793f128e sp=0x00007f72690acdb0
Event: 3.784 Thread 0x00007f728820c000 DEOPT UNPACKING pc=0x00007f7279047633 sp=0x00007f72690acaf0 mode 0
Event: 4.015 Executing VM operation: ParallelGCFailedAllocation


Dynamic libraries:
00400000-00401000 r-xp 00000000 08:01 1454135                            /usr/lib/jvm/java-8-oracle/bin/java
00600000-00601000 rw-p 00000000 08:01 1454135                            /usr/lib/jvm/java-8-oracle/bin/java
01f37000-01f58000 rw-p 00000000 00:00 0                                  [heap]
6c0000000-6c5300000 rw-p 00000000 00:00 0 
6c5300000-76ab00000 ---p 00000000 00:00 0 
76ab00000-77db00000 rw-p 00000000 00:00 0 
78f600000-7c0000000 ---p 00000000 00:00 0 
7c0000000-7c00c0000 rw-p 00000000 00:00 0 
7c00c0000-800000000 ---p 00000000 00:00 0 
7f721c000000-7f721c021000 rw-p 00000000 00:00 0 
7f721c021000-7f7220000000 ---p 00000000 00:00 0 
7f7224000000-7f7224021000 rw-p 00000000 00:00 0 
7f7224021000-7f7228000000 ---p 00000000 00:00 0 
7f7228000000-7f7228021000 rw-p 00000000 00:00 0 
7f7228021000-7f722c000000 ---p 00000000 00:00 0 
7f722c000000-7f722c030000 rw-p 00000000 00:00 0 
7f722c030000-7f7230000000 ---p 00000000 00:00 0 
7f7230000000-7f7230021000 rw-p 00000000 00:00 0 
7f7230021000-7f7234000000 ---p 00000000 00:00 0 
7f7234000000-7f7234021000 rw-p 00000000 00:00 0 
7f7234021000-7f7238000000 ---p 00000000 00:00 0 
7f7238000000-7f7238021000 rw-p 00000000 00:00 0 
7f7238021000-7f723c000000 ---p 00000000 00:00 0 
7f723c000000-7f723cb3a000 rw-p 00000000 00:00 0 
7f723cb3a000-7f7240000000 ---p 00000000 00:00 0 
7f7240000000-7f72407cf000 rw-p 00000000 00:00 0 
7f72407cf000-7f7244000000 ---p 00000000 00:00 0 
7f7244000000-7f7244021000 rw-p 00000000 00:00 0 
7f7244021000-7f7248000000 ---p 00000000 00:00 0 
7f7248000000-7f7249013000 rw-p 00000000 00:00 0 
7f7249013000-7f724c000000 ---p 00000000 00:00 0 
7f724c000000-7f724c021000 rw-p 00000000 00:00 0 
7f724c021000-7f7250000000 ---p 00000000 00:00 0 
7f7250000000-7f7250021000 rw-p 00000000 00:00 0 
7f7250021000-7f7254000000 ---p 00000000 00:00 0 
7f7254000000-7f7254021000 rw-p 00000000 00:00 0 
7f7254021000-7f7258000000 ---p 00000000 00:00 0 
7f7258000000-7f7258294000 rw-p 00000000 00:00 0 
7f7258294000-7f725c000000 ---p 00000000 00:00 0 
7f725c000000-7f725c021000 rw-p 00000000 00:00 0 
7f725c021000-7f7260000000 ---p 00000000 00:00 0 
7f7264000000-7f7264021000 rw-p 00000000 00:00 0 
7f7264021000-7f7268000000 ---p 00000000 00:00 0 
7f7268dac000-7f7268daf000 ---p 00000000 00:00 0 
7f7268daf000-7f7268ead000 rw-p 00000000 00:00 0 
7f7268ead000-7f7268eb0000 ---p 00000000 00:00 0 
7f7268eb0000-7f7268fae000 rw-p 00000000 00:00 0 
7f7268fae000-7f7268fb1000 ---p 00000000 00:00 0 
7f7268fb1000-7f72690af000 rw-p 00000000 00:00 0 
7f72690af000-7f72690b2000 ---p 00000000 00:00 0 
7f72690b2000-7f72691b0000 rw-p 00000000 00:00 0 
7f72691b0000-7f72691b3000 ---p 00000000 00:00 0 
7f72691b3000-7f72692b1000 rw-p 00000000 00:00 0 
7f72692b1000-7f72692e7000 r--s 002b8000 08:05 4855677                    /home/onmymobile/AndroidStudioProjects/Heritage/SmsCapture (2)/app/build/intermediates/transforms/jarMerging/release/jars/1/1f/combined.jar
7f72692e7000-7f72692e8000 ---p 00000000 00:00 0 
7f72692e8000-7f72693e8000 rw-p 00000000 00:00 0 
7f72693e8000-7f72693eb000 ---p 00000000 00:00 0 
7f72693eb000-7f72694e9000 rw-p 00000000 00:00 0 
7f72694e9000-7f72694ec000 ---p 00000000 00:00 0 
7f72694ec000-7f72695ea000 rw-p 00000000 00:00 0 
7f72695ea000-7f72695ed000 ---p 00000000 00:00 0 
7f72695ed000-7f72696eb000 rw-p 00000000 00:00 0 
7f72696eb000-7f72696ee000 ---p 00000000 00:00 0 
7f72696ee000-7f72697ec000 rw-p 00000000 00:00 0 
7f72697ec000-7f72697ef000 ---p 00000000 00:00 0 
7f72697ef000-7f72698ed000 rw-p 00000000 00:00 0 
7f72698ed000-7f7269fcf000 r--p 00000000 08:01 1448881                    /usr/lib/locale/locale-archive
7f7269fcf000-7f7269fd2000 ---p 00000000 00:00 0 
7f7269fd2000-7f726a0d0000 rw-p 00000000 00:00 0 
7f726a0d0000-7f726a0d3000 ---p 00000000 00:00 0 
7f726a0d3000-7f726a1d1000 rw-p 00000000 00:00 0 
7f726a1d1000-7f726a1d2000 ---p 00000000 00:00 0 
7f726a1d2000-7f726b680000 rw-p 00000000 00:00 0 
7f726b680000-7f726b800000 ---p 00000000 00:00 0 
7f726b800000-7f726c000000 rw-p 00000000 00:00 0 
7f726c000000-7f726c021000 rw-p 00000000 00:00 0 
7f726c021000-7f7270000000 ---p 00000000 00:00 0 
7f727001a000-7f72702ad000 rw-p 00000000 00:00 0 
7f72702ad000-7f7270486000 r--s 03d1f000 08:01 1452558                    /usr/lib/jvm/java-8-oracle/jre/lib/rt.jar
7f7270486000-7f72784fc000 rw-p 00000000 00:00 0 
7f72784fc000-7f72784fd000 ---p 00000000 00:00 0 
7f72784fd000-7f72785fd000 rw-p 00000000 00:00 0 
7f72785fd000-7f72785fe000 ---p 00000000 00:00 0 
7f72785fe000-7f72786fe000 rw-p 00000000 00:00 0 
7f72786fe000-7f72786ff000 ---p 00000000 00:00 0 
7f72786ff000-7f7278829000 rw-p 00000000 00:00 0 
7f7278829000-7f7278d54000 ---p 00000000 00:00 0 
7f7278d54000-7f7278ded000 rw-p 00000000 00:00 0 
7f7278ded000-7f7278fff000 ---p 00000000 00:00 0 
7f7278fff000-7f7279000000 rw-p 00000000 00:00 0 
7f7279000000-7f7279870000 rwxp 00000000 00:00 0 
7f7279870000-7f7288000000 ---p 00000000 00:00 0 
7f7288000000-7f72883be000 rw-p 00000000 00:00 0 
7f72883be000-7f728c000000 ---p 00000000 00:00 0 
7f728c004000-7f728c046000 rw-p 00000000 00:00 0 
7f728c046000-7f728c047000 ---p 00000000 00:00 0 
7f728c047000-7f728c171000 rw-p 00000000 00:00 0 
7f728c171000-7f728c69d000 ---p 00000000 00:00 0 
7f728c69d000-7f728c6bf000 rw-p 00000000 00:00 0 
7f728c6bf000-7f728ca5d000 ---p 00000000 00:00 0 
7f728ca5d000-7f728ca77000 r-xp 00000000 08:01 1452613                    /usr/lib/jvm/java-8-oracle/jre/lib/amd64/libzip.so
7f728ca77000-7f728cc77000 ---p 0001a000 08:01 1452613                    /usr/lib/jvm/java-8-oracle/jre/lib/amd64/libzip.so
7f728cc77000-7f728cc78000 rw-p 0001a000 08:01 1452613                    /usr/lib/jvm/java-8-oracle/jre/lib/amd64/libzip.so
7f728cc78000-7f728cc82000 r-xp 00000000 08:01 7078098                    /lib/x86_64-linux-gnu/libnss_files-2.19.so
7f728cc82000-7f728ce81000 ---p 0000a000 08:01 7078098                    /lib/x86_64-linux-gnu/libnss_files-2.19.so
7f728ce81000-7f728ce82000 r--p 00009000 08:01 7078098                    /lib/x86_64-linux-gnu/libnss_files-2.19.so
7f728ce82000-7f728ce83000 rw-p 0000a000 08:01 7078098                    /lib/x86_64-linux-gnu/libnss_files-2.19.so
7f728ce83000-7f728ce8e000 r-xp 00000000 08:01 7078090                    /lib/x86_64-linux-gnu/libnss_nis-2.19.so
7f728ce8e000-7f728d08d000 ---p 0000b000 08:01 7078090                    /lib/x86_64-linux-gnu/libnss_nis-2.19.so
7f728d08d000-7f728d08e000 r--p 0000a000 08:01 7078090                    /lib/x86_64-linux-gnu/libnss_nis-2.19.so
7f728d08e000-7f728d08f000 rw-p 0000b000 08:01 7078090                    /lib/x86_64-linux-gnu/libnss_nis-2.19.so
7f728d08f000-7f728d0a6000 r-xp 00000000 08:01 7078086                    /lib/x86_64-linux-gnu/libnsl-2.19.so
7f728d0a6000-7f728d2a5000 ---p 00017000 08:01 7078086                    /lib/x86_64-linux-gnu/libnsl-2.19.so
7f728d2a5000-7f728d2a6000 r--p 00016000 08:01 7078086                    /lib/x86_64-linux-gnu/libnsl-2.19.so
7f728d2a6000-7f728d2a7000 rw-p 00017000 08:01 7078086                    /lib/x86_64-linux-gnu/libnsl-2.19.so
7f728d2a7000-7f728d2a9000 rw-p 00000000 00:00 0 
7f728d2a9000-7f728d2b2000 r-xp 00000000 08:01 7078085                    /lib/x86_64-linux-gnu/libnss_compat-2.19.so
7f728d2b2000-7f728d4b1000 ---p 00009000 08:01 7078085                    /lib/x86_64-linux-gnu/libnss_compat-2.19.so
7f728d4b1000-7f728d4b2000 r--p 00008000 08:01 7078085                    /lib/x86_64-linux-gnu/libnss_compat-2.19.so
7f728d4b2000-7f728d4b3000 rw-p 00009000 08:01 7078085                    /lib/x86_64-linux-gnu/libnss_compat-2.19.so
7f728d4b3000-7f728d4dd000 r-xp 00000000 08:01 1452593                    /usr/lib/jvm/java-8-oracle/jre/lib/amd64/libjava.so
7f728d4dd000-7f728d6dd000 ---p 0002a000 08:01 1452593                    /usr/lib/jvm/java-8-oracle/jre/lib/amd64/libjava.so
7f728d6dd000-7f728d6df000 rw-p 0002a000 08:01 1452593                    /usr/lib/jvm/java-8-oracle/jre/lib/amd64/libjava.so
7f728d6df000-7f728d6ec000 r-xp 00000000 08:01 1452610                    /usr/lib/jvm/java-8-oracle/jre/lib/amd64/libverify.so
7f728d6ec000-7f728d8ec000 ---p 0000d000 08:01 1452610                    /usr/lib/jvm/java-8-oracle/jre/lib/amd64/libverify.so
7f728d8ec000-7f728d8ee000 rw-p 0000d000 08:01 1452610                    /usr/lib/jvm/java-8-oracle/jre/lib/amd64/libverify.so
7f728d8ee000-7f728d8f5000 r-xp 00000000 08:01 7078094                    /lib/x86_64-linux-gnu/librt-2.19.so
7f728d8f5000-7f728daf4000 ---p 00007000 08:01 7078094                    /lib/x86_64-linux-gnu/librt-2.19.so
7f728daf4000-7f728daf5000 r--p 00006000 08:01 7078094                    /lib/x86_64-linux-gnu/librt-2.19.so
7f728daf5000-7f728daf6000 rw-p 00007000 08:01 7078094                    /lib/x86_64-linux-gnu/librt-2.19.so
7f728daf6000-7f728dbfb000 r-xp 00000000 08:01 7078080                    /lib/x86_64-linux-gnu/libm-2.19.so
7f728dbfb000-7f728ddfa000 ---p 00105000 08:01 7078080                    /lib/x86_64-linux-gnu/libm-2.19.so
7f728ddfa000-7f728ddfb000 r--p 00104000 08:01 7078080                    /lib/x86_64-linux-gnu/libm-2.19.so
7f728ddfb000-7f728ddfc000 rw-p 00105000 08:01 7078080                    /lib/x86_64-linux-gnu/libm-2.19.so
7f728ddfc000-7f728eabc000 r-xp 00000000 08:01 1452601                    /usr/lib/jvm/java-8-oracle/jre/lib/amd64/server/libjvm.so
7f728eabc000-7f728ecbc000 ---p 00cc0000 08:01 1452601                    /usr/lib/jvm/java-8-oracle/jre/lib/amd64/server/libjvm.so
7f728ecbc000-7f728ed94000 rw-p 00cc0000 08:01 1452601                    /usr/lib/jvm/java-8-oracle/jre/lib/amd64/server/libjvm.so
7f728ed94000-7f728eddf000 rw-p 00000000 00:00 0 
7f728eddf000-7f728ef99000 r-xp 00000000 08:01 7078095                    /lib/x86_64-linux-gnu/libc-2.19.so
7f728ef99000-7f728f199000 ---p 001ba000 08:01 7078095                    /lib/x86_64-linux-gnu/libc-2.19.so
7f728f199000-7f728f19d000 r--p 001ba000 08:01 7078095                    /lib/x86_64-linux-gnu/libc-2.19.so
7f728f19d000-7f728f19f000 rw-p 001be000 08:01 7078095                    /lib/x86_64-linux-gnu/libc-2.19.so
7f728f19f000-7f728f1a4000 rw-p 00000000 00:00 0 
7f728f1a4000-7f728f1a7000 r-xp 00000000 08:01 7078082                    /lib/x86_64-linux-gnu/libdl-2.19.so
7f728f1a7000-7f728f3a6000 ---p 00003000 08:01 7078082                    /lib/x86_64-linux-gnu/libdl-2.19.so
7f728f3a6000-7f728f3a7000 r--p 00002000 08:01 7078082                    /lib/x86_64-linux-gnu/libdl-2.19.so
7f728f3a7000-7f728f3a8000 rw-p 00003000 08:01 7078082                    /lib/x86_64-linux-gnu/libdl-2.19.so
7f728f3a8000-7f728f3bd000 r-xp 00000000 08:01 1454079                    /usr/lib/jvm/java-8-oracle/lib/amd64/jli/libjli.so
7f728f3bd000-7f728f5bd000 ---p 00015000 08:01 1454079                    /usr/lib/jvm/java-8-oracle/lib/amd64/jli/libjli.so
7f728f5bd000-7f728f5be000 rw-p 00015000 08:01 1454079                    /usr/lib/jvm/java-8-oracle/lib/amd64/jli/libjli.so
7f728f5be000-7f728f5d7000 r-xp 00000000 08:01 7078087                    /lib/x86_64-linux-gnu/libpthread-2.19.so
7f728f5d7000-7f728f7d6000 ---p 00019000 08:01 7078087                    /lib/x86_64-linux-gnu/libpthread-2.19.so
7f728f7d6000-7f728f7d7000 r--p 00018000 08:01 7078087                    /lib/x86_64-linux-gnu/libpthread-2.19.so
7f728f7d7000-7f728f7d8000 rw-p 00019000 08:01 7078087                    /lib/x86_64-linux-gnu/libpthread-2.19.so
7f728f7d8000-7f728f7dc000 rw-p 00000000 00:00 0 
7f728f7dc000-7f728f7ff000 r-xp 00000000 08:01 7078088                    /lib/x86_64-linux-gnu/ld-2.19.so
7f728f807000-7f728f8da000 rw-p 00000000 00:00 0 
7f728f8da000-7f728f8dd000 ---p 00000000 00:00 0 
7f728f8dd000-7f728f9df000 rw-p 00000000 00:00 0 
7f728f9e2000-7f728f9e3000 rw-p 00000000 00:00 0 
7f728f9e3000-7f728f9f2000 r--s 000df000 08:05 264644                     /home/onmymobile/Android/Sdk/build-tools/23.0.3/lib/dx.jar
7f728f9f2000-7f728f9fa000 rw-s 00000000 08:01 524424                     /tmp/hsperfdata_onmymobile/16647
7f728f9fa000-7f728f9fb000 rw-p 00000000 00:00 0 
7f728f9fb000-7f728f9fc000 ---p 00000000 00:00 0 
7f728f9fc000-7f728f9fe000 rw-p 00000000 00:00 0 
7f728f9fe000-7f728f9ff000 r--p 00022000 08:01 7078088                    /lib/x86_64-linux-gnu/ld-2.19.so
7f728f9ff000-7f728fa00000 rw-p 00023000 08:01 7078088                    /lib/x86_64-linux-gnu/ld-2.19.so
7f728fa00000-7f728fa01000 rw-p 00000000 00:00 0 
7ffc999f1000-7ffc99a12000 rw-p 00000000 00:00 0                          [stack]
7ffc99b9a000-7ffc99b9c000 r--p 00000000 00:00 0                          [vvar]
7ffc99b9c000-7ffc99b9e000 r-xp 00000000 00:00 0                          [vdso]
ffffffffff600000-ffffffffff601000 r-xp 00000000 00:00 0                  [vsyscall]

VM Arguments:
jvm_args: -Djava.awt.headless=true -Xmx4g -Dfile.encoding=UTF-8 -Duser.country=IN -Duser.language=en -Duser.variant 
java_command: com.android.dx.command.Main --dex --num-threads=4 --multi-dex --main-dex-list /home/onmymobile/AndroidStudioProjects/Heritage/SmsCapture (2)/app/build/intermediates/multi-dex/release/maindexlist.txt --output /home/onmymobile/AndroidStudioProjects/Heritage/SmsCapture (2)/app/build/intermediates/transforms/dex/release/folders/1000/1f/main /home/onmymobile/AndroidStudioProjects/Heritage/SmsCapture (2)/app/build/intermediates/transforms/jarMerging/release/jars/1/1f/combined.jar
java_class_path (initial): /home/onmymobile/Android/Sdk/build-tools/23.0.3/lib/dx.jar
Launcher Type: SUN_STANDARD

Environment Variables:
JAVA_HOME=/usr/lib/jvm/java-8-oracle
PATH=/home/onmymobile/bin:/usr/local/sbin:/usr/local/bin:/usr/sbin:/usr/bin:/sbin:/bin:/usr/games:/usr/local/games:/usr/lib/jvm/java-8-oracle/bin:/usr/lib/jvm/java-8-oracle/db/bin:/usr/lib/jvm/java-8-oracle/jre/bin
SHELL=/bin/bash
DISPLAY=:0

Signal Handlers:
SIGSEGV: [libjvm.so+0xabca10], sa_mask[0]=11111111011111111101111111111110, sa_flags=SA_RESTART|SA_SIGINFO
SIGBUS: [libjvm.so+0xabca10], sa_mask[0]=11111111011111111101111111111110, sa_flags=SA_RESTART|SA_SIGINFO
SIGFPE: [libjvm.so+0x919a20], sa_mask[0]=11111111011111111101111111111110, sa_flags=SA_RESTART|SA_SIGINFO
SIGPIPE: [libjvm.so+0x919a20], sa_mask[0]=11111111011111111101111111111110, sa_flags=SA_RESTART|SA_SIGINFO
SIGXFSZ: [libjvm.so+0x919a20], sa_mask[0]=11111111011111111101111111111110, sa_flags=SA_RESTART|SA_SIGINFO
SIGILL: [libjvm.so+0x919a20], sa_mask[0]=11111111011111111101111111111110, sa_flags=SA_RESTART|SA_SIGINFO
SIGUSR1: SIG_DFL, sa_mask[0]=00000000000000000000000000000000, sa_flags=none
SIGUSR2: [libjvm.so+0x91b050], sa_mask[0]=00100000000000000000000000000000, sa_flags=SA_RESTART|SA_SIGINFO
SIGHUP: [libjvm.so+0x91c450], sa_mask[0]=11111111011111111101111111111110, sa_flags=SA_RESTART|SA_SIGINFO
SIGINT: [libjvm.so+0x91c450], sa_mask[0]=11111111011111111101111111111110, sa_flags=SA_RESTART|SA_SIGINFO
SIGTERM: [libjvm.so+0x91c450], sa_mask[0]=11111111011111111101111111111110, sa_flags=SA_RESTART|SA_SIGINFO
SIGQUIT: [libjvm.so+0x91c450], sa_mask[0]=11111111011111111101111111111110, sa_flags=SA_RESTART|SA_SIGINFO


---------------  S Y S T E M  ---------------

OS:DISTRIB_ID=Ubuntu
DISTRIB_RELEASE=14.04
DISTRIB_CODENAME=trusty
DISTRIB_DESCRIPTION="Ubuntu 14.04.4 LTS"

uname:Linux 4.2.0-42-generic #49~14.04.1-Ubuntu SMP Wed Jun 29 20:22:11 UTC 2016 x86_64
libc:glibc 2.19 NPTL 2.19 
rlimit: STACK 8192k, CORE 0k, NPROC 31336, NOFILE 4096, AS infinity
load average:1.40 1.81 1.27

/proc/meminfo:
MemTotal:        8044164 kB
MemFree:          164916 kB
MemAvailable:     120840 kB
Buffers:             976 kB
Cached:          1068648 kB
SwapCached:            0 kB
Active:          6786616 kB
Inactive:         869772 kB
Active(anon):    6768600 kB
Inactive(anon):   851708 kB
Active(file):      18016 kB
Inactive(file):    18064 kB
Unevictable:         156 kB
Mlocked:             156 kB
SwapTotal:             0 kB
SwapFree:              0 kB
Dirty:              1092 kB
Writeback:             0 kB
AnonPages:       6587024 kB
Mapped:           470020 kB
Shmem:           1033440 kB
Slab:              88884 kB
SReclaimable:      44700 kB
SUnreclaim:        44184 kB
KernelStack:       12624 kB
PageTables:        65180 kB
NFS_Unstable:          0 kB
Bounce:                0 kB
WritebackTmp:          0 kB
CommitLimit:     4022080 kB
Committed_AS:   13732468 kB
VmallocTotal:   34359738367 kB
VmallocUsed:      358884 kB
VmallocChunk:   34358947836 kB
HardwareCorrupted:     0 kB
AnonHugePages:   3952640 kB
CmaTotal:              0 kB
CmaFree:               0 kB
HugePages_Total:       0
HugePages_Free:        0
HugePages_Rsvd:        0
HugePages_Surp:        0
Hugepagesize:       2048 kB
DirectMap4k:      196128 kB
DirectMap2M:     8060928 kB


CPU:total 4 (2 cores per cpu, 2 threads per core) family 6 model 58 stepping 9, cmov, cx8, fxsr, mmx, sse, sse2, sse3, ssse3, sse4.1, sse4.2, popcnt, avx, aes, clmul, erms, ht, tsc, tscinvbit, tscinv

/proc/cpuinfo:
processor	: 0
vendor_id	: GenuineIntel
cpu family	: 6
model		: 58
model name	: Intel(R) Core(TM) i5-3340M CPU @ 2.70GHz
stepping	: 9
microcode	: 0x15
cpu MHz		: 3199.710
cache size	: 3072 KB
physical id	: 0
siblings	: 4
core id		: 0
cpu cores	: 2
apicid		: 0
initial apicid	: 0
fpu		: yes
fpu_exception	: yes
cpuid level	: 13
wp		: yes
flags		: fpu vme de pse tsc msr pae mce cx8 apic sep mtrr pge mca cmov pat pse36 clflush dts acpi mmx fxsr sse sse2 ss ht tm pbe syscall nx rdtscp lm constant_tsc arch_perfmon pebs bts rep_good nopl xtopology nonstop_tsc aperfmperf eagerfpu pni pclmulqdq dtes64 monitor ds_cpl vmx smx est tm2 ssse3 cx16 xtpr pdcm pcid sse4_1 sse4_2 x2apic popcnt tsc_deadline_timer aes xsave avx f16c rdrand lahf_lm ida arat epb pln pts dtherm tpr_shadow vnmi flexpriority ept vpid fsgsbase smep erms xsaveopt
bugs		:
bogomips	: 5382.55
clflush size	: 64
cache_alignment	: 64
address sizes	: 36 bits physical, 48 bits virtual
power management:

processor	: 1
vendor_id	: GenuineIntel
cpu family	: 6
model		: 58
model name	: Intel(R) Core(TM) i5-3340M CPU @ 2.70GHz
stepping	: 9
microcode	: 0x15
cpu MHz		: 3219.539
cache size	: 3072 KB
physical id	: 0
siblings	: 4
core id		: 1
cpu cores	: 2
apicid		: 2
initial apicid	: 2
fpu		: yes
fpu_exception	: yes
cpuid level	: 13
wp		: yes
flags		: fpu vme de pse tsc msr pae mce cx8 apic sep mtrr pge mca cmov pat pse36 clflush dts acpi mmx fxsr sse sse2 ss ht tm pbe syscall nx rdtscp lm constant_tsc arch_perfmon pebs bts rep_good nopl xtopology nonstop_tsc aperfmperf eagerfpu pni pclmulqdq dtes64 monitor ds_cpl vmx smx est tm2 ssse3 cx16 xtpr pdcm pcid sse4_1 sse4_2 x2apic popcnt tsc_deadline_timer aes xsave avx f16c rdrand lahf_lm ida arat epb pln pts dtherm tpr_shadow vnmi flexpriority ept vpid fsgsbase smep erms xsaveopt
bugs		:
bogomips	: 5382.55
clflush size	: 64
cache_alignment	: 64
address sizes	: 36 bits physical, 48 bits virtual
power management:

processor	: 2
vendor_id	: GenuineIntel
cpu family	: 6
model		: 58
model name	: Intel(R) Core(TM) i5-3340M CPU @ 2.70GHz
stepping	: 9
microcode	: 0x15
cpu MHz		: 3199.394
cache size	: 3072 KB
physical id	: 0
siblings	: 4
core id		: 0
cpu cores	: 2
apicid		: 1
initial apicid	: 1
fpu		: yes
fpu_exception	: yes
cpuid level	: 13
wp		: yes
flags		: fpu vme de pse tsc msr pae mce cx8 apic sep mtrr pge mca cmov pat pse36 clflush dts acpi mmx fxsr sse sse2 ss ht tm pbe syscall nx rdtscp lm constant_tsc arch_perfmon pebs bts rep_good nopl xtopology nonstop_tsc aperfmperf eagerfpu pni pclmulqdq dtes64 monitor ds_cpl vmx smx est tm2 ssse3 cx16 xtpr pdcm pcid sse4_1 sse4_2 x2apic popcnt tsc_deadline_timer aes xsave avx f16c rdrand lahf_lm ida arat epb pln pts dtherm tpr_shadow vnmi flexpriority ept vpid fsgsbase smep erms xsaveopt
bugs		:
bogomips	: 5382.55
clflush size	: 64
cache_alignment	: 64
address sizes	: 36 bits physical, 48 bits virtual
power management:

processor	: 3
vendor_id	: GenuineIntel
cpu family	: 6
model		: 58
model name	: Intel(R) Core(TM) i5-3340M CPU @ 2.70GHz
stepping	: 9
microcode	: 0x15
cpu MHz		: 3332.285
cache size	: 3072 KB
physical id	: 0
siblings	: 4
core id		: 1
cpu cores	: 2
apicid		: 3
initial apicid	: 3
fpu		: yes
fpu_exception	: yes
cpuid level	: 13
wp		: yes
flags		: fpu vme de pse tsc msr pae mce cx8 apic sep mtrr pge mca cmov pat pse36 clflush dts acpi mmx fxsr sse sse2 ss ht tm pbe syscall nx rdtscp lm constant_tsc arch_perfmon pebs bts rep_good nopl xtopology nonstop_tsc aperfmperf eagerfpu pni pclmulqdq dtes64 monitor ds_cpl vmx smx est tm2 ssse3 cx16 xtpr pdcm pcid sse4_1 sse4_2 x2apic popcnt tsc_deadline_timer aes xsave avx f16c rdrand lahf_lm ida arat epb pln pts dtherm tpr_shadow vnmi flexpriority ept vpid fsgsbase smep erms xsaveopt
bugs		:
bogomips	: 5382.55
clflush size	: 64
cache_alignment	: 64
address sizes	: 36 bits physical, 48 bits virtual
power management:



Memory: 4k page, physical 8044164k(164916k free), swap 0k(0k free)

vm_info: Java HotSpot(TM) 64-Bit Server VM (25.91-b14) for linux-amd64 JRE (1.8.0_91-b14), built on Apr  1 2016 00:57:21 by "java_re" with gcc 4.3.0 20080428 (Red Hat 4.3.0-8)

time: Thu Jul 21 16:48:52 2016
elapsed time: 4 seconds (0d 0h 0m 4s)

