#
# There is insufficient memory for the Java Runtime Environment to continue.
# Native memory allocation (mmap) failed to map 293601280 bytes for committing reserved memory.
# Possible reasons:
#   The system is out of physical RAM or swap space
#   In 32 bit mode, the process size limit was hit
# Possible solutions:
#   Reduce memory load on the system
#   Increase physical memory or swap space
#   Check if swap backing store is full
#   Use 64 bit Java on a 64 bit OS
#   Decrease Java heap size (-Xmx/-Xms)
#   Decrease number of Java threads
#   Decrease Java thread stack sizes (-Xss)
#   Set larger code cache with -XX:ReservedCodeCacheSize=
# This output file may be truncated or incomplete.
#
#  Out of Memory Error (os_linux.cpp:2627), pid=16592, tid=140677749884672
#
# JRE version: Java(TM) SE Runtime Environment (8.0_91-b14) (build 1.8.0_91-b14)
# Java VM: Java HotSpot(TM) 64-Bit Server VM (25.91-b14 mixed mode linux-amd64 compressed oops)
# Failed to write core dump. Core dumps have been disabled. To enable core dumping, try "ulimit -c unlimited" before starting Java again
#

---------------  T H R E A D  ---------------

Current thread (0x00007ff22c078000):  VMThread [stack: 0x00007ff2173f4000,0x00007ff2174f5000] [id=16603]

Stack: [0x00007ff2173f4000,0x00007ff2174f5000],  sp=0x00007ff2174f30e0,  free space=1020k
Native frames: (J=compiled Java code, j=interpreted, Vv=VM code, C=native code)
V  [libjvm.so+0xabc18a]  VMError::report_and_die()+0x2ba
V  [libjvm.so+0x4fafeb]  report_vm_out_of_memory(char const*, int, unsigned long, VMErrorType, char const*)+0x8b
V  [libjvm.so+0x91cbb3]  os::Linux::commit_memory_impl(char*, unsigned long, bool)+0x103
V  [libjvm.so+0x91d109]  os::pd_commit_memory(char*, unsigned long, unsigned long, bool)+0x29
V  [libjvm.so+0x91740a]  os::commit_memory(char*, unsigned long, unsigned long, bool)+0x2a
V  [libjvm.so+0x98b033]  PSVirtualSpace::expand_by(unsigned long)+0x53
V  [libjvm.so+0x98c438]  PSYoungGen::resize_generation(unsigned long, unsigned long)+0xf8
V  [libjvm.so+0x98b592]  PSYoungGen::resize(unsigned long, unsigned long)+0x22
V  [libjvm.so+0x98886b]  PSScavenge::invoke_no_policy()+0xf3b
V  [libjvm.so+0x988ff1]  PSScavenge::invoke()+0x41
V  [libjvm.so+0x9408b0]  ParallelScavengeHeap::failed_mem_allocate(unsigned long)+0x70
V  [libjvm.so+0xabdba7]  VM_ParallelGCFailedAllocation::doit()+0x97
V  [libjvm.so+0xac55d5]  VM_Operation::evaluate()+0x55
V  [libjvm.so+0xac39aa]  VMThread::evaluate_operation(VM_Operation*)+0xba
V  [libjvm.so+0xac3d2e]  VMThread::loop()+0x1ce
V  [libjvm.so+0xac41a0]  VMThread::run()+0x70
V  [libjvm.so+0x91ef78]  java_start(Thread*)+0x108

VM_Operation (0x00007ff216103d10): ParallelGCFailedAllocation, mode: safepoint, requested by thread 0x00007ff22c218000


---------------  P R O C E S S  ---------------

Java Threads: ( => current thread )
  0x00007ff22c218000 JavaThread "pool-2-thread-4" [_thread_blocked, id=16616, stack(0x00007ff216005000,0x00007ff216106000)]
  0x00007ff22c216000 JavaThread "pool-2-thread-3" [_thread_blocked, id=16615, stack(0x00007ff216106000,0x00007ff216207000)]
  0x00007ff22c214000 JavaThread "pool-2-thread-2" [_thread_blocked, id=16614, stack(0x00007ff216207000,0x00007ff216308000)]
  0x00007ff22c213000 JavaThread "pool-3-thread-1" [_thread_blocked, id=16613, stack(0x00007ff216308000,0x00007ff216409000)]
  0x00007ff22c210800 JavaThread "pool-2-thread-1" [_thread_blocked, id=16612, stack(0x00007ff216409000,0x00007ff21650a000)]
  0x00007ff22c0c8800 JavaThread "Service Thread" daemon [_thread_blocked, id=16610, stack(0x00007ff21660b000,0x00007ff21670c000)]
  0x00007ff22c0bd000 JavaThread "C1 CompilerThread2" daemon [_thread_blocked, id=16609, stack(0x00007ff21670c000,0x00007ff21680d000)]
  0x00007ff22c0bb800 JavaThread "C2 CompilerThread1" daemon [_thread_blocked, id=16608, stack(0x00007ff21680d000,0x00007ff21690e000)]
  0x00007ff22c0b8800 JavaThread "C2 CompilerThread0" daemon [_thread_blocked, id=16607, stack(0x00007ff21690e000,0x00007ff216a0f000)]
  0x00007ff22c0b7000 JavaThread "Signal Dispatcher" daemon [_thread_blocked, id=16606, stack(0x00007ff216a0f000,0x00007ff216b10000)]
  0x00007ff22c084000 JavaThread "Finalizer" daemon [_thread_blocked, id=16605, stack(0x00007ff2171f2000,0x00007ff2172f3000)]
  0x00007ff22c07f800 JavaThread "Reference Handler" daemon [_thread_blocked, id=16604, stack(0x00007ff2172f3000,0x00007ff2173f4000)]
  0x00007ff22c00a000 JavaThread "main" [_thread_blocked, id=16598, stack(0x00007ff234b34000,0x00007ff234c35000)]

Other Threads:
=>0x00007ff22c078000 VMThread [stack: 0x00007ff2173f4000,0x00007ff2174f5000] [id=16603]
  0x00007ff22c0cb000 WatcherThread [stack: 0x00007ff21650a000,0x00007ff21660b000] [id=16611]

VM state:at safepoint (normal execution)

VM Mutex/Monitor currently owned by a thread:  ([mutex/lock_event])
[0x00007ff22c0065f0] Threads_lock - owner thread: 0x00007ff22c078000
[0x00007ff22c006af0] Heap_lock - owner thread: 0x00007ff22c218000

Heap:
 PSYoungGen      total 282112K, used 30184K [0x000000076ab00000, 0x000000077de00000, 0x00000007c0000000)
  eden space 251904K, 0% used [0x000000076ab00000,0x000000076ab00000,0x000000077a100000)
  from space 30208K, 99% used [0x000000077a100000,0x000000077be7a350,0x000000077be80000)
  to   space 28160K, 0% used [0x000000077be80000,0x000000077be80000,0x000000077da00000)
 ParOldGen       total 84992K, used 64496K [0x00000006c0000000, 0x00000006c5300000, 0x000000076ab00000)
  object space 84992K, 75% used [0x00000006c0000000,0x00000006c3efc1f8,0x00000006c5300000)
 Metaspace       used 6535K, capacity 7256K, committed 7424K, reserved 1056768K
  class space    used 615K, capacity 656K, committed 768K, reserved 1048576K

Card table byte_map: [0x00007ff2310f6000,0x00007ff2318f7000] byte_map_base: 0x00007ff22daf6000

Marking Bits: (ParMarkBitMap*) 0x00007ff23400cd60
 Begin Bits: [0x00007ff1f8000000, 0x00007ff1fc000000)
 End Bits:   [0x00007ff1fc000000, 0x00007ff200000000)

Polling page: 0x00007ff234c55000

CodeCache: size=245760Kb used=8333Kb max_used=8344Kb free=237426Kb
 bounds [0x00007ff21d000000, 0x00007ff21d830000, 0x00007ff22c000000]
 total_blobs=2446 nmethods=2178 adapters=182
 compilation: enabled

Compilation events (10 events):
Event: 4.463 Thread 0x00007ff22c0b8800 nmethod 2132 0x00007ff21d80ae90 code [0x00007ff21d80b0e0, 0x00007ff21d80c130]
Event: 4.464 Thread 0x00007ff22c0b8800 2352       4       com.android.dx.ssa.back.SsaToRop::convertInsns (53 bytes)
Event: 4.476 Thread 0x00007ff22c0b8800 nmethod 2352 0x00007ff21d810310 code [0x00007ff21d8104a0, 0x00007ff21d810938]
Event: 4.476 Thread 0x00007ff22c0b8800 2314       4       com.android.dx.rop.code.LocalVariableExtractor::processBlock (327 bytes)
Event: 4.477 Thread 0x00007ff22c0bd000 2386       3       com.android.dx.ssa.back.FirstFitLocalCombiningAllocator::handleCheckCastResults (413 bytes)
Event: 4.482 Thread 0x00007ff22c0bd000 nmethod 2386 0x00007ff21d824f10 code [0x00007ff21d8254a0, 0x00007ff21d829158]
Event: 4.482 Thread 0x00007ff22c0bd000 2387       2       com.android.dx.rop.code.Rops::opNewArray (124 bytes)
Event: 4.483 Thread 0x00007ff22c0bd000 nmethod 2387 0x00007ff21d80a290 code [0x00007ff21d80a480, 0x00007ff21d80aaa8]
Event: 4.483 Thread 0x00007ff22c0bb800 nmethod 1984 0x00007ff21d82bad0 code [0x00007ff21d82bc60, 0x00007ff21d82bf18]
Event: 4.483 Thread 0x00007ff22c0bb800 2240       4       com.android.dx.ssa.SsaMethod::indexListFromLabelList (47 bytes)

GC Heap History (10 events):
Event: 0.929 GC heap after
Heap after GC invocations=2 (full 0):
 PSYoungGen      total 68608K, used 5114K [0x000000076ab00000, 0x000000076f300000, 0x00000007c0000000)
  eden space 63488K, 0% used [0x000000076ab00000,0x000000076ab00000,0x000000076e900000)
  from space 5120K, 99% used [0x000000076ee00000,0x000000076f2febd8,0x000000076f300000)
  to   space 5120K, 0% used [0x000000076e900000,0x000000076e900000,0x000000076ee00000)
 ParOldGen       total 84992K, used 1945K [0x00000006c0000000, 0x00000006c5300000, 0x000000076ab00000)
  object space 84992K, 2% used [0x00000006c0000000,0x00000006c01e6698,0x00000006c5300000)
 Metaspace       used 5842K, capacity 6768K, committed 7040K, reserved 1056768K
  class space    used 594K, capacity 616K, committed 640K, reserved 1048576K
}
Event: 1.477 GC heap before
{Heap before GC invocations=3 (full 0):
 PSYoungGen      total 68608K, used 68602K [0x000000076ab00000, 0x000000076f300000, 0x00000007c0000000)
  eden space 63488K, 100% used [0x000000076ab00000,0x000000076e900000,0x000000076e900000)
  from space 5120K, 99% used [0x000000076ee00000,0x000000076f2febd8,0x000000076f300000)
  to   space 5120K, 0% used [0x000000076e900000,0x000000076e900000,0x000000076ee00000)
 ParOldGen       total 84992K, used 1945K [0x00000006c0000000, 0x00000006c5300000, 0x000000076ab00000)
  object space 84992K, 2% used [0x00000006c0000000,0x00000006c01e6698,0x00000006c5300000)
 Metaspace       used 5968K, capacity 6896K, committed 7040K, reserved 1056768K
  class space    used 594K, capacity 616K, committed 640K, reserved 1048576K
Event: 1.502 GC heap after
Heap after GC invocations=3 (full 0):
 PSYoungGen      total 68608K, used 5119K [0x000000076ab00000, 0x0000000773100000, 0x00000007c0000000)
  eden space 63488K, 0% used [0x000000076ab00000,0x000000076ab00000,0x000000076e900000)
  from space 5120K, 99% used [0x000000076e900000,0x000000076edffe50,0x000000076ee00000)
  to   space 5120K, 0% used [0x0000000772c00000,0x0000000772c00000,0x0000000773100000)
 ParOldGen       total 84992K, used 12079K [0x00000006c0000000, 0x00000006c5300000, 0x000000076ab00000)
  object space 84992K, 14% used [0x00000006c0000000,0x00000006c0bcbc50,0x00000006c5300000)
 Metaspace       used 5968K, capacity 6896K, committed 7040K, reserved 1056768K
  class space    used 594K, capacity 616K, committed 640K, reserved 1048576K
}
Event: 1.822 GC heap before
{Heap before GC invocations=4 (full 0):
 PSYoungGen      total 68608K, used 68607K [0x000000076ab00000, 0x0000000773100000, 0x00000007c0000000)
  eden space 63488K, 100% used [0x000000076ab00000,0x000000076e900000,0x000000076e900000)
  from space 5120K, 99% used [0x000000076e900000,0x000000076edffe50,0x000000076ee00000)
  to   space 5120K, 0% used [0x0000000772c00000,0x0000000772c00000,0x0000000773100000)
 ParOldGen       total 84992K, used 12288K [0x00000006c0000000, 0x00000006c5300000, 0x000000076ab00000)
  object space 84992K, 14% used [0x00000006c0000000,0x00000006c0c00030,0x00000006c5300000)
 Metaspace       used 6013K, capacity 6960K, committed 7040K, reserved 1056768K
  class space    used 595K, capacity 616K, committed 640K, reserved 1048576K
Event: 1.865 GC heap after
Heap after GC invocations=4 (full 0):
 PSYoungGen      total 132096K, used 5108K [0x000000076ab00000, 0x0000000773100000, 0x00000007c0000000)
  eden space 126976K, 0% used [0x000000076ab00000,0x000000076ab00000,0x0000000772700000)
  from space 5120K, 99% used [0x0000000772c00000,0x00000007730fd130,0x0000000773100000)
  to   space 5120K, 0% used [0x0000000772700000,0x0000000772700000,0x0000000772c00000)
 ParOldGen       total 84992K, used 21884K [0x00000006c0000000, 0x00000006c5300000, 0x000000076ab00000)
  object space 84992K, 25% used [0x00000006c0000000,0x00000006c155f200,0x00000006c5300000)
 Metaspace       used 6013K, capacity 6960K, committed 7040K, reserved 1056768K
  class space    used 595K, capacity 616K, committed 640K, reserved 1048576K
}
Event: 2.520 GC heap before
{Heap before GC invocations=5 (full 0):
 PSYoungGen      total 132096K, used 132084K [0x000000076ab00000, 0x0000000773100000, 0x00000007c0000000)
  eden space 126976K, 100% used [0x000000076ab00000,0x0000000772700000,0x0000000772700000)
  from space 5120K, 99% used [0x0000000772c00000,0x00000007730fd130,0x0000000773100000)
  to   space 5120K, 0% used [0x0000000772700000,0x0000000772700000,0x0000000772c00000)
 ParOldGen       total 84992K, used 21886K [0x00000006c0000000, 0x00000006c5300000, 0x000000076ab00000)
  object space 84992K, 25% used [0x00000006c0000000,0x00000006c155f990,0x00000006c5300000)
 Metaspace       used 6281K, capacity 7128K, committed 7424K, reserved 1056768K
  class space    used 615K, capacity 656K, committed 768K, reserved 1048576K
Event: 2.859 GC heap after
Heap after GC invocations=5 (full 0):
 PSYoungGen      total 132096K, used 5115K [0x000000076ab00000, 0x000000077da00000, 0x00000007c0000000)
  eden space 126976K, 0% used [0x000000076ab00000,0x000000076ab00000,0x0000000772700000)
  from space 5120K, 99% used [0x0000000772700000,0x0000000772bfed20,0x0000000772c00000)
  to   space 28160K, 0% used [0x000000077be80000,0x000000077be80000,0x000000077da00000)
 ParOldGen       total 84992K, used 39959K [0x00000006c0000000, 0x00000006c5300000, 0x000000076ab00000)
  object space 84992K, 47% used [0x00000006c0000000,0x00000006c2705dd0,0x00000006c5300000)
 Metaspace       used 6281K, capacity 7128K, committed 7424K, reserved 1056768K
  class space    used 615K, capacity 656K, committed 768K, reserved 1048576K
}
Event: 3.316 GC heap before
{Heap before GC invocations=6 (full 0):
 PSYoungGen      total 132096K, used 132091K [0x000000076ab00000, 0x000000077da00000, 0x00000007c0000000)
  eden space 126976K, 100% used [0x000000076ab00000,0x0000000772700000,0x0000000772700000)
  from space 5120K, 99% used [0x0000000772700000,0x0000000772bfed20,0x0000000772c00000)
  to   space 28160K, 0% used [0x000000077be80000,0x000000077be80000,0x000000077da00000)
 ParOldGen       total 84992K, used 39959K [0x00000006c0000000, 0x00000006c5300000, 0x000000076ab00000)
  object space 84992K, 47% used [0x00000006c0000000,0x00000006c2705dd0,0x00000006c5300000)
 Metaspace       used 6358K, capacity 7192K, committed 7424K, reserved 1056768K
  class space    used 615K, capacity 656K, committed 768K, reserved 1048576K
Event: 3.399 GC heap after
Heap after GC invocations=6 (full 0):
 PSYoungGen      total 280064K, used 19849K [0x000000076ab00000, 0x000000077de00000, 0x00000007c0000000)
  eden space 251904K, 0% used [0x000000076ab00000,0x000000076ab00000,0x000000077a100000)
  from space 28160K, 70% used [0x000000077be80000,0x000000077d1e25e0,0x000000077da00000)
  to   space 30208K, 0% used [0x000000077a100000,0x000000077a100000,0x000000077be80000)
 ParOldGen       total 84992K, used 39959K [0x00000006c0000000, 0x00000006c5300000, 0x000000076ab00000)
  object space 84992K, 47% used [0x00000006c0000000,0x00000006c2705dd0,0x00000006c5300000)
 Metaspace       used 6358K, capacity 7192K, committed 7424K, reserved 1056768K
  class space    used 615K, capacity 656K, committed 768K, reserved 1048576K
}
Event: 4.497 GC heap before
{Heap before GC invocations=7 (full 0):
 PSYoungGen      total 280064K, used 271753K [0x000000076ab00000, 0x000000077de00000, 0x00000007c0000000)
  eden space 251904K, 100% used [0x000000076ab00000,0x000000077a100000,0x000000077a100000)
  from space 28160K, 70% used [0x000000077be80000,0x000000077d1e25e0,0x000000077da00000)
  to   space 30208K, 0% used [0x000000077a100000,0x000000077a100000,0x000000077be80000)
 ParOldGen       total 84992K, used 39959K [0x00000006c0000000, 0x00000006c5300000, 0x000000076ab00000)
  object space 84992K, 47% used [0x00000006c0000000,0x00000006c2705dd0,0x00000006c5300000)
 Metaspace       used 6535K, capacity 7256K, committed 7424K, reserved 1056768K
  class space    used 615K, capacity 656K, committed 768K, reserved 1048576K

Deoptimization events (10 events):
Event: 2.102 Thread 0x00007ff22c00a000 Uncommon trap: reason=bimorphic action=maybe_recompile pc=0x00007ff21d4883d4 method=java.util.HashMap.putVal(ILjava/lang/Object;Ljava/lang/Object;ZZ)Ljava/lang/Object; @ 203
Event: 2.123 Thread 0x00007ff22c218000 Uncommon trap: reason=unstable_if action=reinterpret pc=0x00007ff21d2d1894 method=java.util.HashMap.putVal(ILjava/lang/Object;Ljava/lang/Object;ZZ)Ljava/lang/Object; @ 162
Event: 2.137 Thread 0x00007ff22c00a000 Uncommon trap: reason=unstable_if action=reinterpret pc=0x00007ff21d335abc method=java.util.HashMap.getNode(ILjava/lang/Object;)Ljava/util/HashMap$Node; @ 84
Event: 2.144 Thread 0x00007ff22c216000 Uncommon trap: reason=unstable_if action=reinterpret pc=0x00007ff21d487f24 method=java.util.HashMap.putVal(ILjava/lang/Object;Ljava/lang/Object;ZZ)Ljava/lang/Object; @ 162
Event: 2.467 Thread 0x00007ff22c214000 Uncommon trap: reason=unstable_if action=reinterpret pc=0x00007ff21d320540 method=java.util.HashMap.getNode(ILjava/lang/Object;)Ljava/util/HashMap$Node; @ 84
Event: 2.911 Thread 0x00007ff22c218000 Uncommon trap: reason=unstable_if action=reinterpret pc=0x00007ff21d5f80b0 method=com.android.dx.cf.code.BytecodeArray.parseInstruction(ILcom/android/dx/cf/code/BytecodeArray$Visitor;)I @ 1261
Event: 2.925 Thread 0x00007ff22c210800 Uncommon trap: reason=unstable_if action=reinterpret pc=0x00007ff21d37f00c method=com.android.dx.dex.code.OutputFinisher.hasLocalInfo(Lcom/android/dx/dex/code/DalvInsn;)Z @ 24
Event: 3.429 Thread 0x00007ff22c216000 Uncommon trap: reason=unstable_if action=reinterpret pc=0x00007ff21d6dce30 method=com.android.dx.ssa.SCCP.simulateBranch(Lcom/android/dx/ssa/SsaInsn;)V @ 548
Event: 4.012 Thread 0x00007ff22c00a000 Uncommon trap: reason=unstable_if action=reinterpret pc=0x00007ff21d572868 method=com.android.dx.ssa.SCCP.simulateStmt(Lcom/android/dx/ssa/SsaInsn;)V @ 435
Event: 4.457 Thread 0x00007ff22c214000 Uncommon trap: reason=unstable_if action=reinterpret pc=0x00007ff21d47cce0 method=com.android.dx.rop.code.RegisterSpecSet.<init>(I)V @ 2

Internal exceptions (5 events):
Event: 0.068 Thread 0x00007ff22c00a000 Exception <a 'java/lang/NoSuchMethodError': Method sun.misc.Unsafe.defineClass(Ljava/lang/String;[BII)Ljava/lang/Class; name or signature does not match> (0x000000076ab07cc0) thrown at [/HUDSON/workspace/8-2-build-linux-amd64/jdk8u91/6644/hotspot/src/shar
Event: 0.068 Thread 0x00007ff22c00a000 Exception <a 'java/lang/NoSuchMethodError': Method sun.misc.Unsafe.prefetchRead(Ljava/lang/Object;J)V name or signature does not match> (0x000000076ab07fa8) thrown at [/HUDSON/workspace/8-2-build-linux-amd64/jdk8u91/6644/hotspot/src/share/vm/prims/jni.cpp
Event: 2.130 Thread 0x00007ff22c218000 Exception <a 'java/lang/ArrayIndexOutOfBoundsException': 18> (0x000000076ecf9e50) thrown at [/HUDSON/workspace/8-2-build-linux-amd64/jdk8u91/6644/hotspot/src/share/vm/interpreter/interpreterRuntime.cpp, line 366]
Event: 2.130 Thread 0x00007ff22c218000 Exception <a 'java/lang/ArrayIndexOutOfBoundsException': 145> (0x000000076ecfb9d0) thrown at [/HUDSON/workspace/8-2-build-linux-amd64/jdk8u91/6644/hotspot/src/share/vm/interpreter/interpreterRuntime.cpp, line 366]
Event: 2.132 Thread 0x00007ff22c218000 Exception <a 'java/lang/ArrayIndexOutOfBoundsException': 40> (0x000000076ecfccb8) thrown at [/HUDSON/workspace/8-2-build-linux-amd64/jdk8u91/6644/hotspot/src/share/vm/interpreter/interpreterRuntime.cpp, line 366]

Events (10 events):
Event: 4.343 Thread 0x00007ff22c218000 DEOPT PACKING pc=0x00007ff21d3c0934 sp=0x00007ff216104190
Event: 4.343 Thread 0x00007ff22c218000 DEOPT UNPACKING pc=0x00007ff21d047633 sp=0x00007ff216103e90 mode 0
Event: 4.361 Thread 0x00007ff22c218000 DEOPT PACKING pc=0x00007ff21d2c0eeb sp=0x00007ff216103db0
Event: 4.361 Thread 0x00007ff22c218000 DEOPT UNPACKING pc=0x00007ff21d047633 sp=0x00007ff216103b18 mode 0
Event: 4.433 Thread 0x00007ff22c210800 DEOPT PACKING pc=0x00007ff21d3c0934 sp=0x00007ff216507f90
Event: 4.433 Thread 0x00007ff22c210800 DEOPT UNPACKING pc=0x00007ff21d047633 sp=0x00007ff216507c90 mode 0
Event: 4.457 Thread 0x00007ff22c214000 Uncommon trap: trap_request=0xffffff65 fr.pc=0x00007ff21d47cce0
Event: 4.457 Thread 0x00007ff22c214000 DEOPT PACKING pc=0x00007ff21d47cce0 sp=0x00007ff216305df0
Event: 4.457 Thread 0x00007ff22c214000 DEOPT UNPACKING pc=0x00007ff21d005229 sp=0x00007ff216305d40 mode 2
Event: 4.495 Executing VM operation: ParallelGCFailedAllocation


Dynamic libraries:
00400000-00401000 r-xp 00000000 08:01 1454135                            /usr/lib/jvm/java-8-oracle/bin/java
00600000-00601000 rw-p 00000000 08:01 1454135                            /usr/lib/jvm/java-8-oracle/bin/java
00627000-00648000 rw-p 00000000 00:00 0                                  [heap]
6c0000000-6c5300000 rw-p 00000000 00:00 0 
6c5300000-76ab00000 ---p 00000000 00:00 0 
76ab00000-77de00000 rw-p 00000000 00:00 0 
78f600000-7c0000000 ---p 00000000 00:00 0 
7c0000000-7c00c0000 rw-p 00000000 00:00 0 
7c00c0000-800000000 ---p 00000000 00:00 0 
7ff1c0000000-7ff1c0050000 rw-p 00000000 00:00 0 
7ff1c0050000-7ff1c4000000 ---p 00000000 00:00 0 
7ff1c8000000-7ff1c8021000 rw-p 00000000 00:00 0 
7ff1c8021000-7ff1cc000000 ---p 00000000 00:00 0 
7ff1cc000000-7ff1cc021000 rw-p 00000000 00:00 0 
7ff1cc021000-7ff1d0000000 ---p 00000000 00:00 0 
7ff1d0000000-7ff1d002e000 rw-p 00000000 00:00 0 
7ff1d002e000-7ff1d4000000 ---p 00000000 00:00 0 
7ff1d4000000-7ff1d4021000 rw-p 00000000 00:00 0 
7ff1d4021000-7ff1d8000000 ---p 00000000 00:00 0 
7ff1d8000000-7ff1d8021000 rw-p 00000000 00:00 0 
7ff1d8021000-7ff1dc000000 ---p 00000000 00:00 0 
7ff1dc000000-7ff1dc021000 rw-p 00000000 00:00 0 
7ff1dc021000-7ff1e0000000 ---p 00000000 00:00 0 
7ff1e0000000-7ff1e0c70000 rw-p 00000000 00:00 0 
7ff1e0c70000-7ff1e4000000 ---p 00000000 00:00 0 
7ff1e4000000-7ff1e48c4000 rw-p 00000000 00:00 0 
7ff1e48c4000-7ff1e8000000 ---p 00000000 00:00 0 
7ff1e8000000-7ff1e8021000 rw-p 00000000 00:00 0 
7ff1e8021000-7ff1ec000000 ---p 00000000 00:00 0 
7ff1ec000000-7ff1ed181000 rw-p 00000000 00:00 0 
7ff1ed181000-7ff1f0000000 ---p 00000000 00:00 0 
7ff1f0000000-7ff1f0021000 rw-p 00000000 00:00 0 
7ff1f0021000-7ff1f4000000 ---p 00000000 00:00 0 
7ff1f4000000-7ff1f4021000 rw-p 00000000 00:00 0 
7ff1f4021000-7ff1f8000000 ---p 00000000 00:00 0 
7ff1f8000000-7ff200000000 rw-p 00000000 00:00 0 
7ff200000000-7ff200021000 rw-p 00000000 00:00 0 
7ff200021000-7ff204000000 ---p 00000000 00:00 0 
7ff204000000-7ff204294000 rw-p 00000000 00:00 0 
7ff204294000-7ff208000000 ---p 00000000 00:00 0 
7ff208000000-7ff208021000 rw-p 00000000 00:00 0 
7ff208021000-7ff20c000000 ---p 00000000 00:00 0 
7ff210000000-7ff210021000 rw-p 00000000 00:00 0 
7ff210021000-7ff214000000 ---p 00000000 00:00 0 
7ff216005000-7ff216008000 ---p 00000000 00:00 0 
7ff216008000-7ff216106000 rw-p 00000000 00:00 0 
7ff216106000-7ff216109000 ---p 00000000 00:00 0 
7ff216109000-7ff216207000 rw-p 00000000 00:00 0 
7ff216207000-7ff21620a000 ---p 00000000 00:00 0 
7ff21620a000-7ff216308000 rw-p 00000000 00:00 0 
7ff216308000-7ff21630b000 ---p 00000000 00:00 0 
7ff21630b000-7ff216409000 rw-p 00000000 00:00 0 
7ff216409000-7ff21640c000 ---p 00000000 00:00 0 
7ff21640c000-7ff21650a000 rw-p 00000000 00:00 0 
7ff21650a000-7ff21650b000 ---p 00000000 00:00 0 
7ff21650b000-7ff21660b000 rw-p 00000000 00:00 0 
7ff21660b000-7ff21660e000 ---p 00000000 00:00 0 
7ff21660e000-7ff21670c000 rw-p 00000000 00:00 0 
7ff21670c000-7ff21670f000 ---p 00000000 00:00 0 
7ff21670f000-7ff21680d000 rw-p 00000000 00:00 0 
7ff21680d000-7ff216810000 ---p 00000000 00:00 0 
7ff216810000-7ff21690e000 rw-p 00000000 00:00 0 
7ff21690e000-7ff216911000 ---p 00000000 00:00 0 
7ff216911000-7ff216a0f000 rw-p 00000000 00:00 0 
7ff216a0f000-7ff216a12000 ---p 00000000 00:00 0 
7ff216a12000-7ff216b10000 rw-p 00000000 00:00 0 
7ff216b10000-7ff2171f2000 r--p 00000000 08:01 1448881                    /usr/lib/locale/locale-archive
7ff2171f2000-7ff2171f5000 ---p 00000000 00:00 0 
7ff2171f5000-7ff2172f3000 rw-p 00000000 00:00 0 
7ff2172f3000-7ff2172f6000 ---p 00000000 00:00 0 
7ff2172f6000-7ff2173f4000 rw-p 00000000 00:00 0 
7ff2173f4000-7ff2173f5000 ---p 00000000 00:00 0 
7ff2173f5000-7ff218000000 rw-p 00000000 00:00 0 
7ff218000000-7ff218021000 rw-p 00000000 00:00 0 
7ff218021000-7ff21c000000 ---p 00000000 00:00 0 
7ff21c000000-7ff21c680000 rw-p 00000000 00:00 0 
7ff21c680000-7ff21c800000 ---p 00000000 00:00 0 
7ff21c800000-7ff21d000000 rw-p 00000000 00:00 0 
7ff21d000000-7ff21d830000 rwxp 00000000 00:00 0 
7ff21d830000-7ff22c000000 ---p 00000000 00:00 0 
7ff22c000000-7ff22c3ae000 rw-p 00000000 00:00 0 
7ff22c3ae000-7ff230000000 ---p 00000000 00:00 0 
7ff23001f000-7ff230055000 r--s 002b8000 08:05 4855677                    /home/onmymobile/AndroidStudioProjects/Heritage/SmsCapture (2)/app/build/intermediates/transforms/jarMerging/release/jars/1/1f/combined.jar
7ff230055000-7ff23054d000 rw-p 00000000 00:00 0 
7ff23054d000-7ff230726000 r--s 03d1f000 08:01 1452558                    /usr/lib/jvm/java-8-oracle/jre/lib/rt.jar
7ff230726000-7ff23079c000 rw-p 00000000 00:00 0 
7ff23079c000-7ff23079d000 ---p 00000000 00:00 0 
7ff23079d000-7ff23089d000 rw-p 00000000 00:00 0 
7ff23089d000-7ff23089e000 ---p 00000000 00:00 0 
7ff23089e000-7ff23099e000 rw-p 00000000 00:00 0 
7ff23099e000-7ff23099f000 ---p 00000000 00:00 0 
7ff23099f000-7ff230a9f000 rw-p 00000000 00:00 0 
7ff230a9f000-7ff230aa0000 ---p 00000000 00:00 0 
7ff230aa0000-7ff230bca000 rw-p 00000000 00:00 0 
7ff230bca000-7ff2310f6000 ---p 00000000 00:00 0 
7ff2310f6000-7ff231120000 rw-p 00000000 00:00 0 
7ff231120000-7ff23164b000 ---p 00000000 00:00 0 
7ff23164b000-7ff2316e5000 rw-p 00000000 00:00 0 
7ff2316e5000-7ff2318f6000 ---p 00000000 00:00 0 
7ff2318f6000-7ff231918000 rw-p 00000000 00:00 0 
7ff231918000-7ff231cb7000 ---p 00000000 00:00 0 
7ff231cb7000-7ff231cd1000 r-xp 00000000 08:01 1452613                    /usr/lib/jvm/java-8-oracle/jre/lib/amd64/libzip.so
7ff231cd1000-7ff231ed1000 ---p 0001a000 08:01 1452613                    /usr/lib/jvm/java-8-oracle/jre/lib/amd64/libzip.so
7ff231ed1000-7ff231ed2000 rw-p 0001a000 08:01 1452613                    /usr/lib/jvm/java-8-oracle/jre/lib/amd64/libzip.so
7ff231ed2000-7ff231edc000 r-xp 00000000 08:01 7078098                    /lib/x86_64-linux-gnu/libnss_files-2.19.so
7ff231edc000-7ff2320db000 ---p 0000a000 08:01 7078098                    /lib/x86_64-linux-gnu/libnss_files-2.19.so
7ff2320db000-7ff2320dc000 r--p 00009000 08:01 7078098                    /lib/x86_64-linux-gnu/libnss_files-2.19.so
7ff2320dc000-7ff2320dd000 rw-p 0000a000 08:01 7078098                    /lib/x86_64-linux-gnu/libnss_files-2.19.so
7ff2320dd000-7ff2320e8000 r-xp 00000000 08:01 7078090                    /lib/x86_64-linux-gnu/libnss_nis-2.19.so
7ff2320e8000-7ff2322e7000 ---p 0000b000 08:01 7078090                    /lib/x86_64-linux-gnu/libnss_nis-2.19.so
7ff2322e7000-7ff2322e8000 r--p 0000a000 08:01 7078090                    /lib/x86_64-linux-gnu/libnss_nis-2.19.so
7ff2322e8000-7ff2322e9000 rw-p 0000b000 08:01 7078090                    /lib/x86_64-linux-gnu/libnss_nis-2.19.so
7ff2322e9000-7ff232300000 r-xp 00000000 08:01 7078086                    /lib/x86_64-linux-gnu/libnsl-2.19.so
7ff232300000-7ff2324ff000 ---p 00017000 08:01 7078086                    /lib/x86_64-linux-gnu/libnsl-2.19.so
7ff2324ff000-7ff232500000 r--p 00016000 08:01 7078086                    /lib/x86_64-linux-gnu/libnsl-2.19.so
7ff232500000-7ff232501000 rw-p 00017000 08:01 7078086                    /lib/x86_64-linux-gnu/libnsl-2.19.so
7ff232501000-7ff232503000 rw-p 00000000 00:00 0 
7ff232503000-7ff23250c000 r-xp 00000000 08:01 7078085                    /lib/x86_64-linux-gnu/libnss_compat-2.19.so
7ff23250c000-7ff23270b000 ---p 00009000 08:01 7078085                    /lib/x86_64-linux-gnu/libnss_compat-2.19.so
7ff23270b000-7ff23270c000 r--p 00008000 08:01 7078085                    /lib/x86_64-linux-gnu/libnss_compat-2.19.so
7ff23270c000-7ff23270d000 rw-p 00009000 08:01 7078085                    /lib/x86_64-linux-gnu/libnss_compat-2.19.so
7ff23270d000-7ff232737000 r-xp 00000000 08:01 1452593                    /usr/lib/jvm/java-8-oracle/jre/lib/amd64/libjava.so
7ff232737000-7ff232937000 ---p 0002a000 08:01 1452593                    /usr/lib/jvm/java-8-oracle/jre/lib/amd64/libjava.so
7ff232937000-7ff232939000 rw-p 0002a000 08:01 1452593                    /usr/lib/jvm/java-8-oracle/jre/lib/amd64/libjava.so
7ff232939000-7ff232946000 r-xp 00000000 08:01 1452610                    /usr/lib/jvm/java-8-oracle/jre/lib/amd64/libverify.so
7ff232946000-7ff232b46000 ---p 0000d000 08:01 1452610                    /usr/lib/jvm/java-8-oracle/jre/lib/amd64/libverify.so
7ff232b46000-7ff232b48000 rw-p 0000d000 08:01 1452610                    /usr/lib/jvm/java-8-oracle/jre/lib/amd64/libverify.so
7ff232b48000-7ff232b4f000 r-xp 00000000 08:01 7078094                    /lib/x86_64-linux-gnu/librt-2.19.so
7ff232b4f000-7ff232d4e000 ---p 00007000 08:01 7078094                    /lib/x86_64-linux-gnu/librt-2.19.so
7ff232d4e000-7ff232d4f000 r--p 00006000 08:01 7078094                    /lib/x86_64-linux-gnu/librt-2.19.so
7ff232d4f000-7ff232d50000 rw-p 00007000 08:01 7078094                    /lib/x86_64-linux-gnu/librt-2.19.so
7ff232d50000-7ff232e55000 r-xp 00000000 08:01 7078080                    /lib/x86_64-linux-gnu/libm-2.19.so
7ff232e55000-7ff233054000 ---p 00105000 08:01 7078080                    /lib/x86_64-linux-gnu/libm-2.19.so
7ff233054000-7ff233055000 r--p 00104000 08:01 7078080                    /lib/x86_64-linux-gnu/libm-2.19.so
7ff233055000-7ff233056000 rw-p 00105000 08:01 7078080                    /lib/x86_64-linux-gnu/libm-2.19.so
7ff233056000-7ff233d16000 r-xp 00000000 08:01 1452601                    /usr/lib/jvm/java-8-oracle/jre/lib/amd64/server/libjvm.so
7ff233d16000-7ff233f16000 ---p 00cc0000 08:01 1452601                    /usr/lib/jvm/java-8-oracle/jre/lib/amd64/server/libjvm.so
7ff233f16000-7ff233fee000 rw-p 00cc0000 08:01 1452601                    /usr/lib/jvm/java-8-oracle/jre/lib/amd64/server/libjvm.so
7ff233fee000-7ff234039000 rw-p 00000000 00:00 0 
7ff234039000-7ff2341f3000 r-xp 00000000 08:01 7078095                    /lib/x86_64-linux-gnu/libc-2.19.so
7ff2341f3000-7ff2343f3000 ---p 001ba000 08:01 7078095                    /lib/x86_64-linux-gnu/libc-2.19.so
7ff2343f3000-7ff2343f7000 r--p 001ba000 08:01 7078095                    /lib/x86_64-linux-gnu/libc-2.19.so
7ff2343f7000-7ff2343f9000 rw-p 001be000 08:01 7078095                    /lib/x86_64-linux-gnu/libc-2.19.so
7ff2343f9000-7ff2343fe000 rw-p 00000000 00:00 0 
7ff2343fe000-7ff234401000 r-xp 00000000 08:01 7078082                    /lib/x86_64-linux-gnu/libdl-2.19.so
7ff234401000-7ff234600000 ---p 00003000 08:01 7078082                    /lib/x86_64-linux-gnu/libdl-2.19.so
7ff234600000-7ff234601000 r--p 00002000 08:01 7078082                    /lib/x86_64-linux-gnu/libdl-2.19.so
7ff234601000-7ff234602000 rw-p 00003000 08:01 7078082                    /lib/x86_64-linux-gnu/libdl-2.19.so
7ff234602000-7ff234617000 r-xp 00000000 08:01 1454079                    /usr/lib/jvm/java-8-oracle/lib/amd64/jli/libjli.so
7ff234617000-7ff234817000 ---p 00015000 08:01 1454079                    /usr/lib/jvm/java-8-oracle/lib/amd64/jli/libjli.so
7ff234817000-7ff234818000 rw-p 00015000 08:01 1454079                    /usr/lib/jvm/java-8-oracle/lib/amd64/jli/libjli.so
7ff234818000-7ff234831000 r-xp 00000000 08:01 7078087                    /lib/x86_64-linux-gnu/libpthread-2.19.so
7ff234831000-7ff234a30000 ---p 00019000 08:01 7078087                    /lib/x86_64-linux-gnu/libpthread-2.19.so
7ff234a30000-7ff234a31000 r--p 00018000 08:01 7078087                    /lib/x86_64-linux-gnu/libpthread-2.19.so
7ff234a31000-7ff234a32000 rw-p 00019000 08:01 7078087                    /lib/x86_64-linux-gnu/libpthread-2.19.so
7ff234a32000-7ff234a36000 rw-p 00000000 00:00 0 
7ff234a36000-7ff234a59000 r-xp 00000000 08:01 7078088                    /lib/x86_64-linux-gnu/ld-2.19.so
7ff234a61000-7ff234b34000 rw-p 00000000 00:00 0 
7ff234b34000-7ff234b37000 ---p 00000000 00:00 0 
7ff234b37000-7ff234c39000 rw-p 00000000 00:00 0 
7ff234c3c000-7ff234c3d000 rw-p 00000000 00:00 0 
7ff234c3d000-7ff234c4c000 r--s 000df000 08:05 264644                     /home/onmymobile/Android/Sdk/build-tools/23.0.3/lib/dx.jar
7ff234c4c000-7ff234c54000 rw-s 00000000 08:01 524422                     /tmp/hsperfdata_onmymobile/16592
7ff234c54000-7ff234c55000 rw-p 00000000 00:00 0 
7ff234c55000-7ff234c56000 ---p 00000000 00:00 0 
7ff234c56000-7ff234c58000 rw-p 00000000 00:00 0 
7ff234c58000-7ff234c59000 r--p 00022000 08:01 7078088                    /lib/x86_64-linux-gnu/ld-2.19.so
7ff234c59000-7ff234c5a000 rw-p 00023000 08:01 7078088                    /lib/x86_64-linux-gnu/ld-2.19.so
7ff234c5a000-7ff234c5b000 rw-p 00000000 00:00 0 
7ffc82e27000-7ffc82e48000 rw-p 00000000 00:00 0                          [stack]
7ffc82ea0000-7ffc82ea2000 r--p 00000000 00:00 0                          [vvar]
7ffc82ea2000-7ffc82ea4000 r-xp 00000000 00:00 0                          [vdso]
ffffffffff600000-ffffffffff601000 r-xp 00000000 00:00 0                  [vsyscall]

VM Arguments:
jvm_args: -Djava.awt.headless=true -Xmx4g -Dfile.encoding=UTF-8 -Duser.country=IN -Duser.language=en -Duser.variant 
java_command: com.android.dx.command.Main --dex --num-threads=4 --multi-dex --main-dex-list /home/onmymobile/AndroidStudioProjects/Heritage/SmsCapture (2)/app/build/intermediates/multi-dex/release/maindexlist.txt --output /home/onmymobile/AndroidStudioProjects/Heritage/SmsCapture (2)/app/build/intermediates/transforms/dex/release/folders/1000/1f/main /home/onmymobile/AndroidStudioProjects/Heritage/SmsCapture (2)/app/build/intermediates/transforms/jarMerging/release/jars/1/1f/combined.jar
java_class_path (initial): /home/onmymobile/Android/Sdk/build-tools/23.0.3/lib/dx.jar
Launcher Type: SUN_STANDARD

Environment Variables:
JAVA_HOME=/usr/lib/jvm/java-8-oracle
PATH=/home/onmymobile/bin:/usr/local/sbin:/usr/local/bin:/usr/sbin:/usr/bin:/sbin:/bin:/usr/games:/usr/local/games:/usr/lib/jvm/java-8-oracle/bin:/usr/lib/jvm/java-8-oracle/db/bin:/usr/lib/jvm/java-8-oracle/jre/bin
SHELL=/bin/bash
DISPLAY=:0

Signal Handlers:
SIGSEGV: [libjvm.so+0xabca10], sa_mask[0]=11111111011111111101111111111110, sa_flags=SA_RESTART|SA_SIGINFO
SIGBUS: [libjvm.so+0xabca10], sa_mask[0]=11111111011111111101111111111110, sa_flags=SA_RESTART|SA_SIGINFO
SIGFPE: [libjvm.so+0x919a20], sa_mask[0]=11111111011111111101111111111110, sa_flags=SA_RESTART|SA_SIGINFO
SIGPIPE: [libjvm.so+0x919a20], sa_mask[0]=11111111011111111101111111111110, sa_flags=SA_RESTART|SA_SIGINFO
SIGXFSZ: [libjvm.so+0x919a20], sa_mask[0]=11111111011111111101111111111110, sa_flags=SA_RESTART|SA_SIGINFO
SIGILL: [libjvm.so+0x919a20], sa_mask[0]=11111111011111111101111111111110, sa_flags=SA_RESTART|SA_SIGINFO
SIGUSR1: SIG_DFL, sa_mask[0]=00000000000000000000000000000000, sa_flags=none
SIGUSR2: [libjvm.so+0x91b050], sa_mask[0]=00100000000000000000000000000000, sa_flags=SA_RESTART|SA_SIGINFO
SIGHUP: [libjvm.so+0x91c450], sa_mask[0]=11111111011111111101111111111110, sa_flags=SA_RESTART|SA_SIGINFO
SIGINT: [libjvm.so+0x91c450], sa_mask[0]=11111111011111111101111111111110, sa_flags=SA_RESTART|SA_SIGINFO
SIGTERM: [libjvm.so+0x91c450], sa_mask[0]=11111111011111111101111111111110, sa_flags=SA_RESTART|SA_SIGINFO
SIGQUIT: [libjvm.so+0x91c450], sa_mask[0]=11111111011111111101111111111110, sa_flags=SA_RESTART|SA_SIGINFO


---------------  S Y S T E M  ---------------

OS:DISTRIB_ID=Ubuntu
DISTRIB_RELEASE=14.04
DISTRIB_CODENAME=trusty
DISTRIB_DESCRIPTION="Ubuntu 14.04.4 LTS"

uname:Linux 4.2.0-42-generic #49~14.04.1-Ubuntu SMP Wed Jun 29 20:22:11 UTC 2016 x86_64
libc:glibc 2.19 NPTL 2.19 
rlimit: STACK 8192k, CORE 0k, NPROC 31336, NOFILE 4096, AS infinity
load average:1.37 1.94 1.27

/proc/meminfo:
MemTotal:        8044164 kB
MemFree:          140448 kB
MemAvailable:     104876 kB
Buffers:            1408 kB
Cached:          1086276 kB
SwapCached:            0 kB
Active:          6802612 kB
Inactive:         879832 kB
Active(anon):    6776648 kB
Inactive(anon):   852040 kB
Active(file):      25964 kB
Inactive(file):    27792 kB
Unevictable:         156 kB
Mlocked:             156 kB
SwapTotal:             0 kB
SwapFree:              0 kB
Dirty:                88 kB
Writeback:             0 kB
AnonPages:       6595000 kB
Mapped:           489464 kB
Shmem:           1033844 kB
Slab:              88064 kB
SReclaimable:      44032 kB
SUnreclaim:        44032 kB
KernelStack:       12672 kB
PageTables:        65168 kB
NFS_Unstable:          0 kB
Bounce:                0 kB
WritebackTmp:          0 kB
CommitLimit:     4022080 kB
Committed_AS:   13741484 kB
VmallocTotal:   34359738367 kB
VmallocUsed:      358884 kB
VmallocChunk:   34358947836 kB
HardwareCorrupted:     0 kB
AnonHugePages:   3909632 kB
CmaTotal:              0 kB
CmaFree:               0 kB
HugePages_Total:       0
HugePages_Free:        0
HugePages_Rsvd:        0
HugePages_Surp:        0
Hugepagesize:       2048 kB
DirectMap4k:      196128 kB
DirectMap2M:     8060928 kB


CPU:total 4 (2 cores per cpu, 2 threads per core) family 6 model 58 stepping 9, cmov, cx8, fxsr, mmx, sse, sse2, sse3, ssse3, sse4.1, sse4.2, popcnt, avx, aes, clmul, erms, ht, tsc, tscinvbit, tscinv

/proc/cpuinfo:
processor	: 0
vendor_id	: GenuineIntel
cpu family	: 6
model		: 58
model name	: Intel(R) Core(TM) i5-3340M CPU @ 2.70GHz
stepping	: 9
microcode	: 0x15
cpu MHz		: 3202.769
cache size	: 3072 KB
physical id	: 0
siblings	: 4
core id		: 0
cpu cores	: 2
apicid		: 0
initial apicid	: 0
fpu		: yes
fpu_exception	: yes
cpuid level	: 13
wp		: yes
flags		: fpu vme de pse tsc msr pae mce cx8 apic sep mtrr pge mca cmov pat pse36 clflush dts acpi mmx fxsr sse sse2 ss ht tm pbe syscall nx rdtscp lm constant_tsc arch_perfmon pebs bts rep_good nopl xtopology nonstop_tsc aperfmperf eagerfpu pni pclmulqdq dtes64 monitor ds_cpl vmx smx est tm2 ssse3 cx16 xtpr pdcm pcid sse4_1 sse4_2 x2apic popcnt tsc_deadline_timer aes xsave avx f16c rdrand lahf_lm ida arat epb pln pts dtherm tpr_shadow vnmi flexpriority ept vpid fsgsbase smep erms xsaveopt
bugs		:
bogomips	: 5382.55
clflush size	: 64
cache_alignment	: 64
address sizes	: 36 bits physical, 48 bits virtual
power management:

processor	: 1
vendor_id	: GenuineIntel
cpu family	: 6
model		: 58
model name	: Intel(R) Core(TM) i5-3340M CPU @ 2.70GHz
stepping	: 9
microcode	: 0x15
cpu MHz		: 3201.398
cache size	: 3072 KB
physical id	: 0
siblings	: 4
core id		: 1
cpu cores	: 2
apicid		: 2
initial apicid	: 2
fpu		: yes
fpu_exception	: yes
cpuid level	: 13
wp		: yes
flags		: fpu vme de pse tsc msr pae mce cx8 apic sep mtrr pge mca cmov pat pse36 clflush dts acpi mmx fxsr sse sse2 ss ht tm pbe syscall nx rdtscp lm constant_tsc arch_perfmon pebs bts rep_good nopl xtopology nonstop_tsc aperfmperf eagerfpu pni pclmulqdq dtes64 monitor ds_cpl vmx smx est tm2 ssse3 cx16 xtpr pdcm pcid sse4_1 sse4_2 x2apic popcnt tsc_deadline_timer aes xsave avx f16c rdrand lahf_lm ida arat epb pln pts dtherm tpr_shadow vnmi flexpriority ept vpid fsgsbase smep erms xsaveopt
bugs		:
bogomips	: 5382.55
clflush size	: 64
cache_alignment	: 64
address sizes	: 36 bits physical, 48 bits virtual
power management:

processor	: 2
vendor_id	: GenuineIntel
cpu family	: 6
model		: 58
model name	: Intel(R) Core(TM) i5-3340M CPU @ 2.70GHz
stepping	: 9
microcode	: 0x15
cpu MHz		: 3208.148
cache size	: 3072 KB
physical id	: 0
siblings	: 4
core id		: 0
cpu cores	: 2
apicid		: 1
initial apicid	: 1
fpu		: yes
fpu_exception	: yes
cpuid level	: 13
wp		: yes
flags		: fpu vme de pse tsc msr pae mce cx8 apic sep mtrr pge mca cmov pat pse36 clflush dts acpi mmx fxsr sse sse2 ss ht tm pbe syscall nx rdtscp lm constant_tsc arch_perfmon pebs bts rep_good nopl xtopology nonstop_tsc aperfmperf eagerfpu pni pclmulqdq dtes64 monitor ds_cpl vmx smx est tm2 ssse3 cx16 xtpr pdcm pcid sse4_1 sse4_2 x2apic popcnt tsc_deadline_timer aes xsave avx f16c rdrand lahf_lm ida arat epb pln pts dtherm tpr_shadow vnmi flexpriority ept vpid fsgsbase smep erms xsaveopt
bugs		:
bogomips	: 5382.55
clflush size	: 64
cache_alignment	: 64
address sizes	: 36 bits physical, 48 bits virtual
power management:

processor	: 3
vendor_id	: GenuineIntel
cpu family	: 6
model		: 58
model name	: Intel(R) Core(TM) i5-3340M CPU @ 2.70GHz
stepping	: 9
microcode	: 0x15
cpu MHz		: 3201.082
cache size	: 3072 KB
physical id	: 0
siblings	: 4
core id		: 1
cpu cores	: 2
apicid		: 3
initial apicid	: 3
fpu		: yes
fpu_exception	: yes
cpuid level	: 13
wp		: yes
flags		: fpu vme de pse tsc msr pae mce cx8 apic sep mtrr pge mca cmov pat pse36 clflush dts acpi mmx fxsr sse sse2 ss ht tm pbe syscall nx rdtscp lm constant_tsc arch_perfmon pebs bts rep_good nopl xtopology nonstop_tsc aperfmperf eagerfpu pni pclmulqdq dtes64 monitor ds_cpl vmx smx est tm2 ssse3 cx16 xtpr pdcm pcid sse4_1 sse4_2 x2apic popcnt tsc_deadline_timer aes xsave avx f16c rdrand lahf_lm ida arat epb pln pts dtherm tpr_shadow vnmi flexpriority ept vpid fsgsbase smep erms xsaveopt
bugs		:
bogomips	: 5382.55
clflush size	: 64
cache_alignment	: 64
address sizes	: 36 bits physical, 48 bits virtual
power management:



Memory: 4k page, physical 8044164k(140448k free), swap 0k(0k free)

vm_info: Java HotSpot(TM) 64-Bit Server VM (25.91-b14) for linux-amd64 JRE (1.8.0_91-b14), built on Apr  1 2016 00:57:21 by "java_re" with gcc 4.3.0 20080428 (Red Hat 4.3.0-8)

time: Thu Jul 21 16:47:44 2016
elapsed time: 4 seconds (0d 0h 0m 4s)

