#
# There is insufficient memory for the Java Runtime Environment to continue.
# Native memory allocation (mmap) failed to map 143654912 bytes for committing reserved memory.
# Possible reasons:
#   The system is out of physical RAM or swap space
#   In 32 bit mode, the process size limit was hit
# Possible solutions:
#   Reduce memory load on the system
#   Increase physical memory or swap space
#   Check if swap backing store is full
#   Use 64 bit Java on a 64 bit OS
#   Decrease Java heap size (-Xmx/-Xms)
#   Decrease number of Java threads
#   Decrease Java thread stack sizes (-Xss)
#   Set larger code cache with -XX:ReservedCodeCacheSize=
# This output file may be truncated or incomplete.
#
#  Out of Memory Error (os_linux.cpp:2627), pid=14786, tid=139635365054208
#
# JRE version: Java(TM) SE Runtime Environment (8.0_91-b14) (build 1.8.0_91-b14)
# Java VM: Java HotSpot(TM) 64-Bit Server VM (25.91-b14 mixed mode linux-amd64 compressed oops)
# Failed to write core dump. Core dumps have been disabled. To enable core dumping, try "ulimit -c unlimited" before starting Java again
#

---------------  T H R E A D  ---------------

Current thread (0x00007eff74078000):  VMThread [stack: 0x00007eff64450000,0x00007eff64551000] [id=14795]

Stack: [0x00007eff64450000,0x00007eff64551000],  sp=0x00007eff6454efe0,  free space=1019k
Native frames: (J=compiled Java code, j=interpreted, Vv=VM code, C=native code)
V  [libjvm.so+0xabc18a]  VMError::report_and_die()+0x2ba
V  [libjvm.so+0x4fafeb]  report_vm_out_of_memory(char const*, int, unsigned long, VMErrorType, char const*)+0x8b
V  [libjvm.so+0x91cbb3]  os::Linux::commit_memory_impl(char*, unsigned long, bool)+0x103
V  [libjvm.so+0x91d109]  os::pd_commit_memory(char*, unsigned long, unsigned long, bool)+0x29
V  [libjvm.so+0x91740a]  os::commit_memory(char*, unsigned long, unsigned long, bool)+0x2a
V  [libjvm.so+0x98b033]  PSVirtualSpace::expand_by(unsigned long)+0x53
V  [libjvm.so+0x98c438]  PSYoungGen::resize_generation(unsigned long, unsigned long)+0xf8
V  [libjvm.so+0x98b592]  PSYoungGen::resize(unsigned long, unsigned long)+0x22
V  [libjvm.so+0x98886b]  PSScavenge::invoke_no_policy()+0xf3b
V  [libjvm.so+0x988ff1]  PSScavenge::invoke()+0x41
V  [libjvm.so+0x9408b0]  ParallelScavengeHeap::failed_mem_allocate(unsigned long)+0x70
V  [libjvm.so+0xabdba7]  VM_ParallelGCFailedAllocation::doit()+0x97
V  [libjvm.so+0xac55d5]  VM_Operation::evaluate()+0x55
V  [libjvm.so+0xac39aa]  VMThread::evaluate_operation(VM_Operation*)+0xba
V  [libjvm.so+0xac3d2e]  VMThread::loop()+0x1ce
V  [libjvm.so+0xac41a0]  VMThread::run()+0x70
V  [libjvm.so+0x91ef78]  java_start(Thread*)+0x108

VM_Operation (0x00007eff43517ba0): ParallelGCFailedAllocation, mode: safepoint, requested by thread 0x00007eff741a0800


---------------  P R O C E S S  ---------------

Java Threads: ( => current thread )
  0x00007eff741a7800 JavaThread "pool-2-thread-4" [_thread_blocked, id=14808, stack(0x00007eff43015000,0x00007eff43116000)]
  0x00007eff741a5800 JavaThread "pool-2-thread-3" [_thread_blocked, id=14807, stack(0x00007eff43116000,0x00007eff43217000)]
  0x00007eff741a4000 JavaThread "pool-2-thread-2" [_thread_blocked, id=14806, stack(0x00007eff43217000,0x00007eff43318000)]
  0x00007eff741a3000 JavaThread "pool-3-thread-1" [_thread_blocked, id=14805, stack(0x00007eff43318000,0x00007eff43419000)]
  0x00007eff741a0800 JavaThread "pool-2-thread-1" [_thread_blocked, id=14804, stack(0x00007eff43419000,0x00007eff4351a000)]
  0x00007eff740c0800 JavaThread "Service Thread" daemon [_thread_blocked, id=14802, stack(0x00007eff4361b000,0x00007eff4371c000)]
  0x00007eff740bd000 JavaThread "C1 CompilerThread2" daemon [_thread_blocked, id=14801, stack(0x00007eff4371c000,0x00007eff4381d000)]
  0x00007eff740bb800 JavaThread "C2 CompilerThread1" daemon [_thread_blocked, id=14800, stack(0x00007eff4381d000,0x00007eff4391e000)]
  0x00007eff740b8800 JavaThread "C2 CompilerThread0" daemon [_thread_blocked, id=14799, stack(0x00007eff6404c000,0x00007eff6414d000)]
  0x00007eff740b7000 JavaThread "Signal Dispatcher" daemon [_thread_blocked, id=14798, stack(0x00007eff6414d000,0x00007eff6424e000)]
  0x00007eff74084000 JavaThread "Finalizer" daemon [_thread_blocked, id=14797, stack(0x00007eff6424e000,0x00007eff6434f000)]
  0x00007eff7407f800 JavaThread "Reference Handler" daemon [_thread_blocked, id=14796, stack(0x00007eff6434f000,0x00007eff64450000)]
  0x00007eff7400a000 JavaThread "main" [_thread_blocked, id=14790, stack(0x00007eff7db44000,0x00007eff7dc45000)]

Other Threads:
=>0x00007eff74078000 VMThread [stack: 0x00007eff64450000,0x00007eff64551000] [id=14795]
  0x00007eff740c3000 WatcherThread [stack: 0x00007eff4351a000,0x00007eff4361b000] [id=14803]

VM state:at safepoint (normal execution)

VM Mutex/Monitor currently owned by a thread:  ([mutex/lock_event])
[0x00007eff740065f0] Threads_lock - owner thread: 0x00007eff74078000
[0x00007eff74006af0] Heap_lock - owner thread: 0x00007eff741a0800

Heap:
 PSYoungGen      total 145408K, used 20979K [0x000000076ab00000, 0x0000000775000000, 0x00000007c0000000)
  eden space 124416K, 0% used [0x000000076ab00000,0x000000076ab00000,0x0000000772480000)
  from space 20992K, 99% used [0x0000000772480000,0x00000007738fce88,0x0000000773900000)
  to   space 18432K, 0% used [0x0000000773900000,0x0000000773900000,0x0000000774b00000)
 ParOldGen       total 84992K, used 31943K [0x00000006c0000000, 0x00000006c5300000, 0x000000076ab00000)
  object space 84992K, 37% used [0x00000006c0000000,0x00000006c1f31ec0,0x00000006c5300000)
 Metaspace       used 6360K, capacity 7192K, committed 7424K, reserved 1056768K
  class space    used 615K, capacity 656K, committed 768K, reserved 1048576K

Card table byte_map: [0x00007eff7a106000,0x00007eff7a907000] byte_map_base: 0x00007eff76b06000

Marking Bits: (ParMarkBitMap*) 0x00007eff7d01cd60
 Begin Bits: [0x00007eff4c000000, 0x00007eff50000000)
 End Bits:   [0x00007eff50000000, 0x00007eff54000000)

Polling page: 0x00007eff7dc65000

CodeCache: size=245760Kb used=7196Kb max_used=7196Kb free=238563Kb
 bounds [0x00007eff65000000, 0x00007eff65710000, 0x00007eff74000000]
 total_blobs=2173 nmethods=1904 adapters=182
 compilation: enabled

Compilation events (10 events):
Event: 3.105 Thread 0x00007eff740bd000 2048       2       com.android.dx.dex.file.AnnotationsDirectoryItem::addMethodAnnotations (44 bytes)
Event: 3.106 Thread 0x00007eff740bd000 nmethod 2048 0x00007eff65704b50 code [0x00007eff65704d00, 0x00007eff65705168]
Event: 3.106 Thread 0x00007eff740bd000 2049       2       com.android.dx.dex.file.MethodAnnotationStruct::<init> (43 bytes)
Event: 3.106 Thread 0x00007eff740bd000 nmethod 2049 0x00007eff65705490 code [0x00007eff65705620, 0x00007eff657058f8]
Event: 3.121 Thread 0x00007eff740bd000 2051 %     3       com.android.dx.dex.file.AnnotationUtils::makeSignature @ 65 (251 bytes)
Event: 3.128 Thread 0x00007eff740bd000 nmethod 2051% 0x00007eff65705a50 code [0x00007eff65705ec0, 0x00007eff65708ae8]
Event: 3.128 Thread 0x00007eff740bd000 2050   !   2       com.android.dx.rop.cst.CstType::intern (48 bytes)
Event: 3.129 Thread 0x00007eff740bd000 nmethod 2050 0x00007eff6570aa10 code [0x00007eff6570abc0, 0x00007eff6570b0c8]
Event: 3.148 Thread 0x00007eff740bd000 2053       3       com.android.dx.rop.code.LocalVariableExtractor::doit (49 bytes)
Event: 3.150 Thread 0x00007eff740bd000 nmethod 2053 0x00007eff6570b610 code [0x00007eff6570b7c0, 0x00007eff6570bc78]

GC Heap History (10 events):
Event: 1.108 GC heap after
Heap after GC invocations=2 (full 0):
 PSYoungGen      total 36864K, used 5115K [0x000000076ab00000, 0x000000076f300000, 0x00000007c0000000)
  eden space 31744K, 0% used [0x000000076ab00000,0x000000076ab00000,0x000000076ca00000)
  from space 5120K, 99% used [0x000000076cf00000,0x000000076d3fef98,0x000000076d400000)
  to   space 5120K, 0% used [0x000000076ca00000,0x000000076ca00000,0x000000076cf00000)
 ParOldGen       total 84992K, used 1547K [0x00000006c0000000, 0x00000006c5300000, 0x000000076ab00000)
  object space 84992K, 1% used [0x00000006c0000000,0x00000006c0182fb8,0x00000006c5300000)
 Metaspace       used 5863K, capacity 6832K, committed 7040K, reserved 1056768K
  class space    used 593K, capacity 616K, committed 640K, reserved 1048576K
}
Event: 1.373 GC heap before
{Heap before GC invocations=3 (full 0):
 PSYoungGen      total 36864K, used 36859K [0x000000076ab00000, 0x000000076f300000, 0x00000007c0000000)
  eden space 31744K, 100% used [0x000000076ab00000,0x000000076ca00000,0x000000076ca00000)
  from space 5120K, 99% used [0x000000076cf00000,0x000000076d3fef98,0x000000076d400000)
  to   space 5120K, 0% used [0x000000076ca00000,0x000000076ca00000,0x000000076cf00000)
 ParOldGen       total 84992K, used 1547K [0x00000006c0000000, 0x00000006c5300000, 0x000000076ab00000)
  object space 84992K, 1% used [0x00000006c0000000,0x00000006c0182fb8,0x00000006c5300000)
 Metaspace       used 5933K, capacity 6896K, committed 7040K, reserved 1056768K
  class space    used 594K, capacity 616K, committed 640K, reserved 1048576K
Event: 1.398 GC heap after
Heap after GC invocations=3 (full 0):
 PSYoungGen      total 36864K, used 5103K [0x000000076ab00000, 0x000000076f300000, 0x00000007c0000000)
  eden space 31744K, 0% used [0x000000076ab00000,0x000000076ab00000,0x000000076ca00000)
  from space 5120K, 99% used [0x000000076ca00000,0x000000076cefbe50,0x000000076cf00000)
  to   space 5120K, 0% used [0x000000076ee00000,0x000000076ee00000,0x000000076f300000)
 ParOldGen       total 84992K, used 6405K [0x00000006c0000000, 0x00000006c5300000, 0x000000076ab00000)
  object space 84992K, 7% used [0x00000006c0000000,0x00000006c0641480,0x00000006c5300000)
 Metaspace       used 5933K, capacity 6896K, committed 7040K, reserved 1056768K
  class space    used 594K, capacity 616K, committed 640K, reserved 1048576K
}
Event: 1.617 GC heap before
{Heap before GC invocations=4 (full 0):
 PSYoungGen      total 36864K, used 36847K [0x000000076ab00000, 0x000000076f300000, 0x00000007c0000000)
  eden space 31744K, 100% used [0x000000076ab00000,0x000000076ca00000,0x000000076ca00000)
  from space 5120K, 99% used [0x000000076ca00000,0x000000076cefbe50,0x000000076cf00000)
  to   space 5120K, 0% used [0x000000076ee00000,0x000000076ee00000,0x000000076f300000)
 ParOldGen       total 84992K, used 6405K [0x00000006c0000000, 0x00000006c5300000, 0x000000076ab00000)
  object space 84992K, 7% used [0x00000006c0000000,0x00000006c0641480,0x00000006c5300000)
 Metaspace       used 5938K, capacity 6896K, committed 7040K, reserved 1056768K
  class space    used 594K, capacity 616K, committed 640K, reserved 1048576K
Event: 1.670 GC heap after
Heap after GC invocations=4 (full 0):
 PSYoungGen      total 68608K, used 5105K [0x000000076ab00000, 0x000000076f300000, 0x00000007c0000000)
  eden space 63488K, 0% used [0x000000076ab00000,0x000000076ab00000,0x000000076e900000)
  from space 5120K, 99% used [0x000000076ee00000,0x000000076f2fc7c0,0x000000076f300000)
  to   space 5120K, 0% used [0x000000076e900000,0x000000076e900000,0x000000076ee00000)
 ParOldGen       total 84992K, used 11681K [0x00000006c0000000, 0x00000006c5300000, 0x000000076ab00000)
  object space 84992K, 13% used [0x00000006c0000000,0x00000006c0b687d0,0x00000006c5300000)
 Metaspace       used 5938K, capacity 6896K, committed 7040K, reserved 1056768K
  class space    used 594K, capacity 616K, committed 640K, reserved 1048576K
}
Event: 2.071 GC heap before
{Heap before GC invocations=5 (full 0):
 PSYoungGen      total 68608K, used 68593K [0x000000076ab00000, 0x000000076f300000, 0x00000007c0000000)
  eden space 63488K, 100% used [0x000000076ab00000,0x000000076e900000,0x000000076e900000)
  from space 5120K, 99% used [0x000000076ee00000,0x000000076f2fc7c0,0x000000076f300000)
  to   space 5120K, 0% used [0x000000076e900000,0x000000076e900000,0x000000076ee00000)
 ParOldGen       total 84992K, used 11681K [0x00000006c0000000, 0x00000006c5300000, 0x000000076ab00000)
  object space 84992K, 13% used [0x00000006c0000000,0x00000006c0b687d0,0x00000006c5300000)
 Metaspace       used 6028K, capacity 6960K, committed 7040K, reserved 1056768K
  class space    used 595K, capacity 616K, committed 640K, reserved 1048576K
Event: 2.101 GC heap after
Heap after GC invocations=5 (full 0):
 PSYoungGen      total 68608K, used 5091K [0x000000076ab00000, 0x0000000774b00000, 0x00000007c0000000)
  eden space 63488K, 0% used [0x000000076ab00000,0x000000076ab00000,0x000000076e900000)
  from space 5120K, 99% used [0x000000076e900000,0x000000076edf8e30,0x000000076ee00000)
  to   space 18432K, 0% used [0x0000000773900000,0x0000000773900000,0x0000000774b00000)
 ParOldGen       total 84992K, used 21034K [0x00000006c0000000, 0x00000006c5300000, 0x000000076ab00000)
  object space 84992K, 24% used [0x00000006c0000000,0x00000006c148aa78,0x00000006c5300000)
 Metaspace       used 6028K, capacity 6960K, committed 7040K, reserved 1056768K
  class space    used 595K, capacity 616K, committed 640K, reserved 1048576K
}
Event: 2.433 GC heap before
{Heap before GC invocations=6 (full 0):
 PSYoungGen      total 68608K, used 68579K [0x000000076ab00000, 0x0000000774b00000, 0x00000007c0000000)
  eden space 63488K, 100% used [0x000000076ab00000,0x000000076e900000,0x000000076e900000)
  from space 5120K, 99% used [0x000000076e900000,0x000000076edf8e30,0x000000076ee00000)
  to   space 18432K, 0% used [0x0000000773900000,0x0000000773900000,0x0000000774b00000)
 ParOldGen       total 84992K, used 21034K [0x00000006c0000000, 0x00000006c5300000, 0x000000076ab00000)
  object space 84992K, 24% used [0x00000006c0000000,0x00000006c148aa78,0x00000006c5300000)
 Metaspace       used 6099K, capacity 7024K, committed 7296K, reserved 1056768K
  class space    used 595K, capacity 616K, committed 640K, reserved 1048576K
Event: 2.463 GC heap after
Heap after GC invocations=6 (full 0):
 PSYoungGen      total 142848K, used 15426K [0x000000076ab00000, 0x0000000775000000, 0x00000007c0000000)
  eden space 124416K, 0% used [0x000000076ab00000,0x000000076ab00000,0x0000000772480000)
  from space 18432K, 83% used [0x0000000773900000,0x0000000774810b70,0x0000000774b00000)
  to   space 20992K, 0% used [0x0000000772480000,0x0000000772480000,0x0000000773900000)
 ParOldGen       total 84992K, used 21034K [0x00000006c0000000, 0x00000006c5300000, 0x000000076ab00000)
  object space 84992K, 24% used [0x00000006c0000000,0x00000006c148aa78,0x00000006c5300000)
 Metaspace       used 6099K, capacity 7024K, committed 7296K, reserved 1056768K
  class space    used 595K, capacity 616K, committed 640K, reserved 1048576K
}
Event: 3.160 GC heap before
{Heap before GC invocations=7 (full 0):
 PSYoungGen      total 142848K, used 139842K [0x000000076ab00000, 0x0000000775000000, 0x00000007c0000000)
  eden space 124416K, 100% used [0x000000076ab00000,0x0000000772480000,0x0000000772480000)
  from space 18432K, 83% used [0x0000000773900000,0x0000000774810b70,0x0000000774b00000)
  to   space 20992K, 0% used [0x0000000772480000,0x0000000772480000,0x0000000773900000)
 ParOldGen       total 84992K, used 21034K [0x00000006c0000000, 0x00000006c5300000, 0x000000076ab00000)
  object space 84992K, 24% used [0x00000006c0000000,0x00000006c148aa78,0x00000006c5300000)
 Metaspace       used 6360K, capacity 7192K, committed 7424K, reserved 1056768K
  class space    used 615K, capacity 656K, committed 768K, reserved 1048576K

Deoptimization events (10 events):
Event: 1.472 Thread 0x00007eff741a0800 Uncommon trap: reason=unstable_if action=reinterpret pc=0x00007eff65327618 method=com.android.dx.rop.code.RegisterSpecSet.put(Lcom/android/dx/rop/code/RegisterSpec;)V @ 77
Event: 1.806 Thread 0x00007eff741a0800 Uncommon trap: reason=unstable_if action=reinterpret pc=0x00007eff6529f358 method=com.android.dx.rop.code.RegisterSpec.equals(ILcom/android/dx/rop/type/TypeBearer;Lcom/android/dx/rop/code/LocalItem;)Z @ 42
Event: 1.858 Thread 0x00007eff7400a000 Uncommon trap: reason=unstable_if action=reinterpret pc=0x00007eff654e42d8 method=com.android.dx.ssa.SCCP.simulateStmt(Lcom/android/dx/ssa/SsaInsn;)V @ 53
Event: 1.875 Thread 0x00007eff741a7800 Uncommon trap: reason=unstable_if action=reinterpret pc=0x00007eff654323ec method=java.util.HashMap.putVal(ILjava/lang/Object;Ljava/lang/Object;ZZ)Ljava/lang/Object; @ 94
Event: 1.987 Thread 0x00007eff741a7800 Uncommon trap: reason=unstable_if action=reinterpret pc=0x00007eff6542defc method=com.android.dx.ssa.SsaMethod.updateOneDefinition(Lcom/android/dx/ssa/SsaInsn;Lcom/android/dx/rop/code/RegisterSpec;)V @ 4
Event: 2.504 Thread 0x00007eff741a0800 Uncommon trap: reason=unstable_if action=reinterpret pc=0x00007eff65340e20 method=java.util.HashMap.putVal(ILjava/lang/Object;Ljava/lang/Object;ZZ)Ljava/lang/Object; @ 162
Event: 2.539 Thread 0x00007eff741a5800 Uncommon trap: reason=unstable_if action=reinterpret pc=0x00007eff654083bc method=java.util.HashMap.getNode(ILjava/lang/Object;)Ljava/util/HashMap$Node; @ 84
Event: 2.632 Thread 0x00007eff741a4000 Uncommon trap: reason=unstable_if action=reinterpret pc=0x00007eff6542254c method=java.util.HashMap.getNode(ILjava/lang/Object;)Ljava/util/HashMap$Node; @ 84
Event: 2.942 Thread 0x00007eff741a0800 Uncommon trap: reason=unstable_if action=reinterpret pc=0x00007eff653d26d8 method=com.android.dx.dex.code.OutputFinisher.hasLocalInfo(Lcom/android/dx/dex/code/DalvInsn;)Z @ 24
Event: 2.997 Thread 0x00007eff741a4000 Uncommon trap: reason=unstable_if action=reinterpret pc=0x00007eff655c7258 method=com.android.dx.ssa.SCCP.simulateBranch(Lcom/android/dx/ssa/SsaInsn;)V @ 64

Internal exceptions (6 events):
Event: 0.060 Thread 0x00007eff7400a000 Exception <a 'java/lang/NoSuchMethodError': Method sun.misc.Unsafe.defineClass(Ljava/lang/String;[BII)Ljava/lang/Class; name or signature does not match> (0x000000076ab07cc0) thrown at [/HUDSON/workspace/8-2-build-linux-amd64/jdk8u91/6644/hotspot/src/shar
Event: 0.060 Thread 0x00007eff7400a000 Exception <a 'java/lang/NoSuchMethodError': Method sun.misc.Unsafe.prefetchRead(Ljava/lang/Object;J)V name or signature does not match> (0x000000076ab07fa8) thrown at [/HUDSON/workspace/8-2-build-linux-amd64/jdk8u91/6644/hotspot/src/share/vm/prims/jni.cpp
Event: 1.230 Thread 0x00007eff7400a000 Implicit null exception at 0x00007eff652d68d8 to 0x00007eff652d96d9
Event: 2.534 Thread 0x00007eff741a0800 Exception <a 'java/lang/ArrayIndexOutOfBoundsException': 18> (0x000000076b0ee2d0) thrown at [/HUDSON/workspace/8-2-build-linux-amd64/jdk8u91/6644/hotspot/src/share/vm/interpreter/interpreterRuntime.cpp, line 366]
Event: 2.534 Thread 0x00007eff741a0800 Exception <a 'java/lang/ArrayIndexOutOfBoundsException': 145> (0x000000076b0efe50) thrown at [/HUDSON/workspace/8-2-build-linux-amd64/jdk8u91/6644/hotspot/src/share/vm/interpreter/interpreterRuntime.cpp, line 366]
Event: 2.538 Thread 0x00007eff741a0800 Exception <a 'java/lang/ArrayIndexOutOfBoundsException'> (0x000000076b0f1138) thrown at [/HUDSON/workspace/8-2-build-linux-amd64/jdk8u91/6644/hotspot/src/share/vm/runtime/sharedRuntime.cpp, line 605]

Events (10 events):
Event: 2.997 Thread 0x00007eff741a4000 DEOPT UNPACKING pc=0x00007eff65005229 sp=0x00007eff43315b60 mode 2
Event: 3.045 Thread 0x00007eff741a7800 DEOPT PACKING pc=0x00007eff65518702 sp=0x00007eff43114080
Event: 3.045 Thread 0x00007eff741a7800 DEOPT UNPACKING pc=0x00007eff65047633 sp=0x00007eff43113e30 mode 0
Event: 3.067 Thread 0x00007eff741a4000 DEOPT PACKING pc=0x00007eff65595280 sp=0x00007eff433159c0
Event: 3.067 Thread 0x00007eff741a4000 DEOPT UNPACKING pc=0x00007eff65047633 sp=0x00007eff433157a0 mode 0
Event: 3.122 Thread 0x00007eff741a7800 DEOPT PACKING pc=0x00007eff6548328a sp=0x00007eff43114020
Event: 3.123 Thread 0x00007eff741a7800 DEOPT UNPACKING pc=0x00007eff65047633 sp=0x00007eff43113d60 mode 0
Event: 3.150 Thread 0x00007eff741a0800 DEOPT PACKING pc=0x00007eff6552e317 sp=0x00007eff43517f50
Event: 3.150 Thread 0x00007eff741a0800 DEOPT UNPACKING pc=0x00007eff65047633 sp=0x00007eff43517cc0 mode 0
Event: 3.153 Executing VM operation: ParallelGCFailedAllocation


Dynamic libraries:
00400000-00401000 r-xp 00000000 08:01 1454135                            /usr/lib/jvm/java-8-oracle/bin/java
00600000-00601000 rw-p 00000000 08:01 1454135                            /usr/lib/jvm/java-8-oracle/bin/java
01eeb000-01f0c000 rw-p 00000000 00:00 0                                  [heap]
6c0000000-6c5300000 rw-p 00000000 00:00 0 
6c5300000-76ab00000 ---p 00000000 00:00 0 
76ab00000-775000000 rw-p 00000000 00:00 0 
77d900000-7c0000000 ---p 00000000 00:00 0 
7c0000000-7c00c0000 rw-p 00000000 00:00 0 
7c00c0000-800000000 ---p 00000000 00:00 0 
7eff10000000-7eff10021000 rw-p 00000000 00:00 0 
7eff10021000-7eff14000000 ---p 00000000 00:00 0 
7eff14000000-7eff14021000 rw-p 00000000 00:00 0 
7eff14021000-7eff18000000 ---p 00000000 00:00 0 
7eff18000000-7eff18021000 rw-p 00000000 00:00 0 
7eff18021000-7eff1c000000 ---p 00000000 00:00 0 
7eff1c000000-7eff1c021000 rw-p 00000000 00:00 0 
7eff1c021000-7eff20000000 ---p 00000000 00:00 0 
7eff20000000-7eff20021000 rw-p 00000000 00:00 0 
7eff20021000-7eff24000000 ---p 00000000 00:00 0 
7eff24000000-7eff24033000 rw-p 00000000 00:00 0 
7eff24033000-7eff28000000 ---p 00000000 00:00 0 
7eff28000000-7eff286cf000 rw-p 00000000 00:00 0 
7eff286cf000-7eff2c000000 ---p 00000000 00:00 0 
7eff2c000000-7eff2c021000 rw-p 00000000 00:00 0 
7eff2c021000-7eff30000000 ---p 00000000 00:00 0 
7eff30000000-7eff30cf2000 rw-p 00000000 00:00 0 
7eff30cf2000-7eff34000000 ---p 00000000 00:00 0 
7eff34000000-7eff348be000 rw-p 00000000 00:00 0 
7eff348be000-7eff38000000 ---p 00000000 00:00 0 
7eff38000000-7eff38021000 rw-p 00000000 00:00 0 
7eff38021000-7eff3c000000 ---p 00000000 00:00 0 
7eff3c000000-7eff3c021000 rw-p 00000000 00:00 0 
7eff3c021000-7eff40000000 ---p 00000000 00:00 0 
7eff43015000-7eff43018000 ---p 00000000 00:00 0 
7eff43018000-7eff43116000 rw-p 00000000 00:00 0 
7eff43116000-7eff43119000 ---p 00000000 00:00 0 
7eff43119000-7eff43217000 rw-p 00000000 00:00 0 
7eff43217000-7eff4321a000 ---p 00000000 00:00 0 
7eff4321a000-7eff43318000 rw-p 00000000 00:00 0 
7eff43318000-7eff4331b000 ---p 00000000 00:00 0 
7eff4331b000-7eff43419000 rw-p 00000000 00:00 0 
7eff43419000-7eff4341c000 ---p 00000000 00:00 0 
7eff4341c000-7eff4351a000 rw-p 00000000 00:00 0 
7eff4351a000-7eff4351b000 ---p 00000000 00:00 0 
7eff4351b000-7eff4361b000 rw-p 00000000 00:00 0 
7eff4361b000-7eff4361e000 ---p 00000000 00:00 0 
7eff4361e000-7eff4371c000 rw-p 00000000 00:00 0 
7eff4371c000-7eff4371f000 ---p 00000000 00:00 0 
7eff4371f000-7eff4381d000 rw-p 00000000 00:00 0 
7eff4381d000-7eff43820000 ---p 00000000 00:00 0 
7eff43820000-7eff4391e000 rw-p 00000000 00:00 0 
7eff4391e000-7eff44000000 r--p 00000000 08:01 1448881                    /usr/lib/locale/locale-archive
7eff44000000-7eff4428c000 rw-p 00000000 00:00 0 
7eff4428c000-7eff48000000 ---p 00000000 00:00 0 
7eff48000000-7eff48021000 rw-p 00000000 00:00 0 
7eff48021000-7eff4c000000 ---p 00000000 00:00 0 
7eff4c000000-7eff54000000 rw-p 00000000 00:00 0 
7eff54000000-7eff54021000 rw-p 00000000 00:00 0 
7eff54021000-7eff58000000 ---p 00000000 00:00 0 
7eff58000000-7eff58021000 rw-p 00000000 00:00 0 
7eff58021000-7eff5c000000 ---p 00000000 00:00 0 
7eff5c000000-7eff5c021000 rw-p 00000000 00:00 0 
7eff5c021000-7eff60000000 ---p 00000000 00:00 0 
7eff60000000-7eff60021000 rw-p 00000000 00:00 0 
7eff60021000-7eff64000000 ---p 00000000 00:00 0 
7eff64016000-7eff6404c000 r--s 002b8000 08:05 4855617                    /home/onmymobile/AndroidStudioProjects/Heritage/SmsCapture (2)/app/build/intermediates/transforms/jarMerging/release/jars/1/1f/combined.jar
7eff6404c000-7eff6404f000 ---p 00000000 00:00 0 
7eff6404f000-7eff6414d000 rw-p 00000000 00:00 0 
7eff6414d000-7eff64150000 ---p 00000000 00:00 0 
7eff64150000-7eff6424e000 rw-p 00000000 00:00 0 
7eff6424e000-7eff64251000 ---p 00000000 00:00 0 
7eff64251000-7eff6434f000 rw-p 00000000 00:00 0 
7eff6434f000-7eff64352000 ---p 00000000 00:00 0 
7eff64352000-7eff64450000 rw-p 00000000 00:00 0 
7eff64450000-7eff64451000 ---p 00000000 00:00 0 
7eff64451000-7eff65000000 rw-p 00000000 00:00 0 
7eff65000000-7eff65710000 rwxp 00000000 00:00 0 
7eff65710000-7eff74000000 ---p 00000000 00:00 0 
7eff74000000-7eff74396000 rw-p 00000000 00:00 0 
7eff74396000-7eff78000000 ---p 00000000 00:00 0 
7eff78009000-7eff7855d000 rw-p 00000000 00:00 0 
7eff7855d000-7eff78736000 r--s 03d1f000 08:01 1452558                    /usr/lib/jvm/java-8-oracle/jre/lib/rt.jar
7eff78736000-7eff78e2c000 rw-p 00000000 00:00 0 
7eff78e2c000-7eff78fac000 ---p 00000000 00:00 0 
7eff78fac000-7eff797ac000 rw-p 00000000 00:00 0 
7eff797ac000-7eff797ad000 ---p 00000000 00:00 0 
7eff797ad000-7eff798ad000 rw-p 00000000 00:00 0 
7eff798ad000-7eff798ae000 ---p 00000000 00:00 0 
7eff798ae000-7eff799ae000 rw-p 00000000 00:00 0 
7eff799ae000-7eff799af000 ---p 00000000 00:00 0 
7eff799af000-7eff79aaf000 rw-p 00000000 00:00 0 
7eff79aaf000-7eff79ab0000 ---p 00000000 00:00 0 
7eff79ab0000-7eff79bda000 rw-p 00000000 00:00 0 
7eff79bda000-7eff7a106000 ---p 00000000 00:00 0 
7eff7a106000-7eff7a130000 rw-p 00000000 00:00 0 
7eff7a130000-7eff7a65b000 ---p 00000000 00:00 0 
7eff7a65b000-7eff7a6ae000 rw-p 00000000 00:00 0 
7eff7a6ae000-7eff7a906000 ---p 00000000 00:00 0 
7eff7a906000-7eff7a924000 rw-p 00000000 00:00 0 
7eff7a924000-7eff7acc7000 ---p 00000000 00:00 0 
7eff7acc7000-7eff7ace1000 r-xp 00000000 08:01 1452613                    /usr/lib/jvm/java-8-oracle/jre/lib/amd64/libzip.so
7eff7ace1000-7eff7aee1000 ---p 0001a000 08:01 1452613                    /usr/lib/jvm/java-8-oracle/jre/lib/amd64/libzip.so
7eff7aee1000-7eff7aee2000 rw-p 0001a000 08:01 1452613                    /usr/lib/jvm/java-8-oracle/jre/lib/amd64/libzip.so
7eff7aee2000-7eff7aeec000 r-xp 00000000 08:01 7078098                    /lib/x86_64-linux-gnu/libnss_files-2.19.so
7eff7aeec000-7eff7b0eb000 ---p 0000a000 08:01 7078098                    /lib/x86_64-linux-gnu/libnss_files-2.19.so
7eff7b0eb000-7eff7b0ec000 r--p 00009000 08:01 7078098                    /lib/x86_64-linux-gnu/libnss_files-2.19.so
7eff7b0ec000-7eff7b0ed000 rw-p 0000a000 08:01 7078098                    /lib/x86_64-linux-gnu/libnss_files-2.19.so
7eff7b0ed000-7eff7b0f8000 r-xp 00000000 08:01 7078090                    /lib/x86_64-linux-gnu/libnss_nis-2.19.so
7eff7b0f8000-7eff7b2f7000 ---p 0000b000 08:01 7078090                    /lib/x86_64-linux-gnu/libnss_nis-2.19.so
7eff7b2f7000-7eff7b2f8000 r--p 0000a000 08:01 7078090                    /lib/x86_64-linux-gnu/libnss_nis-2.19.so
7eff7b2f8000-7eff7b2f9000 rw-p 0000b000 08:01 7078090                    /lib/x86_64-linux-gnu/libnss_nis-2.19.so
7eff7b2f9000-7eff7b310000 r-xp 00000000 08:01 7078086                    /lib/x86_64-linux-gnu/libnsl-2.19.so
7eff7b310000-7eff7b50f000 ---p 00017000 08:01 7078086                    /lib/x86_64-linux-gnu/libnsl-2.19.so
7eff7b50f000-7eff7b510000 r--p 00016000 08:01 7078086                    /lib/x86_64-linux-gnu/libnsl-2.19.so
7eff7b510000-7eff7b511000 rw-p 00017000 08:01 7078086                    /lib/x86_64-linux-gnu/libnsl-2.19.so
7eff7b511000-7eff7b513000 rw-p 00000000 00:00 0 
7eff7b513000-7eff7b51c000 r-xp 00000000 08:01 7078085                    /lib/x86_64-linux-gnu/libnss_compat-2.19.so
7eff7b51c000-7eff7b71b000 ---p 00009000 08:01 7078085                    /lib/x86_64-linux-gnu/libnss_compat-2.19.so
7eff7b71b000-7eff7b71c000 r--p 00008000 08:01 7078085                    /lib/x86_64-linux-gnu/libnss_compat-2.19.so
7eff7b71c000-7eff7b71d000 rw-p 00009000 08:01 7078085                    /lib/x86_64-linux-gnu/libnss_compat-2.19.so
7eff7b71d000-7eff7b747000 r-xp 00000000 08:01 1452593                    /usr/lib/jvm/java-8-oracle/jre/lib/amd64/libjava.so
7eff7b747000-7eff7b947000 ---p 0002a000 08:01 1452593                    /usr/lib/jvm/java-8-oracle/jre/lib/amd64/libjava.so
7eff7b947000-7eff7b949000 rw-p 0002a000 08:01 1452593                    /usr/lib/jvm/java-8-oracle/jre/lib/amd64/libjava.so
7eff7b949000-7eff7b956000 r-xp 00000000 08:01 1452610                    /usr/lib/jvm/java-8-oracle/jre/lib/amd64/libverify.so
7eff7b956000-7eff7bb56000 ---p 0000d000 08:01 1452610                    /usr/lib/jvm/java-8-oracle/jre/lib/amd64/libverify.so
7eff7bb56000-7eff7bb58000 rw-p 0000d000 08:01 1452610                    /usr/lib/jvm/java-8-oracle/jre/lib/amd64/libverify.so
7eff7bb58000-7eff7bb5f000 r-xp 00000000 08:01 7078094                    /lib/x86_64-linux-gnu/librt-2.19.so
7eff7bb5f000-7eff7bd5e000 ---p 00007000 08:01 7078094                    /lib/x86_64-linux-gnu/librt-2.19.so
7eff7bd5e000-7eff7bd5f000 r--p 00006000 08:01 7078094                    /lib/x86_64-linux-gnu/librt-2.19.so
7eff7bd5f000-7eff7bd60000 rw-p 00007000 08:01 7078094                    /lib/x86_64-linux-gnu/librt-2.19.so
7eff7bd60000-7eff7be65000 r-xp 00000000 08:01 7078080                    /lib/x86_64-linux-gnu/libm-2.19.so
7eff7be65000-7eff7c064000 ---p 00105000 08:01 7078080                    /lib/x86_64-linux-gnu/libm-2.19.so
7eff7c064000-7eff7c065000 r--p 00104000 08:01 7078080                    /lib/x86_64-linux-gnu/libm-2.19.so
7eff7c065000-7eff7c066000 rw-p 00105000 08:01 7078080                    /lib/x86_64-linux-gnu/libm-2.19.so
7eff7c066000-7eff7cd26000 r-xp 00000000 08:01 1452601                    /usr/lib/jvm/java-8-oracle/jre/lib/amd64/server/libjvm.so
7eff7cd26000-7eff7cf26000 ---p 00cc0000 08:01 1452601                    /usr/lib/jvm/java-8-oracle/jre/lib/amd64/server/libjvm.so
7eff7cf26000-7eff7cffe000 rw-p 00cc0000 08:01 1452601                    /usr/lib/jvm/java-8-oracle/jre/lib/amd64/server/libjvm.so
7eff7cffe000-7eff7d049000 rw-p 00000000 00:00 0 
7eff7d049000-7eff7d203000 r-xp 00000000 08:01 7078095                    /lib/x86_64-linux-gnu/libc-2.19.so
7eff7d203000-7eff7d403000 ---p 001ba000 08:01 7078095                    /lib/x86_64-linux-gnu/libc-2.19.so
7eff7d403000-7eff7d407000 r--p 001ba000 08:01 7078095                    /lib/x86_64-linux-gnu/libc-2.19.so
7eff7d407000-7eff7d409000 rw-p 001be000 08:01 7078095                    /lib/x86_64-linux-gnu/libc-2.19.so
7eff7d409000-7eff7d40e000 rw-p 00000000 00:00 0 
7eff7d40e000-7eff7d411000 r-xp 00000000 08:01 7078082                    /lib/x86_64-linux-gnu/libdl-2.19.so
7eff7d411000-7eff7d610000 ---p 00003000 08:01 7078082                    /lib/x86_64-linux-gnu/libdl-2.19.so
7eff7d610000-7eff7d611000 r--p 00002000 08:01 7078082                    /lib/x86_64-linux-gnu/libdl-2.19.so
7eff7d611000-7eff7d612000 rw-p 00003000 08:01 7078082                    /lib/x86_64-linux-gnu/libdl-2.19.so
7eff7d612000-7eff7d627000 r-xp 00000000 08:01 1454079                    /usr/lib/jvm/java-8-oracle/lib/amd64/jli/libjli.so
7eff7d627000-7eff7d827000 ---p 00015000 08:01 1454079                    /usr/lib/jvm/java-8-oracle/lib/amd64/jli/libjli.so
7eff7d827000-7eff7d828000 rw-p 00015000 08:01 1454079                    /usr/lib/jvm/java-8-oracle/lib/amd64/jli/libjli.so
7eff7d828000-7eff7d841000 r-xp 00000000 08:01 7078087                    /lib/x86_64-linux-gnu/libpthread-2.19.so
7eff7d841000-7eff7da40000 ---p 00019000 08:01 7078087                    /lib/x86_64-linux-gnu/libpthread-2.19.so
7eff7da40000-7eff7da41000 r--p 00018000 08:01 7078087                    /lib/x86_64-linux-gnu/libpthread-2.19.so
7eff7da41000-7eff7da42000 rw-p 00019000 08:01 7078087                    /lib/x86_64-linux-gnu/libpthread-2.19.so
7eff7da42000-7eff7da46000 rw-p 00000000 00:00 0 
7eff7da46000-7eff7da69000 r-xp 00000000 08:01 7078088                    /lib/x86_64-linux-gnu/ld-2.19.so
7eff7da71000-7eff7db44000 rw-p 00000000 00:00 0 
7eff7db44000-7eff7db47000 ---p 00000000 00:00 0 
7eff7db47000-7eff7dc49000 rw-p 00000000 00:00 0 
7eff7dc4c000-7eff7dc4d000 rw-p 00000000 00:00 0 
7eff7dc4d000-7eff7dc5c000 r--s 000df000 08:05 264644                     /home/onmymobile/Android/Sdk/build-tools/23.0.3/lib/dx.jar
7eff7dc5c000-7eff7dc64000 rw-s 00000000 08:01 524415                     /tmp/hsperfdata_onmymobile/14786
7eff7dc64000-7eff7dc65000 rw-p 00000000 00:00 0 
7eff7dc65000-7eff7dc66000 ---p 00000000 00:00 0 
7eff7dc66000-7eff7dc68000 rw-p 00000000 00:00 0 
7eff7dc68000-7eff7dc69000 r--p 00022000 08:01 7078088                    /lib/x86_64-linux-gnu/ld-2.19.so
7eff7dc69000-7eff7dc6a000 rw-p 00023000 08:01 7078088                    /lib/x86_64-linux-gnu/ld-2.19.so
7eff7dc6a000-7eff7dc6b000 rw-p 00000000 00:00 0 
7ffd04215000-7ffd04236000 rw-p 00000000 00:00 0                          [stack]
7ffd042ca000-7ffd042cc000 r--p 00000000 00:00 0                          [vvar]
7ffd042cc000-7ffd042ce000 r-xp 00000000 00:00 0                          [vdso]
ffffffffff600000-ffffffffff601000 r-xp 00000000 00:00 0                  [vsyscall]

VM Arguments:
jvm_args: -Djava.awt.headless=true -Xmx4g -Dfile.encoding=UTF-8 -Duser.country=IN -Duser.language=en -Duser.variant 
java_command: com.android.dx.command.Main --dex --num-threads=4 --multi-dex --main-dex-list /home/onmymobile/AndroidStudioProjects/Heritage/SmsCapture (2)/app/build/intermediates/multi-dex/release/maindexlist.txt --output /home/onmymobile/AndroidStudioProjects/Heritage/SmsCapture (2)/app/build/intermediates/transforms/dex/release/folders/1000/1f/main /home/onmymobile/AndroidStudioProjects/Heritage/SmsCapture (2)/app/build/intermediates/transforms/jarMerging/release/jars/1/1f/combined.jar
java_class_path (initial): /home/onmymobile/Android/Sdk/build-tools/23.0.3/lib/dx.jar
Launcher Type: SUN_STANDARD

Environment Variables:
JAVA_HOME=/usr/lib/jvm/java-8-oracle
PATH=/home/onmymobile/bin:/usr/local/sbin:/usr/local/bin:/usr/sbin:/usr/bin:/sbin:/bin:/usr/games:/usr/local/games:/usr/lib/jvm/java-8-oracle/bin:/usr/lib/jvm/java-8-oracle/db/bin:/usr/lib/jvm/java-8-oracle/jre/bin
SHELL=/bin/bash
DISPLAY=:0

Signal Handlers:
SIGSEGV: [libjvm.so+0xabca10], sa_mask[0]=11111111011111111101111111111110, sa_flags=SA_RESTART|SA_SIGINFO
SIGBUS: [libjvm.so+0xabca10], sa_mask[0]=11111111011111111101111111111110, sa_flags=SA_RESTART|SA_SIGINFO
SIGFPE: [libjvm.so+0x919a20], sa_mask[0]=11111111011111111101111111111110, sa_flags=SA_RESTART|SA_SIGINFO
SIGPIPE: [libjvm.so+0x919a20], sa_mask[0]=11111111011111111101111111111110, sa_flags=SA_RESTART|SA_SIGINFO
SIGXFSZ: [libjvm.so+0x919a20], sa_mask[0]=11111111011111111101111111111110, sa_flags=SA_RESTART|SA_SIGINFO
SIGILL: [libjvm.so+0x919a20], sa_mask[0]=11111111011111111101111111111110, sa_flags=SA_RESTART|SA_SIGINFO
SIGUSR1: SIG_DFL, sa_mask[0]=00000000000000000000000000000000, sa_flags=none
SIGUSR2: [libjvm.so+0x91b050], sa_mask[0]=00100000000000000000000000000000, sa_flags=SA_RESTART|SA_SIGINFO
SIGHUP: [libjvm.so+0x91c450], sa_mask[0]=11111111011111111101111111111110, sa_flags=SA_RESTART|SA_SIGINFO
SIGINT: [libjvm.so+0x91c450], sa_mask[0]=11111111011111111101111111111110, sa_flags=SA_RESTART|SA_SIGINFO
SIGTERM: [libjvm.so+0x91c450], sa_mask[0]=11111111011111111101111111111110, sa_flags=SA_RESTART|SA_SIGINFO
SIGQUIT: [libjvm.so+0x91c450], sa_mask[0]=11111111011111111101111111111110, sa_flags=SA_RESTART|SA_SIGINFO


---------------  S Y S T E M  ---------------

OS:DISTRIB_ID=Ubuntu
DISTRIB_RELEASE=14.04
DISTRIB_CODENAME=trusty
DISTRIB_DESCRIPTION="Ubuntu 14.04.4 LTS"

uname:Linux 4.2.0-42-generic #49~14.04.1-Ubuntu SMP Wed Jun 29 20:22:11 UTC 2016 x86_64
libc:glibc 2.19 NPTL 2.19 
rlimit: STACK 8192k, CORE 0k, NPROC 31336, NOFILE 4096, AS infinity
load average:2.02 1.87 1.86

/proc/meminfo:
MemTotal:        8044164 kB
MemFree:          130604 kB
MemAvailable:     114384 kB
Buffers:            2484 kB
Cached:          1146660 kB
SwapCached:            0 kB
Active:          6740276 kB
Inactive:         945744 kB
Active(anon):    6695764 kB
Inactive(anon):   901232 kB
Active(file):      44512 kB
Inactive(file):    44512 kB
Unevictable:         156 kB
Mlocked:             156 kB
SwapTotal:             0 kB
SwapFree:              0 kB
Dirty:             45672 kB
Writeback:            40 kB
AnonPages:       6537312 kB
Mapped:           493708 kB
Shmem:           1059848 kB
Slab:              91108 kB
SReclaimable:      47472 kB
SUnreclaim:        43636 kB
KernelStack:       12544 kB
PageTables:        66364 kB
NFS_Unstable:          0 kB
Bounce:                0 kB
WritebackTmp:          0 kB
CommitLimit:     4022080 kB
Committed_AS:   13807856 kB
VmallocTotal:   34359738367 kB
VmallocUsed:      358888 kB
VmallocChunk:   34358947836 kB
HardwareCorrupted:     0 kB
AnonHugePages:   3913728 kB
CmaTotal:              0 kB
CmaFree:               0 kB
HugePages_Total:       0
HugePages_Free:        0
HugePages_Rsvd:        0
HugePages_Surp:        0
Hugepagesize:       2048 kB
DirectMap4k:      187936 kB
DirectMap2M:     8069120 kB


CPU:total 4 (2 cores per cpu, 2 threads per core) family 6 model 58 stepping 9, cmov, cx8, fxsr, mmx, sse, sse2, sse3, ssse3, sse4.1, sse4.2, popcnt, avx, aes, clmul, erms, ht, tsc, tscinvbit, tscinv

/proc/cpuinfo:
processor	: 0
vendor_id	: GenuineIntel
cpu family	: 6
model		: 58
model name	: Intel(R) Core(TM) i5-3340M CPU @ 2.70GHz
stepping	: 9
microcode	: 0x15
cpu MHz		: 3046.253
cache size	: 3072 KB
physical id	: 0
siblings	: 4
core id		: 0
cpu cores	: 2
apicid		: 0
initial apicid	: 0
fpu		: yes
fpu_exception	: yes
cpuid level	: 13
wp		: yes
flags		: fpu vme de pse tsc msr pae mce cx8 apic sep mtrr pge mca cmov pat pse36 clflush dts acpi mmx fxsr sse sse2 ss ht tm pbe syscall nx rdtscp lm constant_tsc arch_perfmon pebs bts rep_good nopl xtopology nonstop_tsc aperfmperf eagerfpu pni pclmulqdq dtes64 monitor ds_cpl vmx smx est tm2 ssse3 cx16 xtpr pdcm pcid sse4_1 sse4_2 x2apic popcnt tsc_deadline_timer aes xsave avx f16c rdrand lahf_lm ida arat epb pln pts dtherm tpr_shadow vnmi flexpriority ept vpid fsgsbase smep erms xsaveopt
bugs		:
bogomips	: 5382.55
clflush size	: 64
cache_alignment	: 64
address sizes	: 36 bits physical, 48 bits virtual
power management:

processor	: 1
vendor_id	: GenuineIntel
cpu family	: 6
model		: 58
model name	: Intel(R) Core(TM) i5-3340M CPU @ 2.70GHz
stepping	: 9
microcode	: 0x15
cpu MHz		: 3186.843
cache size	: 3072 KB
physical id	: 0
siblings	: 4
core id		: 1
cpu cores	: 2
apicid		: 2
initial apicid	: 2
fpu		: yes
fpu_exception	: yes
cpuid level	: 13
wp		: yes
flags		: fpu vme de pse tsc msr pae mce cx8 apic sep mtrr pge mca cmov pat pse36 clflush dts acpi mmx fxsr sse sse2 ss ht tm pbe syscall nx rdtscp lm constant_tsc arch_perfmon pebs bts rep_good nopl xtopology nonstop_tsc aperfmperf eagerfpu pni pclmulqdq dtes64 monitor ds_cpl vmx smx est tm2 ssse3 cx16 xtpr pdcm pcid sse4_1 sse4_2 x2apic popcnt tsc_deadline_timer aes xsave avx f16c rdrand lahf_lm ida arat epb pln pts dtherm tpr_shadow vnmi flexpriority ept vpid fsgsbase smep erms xsaveopt
bugs		:
bogomips	: 5382.55
clflush size	: 64
cache_alignment	: 64
address sizes	: 36 bits physical, 48 bits virtual
power management:

processor	: 2
vendor_id	: GenuineIntel
cpu family	: 6
model		: 58
model name	: Intel(R) Core(TM) i5-3340M CPU @ 2.70GHz
stepping	: 9
microcode	: 0x15
cpu MHz		: 3100.886
cache size	: 3072 KB
physical id	: 0
siblings	: 4
core id		: 0
cpu cores	: 2
apicid		: 1
initial apicid	: 1
fpu		: yes
fpu_exception	: yes
cpuid level	: 13
wp		: yes
flags		: fpu vme de pse tsc msr pae mce cx8 apic sep mtrr pge mca cmov pat pse36 clflush dts acpi mmx fxsr sse sse2 ss ht tm pbe syscall nx rdtscp lm constant_tsc arch_perfmon pebs bts rep_good nopl xtopology nonstop_tsc aperfmperf eagerfpu pni pclmulqdq dtes64 monitor ds_cpl vmx smx est tm2 ssse3 cx16 xtpr pdcm pcid sse4_1 sse4_2 x2apic popcnt tsc_deadline_timer aes xsave avx f16c rdrand lahf_lm ida arat epb pln pts dtherm tpr_shadow vnmi flexpriority ept vpid fsgsbase smep erms xsaveopt
bugs		:
bogomips	: 5382.55
clflush size	: 64
cache_alignment	: 64
address sizes	: 36 bits physical, 48 bits virtual
power management:

processor	: 3
vendor_id	: GenuineIntel
cpu family	: 6
model		: 58
model name	: Intel(R) Core(TM) i5-3340M CPU @ 2.70GHz
stepping	: 9
microcode	: 0x15
cpu MHz		: 3185.894
cache size	: 3072 KB
physical id	: 0
siblings	: 4
core id		: 1
cpu cores	: 2
apicid		: 3
initial apicid	: 3
fpu		: yes
fpu_exception	: yes
cpuid level	: 13
wp		: yes
flags		: fpu vme de pse tsc msr pae mce cx8 apic sep mtrr pge mca cmov pat pse36 clflush dts acpi mmx fxsr sse sse2 ss ht tm pbe syscall nx rdtscp lm constant_tsc arch_perfmon pebs bts rep_good nopl xtopology nonstop_tsc aperfmperf eagerfpu pni pclmulqdq dtes64 monitor ds_cpl vmx smx est tm2 ssse3 cx16 xtpr pdcm pcid sse4_1 sse4_2 x2apic popcnt tsc_deadline_timer aes xsave avx f16c rdrand lahf_lm ida arat epb pln pts dtherm tpr_shadow vnmi flexpriority ept vpid fsgsbase smep erms xsaveopt
bugs		:
bogomips	: 5382.55
clflush size	: 64
cache_alignment	: 64
address sizes	: 36 bits physical, 48 bits virtual
power management:



Memory: 4k page, physical 8044164k(131220k free), swap 0k(0k free)

vm_info: Java HotSpot(TM) 64-Bit Server VM (25.91-b14) for linux-amd64 JRE (1.8.0_91-b14), built on Apr  1 2016 00:57:21 by "java_re" with gcc 4.3.0 20080428 (Red Hat 4.3.0-8)

time: Thu Jul 21 15:56:24 2016
elapsed time: 3 seconds (0d 0h 0m 3s)

