#
# There is insufficient memory for the Java Runtime Environment to continue.
# Native memory allocation (mmap) failed to map 65011712 bytes for committing reserved memory.
# Possible reasons:
#   The system is out of physical RAM or swap space
#   In 32 bit mode, the process size limit was hit
# Possible solutions:
#   Reduce memory load on the system
#   Increase physical memory or swap space
#   Check if swap backing store is full
#   Use 64 bit Java on a 64 bit OS
#   Decrease Java heap size (-Xmx/-Xms)
#   Decrease number of Java threads
#   Decrease Java thread stack sizes (-Xss)
#   Set larger code cache with -XX:ReservedCodeCacheSize=
# This output file may be truncated or incomplete.
#
#  Out of Memory Error (os_linux.cpp:2627), pid=15862, tid=139999648618240
#
# JRE version: Java(TM) SE Runtime Environment (8.0_91-b14) (build 1.8.0_91-b14)
# Java VM: Java HotSpot(TM) 64-Bit Server VM (25.91-b14 mixed mode linux-amd64 compressed oops)
# Failed to write core dump. Core dumps have been disabled. To enable core dumping, try "ulimit -c unlimited" before starting Java again
#

---------------  T H R E A D  ---------------

Current thread (0x00007f5450078000):  VMThread [stack: 0x00007f5435431000,0x00007f5435532000] [id=15873]

Stack: [0x00007f5435431000,0x00007f5435532000],  sp=0x00007f54355301e0,  free space=1020k
Native frames: (J=compiled Java code, j=interpreted, Vv=VM code, C=native code)
V  [libjvm.so+0xabc18a]  VMError::report_and_die()+0x2ba
V  [libjvm.so+0x4fafeb]  report_vm_out_of_memory(char const*, int, unsigned long, VMErrorType, char const*)+0x8b
V  [libjvm.so+0x91cbb3]  os::Linux::commit_memory_impl(char*, unsigned long, bool)+0x103
V  [libjvm.so+0x91d109]  os::pd_commit_memory(char*, unsigned long, unsigned long, bool)+0x29
V  [libjvm.so+0x91740a]  os::commit_memory(char*, unsigned long, unsigned long, bool)+0x2a
V  [libjvm.so+0x98b033]  PSVirtualSpace::expand_by(unsigned long)+0x53
V  [libjvm.so+0x98c438]  PSYoungGen::resize_generation(unsigned long, unsigned long)+0xf8
V  [libjvm.so+0x98b592]  PSYoungGen::resize(unsigned long, unsigned long)+0x22
V  [libjvm.so+0x98886b]  PSScavenge::invoke_no_policy()+0xf3b
V  [libjvm.so+0x988ff1]  PSScavenge::invoke()+0x41
V  [libjvm.so+0x9408b0]  ParallelScavengeHeap::failed_mem_allocate(unsigned long)+0x70
V  [libjvm.so+0xabdba7]  VM_ParallelGCFailedAllocation::doit()+0x97
V  [libjvm.so+0xac55d5]  VM_Operation::evaluate()+0x55
V  [libjvm.so+0xac39aa]  VMThread::evaluate_operation(VM_Operation*)+0xba
V  [libjvm.so+0xac3d2e]  VMThread::loop()+0x1ce
V  [libjvm.so+0xac41a0]  VMThread::run()+0x70
V  [libjvm.so+0x91ef78]  java_start(Thread*)+0x108

VM_Operation (0x00007f543430cdd0): ParallelGCFailedAllocation, mode: safepoint, requested by thread 0x00007f54501b4000


---------------  P R O C E S S  ---------------

Java Threads: ( => current thread )
  0x00007f54501b8000 JavaThread "pool-2-thread-4" [_thread_blocked, id=15886, stack(0x00007f543400c000,0x00007f543410d000)]
  0x00007f54501b6000 JavaThread "pool-2-thread-3" [_thread_blocked, id=15885, stack(0x00007f543410d000,0x00007f543420e000)]
  0x00007f54501b4000 JavaThread "pool-2-thread-2" [_thread_blocked, id=15884, stack(0x00007f543420e000,0x00007f543430f000)]
  0x00007f54501b3000 JavaThread "pool-3-thread-1" [_thread_blocked, id=15883, stack(0x00007f543430f000,0x00007f5434410000)]
  0x00007f54501b0800 JavaThread "pool-2-thread-1" [_thread_blocked, id=15882, stack(0x00007f5434410000,0x00007f5434511000)]
  0x00007f54500c8800 JavaThread "Service Thread" daemon [_thread_blocked, id=15880, stack(0x00007f5434648000,0x00007f5434749000)]
  0x00007f54500bd000 JavaThread "C1 CompilerThread2" daemon [_thread_blocked, id=15879, stack(0x00007f5434749000,0x00007f543484a000)]
  0x00007f54500bb800 JavaThread "C2 CompilerThread1" daemon [_thread_blocked, id=15878, stack(0x00007f543484a000,0x00007f543494b000)]
  0x00007f54500b8800 JavaThread "C2 CompilerThread0" daemon [_thread_blocked, id=15877, stack(0x00007f543494b000,0x00007f5434a4c000)]
  0x00007f54500b7000 JavaThread "Signal Dispatcher" daemon [_thread_blocked, id=15876, stack(0x00007f5434a4c000,0x00007f5434b4d000)]
  0x00007f5450084000 JavaThread "Finalizer" daemon [_thread_blocked, id=15875, stack(0x00007f543522f000,0x00007f5435330000)]
  0x00007f545007f800 JavaThread "Reference Handler" daemon [_thread_blocked, id=15874, stack(0x00007f5435330000,0x00007f5435431000)]
  0x00007f545000a000 JavaThread "main" [_thread_blocked, id=15868, stack(0x00007f5456b1d000,0x00007f5456c1e000)]

Other Threads:
=>0x00007f5450078000 VMThread [stack: 0x00007f5435431000,0x00007f5435532000] [id=15873]
  0x00007f54500cb000 WatcherThread [stack: 0x00007f5434547000,0x00007f5434648000] [id=15881]

VM state:at safepoint (normal execution)

VM Mutex/Monitor currently owned by a thread:  ([mutex/lock_event])
[0x00007f54500065f0] Threads_lock - owner thread: 0x00007f5450078000
[0x00007f5450006af0] Heap_lock - owner thread: 0x00007f54501b4000

Heap:
 PSYoungGen      total 68608K, used 5090K [0x000000076ab00000, 0x000000076f300000, 0x00000007c0000000)
  eden space 63488K, 0% used [0x000000076ab00000,0x000000076ab00000,0x000000076e900000)
  from space 5120K, 99% used [0x000000076e900000,0x000000076edf89b0,0x000000076ee00000)
  to   space 5120K, 0% used [0x000000076ee00000,0x000000076ee00000,0x000000076f300000)
 ParOldGen       total 84992K, used 10141K [0x00000006c0000000, 0x00000006c5300000, 0x000000076ab00000)
  object space 84992K, 11% used [0x00000006c0000000,0x00000006c09e7768,0x00000006c5300000)
 Metaspace       used 6056K, capacity 7024K, committed 7296K, reserved 1056768K
  class space    used 594K, capacity 616K, committed 640K, reserved 1048576K

Card table byte_map: [0x00007f5440019000,0x00007f544081a000] byte_map_base: 0x00007f543ca19000

Marking Bits: (ParMarkBitMap*) 0x00007f5455ff5d60
 Begin Bits: [0x00007f54376bf000, 0x00007f543b6bf000)
 End Bits:   [0x00007f543b6bf000, 0x00007f543f6bf000)

Polling page: 0x00007f5456c3e000

CodeCache: size=245760Kb used=4718Kb max_used=4718Kb free=241041Kb
 bounds [0x00007f5440bda000, 0x00007f544108a000, 0x00007f544fbda000]
 total_blobs=1609 nmethods=1341 adapters=182
 compilation: enabled

Compilation events (10 events):
Event: 1.594 Thread 0x00007f54500bd000 nmethod 1445% 0x00007f5441065010 code [0x00007f54410652a0, 0x00007f5441066258]
Event: 1.594 Thread 0x00007f54500bd000 1447       3       com.android.dx.rop.code.LocalVariableExtractor::processBlock (327 bytes)
Event: 1.599 Thread 0x00007f54500bd000 nmethod 1447 0x00007f5441070250 code [0x00007f54410706e0, 0x00007f5441074178]
Event: 1.599 Thread 0x00007f54500bd000 1448 %     3       com.android.dx.ssa.back.SsaToRop::convertBasicBlocks @ 69 (151 bytes)
Event: 1.601 Thread 0x00007f54500bd000 nmethod 1448% 0x00007f5441076590 code [0x00007f54410768a0, 0x00007f54410782e8]
Event: 1.601 Thread 0x00007f54500bd000 1450 %     3       com.android.dx.ssa.SsaMethod::getCountReachableBlocks @ 10 (44 bytes)
Event: 1.601 Thread 0x00007f54500bd000 nmethod 1450% 0x00007f5441064110 code [0x00007f5441064300, 0x00007f5441064c68]
Event: 1.601 Thread 0x00007f54500bd000 1419       2       com.android.dx.rop.type.Prototype::makeParameterArray (131 bytes)
Event: 1.605 Thread 0x00007f54500bd000 nmethod 1419 0x00007f54410790d0 code [0x00007f54410792c0, 0x00007f5441079898]
Event: 1.605 Thread 0x00007f54500bd000 1453       2       com.android.dx.rop.code.RegisterSpecSet::mutableCopy (57 bytes)

GC Heap History (5 events):
Event: 0.393 GC heap before
{Heap before GC invocations=1 (full 0):
 PSYoungGen      total 36864K, used 31744K [0x000000076ab00000, 0x000000076d400000, 0x00000007c0000000)
  eden space 31744K, 100% used [0x000000076ab00000,0x000000076ca00000,0x000000076ca00000)
  from space 5120K, 0% used [0x000000076cf00000,0x000000076cf00000,0x000000076d400000)
  to   space 5120K, 0% used [0x000000076ca00000,0x000000076ca00000,0x000000076cf00000)
 ParOldGen       total 84992K, used 0K [0x00000006c0000000, 0x00000006c5300000, 0x000000076ab00000)
  object space 84992K, 0% used [0x00000006c0000000,0x00000006c0000000,0x00000006c5300000)
 Metaspace       used 3353K, capacity 4720K, committed 4864K, reserved 1056768K
  class space    used 359K, capacity 424K, committed 512K, reserved 1048576K
Event: 0.407 GC heap after
Heap after GC invocations=1 (full 0):
 PSYoungGen      total 36864K, used 1229K [0x000000076ab00000, 0x000000076f300000, 0x00000007c0000000)
  eden space 31744K, 0% used [0x000000076ab00000,0x000000076ab00000,0x000000076ca00000)
  from space 5120K, 24% used [0x000000076ca00000,0x000000076cb33630,0x000000076cf00000)
  to   space 5120K, 0% used [0x000000076ee00000,0x000000076ee00000,0x000000076f300000)
 ParOldGen       total 84992K, used 8K [0x00000006c0000000, 0x00000006c5300000, 0x000000076ab00000)
  object space 84992K, 0% used [0x00000006c0000000,0x00000006c0002000,0x00000006c5300000)
 Metaspace       used 3353K, capacity 4720K, committed 4864K, reserved 1056768K
  class space    used 359K, capacity 424K, committed 512K, reserved 1048576K
}
Event: 0.924 GC heap before
{Heap before GC invocations=2 (full 0):
 PSYoungGen      total 36864K, used 32973K [0x000000076ab00000, 0x000000076f300000, 0x00000007c0000000)
  eden space 31744K, 100% used [0x000000076ab00000,0x000000076ca00000,0x000000076ca00000)
  from space 5120K, 24% used [0x000000076ca00000,0x000000076cb33630,0x000000076cf00000)
  to   space 5120K, 0% used [0x000000076ee00000,0x000000076ee00000,0x000000076f300000)
 ParOldGen       total 84992K, used 8K [0x00000006c0000000, 0x00000006c5300000, 0x000000076ab00000)
  object space 84992K, 0% used [0x00000006c0000000,0x00000006c0002000,0x00000006c5300000)
 Metaspace       used 5833K, capacity 6768K, committed 7040K, reserved 1056768K
  class space    used 594K, capacity 616K, committed 640K, reserved 1048576K
Event: 0.942 GC heap after
Heap after GC invocations=2 (full 0):
 PSYoungGen      total 68608K, used 5106K [0x000000076ab00000, 0x000000076f300000, 0x00000007c0000000)
  eden space 63488K, 0% used [0x000000076ab00000,0x000000076ab00000,0x000000076e900000)
  from space 5120K, 99% used [0x000000076ee00000,0x000000076f2fc938,0x000000076f300000)
  to   space 5120K, 0% used [0x000000076e900000,0x000000076e900000,0x000000076ee00000)
 ParOldGen       total 84992K, used 1910K [0x00000006c0000000, 0x00000006c5300000, 0x000000076ab00000)
  object space 84992K, 2% used [0x00000006c0000000,0x00000006c01dd8e8,0x00000006c5300000)
 Metaspace       used 5833K, capacity 6768K, committed 7040K, reserved 1056768K
  class space    used 594K, capacity 616K, committed 640K, reserved 1048576K
}
Event: 1.618 GC heap before
{Heap before GC invocations=3 (full 0):
 PSYoungGen      total 68608K, used 68594K [0x000000076ab00000, 0x000000076f300000, 0x00000007c0000000)
  eden space 63488K, 100% used [0x000000076ab00000,0x000000076e900000,0x000000076e900000)
  from space 5120K, 99% used [0x000000076ee00000,0x000000076f2fc938,0x000000076f300000)
  to   space 5120K, 0% used [0x000000076e900000,0x000000076e900000,0x000000076ee00000)
 ParOldGen       total 84992K, used 1910K [0x00000006c0000000, 0x00000006c5300000, 0x000000076ab00000)
  object space 84992K, 2% used [0x00000006c0000000,0x00000006c01dd8e8,0x00000006c5300000)
 Metaspace       used 6056K, capacity 7024K, committed 7296K, reserved 1056768K
  class space    used 594K, capacity 616K, committed 640K, reserved 1048576K

Deoptimization events (10 events):
Event: 1.077 Thread 0x00007f54501b0800 Uncommon trap: reason=unstable_if action=reinterpret pc=0x00007f5440e0f3dc method=java.util.HashMap.getNode(ILjava/lang/Object;)Ljava/util/HashMap$Node; @ 62
Event: 1.235 Thread 0x00007f54501b8000 Uncommon trap: reason=unstable_if action=reinterpret pc=0x00007f5440f37508 method=com.android.dx.util.IntList.binarysearch(I)I @ 105
Event: 1.400 Thread 0x00007f545000a000 Uncommon trap: reason=unstable_if action=reinterpret pc=0x00007f5440e6ff98 method=com.android.dx.rop.code.RegisterSpec.equals(ILcom/android/dx/rop/type/TypeBearer;Lcom/android/dx/rop/code/LocalItem;)Z @ 42
Event: 1.543 Thread 0x00007f54501b0800 Uncommon trap: reason=null_check action=make_not_entrant pc=0x00007f5440fe7684 method=com.android.dx.ssa.SsaRenamer.getLocalForNewReg(I)Lcom/android/dx/rop/code/LocalItem; @ 19
Event: 1.560 Thread 0x00007f54501b4000 Uncommon trap: reason=bimorphic action=maybe_recompile pc=0x00007f5440ef1688 method=java.util.HashMap.getNode(ILjava/lang/Object;)Ljava/util/HashMap$Node; @ 126
Event: 1.561 Thread 0x00007f54501b4000 Uncommon trap: reason=bimorphic action=maybe_recompile pc=0x00007f5440ef1688 method=java.util.HashMap.getNode(ILjava/lang/Object;)Ljava/util/HashMap$Node; @ 126
Event: 1.561 Thread 0x00007f54501b4000 Uncommon trap: reason=bimorphic action=maybe_recompile pc=0x00007f5440ef1688 method=java.util.HashMap.getNode(ILjava/lang/Object;)Ljava/util/HashMap$Node; @ 126
Event: 1.561 Thread 0x00007f54501b4000 Uncommon trap: reason=bimorphic action=maybe_recompile pc=0x00007f5440ef1688 method=java.util.HashMap.getNode(ILjava/lang/Object;)Ljava/util/HashMap$Node; @ 126
Event: 1.602 Thread 0x00007f54501b0800 Uncommon trap: reason=unstable_if action=reinterpret pc=0x00007f5440eafc98 method=com.android.dx.rop.code.RegisterSpecSet.put(Lcom/android/dx/rop/code/RegisterSpec;)V @ 77
Event: 1.602 Thread 0x00007f54501b0800 Uncommon trap: reason=unstable_if action=reinterpret pc=0x00007f5440f9d398 method=com.android.dx.rop.code.RegisterSpecSet.put(Lcom/android/dx/rop/code/RegisterSpec;)V @ 77

Internal exceptions (3 events):
Event: 0.084 Thread 0x00007f545000a000 Exception <a 'java/lang/NoSuchMethodError': Method sun.misc.Unsafe.defineClass(Ljava/lang/String;[BII)Ljava/lang/Class; name or signature does not match> (0x000000076ab07cc0) thrown at [/HUDSON/workspace/8-2-build-linux-amd64/jdk8u91/6644/hotspot/src/shar
Event: 0.084 Thread 0x00007f545000a000 Exception <a 'java/lang/NoSuchMethodError': Method sun.misc.Unsafe.prefetchRead(Ljava/lang/Object;J)V name or signature does not match> (0x000000076ab07fa8) thrown at [/HUDSON/workspace/8-2-build-linux-amd64/jdk8u91/6644/hotspot/src/share/vm/prims/jni.cpp
Event: 1.543 Thread 0x00007f54501b0800 Implicit null exception at 0x00007f5440fe4538 to 0x00007f5440fe7649

Events (10 events):
Event: 1.602 Thread 0x00007f54501b0800 DEOPT PACKING pc=0x00007f5440eafc98 sp=0x00007f543450eef0
Event: 1.602 Thread 0x00007f54501b0800 DEOPT UNPACKING pc=0x00007f5440bdf229 sp=0x00007f543450ee98 mode 2
Event: 1.602 Thread 0x00007f54501b0800 Uncommon trap: trap_request=0xffffff65 fr.pc=0x00007f5440f9d398
Event: 1.602 Thread 0x00007f54501b0800 DEOPT PACKING pc=0x00007f5440f9d398 sp=0x00007f543450eee0
Event: 1.602 Thread 0x00007f54501b0800 DEOPT UNPACKING pc=0x00007f5440bdf229 sp=0x00007f543450ee20 mode 2
Event: 1.609 Thread 0x00007f54501b8000 DEOPT PACKING pc=0x00007f5440e3f6e8 sp=0x00007f543410a2a0
Event: 1.609 Thread 0x00007f54501b8000 DEOPT UNPACKING pc=0x00007f5440c21633 sp=0x00007f5434109fe0 mode 0
Event: 1.611 Thread 0x00007f54501b8000 DEOPT PACKING pc=0x00007f5440e8c6ab sp=0x00007f543410aa40
Event: 1.611 Thread 0x00007f54501b8000 DEOPT UNPACKING pc=0x00007f5440c21633 sp=0x00007f543410a7a8 mode 0
Event: 1.615 Executing VM operation: ParallelGCFailedAllocation


Dynamic libraries:
00400000-00401000 r-xp 00000000 08:01 1454135                            /usr/lib/jvm/java-8-oracle/bin/java
00600000-00601000 rw-p 00000000 08:01 1454135                            /usr/lib/jvm/java-8-oracle/bin/java
0253d000-0255e000 rw-p 00000000 00:00 0                                  [heap]
6c0000000-6c5300000 rw-p 00000000 00:00 0 
6c5300000-76ab00000 ---p 00000000 00:00 0 
76ab00000-76f300000 rw-p 00000000 00:00 0 
773100000-7c0000000 ---p 00000000 00:00 0 
7c0000000-7c00a0000 rw-p 00000000 00:00 0 
7c00a0000-800000000 ---p 00000000 00:00 0 
7f53e0000000-7f53e0021000 rw-p 00000000 00:00 0 
7f53e0021000-7f53e4000000 ---p 00000000 00:00 0 
7f53e8000000-7f53e8021000 rw-p 00000000 00:00 0 
7f53e8021000-7f53ec000000 ---p 00000000 00:00 0 
7f53ec000000-7f53ec023000 rw-p 00000000 00:00 0 
7f53ec023000-7f53f0000000 ---p 00000000 00:00 0 
7f53f0000000-7f53f002e000 rw-p 00000000 00:00 0 
7f53f002e000-7f53f4000000 ---p 00000000 00:00 0 
7f53f4000000-7f53f4021000 rw-p 00000000 00:00 0 
7f53f4021000-7f53f8000000 ---p 00000000 00:00 0 
7f53f8000000-7f53f8021000 rw-p 00000000 00:00 0 
7f53f8021000-7f53fc000000 ---p 00000000 00:00 0 
7f53fc000000-7f53fc021000 rw-p 00000000 00:00 0 
7f53fc021000-7f5400000000 ---p 00000000 00:00 0 
7f5400000000-7f54006ab000 rw-p 00000000 00:00 0 
7f54006ab000-7f5404000000 ---p 00000000 00:00 0 
7f5404000000-7f5404450000 rw-p 00000000 00:00 0 
7f5404450000-7f5408000000 ---p 00000000 00:00 0 
7f5408000000-7f5408021000 rw-p 00000000 00:00 0 
7f5408021000-7f540c000000 ---p 00000000 00:00 0 
7f540c000000-7f540c6a9000 rw-p 00000000 00:00 0 
7f540c6a9000-7f5410000000 ---p 00000000 00:00 0 
7f5410000000-7f5410021000 rw-p 00000000 00:00 0 
7f5410021000-7f5414000000 ---p 00000000 00:00 0 
7f5414000000-7f5414021000 rw-p 00000000 00:00 0 
7f5414021000-7f5418000000 ---p 00000000 00:00 0 
7f5418000000-7f5418021000 rw-p 00000000 00:00 0 
7f5418021000-7f541c000000 ---p 00000000 00:00 0 
7f541c000000-7f541c294000 rw-p 00000000 00:00 0 
7f541c294000-7f5420000000 ---p 00000000 00:00 0 
7f5420000000-7f5420021000 rw-p 00000000 00:00 0 
7f5420021000-7f5424000000 ---p 00000000 00:00 0 
7f5428000000-7f5428021000 rw-p 00000000 00:00 0 
7f5428021000-7f542c000000 ---p 00000000 00:00 0 
7f5430000000-7f5430021000 rw-p 00000000 00:00 0 
7f5430021000-7f5434000000 ---p 00000000 00:00 0 
7f543400c000-7f543400f000 ---p 00000000 00:00 0 
7f543400f000-7f543410d000 rw-p 00000000 00:00 0 
7f543410d000-7f5434110000 ---p 00000000 00:00 0 
7f5434110000-7f543420e000 rw-p 00000000 00:00 0 
7f543420e000-7f5434211000 ---p 00000000 00:00 0 
7f5434211000-7f543430f000 rw-p 00000000 00:00 0 
7f543430f000-7f5434312000 ---p 00000000 00:00 0 
7f5434312000-7f5434410000 rw-p 00000000 00:00 0 
7f5434410000-7f5434413000 ---p 00000000 00:00 0 
7f5434413000-7f5434511000 rw-p 00000000 00:00 0 
7f5434511000-7f5434547000 r--s 002b8000 08:05 4855677                    /home/onmymobile/AndroidStudioProjects/Heritage/SmsCapture (2)/app/build/intermediates/transforms/jarMerging/release/jars/1/1f/combined.jar
7f5434547000-7f5434548000 ---p 00000000 00:00 0 
7f5434548000-7f5434648000 rw-p 00000000 00:00 0 
7f5434648000-7f543464b000 ---p 00000000 00:00 0 
7f543464b000-7f5434749000 rw-p 00000000 00:00 0 
7f5434749000-7f543474c000 ---p 00000000 00:00 0 
7f543474c000-7f543484a000 rw-p 00000000 00:00 0 
7f543484a000-7f543484d000 ---p 00000000 00:00 0 
7f543484d000-7f543494b000 rw-p 00000000 00:00 0 
7f543494b000-7f543494e000 ---p 00000000 00:00 0 
7f543494e000-7f5434a4c000 rw-p 00000000 00:00 0 
7f5434a4c000-7f5434a4f000 ---p 00000000 00:00 0 
7f5434a4f000-7f5434b4d000 rw-p 00000000 00:00 0 
7f5434b4d000-7f543522f000 r--p 00000000 08:01 1448881                    /usr/lib/locale/locale-archive
7f543522f000-7f5435232000 ---p 00000000 00:00 0 
7f5435232000-7f5435330000 rw-p 00000000 00:00 0 
7f5435330000-7f5435333000 ---p 00000000 00:00 0 
7f5435333000-7f5435431000 rw-p 00000000 00:00 0 
7f5435431000-7f5435432000 ---p 00000000 00:00 0 
7f5435432000-7f54364e6000 rw-p 00000000 00:00 0 
7f54364e6000-7f54366bf000 r--s 03d1f000 08:01 1452558                    /usr/lib/jvm/java-8-oracle/jre/lib/rt.jar
7f54366bf000-7f5436d3f000 rw-p 00000000 00:00 0 
7f5436d3f000-7f5436ebf000 ---p 00000000 00:00 0 
7f5436ebf000-7f543f6bf000 rw-p 00000000 00:00 0 
7f543f6bf000-7f543f6c0000 ---p 00000000 00:00 0 
7f543f6c0000-7f543f7c0000 rw-p 00000000 00:00 0 
7f543f7c0000-7f543f7c1000 ---p 00000000 00:00 0 
7f543f7c1000-7f543f8c1000 rw-p 00000000 00:00 0 
7f543f8c1000-7f543f8c2000 ---p 00000000 00:00 0 
7f543f8c2000-7f543f9c2000 rw-p 00000000 00:00 0 
7f543f9c2000-7f543f9c3000 ---p 00000000 00:00 0 
7f543f9c3000-7f543faed000 rw-p 00000000 00:00 0 
7f543faed000-7f5440019000 ---p 00000000 00:00 0 
7f5440019000-7f5440043000 rw-p 00000000 00:00 0 
7f5440043000-7f544056e000 ---p 00000000 00:00 0 
7f544056e000-7f5440593000 rw-p 00000000 00:00 0 
7f5440593000-7f5440819000 ---p 00000000 00:00 0 
7f5440819000-7f544082d000 rw-p 00000000 00:00 0 
7f544082d000-7f5440bda000 ---p 00000000 00:00 0 
7f5440bda000-7f544108a000 rwxp 00000000 00:00 0 
7f544108a000-7f544fbda000 ---p 00000000 00:00 0 
7f544fbda000-7f544fbf4000 r-xp 00000000 08:01 1452613                    /usr/lib/jvm/java-8-oracle/jre/lib/amd64/libzip.so
7f544fbf4000-7f544fdf4000 ---p 0001a000 08:01 1452613                    /usr/lib/jvm/java-8-oracle/jre/lib/amd64/libzip.so
7f544fdf4000-7f544fdf5000 rw-p 0001a000 08:01 1452613                    /usr/lib/jvm/java-8-oracle/jre/lib/amd64/libzip.so
7f544fdf5000-7f544fdff000 r-xp 00000000 08:01 7078098                    /lib/x86_64-linux-gnu/libnss_files-2.19.so
7f544fdff000-7f544fffe000 ---p 0000a000 08:01 7078098                    /lib/x86_64-linux-gnu/libnss_files-2.19.so
7f544fffe000-7f544ffff000 r--p 00009000 08:01 7078098                    /lib/x86_64-linux-gnu/libnss_files-2.19.so
7f544ffff000-7f5450000000 rw-p 0000a000 08:01 7078098                    /lib/x86_64-linux-gnu/libnss_files-2.19.so
7f5450000000-7f5450396000 rw-p 00000000 00:00 0 
7f5450396000-7f5454000000 ---p 00000000 00:00 0 
7f5454001000-7f54540c6000 rw-p 00000000 00:00 0 
7f54540c6000-7f54540d1000 r-xp 00000000 08:01 7078090                    /lib/x86_64-linux-gnu/libnss_nis-2.19.so
7f54540d1000-7f54542d0000 ---p 0000b000 08:01 7078090                    /lib/x86_64-linux-gnu/libnss_nis-2.19.so
7f54542d0000-7f54542d1000 r--p 0000a000 08:01 7078090                    /lib/x86_64-linux-gnu/libnss_nis-2.19.so
7f54542d1000-7f54542d2000 rw-p 0000b000 08:01 7078090                    /lib/x86_64-linux-gnu/libnss_nis-2.19.so
7f54542d2000-7f54542e9000 r-xp 00000000 08:01 7078086                    /lib/x86_64-linux-gnu/libnsl-2.19.so
7f54542e9000-7f54544e8000 ---p 00017000 08:01 7078086                    /lib/x86_64-linux-gnu/libnsl-2.19.so
7f54544e8000-7f54544e9000 r--p 00016000 08:01 7078086                    /lib/x86_64-linux-gnu/libnsl-2.19.so
7f54544e9000-7f54544ea000 rw-p 00017000 08:01 7078086                    /lib/x86_64-linux-gnu/libnsl-2.19.so
7f54544ea000-7f54544ec000 rw-p 00000000 00:00 0 
7f54544ec000-7f54544f5000 r-xp 00000000 08:01 7078085                    /lib/x86_64-linux-gnu/libnss_compat-2.19.so
7f54544f5000-7f54546f4000 ---p 00009000 08:01 7078085                    /lib/x86_64-linux-gnu/libnss_compat-2.19.so
7f54546f4000-7f54546f5000 r--p 00008000 08:01 7078085                    /lib/x86_64-linux-gnu/libnss_compat-2.19.so
7f54546f5000-7f54546f6000 rw-p 00009000 08:01 7078085                    /lib/x86_64-linux-gnu/libnss_compat-2.19.so
7f54546f6000-7f5454720000 r-xp 00000000 08:01 1452593                    /usr/lib/jvm/java-8-oracle/jre/lib/amd64/libjava.so
7f5454720000-7f5454920000 ---p 0002a000 08:01 1452593                    /usr/lib/jvm/java-8-oracle/jre/lib/amd64/libjava.so
7f5454920000-7f5454922000 rw-p 0002a000 08:01 1452593                    /usr/lib/jvm/java-8-oracle/jre/lib/amd64/libjava.so
7f5454922000-7f545492f000 r-xp 00000000 08:01 1452610                    /usr/lib/jvm/java-8-oracle/jre/lib/amd64/libverify.so
7f545492f000-7f5454b2f000 ---p 0000d000 08:01 1452610                    /usr/lib/jvm/java-8-oracle/jre/lib/amd64/libverify.so
7f5454b2f000-7f5454b31000 rw-p 0000d000 08:01 1452610                    /usr/lib/jvm/java-8-oracle/jre/lib/amd64/libverify.so
7f5454b31000-7f5454b38000 r-xp 00000000 08:01 7078094                    /lib/x86_64-linux-gnu/librt-2.19.so
7f5454b38000-7f5454d37000 ---p 00007000 08:01 7078094                    /lib/x86_64-linux-gnu/librt-2.19.so
7f5454d37000-7f5454d38000 r--p 00006000 08:01 7078094                    /lib/x86_64-linux-gnu/librt-2.19.so
7f5454d38000-7f5454d39000 rw-p 00007000 08:01 7078094                    /lib/x86_64-linux-gnu/librt-2.19.so
7f5454d39000-7f5454e3e000 r-xp 00000000 08:01 7078080                    /lib/x86_64-linux-gnu/libm-2.19.so
7f5454e3e000-7f545503d000 ---p 00105000 08:01 7078080                    /lib/x86_64-linux-gnu/libm-2.19.so
7f545503d000-7f545503e000 r--p 00104000 08:01 7078080                    /lib/x86_64-linux-gnu/libm-2.19.so
7f545503e000-7f545503f000 rw-p 00105000 08:01 7078080                    /lib/x86_64-linux-gnu/libm-2.19.so
7f545503f000-7f5455cff000 r-xp 00000000 08:01 1452601                    /usr/lib/jvm/java-8-oracle/jre/lib/amd64/server/libjvm.so
7f5455cff000-7f5455eff000 ---p 00cc0000 08:01 1452601                    /usr/lib/jvm/java-8-oracle/jre/lib/amd64/server/libjvm.so
7f5455eff000-7f5455fd7000 rw-p 00cc0000 08:01 1452601                    /usr/lib/jvm/java-8-oracle/jre/lib/amd64/server/libjvm.so
7f5455fd7000-7f5456022000 rw-p 00000000 00:00 0 
7f5456022000-7f54561dc000 r-xp 00000000 08:01 7078095                    /lib/x86_64-linux-gnu/libc-2.19.so
7f54561dc000-7f54563dc000 ---p 001ba000 08:01 7078095                    /lib/x86_64-linux-gnu/libc-2.19.so
7f54563dc000-7f54563e0000 r--p 001ba000 08:01 7078095                    /lib/x86_64-linux-gnu/libc-2.19.so
7f54563e0000-7f54563e2000 rw-p 001be000 08:01 7078095                    /lib/x86_64-linux-gnu/libc-2.19.so
7f54563e2000-7f54563e7000 rw-p 00000000 00:00 0 
7f54563e7000-7f54563ea000 r-xp 00000000 08:01 7078082                    /lib/x86_64-linux-gnu/libdl-2.19.so
7f54563ea000-7f54565e9000 ---p 00003000 08:01 7078082                    /lib/x86_64-linux-gnu/libdl-2.19.so
7f54565e9000-7f54565ea000 r--p 00002000 08:01 7078082                    /lib/x86_64-linux-gnu/libdl-2.19.so
7f54565ea000-7f54565eb000 rw-p 00003000 08:01 7078082                    /lib/x86_64-linux-gnu/libdl-2.19.so
7f54565eb000-7f5456600000 r-xp 00000000 08:01 1454079                    /usr/lib/jvm/java-8-oracle/lib/amd64/jli/libjli.so
7f5456600000-7f5456800000 ---p 00015000 08:01 1454079                    /usr/lib/jvm/java-8-oracle/lib/amd64/jli/libjli.so
7f5456800000-7f5456801000 rw-p 00015000 08:01 1454079                    /usr/lib/jvm/java-8-oracle/lib/amd64/jli/libjli.so
7f5456801000-7f545681a000 r-xp 00000000 08:01 7078087                    /lib/x86_64-linux-gnu/libpthread-2.19.so
7f545681a000-7f5456a19000 ---p 00019000 08:01 7078087                    /lib/x86_64-linux-gnu/libpthread-2.19.so
7f5456a19000-7f5456a1a000 r--p 00018000 08:01 7078087                    /lib/x86_64-linux-gnu/libpthread-2.19.so
7f5456a1a000-7f5456a1b000 rw-p 00019000 08:01 7078087                    /lib/x86_64-linux-gnu/libpthread-2.19.so
7f5456a1b000-7f5456a1f000 rw-p 00000000 00:00 0 
7f5456a1f000-7f5456a42000 r-xp 00000000 08:01 7078088                    /lib/x86_64-linux-gnu/ld-2.19.so
7f5456a4a000-7f5456b1d000 rw-p 00000000 00:00 0 
7f5456b1d000-7f5456b20000 ---p 00000000 00:00 0 
7f5456b20000-7f5456c22000 rw-p 00000000 00:00 0 
7f5456c25000-7f5456c26000 rw-p 00000000 00:00 0 
7f5456c26000-7f5456c35000 r--s 000df000 08:05 264644                     /home/onmymobile/Android/Sdk/build-tools/23.0.3/lib/dx.jar
7f5456c35000-7f5456c3d000 rw-s 00000000 08:01 524421                     /tmp/hsperfdata_onmymobile/15862
7f5456c3d000-7f5456c3e000 rw-p 00000000 00:00 0 
7f5456c3e000-7f5456c3f000 ---p 00000000 00:00 0 
7f5456c3f000-7f5456c41000 rw-p 00000000 00:00 0 
7f5456c41000-7f5456c42000 r--p 00022000 08:01 7078088                    /lib/x86_64-linux-gnu/ld-2.19.so
7f5456c42000-7f5456c43000 rw-p 00023000 08:01 7078088                    /lib/x86_64-linux-gnu/ld-2.19.so
7f5456c43000-7f5456c44000 rw-p 00000000 00:00 0 
7ffe4faee000-7ffe4fb0f000 rw-p 00000000 00:00 0                          [stack]
7ffe4fb20000-7ffe4fb22000 r--p 00000000 00:00 0                          [vvar]
7ffe4fb22000-7ffe4fb24000 r-xp 00000000 00:00 0                          [vdso]
ffffffffff600000-ffffffffff601000 r-xp 00000000 00:00 0                  [vsyscall]

VM Arguments:
jvm_args: -Djava.awt.headless=true -Xmx4g -Dfile.encoding=UTF-8 -Duser.country=IN -Duser.language=en -Duser.variant 
java_command: com.android.dx.command.Main --dex --num-threads=4 --multi-dex --main-dex-list /home/onmymobile/AndroidStudioProjects/Heritage/SmsCapture (2)/app/build/intermediates/multi-dex/release/maindexlist.txt --output /home/onmymobile/AndroidStudioProjects/Heritage/SmsCapture (2)/app/build/intermediates/transforms/dex/release/folders/1000/1f/main /home/onmymobile/AndroidStudioProjects/Heritage/SmsCapture (2)/app/build/intermediates/transforms/jarMerging/release/jars/1/1f/combined.jar
java_class_path (initial): /home/onmymobile/Android/Sdk/build-tools/23.0.3/lib/dx.jar
Launcher Type: SUN_STANDARD

Environment Variables:
JAVA_HOME=/usr/lib/jvm/java-8-oracle
PATH=/home/onmymobile/bin:/usr/local/sbin:/usr/local/bin:/usr/sbin:/usr/bin:/sbin:/bin:/usr/games:/usr/local/games:/usr/lib/jvm/java-8-oracle/bin:/usr/lib/jvm/java-8-oracle/db/bin:/usr/lib/jvm/java-8-oracle/jre/bin
SHELL=/bin/bash
DISPLAY=:0

Signal Handlers:
SIGSEGV: [libjvm.so+0xabca10], sa_mask[0]=11111111011111111101111111111110, sa_flags=SA_RESTART|SA_SIGINFO
SIGBUS: [libjvm.so+0xabca10], sa_mask[0]=11111111011111111101111111111110, sa_flags=SA_RESTART|SA_SIGINFO
SIGFPE: [libjvm.so+0x919a20], sa_mask[0]=11111111011111111101111111111110, sa_flags=SA_RESTART|SA_SIGINFO
SIGPIPE: [libjvm.so+0x919a20], sa_mask[0]=11111111011111111101111111111110, sa_flags=SA_RESTART|SA_SIGINFO
SIGXFSZ: [libjvm.so+0x919a20], sa_mask[0]=11111111011111111101111111111110, sa_flags=SA_RESTART|SA_SIGINFO
SIGILL: [libjvm.so+0x919a20], sa_mask[0]=11111111011111111101111111111110, sa_flags=SA_RESTART|SA_SIGINFO
SIGUSR1: SIG_DFL, sa_mask[0]=00000000000000000000000000000000, sa_flags=none
SIGUSR2: [libjvm.so+0x91b050], sa_mask[0]=00100000000000000000000000000000, sa_flags=SA_RESTART|SA_SIGINFO
SIGHUP: [libjvm.so+0x91c450], sa_mask[0]=11111111011111111101111111111110, sa_flags=SA_RESTART|SA_SIGINFO
SIGINT: [libjvm.so+0x91c450], sa_mask[0]=11111111011111111101111111111110, sa_flags=SA_RESTART|SA_SIGINFO
SIGTERM: [libjvm.so+0x91c450], sa_mask[0]=11111111011111111101111111111110, sa_flags=SA_RESTART|SA_SIGINFO
SIGQUIT: [libjvm.so+0x91c450], sa_mask[0]=11111111011111111101111111111110, sa_flags=SA_RESTART|SA_SIGINFO


---------------  S Y S T E M  ---------------

OS:DISTRIB_ID=Ubuntu
DISTRIB_RELEASE=14.04
DISTRIB_CODENAME=trusty
DISTRIB_DESCRIPTION="Ubuntu 14.04.4 LTS"

uname:Linux 4.2.0-42-generic #49~14.04.1-Ubuntu SMP Wed Jun 29 20:22:11 UTC 2016 x86_64
libc:glibc 2.19 NPTL 2.19 
rlimit: STACK 8192k, CORE 0k, NPROC 31336, NOFILE 4096, AS infinity
load average:0.27 0.59 1.03

/proc/meminfo:
MemTotal:        8044164 kB
MemFree:          127420 kB
MemAvailable:      76404 kB
Buffers:             956 kB
Cached:          1067168 kB
SwapCached:            0 kB
Active:          6798680 kB
Inactive:         892652 kB
Active(anon):    6786232 kB
Inactive(anon):   882384 kB
Active(file):      12448 kB
Inactive(file):    10268 kB
Unevictable:         156 kB
Mlocked:             156 kB
SwapTotal:             0 kB
SwapFree:              0 kB
Dirty:               844 kB
Writeback:             0 kB
AnonPages:       6623652 kB
Mapped:           473572 kB
Shmem:           1045120 kB
Slab:              88328 kB
SReclaimable:      44180 kB
SUnreclaim:        44148 kB
KernelStack:       12576 kB
PageTables:        67088 kB
NFS_Unstable:          0 kB
Bounce:                0 kB
WritebackTmp:          0 kB
CommitLimit:     4022080 kB
Committed_AS:   14088972 kB
VmallocTotal:   34359738367 kB
VmallocUsed:      358892 kB
VmallocChunk:   34358947836 kB
HardwareCorrupted:     0 kB
AnonHugePages:   3909632 kB
CmaTotal:              0 kB
CmaFree:               0 kB
HugePages_Total:       0
HugePages_Free:        0
HugePages_Rsvd:        0
HugePages_Surp:        0
Hugepagesize:       2048 kB
DirectMap4k:      192032 kB
DirectMap2M:     8065024 kB


CPU:total 4 (2 cores per cpu, 2 threads per core) family 6 model 58 stepping 9, cmov, cx8, fxsr, mmx, sse, sse2, sse3, ssse3, sse4.1, sse4.2, popcnt, avx, aes, clmul, erms, ht, tsc, tscinvbit, tscinv

/proc/cpuinfo:
processor	: 0
vendor_id	: GenuineIntel
cpu family	: 6
model		: 58
model name	: Intel(R) Core(TM) i5-3340M CPU @ 2.70GHz
stepping	: 9
microcode	: 0x15
cpu MHz		: 3236.519
cache size	: 3072 KB
physical id	: 0
siblings	: 4
core id		: 0
cpu cores	: 2
apicid		: 0
initial apicid	: 0
fpu		: yes
fpu_exception	: yes
cpuid level	: 13
wp		: yes
flags		: fpu vme de pse tsc msr pae mce cx8 apic sep mtrr pge mca cmov pat pse36 clflush dts acpi mmx fxsr sse sse2 ss ht tm pbe syscall nx rdtscp lm constant_tsc arch_perfmon pebs bts rep_good nopl xtopology nonstop_tsc aperfmperf eagerfpu pni pclmulqdq dtes64 monitor ds_cpl vmx smx est tm2 ssse3 cx16 xtpr pdcm pcid sse4_1 sse4_2 x2apic popcnt tsc_deadline_timer aes xsave avx f16c rdrand lahf_lm ida arat epb pln pts dtherm tpr_shadow vnmi flexpriority ept vpid fsgsbase smep erms xsaveopt
bugs		:
bogomips	: 5382.55
clflush size	: 64
cache_alignment	: 64
address sizes	: 36 bits physical, 48 bits virtual
power management:

processor	: 1
vendor_id	: GenuineIntel
cpu family	: 6
model		: 58
model name	: Intel(R) Core(TM) i5-3340M CPU @ 2.70GHz
stepping	: 9
microcode	: 0x15
cpu MHz		: 3199.394
cache size	: 3072 KB
physical id	: 0
siblings	: 4
core id		: 1
cpu cores	: 2
apicid		: 2
initial apicid	: 2
fpu		: yes
fpu_exception	: yes
cpuid level	: 13
wp		: yes
flags		: fpu vme de pse tsc msr pae mce cx8 apic sep mtrr pge mca cmov pat pse36 clflush dts acpi mmx fxsr sse sse2 ss ht tm pbe syscall nx rdtscp lm constant_tsc arch_perfmon pebs bts rep_good nopl xtopology nonstop_tsc aperfmperf eagerfpu pni pclmulqdq dtes64 monitor ds_cpl vmx smx est tm2 ssse3 cx16 xtpr pdcm pcid sse4_1 sse4_2 x2apic popcnt tsc_deadline_timer aes xsave avx f16c rdrand lahf_lm ida arat epb pln pts dtherm tpr_shadow vnmi flexpriority ept vpid fsgsbase smep erms xsaveopt
bugs		:
bogomips	: 5382.55
clflush size	: 64
cache_alignment	: 64
address sizes	: 36 bits physical, 48 bits virtual
power management:

processor	: 2
vendor_id	: GenuineIntel
cpu family	: 6
model		: 58
model name	: Intel(R) Core(TM) i5-3340M CPU @ 2.70GHz
stepping	: 9
microcode	: 0x15
cpu MHz		: 3199.921
cache size	: 3072 KB
physical id	: 0
siblings	: 4
core id		: 0
cpu cores	: 2
apicid		: 1
initial apicid	: 1
fpu		: yes
fpu_exception	: yes
cpuid level	: 13
wp		: yes
flags		: fpu vme de pse tsc msr pae mce cx8 apic sep mtrr pge mca cmov pat pse36 clflush dts acpi mmx fxsr sse sse2 ss ht tm pbe syscall nx rdtscp lm constant_tsc arch_perfmon pebs bts rep_good nopl xtopology nonstop_tsc aperfmperf eagerfpu pni pclmulqdq dtes64 monitor ds_cpl vmx smx est tm2 ssse3 cx16 xtpr pdcm pcid sse4_1 sse4_2 x2apic popcnt tsc_deadline_timer aes xsave avx f16c rdrand lahf_lm ida arat epb pln pts dtherm tpr_shadow vnmi flexpriority ept vpid fsgsbase smep erms xsaveopt
bugs		:
bogomips	: 5382.55
clflush size	: 64
cache_alignment	: 64
address sizes	: 36 bits physical, 48 bits virtual
power management:

processor	: 3
vendor_id	: GenuineIntel
cpu family	: 6
model		: 58
model name	: Intel(R) Core(TM) i5-3340M CPU @ 2.70GHz
stepping	: 9
microcode	: 0x15
cpu MHz		: 3196.019
cache size	: 3072 KB
physical id	: 0
siblings	: 4
core id		: 1
cpu cores	: 2
apicid		: 3
initial apicid	: 3
fpu		: yes
fpu_exception	: yes
cpuid level	: 13
wp		: yes
flags		: fpu vme de pse tsc msr pae mce cx8 apic sep mtrr pge mca cmov pat pse36 clflush dts acpi mmx fxsr sse sse2 ss ht tm pbe syscall nx rdtscp lm constant_tsc arch_perfmon pebs bts rep_good nopl xtopology nonstop_tsc aperfmperf eagerfpu pni pclmulqdq dtes64 monitor ds_cpl vmx smx est tm2 ssse3 cx16 xtpr pdcm pcid sse4_1 sse4_2 x2apic popcnt tsc_deadline_timer aes xsave avx f16c rdrand lahf_lm ida arat epb pln pts dtherm tpr_shadow vnmi flexpriority ept vpid fsgsbase smep erms xsaveopt
bugs		:
bogomips	: 5382.55
clflush size	: 64
cache_alignment	: 64
address sizes	: 36 bits physical, 48 bits virtual
power management:



Memory: 4k page, physical 8044164k(127568k free), swap 0k(0k free)

vm_info: Java HotSpot(TM) 64-Bit Server VM (25.91-b14) for linux-amd64 JRE (1.8.0_91-b14), built on Apr  1 2016 00:57:21 by "java_re" with gcc 4.3.0 20080428 (Red Hat 4.3.0-8)

time: Thu Jul 21 16:16:17 2016
elapsed time: 1 seconds (0d 0h 0m 1s)

