#
# There is insufficient memory for the Java Runtime Environment to continue.
# Native memory allocation (mmap) failed to map 147849216 bytes for committing reserved memory.
# Possible reasons:
#   The system is out of physical RAM or swap space
#   In 32 bit mode, the process size limit was hit
# Possible solutions:
#   Reduce memory load on the system
#   Increase physical memory or swap space
#   Check if swap backing store is full
#   Use 64 bit Java on a 64 bit OS
#   Decrease Java heap size (-Xmx/-Xms)
#   Decrease number of Java threads
#   Decrease Java thread stack sizes (-Xss)
#   Set larger code cache with -XX:ReservedCodeCacheSize=
# This output file may be truncated or incomplete.
#
#  Out of Memory Error (os_linux.cpp:2627), pid=14740, tid=140361748645632
#
# JRE version: Java(TM) SE Runtime Environment (8.0_91-b14) (build 1.8.0_91-b14)
# Java VM: Java HotSpot(TM) 64-Bit Server VM (25.91-b14 mixed mode linux-amd64 compressed oops)
# Failed to write core dump. Core dumps have been disabled. To enable core dumping, try "ulimit -c unlimited" before starting Java again
#

---------------  T H R E A D  ---------------

Current thread (0x00007fa894078000):  VMThread [stack: 0x00007fa8841b0000,0x00007fa8842b1000] [id=14750]

Stack: [0x00007fa8841b0000,0x00007fa8842b1000],  sp=0x00007fa8842af2e0,  free space=1020k
Native frames: (J=compiled Java code, j=interpreted, Vv=VM code, C=native code)
V  [libjvm.so+0xabc18a]  VMError::report_and_die()+0x2ba
V  [libjvm.so+0x4fafeb]  report_vm_out_of_memory(char const*, int, unsigned long, VMErrorType, char const*)+0x8b
V  [libjvm.so+0x91cbb3]  os::Linux::commit_memory_impl(char*, unsigned long, bool)+0x103
V  [libjvm.so+0x91d109]  os::pd_commit_memory(char*, unsigned long, unsigned long, bool)+0x29
V  [libjvm.so+0x91740a]  os::commit_memory(char*, unsigned long, unsigned long, bool)+0x2a
V  [libjvm.so+0x98b033]  PSVirtualSpace::expand_by(unsigned long)+0x53
V  [libjvm.so+0x98c438]  PSYoungGen::resize_generation(unsigned long, unsigned long)+0xf8
V  [libjvm.so+0x98b592]  PSYoungGen::resize(unsigned long, unsigned long)+0x22
V  [libjvm.so+0x98886b]  PSScavenge::invoke_no_policy()+0xf3b
V  [libjvm.so+0x988ff1]  PSScavenge::invoke()+0x41
V  [libjvm.so+0x9408b0]  ParallelScavengeHeap::failed_mem_allocate(unsigned long)+0x70
V  [libjvm.so+0xabdba7]  VM_ParallelGCFailedAllocation::doit()+0x97
V  [libjvm.so+0xac55d5]  VM_Operation::evaluate()+0x55
V  [libjvm.so+0xac39aa]  VMThread::evaluate_operation(VM_Operation*)+0xba
V  [libjvm.so+0xac3d2e]  VMThread::loop()+0x1ce
V  [libjvm.so+0xac41a0]  VMThread::run()+0x70
V  [libjvm.so+0x91ef78]  java_start(Thread*)+0x108

VM_Operation (0x00007fa87f214e60): ParallelGCFailedAllocation, mode: safepoint, requested by thread 0x00007fa8941c9000


---------------  P R O C E S S  ---------------

Java Threads: ( => current thread )
  0x00007fa8941d0000 JavaThread "pool-2-thread-4" [_thread_blocked, id=14763, stack(0x00007fa87ed12000,0x00007fa87ee13000)]
  0x00007fa8941ce000 JavaThread "pool-2-thread-3" [_thread_blocked, id=14762, stack(0x00007fa87ee13000,0x00007fa87ef14000)]
  0x00007fa8941cc800 JavaThread "pool-2-thread-2" [_thread_blocked, id=14761, stack(0x00007fa87ef14000,0x00007fa87f015000)]
  0x00007fa8941cb000 JavaThread "pool-3-thread-1" [_thread_blocked, id=14760, stack(0x00007fa87f015000,0x00007fa87f116000)]
  0x00007fa8941c9000 JavaThread "pool-2-thread-1" [_thread_blocked, id=14759, stack(0x00007fa87f116000,0x00007fa87f217000)]
  0x00007fa8940da800 JavaThread "Service Thread" daemon [_thread_blocked, id=14757, stack(0x00007fa87f318000,0x00007fa87f419000)]
  0x00007fa8940bd000 JavaThread "C1 CompilerThread2" daemon [_thread_blocked, id=14756, stack(0x00007fa87f419000,0x00007fa87f51a000)]
  0x00007fa8940bb800 JavaThread "C2 CompilerThread1" daemon [_thread_blocked, id=14755, stack(0x00007fa87f51a000,0x00007fa87f61b000)]
  0x00007fa8940b8800 JavaThread "C2 CompilerThread0" daemon [_thread_blocked, id=14754, stack(0x00007fa87f61b000,0x00007fa87f71c000)]
  0x00007fa8940b7000 JavaThread "Signal Dispatcher" daemon [_thread_blocked, id=14753, stack(0x00007fa87f71c000,0x00007fa87f81d000)]
  0x00007fa894084000 JavaThread "Finalizer" daemon [_thread_blocked, id=14752, stack(0x00007fa87feff000,0x00007fa880000000)]
  0x00007fa89407f800 JavaThread "Reference Handler" daemon [_thread_blocked, id=14751, stack(0x00007fa8840af000,0x00007fa8841b0000)]
  0x00007fa89400a000 JavaThread "main" [_thread_blocked, id=14745, stack(0x00007fa89d8ac000,0x00007fa89d9ad000)]

Other Threads:
=>0x00007fa894078000 VMThread [stack: 0x00007fa8841b0000,0x00007fa8842b1000] [id=14750]
  0x00007fa8940e5000 WatcherThread [stack: 0x00007fa87f217000,0x00007fa87f318000] [id=14758]

VM state:at safepoint (normal execution)

VM Mutex/Monitor currently owned by a thread:  ([mutex/lock_event])
[0x00007fa8940065f0] Threads_lock - owner thread: 0x00007fa894078000
[0x00007fa894006af0] Heap_lock - owner thread: 0x00007fa8941c9000

Heap:
 PSYoungGen      total 145920K, used 20469K [0x000000076ab00000, 0x0000000774f00000, 0x00000007c0000000)
  eden space 125440K, 0% used [0x000000076ab00000,0x000000076ab00000,0x0000000772580000)
  from space 20480K, 99% used [0x0000000772580000,0x000000077397d590,0x0000000773980000)
  to   space 18944K, 0% used [0x0000000773980000,0x0000000773980000,0x0000000774c00000)
 ParOldGen       total 84992K, used 35272K [0x00000006c0000000, 0x00000006c5300000, 0x000000076ab00000)
  object space 84992K, 41% used [0x00000006c0000000,0x00000006c22720b0,0x00000006c5300000)
 Metaspace       used 6354K, capacity 7192K, committed 7424K, reserved 1056768K
  class space    used 616K, capacity 656K, committed 768K, reserved 1048576K

Card table byte_map: [0x00007fa899e6e000,0x00007fa89a66f000] byte_map_base: 0x00007fa89686e000

Marking Bits: (ParMarkBitMap*) 0x00007fa89cd84d60
 Begin Bits: [0x00007fa868000000, 0x00007fa86c000000)
 End Bits:   [0x00007fa86c000000, 0x00007fa870000000)

Polling page: 0x00007fa89d9cd000

CodeCache: size=245760Kb used=7373Kb max_used=7373Kb free=238386Kb
 bounds [0x00007fa885000000, 0x00007fa885740000, 0x00007fa894000000]
 total_blobs=2146 nmethods=1878 adapters=182
 compilation: enabled

Compilation events (10 events):
Event: 2.715 Thread 0x00007fa8940bd000 2046       2       com.android.dx.ssa.SsaMethod$1::visitMoveInsn (17 bytes)
Event: 2.715 Thread 0x00007fa8940bd000 nmethod 2046 0x00007fa885735950 code [0x00007fa885735ac0, 0x00007fa885735cd0]
Event: 2.715 Thread 0x00007fa8940bd000 2049       2       java.util.HashMap::comparableClassFor (105 bytes)
Event: 2.715 Thread 0x00007fa8940bd000 nmethod 2049 0x00007fa885735e90 code [0x00007fa885736060, 0x00007fa8857364c8]
Event: 2.715 Thread 0x00007fa8940bd000 2048       2       com.android.dx.ssa.SsaBasicBlock::getLiveOutRegs (26 bytes)
Event: 2.716 Thread 0x00007fa8940bd000 nmethod 2048 0x00007fa8857367d0 code [0x00007fa885736940, 0x00007fa885736c48]
Event: 2.717 Thread 0x00007fa8940bd000 2050       3       com.android.dx.rop.code.LocalVariableExtractor::doit (49 bytes)
Event: 2.718 Thread 0x00007fa8940bd000 nmethod 2050 0x00007fa885736e10 code [0x00007fa885736fc0, 0x00007fa885737478]
Event: 2.722 Thread 0x00007fa8940bd000 2051       3       com.android.dx.dex.code.RopTranslator::outputInstructions (69 bytes)
Event: 2.723 Thread 0x00007fa8940bd000 nmethod 2051 0x00007fa8857376d0 code [0x00007fa885737860, 0x00007fa885737cb8]

GC Heap History (10 events):
Event: 0.859 GC heap after
Heap after GC invocations=2 (full 0):
 PSYoungGen      total 36864K, used 5098K [0x000000076ab00000, 0x000000076f300000, 0x00000007c0000000)
  eden space 31744K, 0% used [0x000000076ab00000,0x000000076ab00000,0x000000076ca00000)
  from space 5120K, 99% used [0x000000076cf00000,0x000000076d3fabc8,0x000000076d400000)
  to   space 5120K, 0% used [0x000000076ca00000,0x000000076ca00000,0x000000076cf00000)
 ParOldGen       total 84992K, used 1938K [0x00000006c0000000, 0x00000006c5300000, 0x000000076ab00000)
  object space 84992K, 2% used [0x00000006c0000000,0x00000006c01e4be0,0x00000006c5300000)
 Metaspace       used 5821K, capacity 6768K, committed 7040K, reserved 1056768K
  class space    used 594K, capacity 616K, committed 640K, reserved 1048576K
}
Event: 1.125 GC heap before
{Heap before GC invocations=3 (full 0):
 PSYoungGen      total 36864K, used 36842K [0x000000076ab00000, 0x000000076f300000, 0x00000007c0000000)
  eden space 31744K, 100% used [0x000000076ab00000,0x000000076ca00000,0x000000076ca00000)
  from space 5120K, 99% used [0x000000076cf00000,0x000000076d3fabc8,0x000000076d400000)
  to   space 5120K, 0% used [0x000000076ca00000,0x000000076ca00000,0x000000076cf00000)
 ParOldGen       total 84992K, used 1938K [0x00000006c0000000, 0x00000006c5300000, 0x000000076ab00000)
  object space 84992K, 2% used [0x00000006c0000000,0x00000006c01e4be0,0x00000006c5300000)
 Metaspace       used 5929K, capacity 6896K, committed 7040K, reserved 1056768K
  class space    used 594K, capacity 616K, committed 640K, reserved 1048576K
Event: 1.149 GC heap after
Heap after GC invocations=3 (full 0):
 PSYoungGen      total 36864K, used 5114K [0x000000076ab00000, 0x000000076f300000, 0x00000007c0000000)
  eden space 31744K, 0% used [0x000000076ab00000,0x000000076ab00000,0x000000076ca00000)
  from space 5120K, 99% used [0x000000076ca00000,0x000000076cefebc8,0x000000076cf00000)
  to   space 5120K, 0% used [0x000000076ee00000,0x000000076ee00000,0x000000076f300000)
 ParOldGen       total 84992K, used 7067K [0x00000006c0000000, 0x00000006c5300000, 0x000000076ab00000)
  object space 84992K, 8% used [0x00000006c0000000,0x00000006c06e6dd8,0x00000006c5300000)
 Metaspace       used 5929K, capacity 6896K, committed 7040K, reserved 1056768K
  class space    used 594K, capacity 616K, committed 640K, reserved 1048576K
}
Event: 1.324 GC heap before
{Heap before GC invocations=4 (full 0):
 PSYoungGen      total 36864K, used 36858K [0x000000076ab00000, 0x000000076f300000, 0x00000007c0000000)
  eden space 31744K, 100% used [0x000000076ab00000,0x000000076ca00000,0x000000076ca00000)
  from space 5120K, 99% used [0x000000076ca00000,0x000000076cefebc8,0x000000076cf00000)
  to   space 5120K, 0% used [0x000000076ee00000,0x000000076ee00000,0x000000076f300000)
 ParOldGen       total 84992K, used 7067K [0x00000006c0000000, 0x00000006c5300000, 0x000000076ab00000)
  object space 84992K, 8% used [0x00000006c0000000,0x00000006c06e6dd8,0x00000006c5300000)
 Metaspace       used 5935K, capacity 6896K, committed 7040K, reserved 1056768K
  class space    used 595K, capacity 616K, committed 640K, reserved 1048576K
Event: 1.341 GC heap after
Heap after GC invocations=4 (full 0):
 PSYoungGen      total 68608K, used 5089K [0x000000076ab00000, 0x000000076f300000, 0x00000007c0000000)
  eden space 63488K, 0% used [0x000000076ab00000,0x000000076ab00000,0x000000076e900000)
  from space 5120K, 99% used [0x000000076ee00000,0x000000076f2f87b0,0x000000076f300000)
  to   space 5120K, 0% used [0x000000076e900000,0x000000076e900000,0x000000076ee00000)
 ParOldGen       total 84992K, used 13032K [0x00000006c0000000, 0x00000006c5300000, 0x000000076ab00000)
  object space 84992K, 15% used [0x00000006c0000000,0x00000006c0cba1c0,0x00000006c5300000)
 Metaspace       used 5935K, capacity 6896K, committed 7040K, reserved 1056768K
  class space    used 595K, capacity 616K, committed 640K, reserved 1048576K
}
Event: 1.705 GC heap before
{Heap before GC invocations=5 (full 0):
 PSYoungGen      total 68608K, used 68577K [0x000000076ab00000, 0x000000076f300000, 0x00000007c0000000)
  eden space 63488K, 100% used [0x000000076ab00000,0x000000076e900000,0x000000076e900000)
  from space 5120K, 99% used [0x000000076ee00000,0x000000076f2f87b0,0x000000076f300000)
  to   space 5120K, 0% used [0x000000076e900000,0x000000076e900000,0x000000076ee00000)
 ParOldGen       total 84992K, used 13032K [0x00000006c0000000, 0x00000006c5300000, 0x000000076ab00000)
  object space 84992K, 15% used [0x00000006c0000000,0x00000006c0cba1c0,0x00000006c5300000)
 Metaspace       used 6029K, capacity 6960K, committed 7040K, reserved 1056768K
  class space    used 595K, capacity 616K, committed 640K, reserved 1048576K
Event: 1.727 GC heap after
Heap after GC invocations=5 (full 0):
 PSYoungGen      total 68608K, used 5089K [0x000000076ab00000, 0x0000000774c00000, 0x00000007c0000000)
  eden space 63488K, 0% used [0x000000076ab00000,0x000000076ab00000,0x000000076e900000)
  from space 5120K, 99% used [0x000000076e900000,0x000000076edf8718,0x000000076ee00000)
  to   space 18944K, 0% used [0x0000000773980000,0x0000000773980000,0x0000000774c00000)
 ParOldGen       total 84992K, used 22724K [0x00000006c0000000, 0x00000006c5300000, 0x000000076ab00000)
  object space 84992K, 26% used [0x00000006c0000000,0x00000006c1631280,0x00000006c5300000)
 Metaspace       used 6029K, capacity 6960K, committed 7040K, reserved 1056768K
  class space    used 595K, capacity 616K, committed 640K, reserved 1048576K
}
Event: 1.969 GC heap before
{Heap before GC invocations=6 (full 0):
 PSYoungGen      total 68608K, used 68577K [0x000000076ab00000, 0x0000000774c00000, 0x00000007c0000000)
  eden space 63488K, 100% used [0x000000076ab00000,0x000000076e900000,0x000000076e900000)
  from space 5120K, 99% used [0x000000076e900000,0x000000076edf8718,0x000000076ee00000)
  to   space 18944K, 0% used [0x0000000773980000,0x0000000773980000,0x0000000774c00000)
 ParOldGen       total 84992K, used 22724K [0x00000006c0000000, 0x00000006c5300000, 0x000000076ab00000)
  object space 84992K, 26% used [0x00000006c0000000,0x00000006c1631280,0x00000006c5300000)
 Metaspace       used 6037K, capacity 6960K, committed 7040K, reserved 1056768K
  class space    used 595K, capacity 616K, committed 640K, reserved 1048576K
Event: 2.011 GC heap after
Heap after GC invocations=6 (full 0):
 PSYoungGen      total 144384K, used 14477K [0x000000076ab00000, 0x0000000774f00000, 0x00000007c0000000)
  eden space 125440K, 0% used [0x000000076ab00000,0x000000076ab00000,0x0000000772580000)
  from space 18944K, 76% used [0x0000000773980000,0x00000007747a34f0,0x0000000774c00000)
  to   space 20480K, 0% used [0x0000000772580000,0x0000000772580000,0x0000000773980000)
 ParOldGen       total 84992K, used 22724K [0x00000006c0000000, 0x00000006c5300000, 0x000000076ab00000)
  object space 84992K, 26% used [0x00000006c0000000,0x00000006c1631280,0x00000006c5300000)
 Metaspace       used 6037K, capacity 6960K, committed 7040K, reserved 1056768K
  class space    used 595K, capacity 616K, committed 640K, reserved 1048576K
}
Event: 2.724 GC heap before
{Heap before GC invocations=7 (full 0):
 PSYoungGen      total 144384K, used 139917K [0x000000076ab00000, 0x0000000774f00000, 0x00000007c0000000)
  eden space 125440K, 100% used [0x000000076ab00000,0x0000000772580000,0x0000000772580000)
  from space 18944K, 76% used [0x0000000773980000,0x00000007747a34f0,0x0000000774c00000)
  to   space 20480K, 0% used [0x0000000772580000,0x0000000772580000,0x0000000773980000)
 ParOldGen       total 84992K, used 22724K [0x00000006c0000000, 0x00000006c5300000, 0x000000076ab00000)
  object space 84992K, 26% used [0x00000006c0000000,0x00000006c1631280,0x00000006c5300000)
 Metaspace       used 6354K, capacity 7192K, committed 7424K, reserved 1056768K
  class space    used 616K, capacity 656K, committed 768K, reserved 1048576K

Deoptimization events (10 events):
Event: 1.910 Thread 0x00007fa8941c9000 Uncommon trap: reason=bimorphic action=maybe_recompile pc=0x00007fa8853bc744 method=java.util.HashMap.getNode(ILjava/lang/Object;)Ljava/util/HashMap$Node; @ 126
Event: 1.910 Thread 0x00007fa8941c9000 Uncommon trap: reason=bimorphic action=maybe_recompile pc=0x00007fa8853bc744 method=java.util.HashMap.getNode(ILjava/lang/Object;)Ljava/util/HashMap$Node; @ 126
Event: 1.910 Thread 0x00007fa8941c9000 Uncommon trap: reason=bimorphic action=maybe_recompile pc=0x00007fa8853bc744 method=java.util.HashMap.getNode(ILjava/lang/Object;)Ljava/util/HashMap$Node; @ 126
Event: 1.910 Thread 0x00007fa8941c9000 Uncommon trap: reason=bimorphic action=maybe_recompile pc=0x00007fa8853bc744 method=java.util.HashMap.getNode(ILjava/lang/Object;)Ljava/util/HashMap$Node; @ 126
Event: 2.028 Thread 0x00007fa8941c9000 Uncommon trap: reason=unstable_if action=reinterpret pc=0x00007fa8853d2d44 method=java.util.HashMap.putVal(ILjava/lang/Object;Ljava/lang/Object;ZZ)Ljava/lang/Object; @ 162
Event: 2.236 Thread 0x00007fa8941ce000 Uncommon trap: reason=unstable_if action=reinterpret pc=0x00007fa88564195c method=java.util.HashMap.getNode(ILjava/lang/Object;)Ljava/util/HashMap$Node; @ 84
Event: 2.265 Thread 0x00007fa89400a000 Uncommon trap: reason=unstable_if action=reinterpret pc=0x00007fa8853c64e8 method=java.util.HashMap.getNode(ILjava/lang/Object;)Ljava/util/HashMap$Node; @ 84
Event: 2.287 Thread 0x00007fa89400a000 Uncommon trap: reason=unstable_if action=reinterpret pc=0x00007fa88565bf80 method=com.android.dx.cf.code.BytecodeArray.parseInstruction(ILcom/android/dx/cf/code/BytecodeArray$Visitor;)I @ 1261
Event: 2.384 Thread 0x00007fa8941cc800 Uncommon trap: reason=unstable_if action=reinterpret pc=0x00007fa8856a8204 method=java.util.HashMap.getNode(ILjava/lang/Object;)Ljava/util/HashMap$Node; @ 84
Event: 2.506 Thread 0x00007fa8941d0000 Uncommon trap: reason=unstable_if action=reinterpret pc=0x00007fa885400d0c method=com.android.dx.dex.code.OutputFinisher.hasLocalInfo(Lcom/android/dx/dex/code/DalvInsn;)Z @ 24

Internal exceptions (8 events):
Event: 0.024 Thread 0x00007fa89400a000 Exception <a 'java/lang/NoSuchMethodError': Method sun.misc.Unsafe.defineClass(Ljava/lang/String;[BII)Ljava/lang/Class; name or signature does not match> (0x000000076ab07cc0) thrown at [/HUDSON/workspace/8-2-build-linux-amd64/jdk8u91/6644/hotspot/src/shar
Event: 0.024 Thread 0x00007fa89400a000 Exception <a 'java/lang/NoSuchMethodError': Method sun.misc.Unsafe.prefetchRead(Ljava/lang/Object;J)V name or signature does not match> (0x000000076ab07fa8) thrown at [/HUDSON/workspace/8-2-build-linux-amd64/jdk8u91/6644/hotspot/src/share/vm/prims/jni.cpp
Event: 0.779 Thread 0x00007fa89400a000 Implicit null exception at 0x00007fa8852dbe15 to 0x00007fa8852de855
Event: 1.211 Thread 0x00007fa8941c9000 Implicit null exception at 0x00007fa885304bad to 0x00007fa8853070e5
Event: 1.666 Thread 0x00007fa8941ce000 Implicit null exception at 0x00007fa88550bb79 to 0x00007fa88550c465
Event: 2.070 Thread 0x00007fa8941c9000 Exception <a 'java/lang/ArrayIndexOutOfBoundsException': 18> (0x000000076af42cd8) thrown at [/HUDSON/workspace/8-2-build-linux-amd64/jdk8u91/6644/hotspot/src/share/vm/interpreter/interpreterRuntime.cpp, line 366]
Event: 2.070 Thread 0x00007fa8941c9000 Exception <a 'java/lang/ArrayIndexOutOfBoundsException': 145> (0x000000076af44858) thrown at [/HUDSON/workspace/8-2-build-linux-amd64/jdk8u91/6644/hotspot/src/share/vm/interpreter/interpreterRuntime.cpp, line 366]
Event: 2.072 Thread 0x00007fa8941c9000 Exception <a 'java/lang/ArrayIndexOutOfBoundsException': 40> (0x000000076af45b40) thrown at [/HUDSON/workspace/8-2-build-linux-amd64/jdk8u91/6644/hotspot/src/share/vm/interpreter/interpreterRuntime.cpp, line 366]

Events (10 events):
Event: 2.586 Thread 0x00007fa89400a000 DEOPT UNPACKING pc=0x00007fa885047633 sp=0x00007fa89d9aa700 mode 0
Event: 2.647 Thread 0x00007fa8941cc800 DEOPT PACKING pc=0x00007fa8855f2200 sp=0x00007fa87f012ab0
Event: 2.647 Thread 0x00007fa8941cc800 DEOPT UNPACKING pc=0x00007fa885047633 sp=0x00007fa87f012890 mode 0
Event: 2.700 loading class com/android/dx/command/dexer/Main$NotFilter
Event: 2.700 loading class com/android/dx/command/dexer/Main$NotFilter done
Event: 2.718 Thread 0x00007fa8941cc800 DEOPT PACKING pc=0x00007fa8854c6b57 sp=0x00007fa87f013140
Event: 2.718 Thread 0x00007fa8941cc800 DEOPT UNPACKING pc=0x00007fa885047633 sp=0x00007fa87f012eb0 mode 0
Event: 2.723 Thread 0x00007fa8941c9000 DEOPT PACKING pc=0x00007fa8854c7175 sp=0x00007fa87f215230
Event: 2.723 Thread 0x00007fa8941c9000 DEOPT UNPACKING pc=0x00007fa885047633 sp=0x00007fa87f214f88 mode 0
Event: 2.724 Executing VM operation: ParallelGCFailedAllocation


Dynamic libraries:
00400000-00401000 r-xp 00000000 08:01 1454135                            /usr/lib/jvm/java-8-oracle/bin/java
00600000-00601000 rw-p 00000000 08:01 1454135                            /usr/lib/jvm/java-8-oracle/bin/java
01efa000-01f1b000 rw-p 00000000 00:00 0                                  [heap]
6c0000000-6c5300000 rw-p 00000000 00:00 0 
6c5300000-76ab00000 ---p 00000000 00:00 0 
76ab00000-774f00000 rw-p 00000000 00:00 0 
77dc00000-7c0000000 ---p 00000000 00:00 0 
7c0000000-7c00c0000 rw-p 00000000 00:00 0 
7c00c0000-800000000 ---p 00000000 00:00 0 
7fa830000000-7fa830021000 rw-p 00000000 00:00 0 
7fa830021000-7fa834000000 ---p 00000000 00:00 0 
7fa834000000-7fa834021000 rw-p 00000000 00:00 0 
7fa834021000-7fa838000000 ---p 00000000 00:00 0 
7fa838000000-7fa838021000 rw-p 00000000 00:00 0 
7fa838021000-7fa83c000000 ---p 00000000 00:00 0 
7fa83c000000-7fa83c021000 rw-p 00000000 00:00 0 
7fa83c021000-7fa840000000 ---p 00000000 00:00 0 
7fa840000000-7fa840021000 rw-p 00000000 00:00 0 
7fa840021000-7fa844000000 ---p 00000000 00:00 0 
7fa844000000-7fa84403f000 rw-p 00000000 00:00 0 
7fa84403f000-7fa848000000 ---p 00000000 00:00 0 
7fa848000000-7fa848798000 rw-p 00000000 00:00 0 
7fa848798000-7fa84c000000 ---p 00000000 00:00 0 
7fa84c000000-7fa84c021000 rw-p 00000000 00:00 0 
7fa84c021000-7fa850000000 ---p 00000000 00:00 0 
7fa850000000-7fa850c4f000 rw-p 00000000 00:00 0 
7fa850c4f000-7fa854000000 ---p 00000000 00:00 0 
7fa854000000-7fa8549e8000 rw-p 00000000 00:00 0 
7fa8549e8000-7fa858000000 ---p 00000000 00:00 0 
7fa858000000-7fa858021000 rw-p 00000000 00:00 0 
7fa858021000-7fa85c000000 ---p 00000000 00:00 0 
7fa85c000000-7fa85c021000 rw-p 00000000 00:00 0 
7fa85c021000-7fa860000000 ---p 00000000 00:00 0 
7fa860000000-7fa860294000 rw-p 00000000 00:00 0 
7fa860294000-7fa864000000 ---p 00000000 00:00 0 
7fa864000000-7fa864021000 rw-p 00000000 00:00 0 
7fa864021000-7fa868000000 ---p 00000000 00:00 0 
7fa868000000-7fa870000000 rw-p 00000000 00:00 0 
7fa870000000-7fa870021000 rw-p 00000000 00:00 0 
7fa870021000-7fa874000000 ---p 00000000 00:00 0 
7fa874000000-7fa874021000 rw-p 00000000 00:00 0 
7fa874021000-7fa878000000 ---p 00000000 00:00 0 
7fa878000000-7fa878021000 rw-p 00000000 00:00 0 
7fa878021000-7fa87c000000 ---p 00000000 00:00 0 
7fa87ed12000-7fa87ed15000 ---p 00000000 00:00 0 
7fa87ed15000-7fa87ee13000 rw-p 00000000 00:00 0 
7fa87ee13000-7fa87ee16000 ---p 00000000 00:00 0 
7fa87ee16000-7fa87ef14000 rw-p 00000000 00:00 0 
7fa87ef14000-7fa87ef17000 ---p 00000000 00:00 0 
7fa87ef17000-7fa87f015000 rw-p 00000000 00:00 0 
7fa87f015000-7fa87f018000 ---p 00000000 00:00 0 
7fa87f018000-7fa87f116000 rw-p 00000000 00:00 0 
7fa87f116000-7fa87f119000 ---p 00000000 00:00 0 
7fa87f119000-7fa87f217000 rw-p 00000000 00:00 0 
7fa87f217000-7fa87f218000 ---p 00000000 00:00 0 
7fa87f218000-7fa87f318000 rw-p 00000000 00:00 0 
7fa87f318000-7fa87f31b000 ---p 00000000 00:00 0 
7fa87f31b000-7fa87f419000 rw-p 00000000 00:00 0 
7fa87f419000-7fa87f41c000 ---p 00000000 00:00 0 
7fa87f41c000-7fa87f51a000 rw-p 00000000 00:00 0 
7fa87f51a000-7fa87f51d000 ---p 00000000 00:00 0 
7fa87f51d000-7fa87f61b000 rw-p 00000000 00:00 0 
7fa87f61b000-7fa87f61e000 ---p 00000000 00:00 0 
7fa87f61e000-7fa87f71c000 rw-p 00000000 00:00 0 
7fa87f71c000-7fa87f71f000 ---p 00000000 00:00 0 
7fa87f71f000-7fa87f81d000 rw-p 00000000 00:00 0 
7fa87f81d000-7fa87feff000 r--p 00000000 08:01 1448881                    /usr/lib/locale/locale-archive
7fa87feff000-7fa87ff02000 ---p 00000000 00:00 0 
7fa87ff02000-7fa880000000 rw-p 00000000 00:00 0 
7fa880000000-7fa880021000 rw-p 00000000 00:00 0 
7fa880021000-7fa884000000 ---p 00000000 00:00 0 
7fa884079000-7fa8840af000 r--s 002b8000 08:05 4855617                    /home/onmymobile/AndroidStudioProjects/Heritage/SmsCapture (2)/app/build/intermediates/transforms/jarMerging/release/jars/1/1f/combined.jar
7fa8840af000-7fa8840b2000 ---p 00000000 00:00 0 
7fa8840b2000-7fa8841b0000 rw-p 00000000 00:00 0 
7fa8841b0000-7fa8841b1000 ---p 00000000 00:00 0 
7fa8841b1000-7fa885000000 rw-p 00000000 00:00 0 
7fa885000000-7fa885740000 rwxp 00000000 00:00 0 
7fa885740000-7fa894000000 ---p 00000000 00:00 0 
7fa894000000-7fa8943ae000 rw-p 00000000 00:00 0 
7fa8943ae000-7fa898000000 ---p 00000000 00:00 0 
7fa898011000-7fa8982c5000 rw-p 00000000 00:00 0 
7fa8982c5000-7fa89849e000 r--s 03d1f000 08:01 1452558                    /usr/lib/jvm/java-8-oracle/jre/lib/rt.jar
7fa89849e000-7fa898b94000 rw-p 00000000 00:00 0 
7fa898b94000-7fa898d14000 ---p 00000000 00:00 0 
7fa898d14000-7fa899514000 rw-p 00000000 00:00 0 
7fa899514000-7fa899515000 ---p 00000000 00:00 0 
7fa899515000-7fa899615000 rw-p 00000000 00:00 0 
7fa899615000-7fa899616000 ---p 00000000 00:00 0 
7fa899616000-7fa899716000 rw-p 00000000 00:00 0 
7fa899716000-7fa899717000 ---p 00000000 00:00 0 
7fa899717000-7fa899817000 rw-p 00000000 00:00 0 
7fa899817000-7fa899818000 ---p 00000000 00:00 0 
7fa899818000-7fa899942000 rw-p 00000000 00:00 0 
7fa899942000-7fa899e6e000 ---p 00000000 00:00 0 
7fa899e6e000-7fa899e98000 rw-p 00000000 00:00 0 
7fa899e98000-7fa89a3c3000 ---p 00000000 00:00 0 
7fa89a3c3000-7fa89a416000 rw-p 00000000 00:00 0 
7fa89a416000-7fa89a66e000 ---p 00000000 00:00 0 
7fa89a66e000-7fa89a68c000 rw-p 00000000 00:00 0 
7fa89a68c000-7fa89aa2f000 ---p 00000000 00:00 0 
7fa89aa2f000-7fa89aa49000 r-xp 00000000 08:01 1452613                    /usr/lib/jvm/java-8-oracle/jre/lib/amd64/libzip.so
7fa89aa49000-7fa89ac49000 ---p 0001a000 08:01 1452613                    /usr/lib/jvm/java-8-oracle/jre/lib/amd64/libzip.so
7fa89ac49000-7fa89ac4a000 rw-p 0001a000 08:01 1452613                    /usr/lib/jvm/java-8-oracle/jre/lib/amd64/libzip.so
7fa89ac4a000-7fa89ac54000 r-xp 00000000 08:01 7078098                    /lib/x86_64-linux-gnu/libnss_files-2.19.so
7fa89ac54000-7fa89ae53000 ---p 0000a000 08:01 7078098                    /lib/x86_64-linux-gnu/libnss_files-2.19.so
7fa89ae53000-7fa89ae54000 r--p 00009000 08:01 7078098                    /lib/x86_64-linux-gnu/libnss_files-2.19.so
7fa89ae54000-7fa89ae55000 rw-p 0000a000 08:01 7078098                    /lib/x86_64-linux-gnu/libnss_files-2.19.so
7fa89ae55000-7fa89ae60000 r-xp 00000000 08:01 7078090                    /lib/x86_64-linux-gnu/libnss_nis-2.19.so
7fa89ae60000-7fa89b05f000 ---p 0000b000 08:01 7078090                    /lib/x86_64-linux-gnu/libnss_nis-2.19.so
7fa89b05f000-7fa89b060000 r--p 0000a000 08:01 7078090                    /lib/x86_64-linux-gnu/libnss_nis-2.19.so
7fa89b060000-7fa89b061000 rw-p 0000b000 08:01 7078090                    /lib/x86_64-linux-gnu/libnss_nis-2.19.so
7fa89b061000-7fa89b078000 r-xp 00000000 08:01 7078086                    /lib/x86_64-linux-gnu/libnsl-2.19.so
7fa89b078000-7fa89b277000 ---p 00017000 08:01 7078086                    /lib/x86_64-linux-gnu/libnsl-2.19.so
7fa89b277000-7fa89b278000 r--p 00016000 08:01 7078086                    /lib/x86_64-linux-gnu/libnsl-2.19.so
7fa89b278000-7fa89b279000 rw-p 00017000 08:01 7078086                    /lib/x86_64-linux-gnu/libnsl-2.19.so
7fa89b279000-7fa89b27b000 rw-p 00000000 00:00 0 
7fa89b27b000-7fa89b284000 r-xp 00000000 08:01 7078085                    /lib/x86_64-linux-gnu/libnss_compat-2.19.so
7fa89b284000-7fa89b483000 ---p 00009000 08:01 7078085                    /lib/x86_64-linux-gnu/libnss_compat-2.19.so
7fa89b483000-7fa89b484000 r--p 00008000 08:01 7078085                    /lib/x86_64-linux-gnu/libnss_compat-2.19.so
7fa89b484000-7fa89b485000 rw-p 00009000 08:01 7078085                    /lib/x86_64-linux-gnu/libnss_compat-2.19.so
7fa89b485000-7fa89b4af000 r-xp 00000000 08:01 1452593                    /usr/lib/jvm/java-8-oracle/jre/lib/amd64/libjava.so
7fa89b4af000-7fa89b6af000 ---p 0002a000 08:01 1452593                    /usr/lib/jvm/java-8-oracle/jre/lib/amd64/libjava.so
7fa89b6af000-7fa89b6b1000 rw-p 0002a000 08:01 1452593                    /usr/lib/jvm/java-8-oracle/jre/lib/amd64/libjava.so
7fa89b6b1000-7fa89b6be000 r-xp 00000000 08:01 1452610                    /usr/lib/jvm/java-8-oracle/jre/lib/amd64/libverify.so
7fa89b6be000-7fa89b8be000 ---p 0000d000 08:01 1452610                    /usr/lib/jvm/java-8-oracle/jre/lib/amd64/libverify.so
7fa89b8be000-7fa89b8c0000 rw-p 0000d000 08:01 1452610                    /usr/lib/jvm/java-8-oracle/jre/lib/amd64/libverify.so
7fa89b8c0000-7fa89b8c7000 r-xp 00000000 08:01 7078094                    /lib/x86_64-linux-gnu/librt-2.19.so
7fa89b8c7000-7fa89bac6000 ---p 00007000 08:01 7078094                    /lib/x86_64-linux-gnu/librt-2.19.so
7fa89bac6000-7fa89bac7000 r--p 00006000 08:01 7078094                    /lib/x86_64-linux-gnu/librt-2.19.so
7fa89bac7000-7fa89bac8000 rw-p 00007000 08:01 7078094                    /lib/x86_64-linux-gnu/librt-2.19.so
7fa89bac8000-7fa89bbcd000 r-xp 00000000 08:01 7078080                    /lib/x86_64-linux-gnu/libm-2.19.so
7fa89bbcd000-7fa89bdcc000 ---p 00105000 08:01 7078080                    /lib/x86_64-linux-gnu/libm-2.19.so
7fa89bdcc000-7fa89bdcd000 r--p 00104000 08:01 7078080                    /lib/x86_64-linux-gnu/libm-2.19.so
7fa89bdcd000-7fa89bdce000 rw-p 00105000 08:01 7078080                    /lib/x86_64-linux-gnu/libm-2.19.so
7fa89bdce000-7fa89ca8e000 r-xp 00000000 08:01 1452601                    /usr/lib/jvm/java-8-oracle/jre/lib/amd64/server/libjvm.so
7fa89ca8e000-7fa89cc8e000 ---p 00cc0000 08:01 1452601                    /usr/lib/jvm/java-8-oracle/jre/lib/amd64/server/libjvm.so
7fa89cc8e000-7fa89cd66000 rw-p 00cc0000 08:01 1452601                    /usr/lib/jvm/java-8-oracle/jre/lib/amd64/server/libjvm.so
7fa89cd66000-7fa89cdb1000 rw-p 00000000 00:00 0 
7fa89cdb1000-7fa89cf6b000 r-xp 00000000 08:01 7078095                    /lib/x86_64-linux-gnu/libc-2.19.so
7fa89cf6b000-7fa89d16b000 ---p 001ba000 08:01 7078095                    /lib/x86_64-linux-gnu/libc-2.19.so
7fa89d16b000-7fa89d16f000 r--p 001ba000 08:01 7078095                    /lib/x86_64-linux-gnu/libc-2.19.so
7fa89d16f000-7fa89d171000 rw-p 001be000 08:01 7078095                    /lib/x86_64-linux-gnu/libc-2.19.so
7fa89d171000-7fa89d176000 rw-p 00000000 00:00 0 
7fa89d176000-7fa89d179000 r-xp 00000000 08:01 7078082                    /lib/x86_64-linux-gnu/libdl-2.19.so
7fa89d179000-7fa89d378000 ---p 00003000 08:01 7078082                    /lib/x86_64-linux-gnu/libdl-2.19.so
7fa89d378000-7fa89d379000 r--p 00002000 08:01 7078082                    /lib/x86_64-linux-gnu/libdl-2.19.so
7fa89d379000-7fa89d37a000 rw-p 00003000 08:01 7078082                    /lib/x86_64-linux-gnu/libdl-2.19.so
7fa89d37a000-7fa89d38f000 r-xp 00000000 08:01 1454079                    /usr/lib/jvm/java-8-oracle/lib/amd64/jli/libjli.so
7fa89d38f000-7fa89d58f000 ---p 00015000 08:01 1454079                    /usr/lib/jvm/java-8-oracle/lib/amd64/jli/libjli.so
7fa89d58f000-7fa89d590000 rw-p 00015000 08:01 1454079                    /usr/lib/jvm/java-8-oracle/lib/amd64/jli/libjli.so
7fa89d590000-7fa89d5a9000 r-xp 00000000 08:01 7078087                    /lib/x86_64-linux-gnu/libpthread-2.19.so
7fa89d5a9000-7fa89d7a8000 ---p 00019000 08:01 7078087                    /lib/x86_64-linux-gnu/libpthread-2.19.so
7fa89d7a8000-7fa89d7a9000 r--p 00018000 08:01 7078087                    /lib/x86_64-linux-gnu/libpthread-2.19.so
7fa89d7a9000-7fa89d7aa000 rw-p 00019000 08:01 7078087                    /lib/x86_64-linux-gnu/libpthread-2.19.so
7fa89d7aa000-7fa89d7ae000 rw-p 00000000 00:00 0 
7fa89d7ae000-7fa89d7d1000 r-xp 00000000 08:01 7078088                    /lib/x86_64-linux-gnu/ld-2.19.so
7fa89d7d9000-7fa89d8ac000 rw-p 00000000 00:00 0 
7fa89d8ac000-7fa89d8af000 ---p 00000000 00:00 0 
7fa89d8af000-7fa89d9b1000 rw-p 00000000 00:00 0 
7fa89d9b4000-7fa89d9b5000 rw-p 00000000 00:00 0 
7fa89d9b5000-7fa89d9c4000 r--s 000df000 08:05 264644                     /home/onmymobile/Android/Sdk/build-tools/23.0.3/lib/dx.jar
7fa89d9c4000-7fa89d9cc000 rw-s 00000000 08:01 524414                     /tmp/hsperfdata_onmymobile/14740
7fa89d9cc000-7fa89d9cd000 rw-p 00000000 00:00 0 
7fa89d9cd000-7fa89d9ce000 ---p 00000000 00:00 0 
7fa89d9ce000-7fa89d9d0000 rw-p 00000000 00:00 0 
7fa89d9d0000-7fa89d9d1000 r--p 00022000 08:01 7078088                    /lib/x86_64-linux-gnu/ld-2.19.so
7fa89d9d1000-7fa89d9d2000 rw-p 00023000 08:01 7078088                    /lib/x86_64-linux-gnu/ld-2.19.so
7fa89d9d2000-7fa89d9d3000 rw-p 00000000 00:00 0 
7ffd178ab000-7ffd178cc000 rw-p 00000000 00:00 0                          [stack]
7ffd17986000-7ffd17988000 r--p 00000000 00:00 0                          [vvar]
7ffd17988000-7ffd1798a000 r-xp 00000000 00:00 0                          [vdso]
ffffffffff600000-ffffffffff601000 r-xp 00000000 00:00 0                  [vsyscall]

VM Arguments:
jvm_args: -Djava.awt.headless=true -Xmx4g -Dfile.encoding=UTF-8 -Duser.country=IN -Duser.language=en -Duser.variant 
java_command: com.android.dx.command.Main --dex --num-threads=4 --multi-dex --main-dex-list /home/onmymobile/AndroidStudioProjects/Heritage/SmsCapture (2)/app/build/intermediates/multi-dex/release/maindexlist.txt --output /home/onmymobile/AndroidStudioProjects/Heritage/SmsCapture (2)/app/build/intermediates/transforms/dex/release/folders/1000/1f/main /home/onmymobile/AndroidStudioProjects/Heritage/SmsCapture (2)/app/build/intermediates/transforms/jarMerging/release/jars/1/1f/combined.jar
java_class_path (initial): /home/onmymobile/Android/Sdk/build-tools/23.0.3/lib/dx.jar
Launcher Type: SUN_STANDARD

Environment Variables:
JAVA_HOME=/usr/lib/jvm/java-8-oracle
PATH=/home/onmymobile/bin:/usr/local/sbin:/usr/local/bin:/usr/sbin:/usr/bin:/sbin:/bin:/usr/games:/usr/local/games:/usr/lib/jvm/java-8-oracle/bin:/usr/lib/jvm/java-8-oracle/db/bin:/usr/lib/jvm/java-8-oracle/jre/bin
SHELL=/bin/bash
DISPLAY=:0

Signal Handlers:
SIGSEGV: [libjvm.so+0xabca10], sa_mask[0]=11111111011111111101111111111110, sa_flags=SA_RESTART|SA_SIGINFO
SIGBUS: [libjvm.so+0xabca10], sa_mask[0]=11111111011111111101111111111110, sa_flags=SA_RESTART|SA_SIGINFO
SIGFPE: [libjvm.so+0x919a20], sa_mask[0]=11111111011111111101111111111110, sa_flags=SA_RESTART|SA_SIGINFO
SIGPIPE: [libjvm.so+0x919a20], sa_mask[0]=11111111011111111101111111111110, sa_flags=SA_RESTART|SA_SIGINFO
SIGXFSZ: [libjvm.so+0x919a20], sa_mask[0]=11111111011111111101111111111110, sa_flags=SA_RESTART|SA_SIGINFO
SIGILL: [libjvm.so+0x919a20], sa_mask[0]=11111111011111111101111111111110, sa_flags=SA_RESTART|SA_SIGINFO
SIGUSR1: SIG_DFL, sa_mask[0]=00000000000000000000000000000000, sa_flags=none
SIGUSR2: [libjvm.so+0x91b050], sa_mask[0]=00100000000000000000000000000000, sa_flags=SA_RESTART|SA_SIGINFO
SIGHUP: [libjvm.so+0x91c450], sa_mask[0]=11111111011111111101111111111110, sa_flags=SA_RESTART|SA_SIGINFO
SIGINT: [libjvm.so+0x91c450], sa_mask[0]=11111111011111111101111111111110, sa_flags=SA_RESTART|SA_SIGINFO
SIGTERM: [libjvm.so+0x91c450], sa_mask[0]=11111111011111111101111111111110, sa_flags=SA_RESTART|SA_SIGINFO
SIGQUIT: [libjvm.so+0x91c450], sa_mask[0]=11111111011111111101111111111110, sa_flags=SA_RESTART|SA_SIGINFO


---------------  S Y S T E M  ---------------

OS:DISTRIB_ID=Ubuntu
DISTRIB_RELEASE=14.04
DISTRIB_CODENAME=trusty
DISTRIB_DESCRIPTION="Ubuntu 14.04.4 LTS"

uname:Linux 4.2.0-42-generic #49~14.04.1-Ubuntu SMP Wed Jun 29 20:22:11 UTC 2016 x86_64
libc:glibc 2.19 NPTL 2.19 
rlimit: STACK 8192k, CORE 0k, NPROC 31336, NOFILE 4096, AS infinity
load average:0.76 1.70 1.81

/proc/meminfo:
MemTotal:        8044164 kB
MemFree:          121488 kB
MemAvailable:     111416 kB
Buffers:            1076 kB
Cached:          1158452 kB
SwapCached:            0 kB
Active:          6744832 kB
Inactive:         950368 kB
Active(anon):    6694264 kB
Inactive(anon):   899812 kB
Active(file):      50568 kB
Inactive(file):    50556 kB
Unevictable:         156 kB
Mlocked:             156 kB
SwapTotal:             0 kB
SwapFree:              0 kB
Dirty:             44360 kB
Writeback:             0 kB
AnonPages:       6536340 kB
Mapped:           508224 kB
Shmem:           1057908 kB
Slab:              91712 kB
SReclaimable:      47660 kB
SUnreclaim:        44052 kB
KernelStack:       12576 kB
PageTables:        66364 kB
NFS_Unstable:          0 kB
Bounce:                0 kB
WritebackTmp:          0 kB
CommitLimit:     4022080 kB
Committed_AS:   13795940 kB
VmallocTotal:   34359738367 kB
VmallocUsed:      358888 kB
VmallocChunk:   34358947836 kB
HardwareCorrupted:     0 kB
AnonHugePages:   3917824 kB
CmaTotal:              0 kB
CmaFree:               0 kB
HugePages_Total:       0
HugePages_Free:        0
HugePages_Rsvd:        0
HugePages_Surp:        0
Hugepagesize:       2048 kB
DirectMap4k:      187936 kB
DirectMap2M:     8069120 kB


CPU:total 4 (2 cores per cpu, 2 threads per core) family 6 model 58 stepping 9, cmov, cx8, fxsr, mmx, sse, sse2, sse3, ssse3, sse4.1, sse4.2, popcnt, avx, aes, clmul, erms, ht, tsc, tscinvbit, tscinv

/proc/cpuinfo:
processor	: 0
vendor_id	: GenuineIntel
cpu family	: 6
model		: 58
model name	: Intel(R) Core(TM) i5-3340M CPU @ 2.70GHz
stepping	: 9
microcode	: 0x15
cpu MHz		: 3266.683
cache size	: 3072 KB
physical id	: 0
siblings	: 4
core id		: 0
cpu cores	: 2
apicid		: 0
initial apicid	: 0
fpu		: yes
fpu_exception	: yes
cpuid level	: 13
wp		: yes
flags		: fpu vme de pse tsc msr pae mce cx8 apic sep mtrr pge mca cmov pat pse36 clflush dts acpi mmx fxsr sse sse2 ss ht tm pbe syscall nx rdtscp lm constant_tsc arch_perfmon pebs bts rep_good nopl xtopology nonstop_tsc aperfmperf eagerfpu pni pclmulqdq dtes64 monitor ds_cpl vmx smx est tm2 ssse3 cx16 xtpr pdcm pcid sse4_1 sse4_2 x2apic popcnt tsc_deadline_timer aes xsave avx f16c rdrand lahf_lm ida arat epb pln pts dtherm tpr_shadow vnmi flexpriority ept vpid fsgsbase smep erms xsaveopt
bugs		:
bogomips	: 5382.55
clflush size	: 64
cache_alignment	: 64
address sizes	: 36 bits physical, 48 bits virtual
power management:

processor	: 1
vendor_id	: GenuineIntel
cpu family	: 6
model		: 58
model name	: Intel(R) Core(TM) i5-3340M CPU @ 2.70GHz
stepping	: 9
microcode	: 0x15
cpu MHz		: 3206.250
cache size	: 3072 KB
physical id	: 0
siblings	: 4
core id		: 1
cpu cores	: 2
apicid		: 2
initial apicid	: 2
fpu		: yes
fpu_exception	: yes
cpuid level	: 13
wp		: yes
flags		: fpu vme de pse tsc msr pae mce cx8 apic sep mtrr pge mca cmov pat pse36 clflush dts acpi mmx fxsr sse sse2 ss ht tm pbe syscall nx rdtscp lm constant_tsc arch_perfmon pebs bts rep_good nopl xtopology nonstop_tsc aperfmperf eagerfpu pni pclmulqdq dtes64 monitor ds_cpl vmx smx est tm2 ssse3 cx16 xtpr pdcm pcid sse4_1 sse4_2 x2apic popcnt tsc_deadline_timer aes xsave avx f16c rdrand lahf_lm ida arat epb pln pts dtherm tpr_shadow vnmi flexpriority ept vpid fsgsbase smep erms xsaveopt
bugs		:
bogomips	: 5382.55
clflush size	: 64
cache_alignment	: 64
address sizes	: 36 bits physical, 48 bits virtual
power management:

processor	: 2
vendor_id	: GenuineIntel
cpu family	: 6
model		: 58
model name	: Intel(R) Core(TM) i5-3340M CPU @ 2.70GHz
stepping	: 9
microcode	: 0x15
cpu MHz		: 3293.050
cache size	: 3072 KB
physical id	: 0
siblings	: 4
core id		: 0
cpu cores	: 2
apicid		: 1
initial apicid	: 1
fpu		: yes
fpu_exception	: yes
cpuid level	: 13
wp		: yes
flags		: fpu vme de pse tsc msr pae mce cx8 apic sep mtrr pge mca cmov pat pse36 clflush dts acpi mmx fxsr sse sse2 ss ht tm pbe syscall nx rdtscp lm constant_tsc arch_perfmon pebs bts rep_good nopl xtopology nonstop_tsc aperfmperf eagerfpu pni pclmulqdq dtes64 monitor ds_cpl vmx smx est tm2 ssse3 cx16 xtpr pdcm pcid sse4_1 sse4_2 x2apic popcnt tsc_deadline_timer aes xsave avx f16c rdrand lahf_lm ida arat epb pln pts dtherm tpr_shadow vnmi flexpriority ept vpid fsgsbase smep erms xsaveopt
bugs		:
bogomips	: 5382.55
clflush size	: 64
cache_alignment	: 64
address sizes	: 36 bits physical, 48 bits virtual
power management:

processor	: 3
vendor_id	: GenuineIntel
cpu family	: 6
model		: 58
model name	: Intel(R) Core(TM) i5-3340M CPU @ 2.70GHz
stepping	: 9
microcode	: 0x15
cpu MHz		: 3199.921
cache size	: 3072 KB
physical id	: 0
siblings	: 4
core id		: 1
cpu cores	: 2
apicid		: 3
initial apicid	: 3
fpu		: yes
fpu_exception	: yes
cpuid level	: 13
wp		: yes
flags		: fpu vme de pse tsc msr pae mce cx8 apic sep mtrr pge mca cmov pat pse36 clflush dts acpi mmx fxsr sse sse2 ss ht tm pbe syscall nx rdtscp lm constant_tsc arch_perfmon pebs bts rep_good nopl xtopology nonstop_tsc aperfmperf eagerfpu pni pclmulqdq dtes64 monitor ds_cpl vmx smx est tm2 ssse3 cx16 xtpr pdcm pcid sse4_1 sse4_2 x2apic popcnt tsc_deadline_timer aes xsave avx f16c rdrand lahf_lm ida arat epb pln pts dtherm tpr_shadow vnmi flexpriority ept vpid fsgsbase smep erms xsaveopt
bugs		:
bogomips	: 5382.55
clflush size	: 64
cache_alignment	: 64
address sizes	: 36 bits physical, 48 bits virtual
power management:



Memory: 4k page, physical 8044164k(122820k free), swap 0k(0k free)

vm_info: Java HotSpot(TM) 64-Bit Server VM (25.91-b14) for linux-amd64 JRE (1.8.0_91-b14), built on Apr  1 2016 00:57:21 by "java_re" with gcc 4.3.0 20080428 (Red Hat 4.3.0-8)

time: Thu Jul 21 15:55:33 2016
elapsed time: 2 seconds (0d 0h 0m 2s)

