#
# There is insufficient memory for the Java Runtime Environment to continue.
# Native memory allocation (mmap) failed to map 264765440 bytes for committing reserved memory.
# Possible reasons:
#   The system is out of physical RAM or swap space
#   In 32 bit mode, the process size limit was hit
# Possible solutions:
#   Reduce memory load on the system
#   Increase physical memory or swap space
#   Check if swap backing store is full
#   Use 64 bit Java on a 64 bit OS
#   Decrease Java heap size (-Xmx/-Xms)
#   Decrease number of Java threads
#   Decrease Java thread stack sizes (-Xss)
#   Set larger code cache with -XX:ReservedCodeCacheSize=
# This output file may be truncated or incomplete.
#
#  Out of Memory Error (os_linux.cpp:2627), pid=8645, tid=0x00007f91593b0700
#
# JRE version: Java(TM) SE Runtime Environment (8.0_101-b13) (build 1.8.0_101-b13)
# Java VM: Java HotSpot(TM) 64-Bit Server VM (25.101-b13 mixed mode linux-amd64 compressed oops)
# Failed to write core dump. Core dumps have been disabled. To enable core dumping, try "ulimit -c unlimited" before starting Java again
#

---------------  T H R E A D  ---------------

Current thread (0x00007f916c078000):  VMThread [stack: 0x00007f91592b0000,0x00007f91593b1000] [id=8655]

Stack: [0x00007f91592b0000,0x00007f91593b1000],  sp=0x00007f91593af2e0,  free space=1020k
Native frames: (J=compiled Java code, j=interpreted, Vv=VM code, C=native code)
V  [libjvm.so+0xac3f0a]  VMError::report_and_die()+0x2ba
V  [libjvm.so+0x4fbf9b]  report_vm_out_of_memory(char const*, int, unsigned long, VMErrorType, char const*)+0x8b
V  [libjvm.so+0x9222d3]  os::Linux::commit_memory_impl(char*, unsigned long, bool)+0x103
V  [libjvm.so+0x922829]  os::pd_commit_memory(char*, unsigned long, unsigned long, bool)+0x29
V  [libjvm.so+0x91cb2a]  os::commit_memory(char*, unsigned long, unsigned long, bool)+0x2a
V  [libjvm.so+0x991053]  PSVirtualSpace::expand_by(unsigned long)+0x53
V  [libjvm.so+0x981920]  PSOldGen::expand(unsigned long)+0x170
V  [libjvm.so+0x981b2b]  PSOldGen::resize(unsigned long)+0x1cb
V  [libjvm.so+0x989821]  PSParallelCompact::invoke_no_policy(bool)+0x991
V  [libjvm.so+0x98f17d]  PSScavenge::invoke()+0x1ad
V  [libjvm.so+0x945fc0]  ParallelScavengeHeap::failed_mem_allocate(unsigned long)+0x70
V  [libjvm.so+0xac5927]  VM_ParallelGCFailedAllocation::doit()+0x97
V  [libjvm.so+0xacd405]  VM_Operation::evaluate()+0x55
V  [libjvm.so+0xacb7da]  VMThread::evaluate_operation(VM_Operation*)+0xba
V  [libjvm.so+0xacbb5e]  VMThread::loop()+0x1ce
V  [libjvm.so+0xacbfd0]  VMThread::run()+0x70
V  [libjvm.so+0x924698]  java_start(Thread*)+0x108

VM_Operation (0x00007f9153efce90): ParallelGCFailedAllocation, mode: safepoint, requested by thread 0x00007f916c1d1000


---------------  P R O C E S S  ---------------

Java Threads: ( => current thread )
  0x00007f916c1d1000 JavaThread "pool-2-thread-4" [_thread_blocked, id=8668, stack(0x00007f9153dfe000,0x00007f9153eff000)]
  0x00007f916c1cf800 JavaThread "pool-2-thread-3" [_thread_blocked, id=8667, stack(0x00007f9153eff000,0x00007f9154000000)]
  0x00007f916c1cd800 JavaThread "pool-2-thread-2" [_thread_blocked, id=8666, stack(0x00007f915802d000,0x00007f915812e000)]
  0x00007f916c1cc800 JavaThread "pool-3-thread-1" [_thread_blocked, id=8665, stack(0x00007f915812e000,0x00007f915822f000)]
  0x00007f916c1ca800 JavaThread "pool-2-thread-1" [_thread_blocked, id=8664, stack(0x00007f915822f000,0x00007f9158330000)]
  0x00007f916c0c0800 JavaThread "Service Thread" daemon [_thread_blocked, id=8662, stack(0x00007f91584c7000,0x00007f91585c8000)]
  0x00007f916c0bd000 JavaThread "C1 CompilerThread2" daemon [_thread_blocked, id=8661, stack(0x00007f91585c8000,0x00007f91586c9000)]
  0x00007f916c0bb800 JavaThread "C2 CompilerThread1" daemon [_thread_blocked, id=8660, stack(0x00007f91586c9000,0x00007f91587ca000)]
  0x00007f916c0b8800 JavaThread "C2 CompilerThread0" daemon [_thread_blocked, id=8659, stack(0x00007f91587ca000,0x00007f91588cb000)]
  0x00007f916c0b7000 JavaThread "Signal Dispatcher" daemon [_thread_blocked, id=8658, stack(0x00007f91588cb000,0x00007f91589cc000)]
  0x00007f916c084000 JavaThread "Finalizer" daemon [_thread_blocked, id=8657, stack(0x00007f91590ae000,0x00007f91591af000)]
  0x00007f916c07f800 JavaThread "Reference Handler" daemon [_thread_blocked, id=8656, stack(0x00007f91591af000,0x00007f91592b0000)]
  0x00007f916c00a000 JavaThread "main" [_thread_blocked, id=8647, stack(0x00007f91729ac000,0x00007f9172aad000)]

Other Threads:
=>0x00007f916c078000 VMThread [stack: 0x00007f91592b0000,0x00007f91593b1000] [id=8655]
  0x00007f916c0c3000 WatcherThread [stack: 0x00007f91583c6000,0x00007f91584c7000] [id=8663]

VM state:at safepoint (normal execution)

VM Mutex/Monitor currently owned by a thread:  ([mutex/lock_event])
[0x00007f916c005f30] ExpandHeap_lock - owner thread: 0x00007f916c078000
[0x00007f916c0065b0] Threads_lock - owner thread: 0x00007f916c078000
[0x00007f916c006ab0] Heap_lock - owner thread: 0x00007f916c1d1000

Heap:
 PSYoungGen      total 911872K, used 100707K [0x000000076ab00000, 0x00000007b7d00000, 0x00000007c0000000)
  eden space 625152K, 0% used [0x000000076ab00000,0x000000076ab00000,0x0000000790d80000)
  from space 286720K, 35% used [0x00000007a3500000,0x00000007a9758d80,0x00000007b4d00000)
  to   space 302592K, 0% used [0x0000000790d80000,0x0000000790d80000,0x00000007a3500000)
 ParOldGen       total 495616K, used 495119K [0x00000006c0000000, 0x00000006de400000, 0x000000076ab00000)
  object space 495616K, 99% used [0x00000006c0000000,0x00000006de383d30,0x00000006de400000)
 Metaspace       used 6615K, capacity 7320K, committed 7680K, reserved 1056768K
  class space    used 617K, capacity 656K, committed 768K, reserved 1048576K

Card table byte_map: [0x00007f915be0d000,0x00007f915c60e000] byte_map_base: 0x00007f915880d000

Marking Bits: (ParMarkBitMap*) 0x00007f9171e88120
 Begin Bits: [0x00007f9134000000, 0x00007f9138000000)
 End Bits:   [0x00007f9138000000, 0x00007f913c000000)

Polling page: 0x00007f9172ad1000

CodeCache: size=245760Kb used=10746Kb max_used=12160Kb free=235013Kb
 bounds [0x00007f915c9ce000, 0x00007f915d60e000, 0x00007f916b9ce000]
 total_blobs=2469 nmethods=2200 adapters=182
 compilation: enabled

Compilation events (10 events):
Event: 18.715 Thread 0x00007f916c0b8800 nmethod 2832 0x00007f915cfb2210 code [0x00007f915cfb2820, 0x00007f915cfb89e0]
Event: 18.715 Thread 0x00007f916c0b8800 2841 %     4       com.android.dx.dex.cf.CfTranslator::translate0 @ 141 (259 bytes)
Event: 18.747 Thread 0x00007f916c0bb800 nmethod 2840% 0x00007f915cc95c10 code [0x00007f915cc96040, 0x00007f915cc99ed0]
Event: 18.747 Thread 0x00007f916c0bb800 2836       4       java.lang.String::substring (79 bytes)
Event: 18.753 Thread 0x00007f916c0bb800 nmethod 2836 0x00007f915d0c4850 code [0x00007f915d0c49c0, 0x00007f915d0c4dd8]
Event: 18.753 Thread 0x00007f916c0bb800 2831       4       com.android.dx.ssa.SsaMethod::getUseListCopy (56 bytes)
Event: 18.794 Thread 0x00007f916c0b8800 nmethod 2841% 0x00007f915cfd8d90 code [0x00007f915cfd9160, 0x00007f915cfdbe90]
Event: 18.795 Thread 0x00007f916c0b8800 2838 %     4       com.android.dx.ssa.SsaRenamer$BlockRenamer::addMapping @ 27 (143 bytes)
Event: 18.796 Thread 0x00007f916c0bb800 nmethod 2831 0x00007f915d0a19d0 code [0x00007f915d0a1c60, 0x00007f915d0a2f68]
Event: 18.796 Thread 0x00007f916c0bb800 1586       4       com.android.dx.util.LabeledList::rebuildLabelToIndex (46 bytes)

GC Heap History (10 events):
Event: 11.782 GC heap after
Heap after GC invocations=15 (full 2):
 PSYoungGen      total 629248K, used 157578K [0x000000076ab00000, 0x00000007a4a00000, 0x00000007c0000000)
  eden space 468480K, 0% used [0x000000076ab00000,0x000000076ab00000,0x0000000787480000)
  from space 160768K, 98% used [0x0000000787480000,0x0000000790e62ad8,0x0000000791180000)
  to   space 187904K, 0% used [0x0000000799280000,0x0000000799280000,0x00000007a4a00000)
 ParOldGen       total 312832K, used 259741K [0x00000006c0000000, 0x00000006d3180000, 0x000000076ab00000)
  object space 312832K, 83% used [0x00000006c0000000,0x00000006cfda7518,0x00000006d3180000)
 Metaspace       used 6606K, capacity 7320K, committed 7680K, reserved 1056768K
  class space    used 615K, capacity 656K, committed 768K, reserved 1048576K
}
Event: 11.782 GC heap before
{Heap before GC invocations=16 (full 3):
 PSYoungGen      total 629248K, used 157578K [0x000000076ab00000, 0x00000007a4a00000, 0x00000007c0000000)
  eden space 468480K, 0% used [0x000000076ab00000,0x000000076ab00000,0x0000000787480000)
  from space 160768K, 98% used [0x0000000787480000,0x0000000790e62ad8,0x0000000791180000)
  to   space 187904K, 0% used [0x0000000799280000,0x0000000799280000,0x00000007a4a00000)
 ParOldGen       total 312832K, used 259741K [0x00000006c0000000, 0x00000006d3180000, 0x000000076ab00000)
  object space 312832K, 83% used [0x00000006c0000000,0x00000006cfda7518,0x00000006d3180000)
 Metaspace       used 6606K, capacity 7320K, committed 7680K, reserved 1056768K
  class space    used 615K, capacity 656K, committed 768K, reserved 1048576K
Event: 13.117 GC heap after
Heap after GC invocations=16 (full 3):
 PSYoungGen      total 629248K, used 97579K [0x000000076ab00000, 0x00000007a4a00000, 0x00000007c0000000)
  eden space 468480K, 0% used [0x000000076ab00000,0x000000076ab00000,0x0000000787480000)
  from space 160768K, 60% used [0x0000000787480000,0x000000078d3cae30,0x0000000791180000)
  to   space 187904K, 0% used [0x0000000799280000,0x0000000799280000,0x00000007a4a00000)
 ParOldGen       total 495616K, used 312730K [0x00000006c0000000, 0x00000006de400000, 0x000000076ab00000)
  object space 495616K, 63% used [0x00000006c0000000,0x00000006d3166830,0x00000006de400000)
 Metaspace       used 6606K, capacity 7320K, committed 7680K, reserved 1056768K
  class space    used 615K, capacity 656K, committed 768K, reserved 1048576K
}
Event: 15.548 GC heap before
{Heap before GC invocations=17 (full 3):
 PSYoungGen      total 629248K, used 566059K [0x000000076ab00000, 0x00000007a4a00000, 0x00000007c0000000)
  eden space 468480K, 100% used [0x000000076ab00000,0x0000000787480000,0x0000000787480000)
  from space 160768K, 60% used [0x0000000787480000,0x000000078d3cae30,0x0000000791180000)
  to   space 187904K, 0% used [0x0000000799280000,0x0000000799280000,0x00000007a4a00000)
 ParOldGen       total 495616K, used 312730K [0x00000006c0000000, 0x00000006de400000, 0x000000076ab00000)
  object space 495616K, 63% used [0x00000006c0000000,0x00000006d3166830,0x00000006de400000)
 Metaspace       used 6615K, capacity 7320K, committed 7680K, reserved 1056768K
  class space    used 617K, capacity 656K, committed 768K, reserved 1048576K
Event: 15.834 GC heap after
Heap after GC invocations=17 (full 3):
 PSYoungGen      total 719360K, used 187897K [0x000000076ab00000, 0x00000007a8f80000, 0x00000007c0000000)
  eden space 531456K, 0% used [0x000000076ab00000,0x000000076ab00000,0x000000078b200000)
  from space 187904K, 99% used [0x0000000799280000,0x00000007a49fe5d8,0x00000007a4a00000)
  to   space 229888K, 0% used [0x000000078b200000,0x000000078b200000,0x0000000799280000)
 ParOldGen       total 495616K, used 336296K [0x00000006c0000000, 0x00000006de400000, 0x000000076ab00000)
  object space 495616K, 67% used [0x00000006c0000000,0x00000006d486a0c8,0x00000006de400000)
 Metaspace       used 6615K, capacity 7320K, committed 7680K, reserved 1056768K
  class space    used 617K, capacity 656K, committed 768K, reserved 1048576K
}
Event: 17.378 GC heap before
{Heap before GC invocations=18 (full 3):
 PSYoungGen      total 719360K, used 719353K [0x000000076ab00000, 0x00000007a8f80000, 0x00000007c0000000)
  eden space 531456K, 100% used [0x000000076ab00000,0x000000078b200000,0x000000078b200000)
  from space 187904K, 99% used [0x0000000799280000,0x00000007a49fe5d8,0x00000007a4a00000)
  to   space 229888K, 0% used [0x000000078b200000,0x000000078b200000,0x0000000799280000)
 ParOldGen       total 495616K, used 336296K [0x00000006c0000000, 0x00000006de400000, 0x000000076ab00000)
  object space 495616K, 67% used [0x00000006c0000000,0x00000006d486a0c8,0x00000006de400000)
 Metaspace       used 6615K, capacity 7320K, committed 7680K, reserved 1056768K
  class space    used 617K, capacity 656K, committed 768K, reserved 1048576K
Event: 17.607 GC heap after
Heap after GC invocations=18 (full 3):
 PSYoungGen      total 761344K, used 229884K [0x000000076ab00000, 0x00000007b4d00000, 0x00000007c0000000)
  eden space 531456K, 0% used [0x000000076ab00000,0x000000076ab00000,0x000000078b200000)
  from space 229888K, 99% used [0x000000078b200000,0x000000079927f208,0x0000000799280000)
  to   space 286720K, 0% used [0x00000007a3500000,0x00000007a3500000,0x00000007b4d00000)
 ParOldGen       total 495616K, used 381120K [0x00000006c0000000, 0x00000006de400000, 0x000000076ab00000)
  object space 495616K, 76% used [0x00000006c0000000,0x00000006d7430388,0x00000006de400000)
 Metaspace       used 6615K, capacity 7320K, committed 7680K, reserved 1056768K
  class space    used 617K, capacity 656K, committed 768K, reserved 1048576K
}
Event: 18.801 GC heap before
{Heap before GC invocations=19 (full 3):
 PSYoungGen      total 761344K, used 761340K [0x000000076ab00000, 0x00000007b4d00000, 0x00000007c0000000)
  eden space 531456K, 100% used [0x000000076ab00000,0x000000078b200000,0x000000078b200000)
  from space 229888K, 99% used [0x000000078b200000,0x000000079927f208,0x0000000799280000)
  to   space 286720K, 0% used [0x00000007a3500000,0x00000007a3500000,0x00000007b4d00000)
 ParOldGen       total 495616K, used 381120K [0x00000006c0000000, 0x00000006de400000, 0x000000076ab00000)
  object space 495616K, 76% used [0x00000006c0000000,0x00000006d7430388,0x00000006de400000)
 Metaspace       used 6615K, capacity 7320K, committed 7680K, reserved 1056768K
  class space    used 617K, capacity 656K, committed 768K, reserved 1048576K
Event: 19.137 GC heap after
Heap after GC invocations=19 (full 3):
 PSYoungGen      total 911872K, used 193817K [0x000000076ab00000, 0x00000007b7d00000, 0x00000007c0000000)
  eden space 625152K, 0% used [0x000000076ab00000,0x000000076ab00000,0x0000000790d80000)
  from space 286720K, 67% used [0x00000007a3500000,0x00000007af246528,0x00000007b4d00000)
  to   space 302592K, 0% used [0x0000000790d80000,0x0000000790d80000,0x00000007a3500000)
 ParOldGen       total 495616K, used 490005K [0x00000006c0000000, 0x00000006de400000, 0x000000076ab00000)
  object space 495616K, 98% used [0x00000006c0000000,0x00000006dde85740,0x00000006de400000)
 Metaspace       used 6615K, capacity 7320K, committed 7680K, reserved 1056768K
  class space    used 617K, capacity 656K, committed 768K, reserved 1048576K
}
Event: 19.137 GC heap before
{Heap before GC invocations=20 (full 4):
 PSYoungGen      total 911872K, used 193817K [0x000000076ab00000, 0x00000007b7d00000, 0x00000007c0000000)
  eden space 625152K, 0% used [0x000000076ab00000,0x000000076ab00000,0x0000000790d80000)
  from space 286720K, 67% used [0x00000007a3500000,0x00000007af246528,0x00000007b4d00000)
  to   space 302592K, 0% used [0x0000000790d80000,0x0000000790d80000,0x00000007a3500000)
 ParOldGen       total 495616K, used 490005K [0x00000006c0000000, 0x00000006de400000, 0x000000076ab00000)
  object space 495616K, 98% used [0x00000006c0000000,0x00000006dde85740,0x00000006de400000)
 Metaspace       used 6615K, capacity 7320K, committed 7680K, reserved 1056768K
  class space    used 617K, capacity 656K, committed 768K, reserved 1048576K

Deoptimization events (10 events):
Event: 14.031 Thread 0x00007f916c00a000 Uncommon trap: reason=class_check action=maybe_recompile pc=0x00007f915ce9c9f0 method=com.android.dx.ssa.back.InterferenceGraph.add(II)V @ 19
Event: 14.031 Thread 0x00007f916c00a000 Uncommon trap: reason=class_check action=maybe_recompile pc=0x00007f915ce9c9f0 method=com.android.dx.ssa.back.InterferenceGraph.add(II)V @ 19
Event: 14.031 Thread 0x00007f916c00a000 Uncommon trap: reason=class_check action=maybe_recompile pc=0x00007f915ce9c9f0 method=com.android.dx.ssa.back.InterferenceGraph.add(II)V @ 19
Event: 14.031 Thread 0x00007f916c00a000 Uncommon trap: reason=class_check action=maybe_recompile pc=0x00007f915ce9c9f0 method=com.android.dx.ssa.back.InterferenceGraph.add(II)V @ 19
Event: 14.091 Thread 0x00007f916c00a000 Uncommon trap: reason=class_check action=maybe_recompile pc=0x00007f915d4e28ac method=com.android.dx.ssa.back.InterferenceGraph.mergeInterferenceSet(ILcom/android/dx/util/IntSet;)V @ 20
Event: 14.092 Thread 0x00007f916c00a000 Uncommon trap: reason=class_check action=maybe_recompile pc=0x00007f915d4e28ac method=com.android.dx.ssa.back.InterferenceGraph.mergeInterferenceSet(ILcom/android/dx/util/IntSet;)V @ 20
Event: 14.092 Thread 0x00007f916c00a000 Uncommon trap: reason=class_check action=maybe_recompile pc=0x00007f915d4e28ac method=com.android.dx.ssa.back.InterferenceGraph.mergeInterferenceSet(ILcom/android/dx/util/IntSet;)V @ 20
Event: 14.097 Thread 0x00007f916c00a000 Uncommon trap: reason=class_check action=maybe_recompile pc=0x00007f915d4e28ac method=com.android.dx.ssa.back.InterferenceGraph.mergeInterferenceSet(ILcom/android/dx/util/IntSet;)V @ 20
Event: 15.880 Thread 0x00007f916c1d1000 Uncommon trap: reason=class_check action=maybe_recompile pc=0x00007f915d2a73cc method=com.android.dx.ssa.SsaConverter.placePhiFunctions(Lcom/android/dx/ssa/SsaMethod;Lcom/android/dx/ssa/LocalVariableInfo;I)V @ 257
Event: 16.315 Thread 0x00007f916c00a000 Uncommon trap: reason=unstable_if action=reinterpret pc=0x00007f915d5a2c20 method=com.android.dx.ssa.SCCP.replaceBranches()V @ 14

Internal exceptions (7 events):
Event: 0.020 Thread 0x00007f916c00a000 Exception <a 'java/lang/NoSuchMethodError': Method sun.misc.Unsafe.defineClass(Ljava/lang/String;[BII)Ljava/lang/Class; name or signature does not match> (0x000000076ab07cc0) thrown at [/HUDSON3/workspace/8-2-build-linux-amd64/jdk8u101/7261/hotspot/src/sh
Event: 0.020 Thread 0x00007f916c00a000 Exception <a 'java/lang/NoSuchMethodError': Method sun.misc.Unsafe.prefetchRead(Ljava/lang/Object;J)V name or signature does not match> (0x000000076ab07fa8) thrown at [/HUDSON3/workspace/8-2-build-linux-amd64/jdk8u101/7261/hotspot/src/share/vm/prims/jni.c
Event: 0.634 Thread 0x00007f916c00a000 Implicit null exception at 0x00007f915cc7be34 to 0x00007f915cc7e0c1
Event: 1.009 Thread 0x00007f916c1ca800 Implicit null exception at 0x00007f915cc960e6 to 0x00007f915cc98555
Event: 1.717 Thread 0x00007f916c1d1000 Exception <a 'java/lang/ArrayIndexOutOfBoundsException': 18> (0x000000076ad0eb50) thrown at [/HUDSON3/workspace/8-2-build-linux-amd64/jdk8u101/7261/hotspot/src/share/vm/interpreter/interpreterRuntime.cpp, line 366]
Event: 1.717 Thread 0x00007f916c1d1000 Exception <a 'java/lang/ArrayIndexOutOfBoundsException': 145> (0x000000076ad106d0) thrown at [/HUDSON3/workspace/8-2-build-linux-amd64/jdk8u101/7261/hotspot/src/share/vm/interpreter/interpreterRuntime.cpp, line 366]
Event: 1.718 Thread 0x00007f916c1d1000 Exception <a 'java/lang/ArrayIndexOutOfBoundsException': 40> (0x000000076ad119b8) thrown at [/HUDSON3/workspace/8-2-build-linux-amd64/jdk8u101/7261/hotspot/src/share/vm/interpreter/interpreterRuntime.cpp, line 366]

Events (10 events):
Event: 18.753 Thread 0x00007f916c1cd800 DEOPT UNPACKING pc=0x00007f915ca15633 sp=0x00007f915812bc80 mode 0
Event: 18.761 Thread 0x00007f916c1d1000 DEOPT PACKING pc=0x00007f915ccd49b8 sp=0x00007f9153efcd80
Event: 18.761 Thread 0x00007f916c1d1000 DEOPT UNPACKING pc=0x00007f915ca15633 sp=0x00007f9153efcb80 mode 0
Event: 18.764 Thread 0x00007f916c1d1000 DEOPT PACKING pc=0x00007f915cd4c074 sp=0x00007f9153efceb0
Event: 18.764 Thread 0x00007f916c1d1000 DEOPT UNPACKING pc=0x00007f915ca15633 sp=0x00007f9153efcc18 mode 0
Event: 18.769 Thread 0x00007f916c1cd800 DEOPT PACKING pc=0x00007f915ccd49b8 sp=0x00007f915812be80
Event: 18.769 Thread 0x00007f916c1cd800 DEOPT UNPACKING pc=0x00007f915ca15633 sp=0x00007f915812bc80 mode 0
Event: 18.779 Thread 0x00007f916c1d1000 DEOPT PACKING pc=0x00007f915ccd49b8 sp=0x00007f9153efcd80
Event: 18.779 Thread 0x00007f916c1d1000 DEOPT UNPACKING pc=0x00007f915ca15633 sp=0x00007f9153efcb80 mode 0
Event: 18.800 Executing VM operation: ParallelGCFailedAllocation


Dynamic libraries:
00400000-00401000 r-xp 00000000 08:01 1454053                            /usr/lib/jvm/java-8-oracle/bin/java
00600000-00601000 rw-p 00000000 08:01 1454053                            /usr/lib/jvm/java-8-oracle/bin/java
01f3b000-01f5c000 rw-p 00000000 00:00 0                                  [heap]
6c0000000-6de400000 rw-p 00000000 00:00 0 
6ee080000-76ab00000 ---p 00000000 00:00 0 
76ab00000-7b7d00000 rw-p 00000000 00:00 0 
7b7d00000-7c0000000 ---p 00000000 00:00 0 
7c0000000-7c00c0000 rw-p 00000000 00:00 0 
7c00c0000-800000000 ---p 00000000 00:00 0 
7f90fc000000-7f90fc021000 rw-p 00000000 00:00 0 
7f90fc021000-7f9100000000 ---p 00000000 00:00 0 
7f9104000000-7f9104045000 rw-p 00000000 00:00 0 
7f9104045000-7f9108000000 ---p 00000000 00:00 0 
7f9108000000-7f910802f000 rw-p 00000000 00:00 0 
7f910802f000-7f910c000000 ---p 00000000 00:00 0 
7f910c000000-7f910c029000 rw-p 00000000 00:00 0 
7f910c029000-7f9110000000 ---p 00000000 00:00 0 
7f9110000000-7f9110021000 rw-p 00000000 00:00 0 
7f9110021000-7f9114000000 ---p 00000000 00:00 0 
7f9114000000-7f9114021000 rw-p 00000000 00:00 0 
7f9114021000-7f9118000000 ---p 00000000 00:00 0 
7f9118000000-7f9118021000 rw-p 00000000 00:00 0 
7f9118021000-7f911c000000 ---p 00000000 00:00 0 
7f911c000000-7f911d6ec000 rw-p 00000000 00:00 0 
7f911d6ec000-7f9120000000 ---p 00000000 00:00 0 
7f9120000000-7f9120e77000 rw-p 00000000 00:00 0 
7f9120e77000-7f9124000000 ---p 00000000 00:00 0 
7f9124000000-7f9124021000 rw-p 00000000 00:00 0 
7f9124021000-7f9128000000 ---p 00000000 00:00 0 
7f9128000000-7f912988a000 rw-p 00000000 00:00 0 
7f912988a000-7f912c000000 ---p 00000000 00:00 0 
7f912c000000-7f912c021000 rw-p 00000000 00:00 0 
7f912c021000-7f9130000000 ---p 00000000 00:00 0 
7f9130000000-7f9130021000 rw-p 00000000 00:00 0 
7f9130021000-7f9134000000 ---p 00000000 00:00 0 
7f9134000000-7f913c000000 rw-p 00000000 00:00 0 
7f913c000000-7f913c021000 rw-p 00000000 00:00 0 
7f913c021000-7f9140000000 ---p 00000000 00:00 0 
7f9140000000-7f9140290000 rw-p 00000000 00:00 0 
7f9140290000-7f9144000000 ---p 00000000 00:00 0 
7f9144000000-7f9144021000 rw-p 00000000 00:00 0 
7f9144021000-7f9148000000 ---p 00000000 00:00 0 
7f914c000000-7f914c021000 rw-p 00000000 00:00 0 
7f914c021000-7f9150000000 ---p 00000000 00:00 0 
7f9153dfe000-7f9153e01000 ---p 00000000 00:00 0 
7f9153e01000-7f9153eff000 rw-p 00000000 00:00 0 
7f9153eff000-7f9153f02000 ---p 00000000 00:00 0 
7f9153f02000-7f9154000000 rw-p 00000000 00:00 0 
7f9154000000-7f9154021000 rw-p 00000000 00:00 0 
7f9154021000-7f9158000000 ---p 00000000 00:00 0 
7f915802d000-7f9158030000 ---p 00000000 00:00 0 
7f9158030000-7f915812e000 rw-p 00000000 00:00 0 
7f915812e000-7f9158131000 ---p 00000000 00:00 0 
7f9158131000-7f915822f000 rw-p 00000000 00:00 0 
7f915822f000-7f9158232000 ---p 00000000 00:00 0 
7f9158232000-7f9158330000 rw-p 00000000 00:00 0 
7f9158330000-7f91583c6000 r--s 00700000 08:05 4859622                    /home/onmymobile/AndroidStudioProjects/Heritage/Heritage/app/build/intermediates/transforms/jarMerging/debug/jars/1/1f/combined.jar
7f91583c6000-7f91583c7000 ---p 00000000 00:00 0 
7f91583c7000-7f91584c7000 rw-p 00000000 00:00 0 
7f91584c7000-7f91584ca000 ---p 00000000 00:00 0 
7f91584ca000-7f91585c8000 rw-p 00000000 00:00 0 
7f91585c8000-7f91585cb000 ---p 00000000 00:00 0 
7f91585cb000-7f91586c9000 rw-p 00000000 00:00 0 
7f91586c9000-7f91586cc000 ---p 00000000 00:00 0 
7f91586cc000-7f91587ca000 rw-p 00000000 00:00 0 
7f91587ca000-7f91587cd000 ---p 00000000 00:00 0 
7f91587cd000-7f91588cb000 rw-p 00000000 00:00 0 
7f91588cb000-7f91588ce000 ---p 00000000 00:00 0 
7f91588ce000-7f91589cc000 rw-p 00000000 00:00 0 
7f91589cc000-7f91590ae000 r--p 00000000 08:01 1448881                    /usr/lib/locale/locale-archive
7f91590ae000-7f91590b1000 ---p 00000000 00:00 0 
7f91590b1000-7f91591af000 rw-p 00000000 00:00 0 
7f91591af000-7f91591b2000 ---p 00000000 00:00 0 
7f91591b2000-7f91592b0000 rw-p 00000000 00:00 0 
7f91592b0000-7f91592b1000 ---p 00000000 00:00 0 
7f91592b1000-7f915a365000 rw-p 00000000 00:00 0 
7f915a365000-7f915a53e000 r--s 03d29000 08:01 1452475                    /usr/lib/jvm/java-8-oracle/jre/lib/rt.jar
7f915a53e000-7f915ac74000 rw-p 00000000 00:00 0 
7f915ac74000-7f915adb4000 ---p 00000000 00:00 0 
7f915adb4000-7f915b5b4000 rw-p 00000000 00:00 0 
7f915b5b4000-7f915b5b5000 ---p 00000000 00:00 0 
7f915b5b5000-7f915b6b5000 rw-p 00000000 00:00 0 
7f915b6b5000-7f915b6b6000 ---p 00000000 00:00 0 
7f915b6b6000-7f915b7b6000 rw-p 00000000 00:00 0 
7f915b7b6000-7f915b7b7000 ---p 00000000 00:00 0 
7f915b7b7000-7f915b9a9000 rw-p 00000000 00:00 0 
7f915b9a9000-7f915be0d000 ---p 00000000 00:00 0 
7f915be0d000-7f915beff000 rw-p 00000000 00:00 0 
7f915beff000-7f915c362000 ---p 00000000 00:00 0 
7f915c362000-7f915c5cc000 rw-p 00000000 00:00 0 
7f915c5cc000-7f915c60d000 ---p 00000000 00:00 0 
7f915c60d000-7f915c63f000 rw-p 00000000 00:00 0 
7f915c63f000-7f915c9ce000 ---p 00000000 00:00 0 
7f915c9ce000-7f915d60e000 rwxp 00000000 00:00 0 
7f915d60e000-7f916b9ce000 ---p 00000000 00:00 0 
7f916b9ce000-7f916b9e8000 r-xp 00000000 08:01 1452530                    /usr/lib/jvm/java-8-oracle/jre/lib/amd64/libzip.so
7f916b9e8000-7f916bbe8000 ---p 0001a000 08:01 1452530                    /usr/lib/jvm/java-8-oracle/jre/lib/amd64/libzip.so
7f916bbe8000-7f916bbe9000 rw-p 0001a000 08:01 1452530                    /usr/lib/jvm/java-8-oracle/jre/lib/amd64/libzip.so
7f916bbe9000-7f916bbf3000 r-xp 00000000 08:01 7078098                    /lib/x86_64-linux-gnu/libnss_files-2.19.so
7f916bbf3000-7f916bdf2000 ---p 0000a000 08:01 7078098                    /lib/x86_64-linux-gnu/libnss_files-2.19.so
7f916bdf2000-7f916bdf3000 r--p 00009000 08:01 7078098                    /lib/x86_64-linux-gnu/libnss_files-2.19.so
7f916bdf3000-7f916bdf4000 rw-p 0000a000 08:01 7078098                    /lib/x86_64-linux-gnu/libnss_files-2.19.so
7f916bdf4000-7f916bdff000 r-xp 00000000 08:01 7078090                    /lib/x86_64-linux-gnu/libnss_nis-2.19.so
7f916bdff000-7f916bffe000 ---p 0000b000 08:01 7078090                    /lib/x86_64-linux-gnu/libnss_nis-2.19.so
7f916bffe000-7f916bfff000 r--p 0000a000 08:01 7078090                    /lib/x86_64-linux-gnu/libnss_nis-2.19.so
7f916bfff000-7f916c000000 rw-p 0000b000 08:01 7078090                    /lib/x86_64-linux-gnu/libnss_nis-2.19.so
7f916c000000-7f916c3b0000 rw-p 00000000 00:00 0 
7f916c3b0000-7f9170000000 ---p 00000000 00:00 0 
7f917000a000-7f9170059000 rw-p 00000000 00:00 0 
7f9170059000-7f917005a000 ---p 00000000 00:00 0 
7f917005a000-7f917015a000 rw-p 00000000 00:00 0 
7f917015a000-7f9170171000 r-xp 00000000 08:01 7078086                    /lib/x86_64-linux-gnu/libnsl-2.19.so
7f9170171000-7f9170370000 ---p 00017000 08:01 7078086                    /lib/x86_64-linux-gnu/libnsl-2.19.so
7f9170370000-7f9170371000 r--p 00016000 08:01 7078086                    /lib/x86_64-linux-gnu/libnsl-2.19.so
7f9170371000-7f9170372000 rw-p 00017000 08:01 7078086                    /lib/x86_64-linux-gnu/libnsl-2.19.so
7f9170372000-7f9170374000 rw-p 00000000 00:00 0 
7f9170374000-7f917037d000 r-xp 00000000 08:01 7078085                    /lib/x86_64-linux-gnu/libnss_compat-2.19.so
7f917037d000-7f917057c000 ---p 00009000 08:01 7078085                    /lib/x86_64-linux-gnu/libnss_compat-2.19.so
7f917057c000-7f917057d000 r--p 00008000 08:01 7078085                    /lib/x86_64-linux-gnu/libnss_compat-2.19.so
7f917057d000-7f917057e000 rw-p 00009000 08:01 7078085                    /lib/x86_64-linux-gnu/libnss_compat-2.19.so
7f917057e000-7f91705a8000 r-xp 00000000 08:01 1452510                    /usr/lib/jvm/java-8-oracle/jre/lib/amd64/libjava.so
7f91705a8000-7f91707a8000 ---p 0002a000 08:01 1452510                    /usr/lib/jvm/java-8-oracle/jre/lib/amd64/libjava.so
7f91707a8000-7f91707aa000 rw-p 0002a000 08:01 1452510                    /usr/lib/jvm/java-8-oracle/jre/lib/amd64/libjava.so
7f91707aa000-7f91707b7000 r-xp 00000000 08:01 1452527                    /usr/lib/jvm/java-8-oracle/jre/lib/amd64/libverify.so
7f91707b7000-7f91709b7000 ---p 0000d000 08:01 1452527                    /usr/lib/jvm/java-8-oracle/jre/lib/amd64/libverify.so
7f91709b7000-7f91709b9000 rw-p 0000d000 08:01 1452527                    /usr/lib/jvm/java-8-oracle/jre/lib/amd64/libverify.so
7f91709b9000-7f91709c0000 r-xp 00000000 08:01 7078094                    /lib/x86_64-linux-gnu/librt-2.19.so
7f91709c0000-7f9170bbf000 ---p 00007000 08:01 7078094                    /lib/x86_64-linux-gnu/librt-2.19.so
7f9170bbf000-7f9170bc0000 r--p 00006000 08:01 7078094                    /lib/x86_64-linux-gnu/librt-2.19.so
7f9170bc0000-7f9170bc1000 rw-p 00007000 08:01 7078094                    /lib/x86_64-linux-gnu/librt-2.19.so
7f9170bc1000-7f9170cc6000 r-xp 00000000 08:01 7078080                    /lib/x86_64-linux-gnu/libm-2.19.so
7f9170cc6000-7f9170ec5000 ---p 00105000 08:01 7078080                    /lib/x86_64-linux-gnu/libm-2.19.so
7f9170ec5000-7f9170ec6000 r--p 00104000 08:01 7078080                    /lib/x86_64-linux-gnu/libm-2.19.so
7f9170ec6000-7f9170ec7000 rw-p 00105000 08:01 7078080                    /lib/x86_64-linux-gnu/libm-2.19.so
7f9170ec7000-7f9171b92000 r-xp 00000000 08:01 1452518                    /usr/lib/jvm/java-8-oracle/jre/lib/amd64/server/libjvm.so
7f9171b92000-7f9171d91000 ---p 00ccb000 08:01 1452518                    /usr/lib/jvm/java-8-oracle/jre/lib/amd64/server/libjvm.so
7f9171d91000-7f9171e6a000 rw-p 00cca000 08:01 1452518                    /usr/lib/jvm/java-8-oracle/jre/lib/amd64/server/libjvm.so
7f9171e6a000-7f9171eb5000 rw-p 00000000 00:00 0 
7f9171eb5000-7f917206f000 r-xp 00000000 08:01 7078095                    /lib/x86_64-linux-gnu/libc-2.19.so
7f917206f000-7f917226f000 ---p 001ba000 08:01 7078095                    /lib/x86_64-linux-gnu/libc-2.19.so
7f917226f000-7f9172273000 r--p 001ba000 08:01 7078095                    /lib/x86_64-linux-gnu/libc-2.19.so
7f9172273000-7f9172275000 rw-p 001be000 08:01 7078095                    /lib/x86_64-linux-gnu/libc-2.19.so
7f9172275000-7f917227a000 rw-p 00000000 00:00 0 
7f917227a000-7f917227d000 r-xp 00000000 08:01 7078082                    /lib/x86_64-linux-gnu/libdl-2.19.so
7f917227d000-7f917247c000 ---p 00003000 08:01 7078082                    /lib/x86_64-linux-gnu/libdl-2.19.so
7f917247c000-7f917247d000 r--p 00002000 08:01 7078082                    /lib/x86_64-linux-gnu/libdl-2.19.so
7f917247d000-7f917247e000 rw-p 00003000 08:01 7078082                    /lib/x86_64-linux-gnu/libdl-2.19.so
7f917247e000-7f9172493000 r-xp 00000000 08:01 1453997                    /usr/lib/jvm/java-8-oracle/lib/amd64/jli/libjli.so
7f9172493000-7f9172693000 ---p 00015000 08:01 1453997                    /usr/lib/jvm/java-8-oracle/lib/amd64/jli/libjli.so
7f9172693000-7f9172694000 rw-p 00015000 08:01 1453997                    /usr/lib/jvm/java-8-oracle/lib/amd64/jli/libjli.so
7f9172694000-7f91726ad000 r-xp 00000000 08:01 7078087                    /lib/x86_64-linux-gnu/libpthread-2.19.so
7f91726ad000-7f91728ac000 ---p 00019000 08:01 7078087                    /lib/x86_64-linux-gnu/libpthread-2.19.so
7f91728ac000-7f91728ad000 r--p 00018000 08:01 7078087                    /lib/x86_64-linux-gnu/libpthread-2.19.so
7f91728ad000-7f91728ae000 rw-p 00019000 08:01 7078087                    /lib/x86_64-linux-gnu/libpthread-2.19.so
7f91728ae000-7f91728b2000 rw-p 00000000 00:00 0 
7f91728b2000-7f91728d5000 r-xp 00000000 08:01 7078088                    /lib/x86_64-linux-gnu/ld-2.19.so
7f91728d9000-7f91729ac000 rw-p 00000000 00:00 0 
7f91729ac000-7f91729af000 ---p 00000000 00:00 0 
7f91729af000-7f9172ab1000 rw-p 00000000 00:00 0 
7f9172ab8000-7f9172ab9000 rw-p 00000000 00:00 0 
7f9172ab9000-7f9172ac8000 r--s 000df000 08:05 264644                     /home/onmymobile/Android/Sdk/build-tools/23.0.3/lib/dx.jar
7f9172ac8000-7f9172ad0000 rw-s 00000000 08:01 524405                     /tmp/hsperfdata_onmymobile/8645
7f9172ad0000-7f9172ad1000 rw-p 00000000 00:00 0 
7f9172ad1000-7f9172ad2000 ---p 00000000 00:00 0 
7f9172ad2000-7f9172ad4000 rw-p 00000000 00:00 0 
7f9172ad4000-7f9172ad5000 r--p 00022000 08:01 7078088                    /lib/x86_64-linux-gnu/ld-2.19.so
7f9172ad5000-7f9172ad6000 rw-p 00023000 08:01 7078088                    /lib/x86_64-linux-gnu/ld-2.19.so
7f9172ad6000-7f9172ad7000 rw-p 00000000 00:00 0 
7ffc7d462000-7ffc7d484000 rw-p 00000000 00:00 0                          [stack]
7ffc7d49e000-7ffc7d4a0000 r--p 00000000 00:00 0                          [vvar]
7ffc7d4a0000-7ffc7d4a2000 r-xp 00000000 00:00 0                          [vdso]
ffffffffff600000-ffffffffff601000 r-xp 00000000 00:00 0                  [vsyscall]

VM Arguments:
jvm_args: -Djava.awt.headless=true -Xmx4g -Dfile.encoding=UTF-8 -Duser.country=IN -Duser.language=en -Duser.variant 
java_command: com.android.dx.command.Main --dex --num-threads=4 --multi-dex --main-dex-list /home/onmymobile/AndroidStudioProjects/Heritage/Heritage/app/build/intermediates/multi-dex/debug/maindexlist.txt --output /home/onmymobile/AndroidStudioProjects/Heritage/Heritage/app/build/intermediates/transforms/dex/debug/folders/1000/1f/main /home/onmymobile/AndroidStudioProjects/Heritage/Heritage/app/build/intermediates/transforms/jarMerging/debug/jars/1/1f/combined.jar
java_class_path (initial): /home/onmymobile/Android/Sdk/build-tools/23.0.3/lib/dx.jar
Launcher Type: SUN_STANDARD

Environment Variables:
JAVA_HOME=/usr/lib/jvm/java-8-oracle
PATH=/home/onmymobile/bin:/usr/local/sbin:/usr/local/bin:/usr/sbin:/usr/bin:/sbin:/bin:/usr/games:/usr/local/games:/usr/lib/jvm/java-8-oracle/bin:/usr/lib/jvm/java-8-oracle/db/bin:/usr/lib/jvm/java-8-oracle/jre/bin
LD_LIBRARY_PATH=.:
SHELL=/bin/bash
DISPLAY=:0

Signal Handlers:
SIGSEGV: [libjvm.so+0xac4790], sa_mask[0]=11111111011111111101111111111110, sa_flags=SA_RESTART|SA_SIGINFO
SIGBUS: [libjvm.so+0xac4790], sa_mask[0]=11111111011111111101111111111110, sa_flags=SA_RESTART|SA_SIGINFO
SIGFPE: [libjvm.so+0x91f140], sa_mask[0]=11111111011111111101111111111110, sa_flags=SA_RESTART|SA_SIGINFO
SIGPIPE: [libjvm.so+0x91f140], sa_mask[0]=11111111011111111101111111111110, sa_flags=SA_RESTART|SA_SIGINFO
SIGXFSZ: [libjvm.so+0x91f140], sa_mask[0]=11111111011111111101111111111110, sa_flags=SA_RESTART|SA_SIGINFO
SIGILL: [libjvm.so+0x91f140], sa_mask[0]=11111111011111111101111111111110, sa_flags=SA_RESTART|SA_SIGINFO
SIGUSR1: SIG_DFL, sa_mask[0]=00000000000000000000000000000000, sa_flags=none
SIGUSR2: [libjvm.so+0x920770], sa_mask[0]=00100000000000000000000000000000, sa_flags=SA_RESTART|SA_SIGINFO
SIGHUP: [libjvm.so+0x921b70], sa_mask[0]=11111111011111111101111111111110, sa_flags=SA_RESTART|SA_SIGINFO
SIGINT: [libjvm.so+0x921b70], sa_mask[0]=11111111011111111101111111111110, sa_flags=SA_RESTART|SA_SIGINFO
SIGTERM: [libjvm.so+0x921b70], sa_mask[0]=11111111011111111101111111111110, sa_flags=SA_RESTART|SA_SIGINFO
SIGQUIT: [libjvm.so+0x921b70], sa_mask[0]=11111111011111111101111111111110, sa_flags=SA_RESTART|SA_SIGINFO


---------------  S Y S T E M  ---------------

OS:DISTRIB_ID=Ubuntu
DISTRIB_RELEASE=14.04
DISTRIB_CODENAME=trusty
DISTRIB_DESCRIPTION="Ubuntu 14.04.5 LTS"

uname:Linux 4.4.0-36-generic #55~14.04.1-Ubuntu SMP Fri Aug 12 11:49:30 UTC 2016 x86_64
libc:glibc 2.19 NPTL 2.19 
rlimit: STACK 8192k, CORE 0k, NPROC 31334, NOFILE 4096, AS infinity
load average:3.33 6.22 3.88

/proc/meminfo:
MemTotal:        8043772 kB
MemFree:          181012 kB
MemAvailable:     157420 kB
Buffers:            4900 kB
Cached:           570180 kB
SwapCached:            0 kB
Active:          7195352 kB
Inactive:         457704 kB
Active(anon):    7105772 kB
Inactive(anon):   373036 kB
Active(file):      89580 kB
Inactive(file):    84668 kB
Unevictable:         176 kB
Mlocked:             176 kB
SwapTotal:             0 kB
SwapFree:              0 kB
Dirty:                52 kB
Writeback:             0 kB
AnonPages:       7078288 kB
Mapped:           298448 kB
Shmem:            400628 kB
Slab:              85264 kB
SReclaimable:      42896 kB
SUnreclaim:        42368 kB
KernelStack:       11856 kB
PageTables:        60640 kB
NFS_Unstable:          0 kB
Bounce:                0 kB
WritebackTmp:          0 kB
CommitLimit:     4021884 kB
Committed_AS:   12663408 kB
VmallocTotal:   34359738367 kB
VmallocUsed:           0 kB
VmallocChunk:          0 kB
HardwareCorrupted:     0 kB
AnonHugePages:   4851712 kB
CmaTotal:              0 kB
CmaFree:               0 kB
HugePages_Total:       0
HugePages_Free:        0
HugePages_Rsvd:        0
HugePages_Surp:        0
Hugepagesize:       2048 kB
DirectMap4k:      134688 kB
DirectMap2M:     8122368 kB


CPU:total 4 (2 cores per cpu, 2 threads per core) family 6 model 58 stepping 9, cmov, cx8, fxsr, mmx, sse, sse2, sse3, ssse3, sse4.1, sse4.2, popcnt, avx, aes, clmul, erms, ht, tsc, tscinvbit, tscinv

/proc/cpuinfo:
processor	: 0
vendor_id	: GenuineIntel
cpu family	: 6
model		: 58
model name	: Intel(R) Core(TM) i5-3340M CPU @ 2.70GHz
stepping	: 9
microcode	: 0x15
cpu MHz		: 3250.441
cache size	: 3072 KB
physical id	: 0
siblings	: 4
core id		: 0
cpu cores	: 2
apicid		: 0
initial apicid	: 0
fpu		: yes
fpu_exception	: yes
cpuid level	: 13
wp		: yes
flags		: fpu vme de pse tsc msr pae mce cx8 apic sep mtrr pge mca cmov pat pse36 clflush dts acpi mmx fxsr sse sse2 ss ht tm pbe syscall nx rdtscp lm constant_tsc arch_perfmon pebs bts rep_good nopl xtopology nonstop_tsc aperfmperf eagerfpu pni pclmulqdq dtes64 monitor ds_cpl vmx smx est tm2 ssse3 cx16 xtpr pdcm pcid sse4_1 sse4_2 x2apic popcnt tsc_deadline_timer aes xsave avx f16c rdrand lahf_lm epb tpr_shadow vnmi flexpriority ept vpid fsgsbase smep erms xsaveopt dtherm ida arat pln pts
bugs		:
bogomips	: 5382.47
clflush size	: 64
cache_alignment	: 64
address sizes	: 36 bits physical, 48 bits virtual
power management:

processor	: 1
vendor_id	: GenuineIntel
cpu family	: 6
model		: 58
model name	: Intel(R) Core(TM) i5-3340M CPU @ 2.70GHz
stepping	: 9
microcode	: 0x15
cpu MHz		: 3200.027
cache size	: 3072 KB
physical id	: 0
siblings	: 4
core id		: 1
cpu cores	: 2
apicid		: 2
initial apicid	: 2
fpu		: yes
fpu_exception	: yes
cpuid level	: 13
wp		: yes
flags		: fpu vme de pse tsc msr pae mce cx8 apic sep mtrr pge mca cmov pat pse36 clflush dts acpi mmx fxsr sse sse2 ss ht tm pbe syscall nx rdtscp lm constant_tsc arch_perfmon pebs bts rep_good nopl xtopology nonstop_tsc aperfmperf eagerfpu pni pclmulqdq dtes64 monitor ds_cpl vmx smx est tm2 ssse3 cx16 xtpr pdcm pcid sse4_1 sse4_2 x2apic popcnt tsc_deadline_timer aes xsave avx f16c rdrand lahf_lm epb tpr_shadow vnmi flexpriority ept vpid fsgsbase smep erms xsaveopt dtherm ida arat pln pts
bugs		:
bogomips	: 5382.47
clflush size	: 64
cache_alignment	: 64
address sizes	: 36 bits physical, 48 bits virtual
power management:

processor	: 2
vendor_id	: GenuineIntel
cpu family	: 6
model		: 58
model name	: Intel(R) Core(TM) i5-3340M CPU @ 2.70GHz
stepping	: 9
microcode	: 0x15
cpu MHz		: 3268.054
cache size	: 3072 KB
physical id	: 0
siblings	: 4
core id		: 0
cpu cores	: 2
apicid		: 1
initial apicid	: 1
fpu		: yes
fpu_exception	: yes
cpuid level	: 13
wp		: yes
flags		: fpu vme de pse tsc msr pae mce cx8 apic sep mtrr pge mca cmov pat pse36 clflush dts acpi mmx fxsr sse sse2 ss ht tm pbe syscall nx rdtscp lm constant_tsc arch_perfmon pebs bts rep_good nopl xtopology nonstop_tsc aperfmperf eagerfpu pni pclmulqdq dtes64 monitor ds_cpl vmx smx est tm2 ssse3 cx16 xtpr pdcm pcid sse4_1 sse4_2 x2apic popcnt tsc_deadline_timer aes xsave avx f16c rdrand lahf_lm epb tpr_shadow vnmi flexpriority ept vpid fsgsbase smep erms xsaveopt dtherm ida arat pln pts
bugs		:
bogomips	: 5382.47
clflush size	: 64
cache_alignment	: 64
address sizes	: 36 bits physical, 48 bits virtual
power management:

processor	: 3
vendor_id	: GenuineIntel
cpu family	: 6
model		: 58
model name	: Intel(R) Core(TM) i5-3340M CPU @ 2.70GHz
stepping	: 9
microcode	: 0x15
cpu MHz		: 3199.921
cache size	: 3072 KB
physical id	: 0
siblings	: 4
core id		: 1
cpu cores	: 2
apicid		: 3
initial apicid	: 3
fpu		: yes
fpu_exception	: yes
cpuid level	: 13
wp		: yes
flags		: fpu vme de pse tsc msr pae mce cx8 apic sep mtrr pge mca cmov pat pse36 clflush dts acpi mmx fxsr sse sse2 ss ht tm pbe syscall nx rdtscp lm constant_tsc arch_perfmon pebs bts rep_good nopl xtopology nonstop_tsc aperfmperf eagerfpu pni pclmulqdq dtes64 monitor ds_cpl vmx smx est tm2 ssse3 cx16 xtpr pdcm pcid sse4_1 sse4_2 x2apic popcnt tsc_deadline_timer aes xsave avx f16c rdrand lahf_lm epb tpr_shadow vnmi flexpriority ept vpid fsgsbase smep erms xsaveopt dtherm ida arat pln pts
bugs		:
bogomips	: 5382.47
clflush size	: 64
cache_alignment	: 64
address sizes	: 36 bits physical, 48 bits virtual
power management:



Memory: 4k page, physical 8043772k(181012k free), swap 0k(0k free)

vm_info: Java HotSpot(TM) 64-Bit Server VM (25.101-b13) for linux-amd64 JRE (1.8.0_101-b13), built on Jun 22 2016 02:59:44 by "java_re" with gcc 4.3.0 20080428 (Red Hat 4.3.0-8)

time: Wed Sep 14 18:21:07 2016
elapsed time: 20 seconds (0d 0h 0m 20s)

