#
# There is insufficient memory for the Java Runtime Environment to continue.
# Native memory allocation (mmap) failed to map 293601280 bytes for committing reserved memory.
# Possible reasons:
#   The system is out of physical RAM or swap space
#   In 32 bit mode, the process size limit was hit
# Possible solutions:
#   Reduce memory load on the system
#   Increase physical memory or swap space
#   Check if swap backing store is full
#   Use 64 bit Java on a 64 bit OS
#   Decrease Java heap size (-Xmx/-Xms)
#   Decrease number of Java threads
#   Decrease Java thread stack sizes (-Xss)
#   Set larger code cache with -XX:ReservedCodeCacheSize=
# This output file may be truncated or incomplete.
#
#  Out of Memory Error (os_linux.cpp:2627), pid=17283, tid=139862913382144
#
# JRE version: Java(TM) SE Runtime Environment (8.0_91-b14) (build 1.8.0_91-b14)
# Java VM: Java HotSpot(TM) 64-Bit Server VM (25.91-b14 mixed mode linux-amd64 compressed oops)
# Failed to write core dump. Core dumps have been disabled. To enable core dumping, try "ulimit -c unlimited" before starting Java again
#

---------------  T H R E A D  ---------------

Current thread (0x00007f3474078000):  VMThread [stack: 0x00007f345f34f000,0x00007f345f450000] [id=17292]

Stack: [0x00007f345f34f000,0x00007f345f450000],  sp=0x00007f345f44df60,  free space=1019k
Native frames: (J=compiled Java code, j=interpreted, Vv=VM code, C=native code)
V  [libjvm.so+0xabc18a]  VMError::report_and_die()+0x2ba
V  [libjvm.so+0x4fafeb]  report_vm_out_of_memory(char const*, int, unsigned long, VMErrorType, char const*)+0x8b
V  [libjvm.so+0x91cbb3]  os::Linux::commit_memory_impl(char*, unsigned long, bool)+0x103
V  [libjvm.so+0x91d109]  os::pd_commit_memory(char*, unsigned long, unsigned long, bool)+0x29
V  [libjvm.so+0x91740a]  os::commit_memory(char*, unsigned long, unsigned long, bool)+0x2a
V  [libjvm.so+0x98b033]  PSVirtualSpace::expand_by(unsigned long)+0x53
V  [libjvm.so+0x98c438]  PSYoungGen::resize_generation(unsigned long, unsigned long)+0xf8
V  [libjvm.so+0x98b592]  PSYoungGen::resize(unsigned long, unsigned long)+0x22
V  [libjvm.so+0x98886b]  PSScavenge::invoke_no_policy()+0xf3b
V  [libjvm.so+0x988ff1]  PSScavenge::invoke()+0x41
V  [libjvm.so+0x9408b0]  ParallelScavengeHeap::failed_mem_allocate(unsigned long)+0x70
V  [libjvm.so+0xabdba7]  VM_ParallelGCFailedAllocation::doit()+0x97
V  [libjvm.so+0xac55d5]  VM_Operation::evaluate()+0x55
V  [libjvm.so+0xac39aa]  VMThread::evaluate_operation(VM_Operation*)+0xba
V  [libjvm.so+0xac3d2e]  VMThread::loop()+0x1ce
V  [libjvm.so+0xac41a0]  VMThread::run()+0x70
V  [libjvm.so+0x91ef78]  java_start(Thread*)+0x108

VM_Operation (0x00007f345e42cd60): ParallelGCFailedAllocation, mode: safepoint, requested by thread 0x00007f34741d0800


---------------  P R O C E S S  ---------------

Java Threads: ( => current thread )
  0x00007f34741d7800 JavaThread "pool-2-thread-4" [_thread_blocked, id=17305, stack(0x00007f345df2a000,0x00007f345e02b000)]
  0x00007f34741d5800 JavaThread "pool-2-thread-3" [_thread_blocked, id=17304, stack(0x00007f345e02b000,0x00007f345e12c000)]
  0x00007f34741d4000 JavaThread "pool-2-thread-2" [_thread_blocked, id=17303, stack(0x00007f345e12c000,0x00007f345e22d000)]
  0x00007f34741d3000 JavaThread "pool-3-thread-1" [_thread_blocked, id=17302, stack(0x00007f345e22d000,0x00007f345e32e000)]
  0x00007f34741d0800 JavaThread "pool-2-thread-1" [_thread_blocked, id=17301, stack(0x00007f345e32e000,0x00007f345e42f000)]
  0x00007f34740c8800 JavaThread "Service Thread" daemon [_thread_blocked, id=17299, stack(0x00007f345e566000,0x00007f345e667000)]
  0x00007f34740bd000 JavaThread "C1 CompilerThread2" daemon [_thread_blocked, id=17298, stack(0x00007f345e667000,0x00007f345e768000)]
  0x00007f34740bb800 JavaThread "C2 CompilerThread1" daemon [_thread_blocked, id=17297, stack(0x00007f345e768000,0x00007f345e869000)]
  0x00007f34740b8800 JavaThread "C2 CompilerThread0" daemon [_thread_blocked, id=17296, stack(0x00007f345e869000,0x00007f345e96a000)]
  0x00007f34740b7000 JavaThread "Signal Dispatcher" daemon [_thread_blocked, id=17295, stack(0x00007f345e96a000,0x00007f345ea6b000)]
  0x00007f3474084000 JavaThread "Finalizer" daemon [_thread_blocked, id=17294, stack(0x00007f345f14d000,0x00007f345f24e000)]
  0x00007f347407f800 JavaThread "Reference Handler" daemon [_thread_blocked, id=17293, stack(0x00007f345f24e000,0x00007f345f34f000)]
  0x00007f347400a000 JavaThread "main" [_thread_blocked, id=17287, stack(0x00007f347ca44000,0x00007f347cb45000)]

Other Threads:
=>0x00007f3474078000 VMThread [stack: 0x00007f345f34f000,0x00007f345f450000] [id=17292]
  0x00007f34740cb000 WatcherThread [stack: 0x00007f345e465000,0x00007f345e566000] [id=17300]

VM state:at safepoint (normal execution)

VM Mutex/Monitor currently owned by a thread:  ([mutex/lock_event])
[0x00007f34740065f0] Threads_lock - owner thread: 0x00007f3474078000
[0x00007f3474006af0] Heap_lock - owner thread: 0x00007f34741d0800

Heap:
 PSYoungGen      total 282112K, used 30187K [0x000000076ab00000, 0x000000077de00000, 0x00000007c0000000)
  eden space 251904K, 0% used [0x000000076ab00000,0x000000076ab00000,0x000000077a100000)
  from space 30208K, 99% used [0x000000077a100000,0x000000077be7acd8,0x000000077be80000)
  to   space 28160K, 0% used [0x000000077be80000,0x000000077be80000,0x000000077da00000)
 ParOldGen       total 84992K, used 63626K [0x00000006c0000000, 0x00000006c5300000, 0x000000076ab00000)
  object space 84992K, 74% used [0x00000006c0000000,0x00000006c3e228d0,0x00000006c5300000)
 Metaspace       used 6518K, capacity 7256K, committed 7424K, reserved 1056768K
  class space    used 615K, capacity 656K, committed 768K, reserved 1048576K

Card table byte_map: [0x00007f3479006000,0x00007f3479807000] byte_map_base: 0x00007f3475a06000

Marking Bits: (ParMarkBitMap*) 0x00007f347bf1cd60
 Begin Bits: [0x00007f3440000000, 0x00007f3444000000)
 End Bits:   [0x00007f3444000000, 0x00007f3448000000)

Polling page: 0x00007f347cb65000

CodeCache: size=245760Kb used=8499Kb max_used=8499Kb free=237260Kb
 bounds [0x00007f3465000000, 0x00007f3465860000, 0x00007f3474000000]
 total_blobs=2473 nmethods=2204 adapters=182
 compilation: enabled

Compilation events (10 events):
Event: 4.429 Thread 0x00007f34740bd000 2383       2       com.android.dx.dex.code.VariableSizeInsn::<init> (10 bytes)
Event: 4.430 Thread 0x00007f34740bd000 nmethod 2383 0x00007f3465831910 code [0x00007f3465831a80, 0x00007f3465831c08]
Event: 4.442 Thread 0x00007f34740bd000 2384       2       com.android.dx.rop.code.LocalVariableInfo::mutableCopyOfStarts (29 bytes)
Event: 4.442 Thread 0x00007f34740bd000 nmethod 2384 0x00007f346584ca90 code [0x00007f346584cc20, 0x00007f346584cfd8]
Event: 4.443 Thread 0x00007f34740bd000 2385       2       com.android.dx.rop.code.RegisterSpecSet::get (9 bytes)
Event: 4.443 Thread 0x00007f34740bd000 nmethod 2385 0x00007f346584d250 code [0x00007f346584d3c0, 0x00007f346584d608]
Event: 4.443 Thread 0x00007f34740bd000 2386       2       com.android.dx.rop.code.LocalVariableExtractor::processBlock (327 bytes)
Event: 4.446 Thread 0x00007f34740bd000 nmethod 2386 0x00007f346584d810 code [0x00007f346584db20, 0x00007f346584ead8]
Event: 4.446 Thread 0x00007f34740bd000 2387       3       com.android.dx.rop.code.RegisterSpecSet::mutableCopy (57 bytes)
Event: 4.447 Thread 0x00007f34740bd000 nmethod 2387 0x00007f3465850510 code [0x00007f34658506c0, 0x00007f3465850ca8]

GC Heap History (10 events):
Event: 1.099 GC heap after
Heap after GC invocations=2 (full 0):
 PSYoungGen      total 68608K, used 5115K [0x000000076ab00000, 0x000000076f300000, 0x00000007c0000000)
  eden space 63488K, 0% used [0x000000076ab00000,0x000000076ab00000,0x000000076e900000)
  from space 5120K, 99% used [0x000000076ee00000,0x000000076f2fef68,0x000000076f300000)
  to   space 5120K, 0% used [0x000000076e900000,0x000000076e900000,0x000000076ee00000)
 ParOldGen       total 84992K, used 1608K [0x00000006c0000000, 0x00000006c5300000, 0x000000076ab00000)
  object space 84992K, 1% used [0x00000006c0000000,0x00000006c01923a8,0x00000006c5300000)
 Metaspace       used 5837K, capacity 6832K, committed 7040K, reserved 1056768K
  class space    used 593K, capacity 616K, committed 640K, reserved 1048576K
}
Event: 1.676 GC heap before
{Heap before GC invocations=3 (full 0):
 PSYoungGen      total 68608K, used 68603K [0x000000076ab00000, 0x000000076f300000, 0x00000007c0000000)
  eden space 63488K, 100% used [0x000000076ab00000,0x000000076e900000,0x000000076e900000)
  from space 5120K, 99% used [0x000000076ee00000,0x000000076f2fef68,0x000000076f300000)
  to   space 5120K, 0% used [0x000000076e900000,0x000000076e900000,0x000000076ee00000)
 ParOldGen       total 84992K, used 1608K [0x00000006c0000000, 0x00000006c5300000, 0x000000076ab00000)
  object space 84992K, 1% used [0x00000006c0000000,0x00000006c01923a8,0x00000006c5300000)
 Metaspace       used 5982K, capacity 6960K, committed 7040K, reserved 1056768K
  class space    used 594K, capacity 616K, committed 640K, reserved 1048576K
Event: 1.702 GC heap after
Heap after GC invocations=3 (full 0):
 PSYoungGen      total 68608K, used 5118K [0x000000076ab00000, 0x0000000773100000, 0x00000007c0000000)
  eden space 63488K, 0% used [0x000000076ab00000,0x000000076ab00000,0x000000076e900000)
  from space 5120K, 99% used [0x000000076e900000,0x000000076edffa10,0x000000076ee00000)
  to   space 5120K, 0% used [0x0000000772c00000,0x0000000772c00000,0x0000000773100000)
 ParOldGen       total 84992K, used 11984K [0x00000006c0000000, 0x00000006c5300000, 0x000000076ab00000)
  object space 84992K, 14% used [0x00000006c0000000,0x00000006c0bb4100,0x00000006c5300000)
 Metaspace       used 5982K, capacity 6960K, committed 7040K, reserved 1056768K
  class space    used 594K, capacity 616K, committed 640K, reserved 1048576K
}
Event: 1.983 GC heap before
{Heap before GC invocations=4 (full 0):
 PSYoungGen      total 68608K, used 68606K [0x000000076ab00000, 0x0000000773100000, 0x00000007c0000000)
  eden space 63488K, 100% used [0x000000076ab00000,0x000000076e900000,0x000000076e900000)
  from space 5120K, 99% used [0x000000076e900000,0x000000076edffa10,0x000000076ee00000)
  to   space 5120K, 0% used [0x0000000772c00000,0x0000000772c00000,0x0000000773100000)
 ParOldGen       total 84992K, used 11984K [0x00000006c0000000, 0x00000006c5300000, 0x000000076ab00000)
  object space 84992K, 14% used [0x00000006c0000000,0x00000006c0bb4100,0x00000006c5300000)
 Metaspace       used 6008K, capacity 6960K, committed 7040K, reserved 1056768K
  class space    used 595K, capacity 616K, committed 640K, reserved 1048576K
Event: 2.027 GC heap after
Heap after GC invocations=4 (full 0):
 PSYoungGen      total 132096K, used 5105K [0x000000076ab00000, 0x0000000773100000, 0x00000007c0000000)
  eden space 126976K, 0% used [0x000000076ab00000,0x000000076ab00000,0x0000000772700000)
  from space 5120K, 99% used [0x0000000772c00000,0x00000007730fc750,0x0000000773100000)
  to   space 5120K, 0% used [0x0000000772700000,0x0000000772700000,0x0000000772c00000)
 ParOldGen       total 84992K, used 21456K [0x00000006c0000000, 0x00000006c5300000, 0x000000076ab00000)
  object space 84992K, 25% used [0x00000006c0000000,0x00000006c14f4238,0x00000006c5300000)
 Metaspace       used 6008K, capacity 6960K, committed 7040K, reserved 1056768K
  class space    used 595K, capacity 616K, committed 640K, reserved 1048576K
}
Event: 2.728 GC heap before
{Heap before GC invocations=5 (full 0):
 PSYoungGen      total 132096K, used 132081K [0x000000076ab00000, 0x0000000773100000, 0x00000007c0000000)
  eden space 126976K, 100% used [0x000000076ab00000,0x0000000772700000,0x0000000772700000)
  from space 5120K, 99% used [0x0000000772c00000,0x00000007730fc750,0x0000000773100000)
  to   space 5120K, 0% used [0x0000000772700000,0x0000000772700000,0x0000000772c00000)
 ParOldGen       total 84992K, used 21456K [0x00000006c0000000, 0x00000006c5300000, 0x000000076ab00000)
  object space 84992K, 25% used [0x00000006c0000000,0x00000006c14f4238,0x00000006c5300000)
 Metaspace       used 6303K, capacity 7192K, committed 7424K, reserved 1056768K
  class space    used 615K, capacity 656K, committed 768K, reserved 1048576K
Event: 2.780 GC heap after
Heap after GC invocations=5 (full 0):
 PSYoungGen      total 132096K, used 5117K [0x000000076ab00000, 0x000000077da00000, 0x00000007c0000000)
  eden space 126976K, 0% used [0x000000076ab00000,0x000000076ab00000,0x0000000772700000)
  from space 5120K, 99% used [0x0000000772700000,0x0000000772bff498,0x0000000772c00000)
  to   space 28160K, 0% used [0x000000077be80000,0x000000077be80000,0x000000077da00000)
 ParOldGen       total 84992K, used 39110K [0x00000006c0000000, 0x00000006c5300000, 0x000000076ab00000)
  object space 84992K, 46% used [0x00000006c0000000,0x00000006c2631970,0x00000006c5300000)
 Metaspace       used 6303K, capacity 7192K, committed 7424K, reserved 1056768K
  class space    used 615K, capacity 656K, committed 768K, reserved 1048576K
}
Event: 3.286 GC heap before
{Heap before GC invocations=6 (full 0):
 PSYoungGen      total 132096K, used 132093K [0x000000076ab00000, 0x000000077da00000, 0x00000007c0000000)
  eden space 126976K, 100% used [0x000000076ab00000,0x0000000772700000,0x0000000772700000)
  from space 5120K, 99% used [0x0000000772700000,0x0000000772bff498,0x0000000772c00000)
  to   space 28160K, 0% used [0x000000077be80000,0x000000077be80000,0x000000077da00000)
 ParOldGen       total 84992K, used 39110K [0x00000006c0000000, 0x00000006c5300000, 0x000000076ab00000)
  object space 84992K, 46% used [0x00000006c0000000,0x00000006c2631970,0x00000006c5300000)
 Metaspace       used 6376K, capacity 7192K, committed 7424K, reserved 1056768K
  class space    used 615K, capacity 656K, committed 768K, reserved 1048576K
Event: 3.341 GC heap after
Heap after GC invocations=6 (full 0):
 PSYoungGen      total 280064K, used 20240K [0x000000076ab00000, 0x000000077de00000, 0x00000007c0000000)
  eden space 251904K, 0% used [0x000000076ab00000,0x000000076ab00000,0x000000077a100000)
  from space 28160K, 71% used [0x000000077be80000,0x000000077d2442e8,0x000000077da00000)
  to   space 30208K, 0% used [0x000000077a100000,0x000000077a100000,0x000000077be80000)
 ParOldGen       total 84992K, used 39110K [0x00000006c0000000, 0x00000006c5300000, 0x000000076ab00000)
  object space 84992K, 46% used [0x00000006c0000000,0x00000006c2631970,0x00000006c5300000)
 Metaspace       used 6376K, capacity 7192K, committed 7424K, reserved 1056768K
  class space    used 615K, capacity 656K, committed 768K, reserved 1048576K
}
Event: 4.460 GC heap before
{Heap before GC invocations=7 (full 0):
 PSYoungGen      total 280064K, used 272144K [0x000000076ab00000, 0x000000077de00000, 0x00000007c0000000)
  eden space 251904K, 100% used [0x000000076ab00000,0x000000077a100000,0x000000077a100000)
  from space 28160K, 71% used [0x000000077be80000,0x000000077d2442e8,0x000000077da00000)
  to   space 30208K, 0% used [0x000000077a100000,0x000000077a100000,0x000000077be80000)
 ParOldGen       total 84992K, used 39110K [0x00000006c0000000, 0x00000006c5300000, 0x000000076ab00000)
  object space 84992K, 46% used [0x00000006c0000000,0x00000006c2631970,0x00000006c5300000)
 Metaspace       used 6518K, capacity 7256K, committed 7424K, reserved 1056768K
  class space    used 615K, capacity 656K, committed 768K, reserved 1048576K

Deoptimization events (10 events):
Event: 2.465 Thread 0x00007f34741d0800 Uncommon trap: reason=unstable_if action=reinterpret pc=0x00007f34653863cc method=java.util.HashMap.putVal(ILjava/lang/Object;Ljava/lang/Object;ZZ)Ljava/lang/Object; @ 109
Event: 2.484 Thread 0x00007f34741d0800 Uncommon trap: reason=unstable_if action=reinterpret pc=0x00007f34653fc300 method=java.util.HashMap.getNode(ILjava/lang/Object;)Ljava/util/HashMap$Node; @ 84
Event: 2.644 Thread 0x00007f34741d0800 Uncommon trap: reason=bimorphic action=maybe_recompile pc=0x00007f34655d16d0 method=com.android.dx.cf.code.BytecodeArray.parseInstruction(ILcom/android/dx/cf/code/BytecodeArray$Visitor;)I @ 1287
Event: 2.644 Thread 0x00007f34741d0800 Uncommon trap: reason=bimorphic action=maybe_recompile pc=0x00007f34655d16d0 method=com.android.dx.cf.code.BytecodeArray.parseInstruction(ILcom/android/dx/cf/code/BytecodeArray$Visitor;)I @ 1287
Event: 2.854 Thread 0x00007f34741d7800 Uncommon trap: reason=unstable_if action=reinterpret pc=0x00007f346538bbd8 method=com.android.dx.dex.code.OutputFinisher.hasLocalInfo(Lcom/android/dx/dex/code/DalvInsn;)Z @ 24
Event: 2.861 Thread 0x00007f347400a000 Uncommon trap: reason=unstable_if action=reinterpret pc=0x00007f34655eaf04 method=com.android.dx.ssa.SCCP.simulateBranch(Lcom/android/dx/ssa/SsaInsn;)V @ 64
Event: 2.874 Thread 0x00007f34741d5800 Uncommon trap: reason=unstable_if action=reinterpret pc=0x00007f34656756e8 method=com.android.dx.ssa.SsaRenamer$BlockRenamer.visitMoveInsn(Lcom/android/dx/ssa/NormalSsaInsn;)V @ 104
Event: 3.858 Thread 0x00007f347400a000 Uncommon trap: reason=unstable_if action=reinterpret pc=0x00007f34657d4340 method=com.android.dx.cf.code.ExecutionStack.push(Lcom/android/dx/rop/type/TypeBearer;)V @ 58
Event: 4.441 Thread 0x00007f34741d0800 Uncommon trap: reason=unstable_if action=reinterpret pc=0x00007f346583d37c method=com.android.dx.rop.code.RegisterSpecSet.<init>(I)V @ 2
Event: 4.441 Thread 0x00007f34741d0800 Uncommon trap: reason=unstable_if action=reinterpret pc=0x00007f34654ac5f0 method=com.android.dx.rop.code.RegisterSpecSet.<init>(I)V @ 2

Internal exceptions (5 events):
Event: 0.069 Thread 0x00007f347400a000 Exception <a 'java/lang/NoSuchMethodError': Method sun.misc.Unsafe.defineClass(Ljava/lang/String;[BII)Ljava/lang/Class; name or signature does not match> (0x000000076ab07cc0) thrown at [/HUDSON/workspace/8-2-build-linux-amd64/jdk8u91/6644/hotspot/src/shar
Event: 0.069 Thread 0x00007f347400a000 Exception <a 'java/lang/NoSuchMethodError': Method sun.misc.Unsafe.prefetchRead(Ljava/lang/Object;J)V name or signature does not match> (0x000000076ab07fa8) thrown at [/HUDSON/workspace/8-2-build-linux-amd64/jdk8u91/6644/hotspot/src/share/vm/prims/jni.cpp
Event: 2.410 Thread 0x00007f34741d0800 Exception <a 'java/lang/ArrayIndexOutOfBoundsException': 18> (0x000000076f07d440) thrown at [/HUDSON/workspace/8-2-build-linux-amd64/jdk8u91/6644/hotspot/src/share/vm/interpreter/interpreterRuntime.cpp, line 366]
Event: 2.411 Thread 0x00007f34741d0800 Exception <a 'java/lang/ArrayIndexOutOfBoundsException': 145> (0x000000076f07efc0) thrown at [/HUDSON/workspace/8-2-build-linux-amd64/jdk8u91/6644/hotspot/src/share/vm/interpreter/interpreterRuntime.cpp, line 366]
Event: 2.411 Thread 0x00007f34741d0800 Exception <a 'java/lang/ArrayIndexOutOfBoundsException': 40> (0x000000076f0802a8) thrown at [/HUDSON/workspace/8-2-build-linux-amd64/jdk8u91/6644/hotspot/src/share/vm/interpreter/interpreterRuntime.cpp, line 366]

Events (10 events):
Event: 4.336 Thread 0x00007f347400a000 DEOPT UNPACKING pc=0x00007f3465047633 sp=0x00007f347cb42520 mode 0
Event: 4.396 Thread 0x00007f34741d0800 DEOPT PACKING pc=0x00007f34653e5574 sp=0x00007f345e42ce10
Event: 4.396 Thread 0x00007f34741d0800 DEOPT UNPACKING pc=0x00007f3465047633 sp=0x00007f345e42cb10 mode 0
Event: 4.441 Thread 0x00007f34741d0800 Uncommon trap: trap_request=0xffffff65 fr.pc=0x00007f346583d37c
Event: 4.441 Thread 0x00007f34741d0800 DEOPT PACKING pc=0x00007f346583d37c sp=0x00007f345e42cf10
Event: 4.441 Thread 0x00007f34741d0800 DEOPT UNPACKING pc=0x00007f3465005229 sp=0x00007f345e42ce48 mode 2
Event: 4.441 Thread 0x00007f34741d0800 Uncommon trap: trap_request=0xffffff65 fr.pc=0x00007f34654ac5f0
Event: 4.441 Thread 0x00007f34741d0800 DEOPT PACKING pc=0x00007f34654ac5f0 sp=0x00007f345e42ce60
Event: 4.441 Thread 0x00007f34741d0800 DEOPT UNPACKING pc=0x00007f3465005229 sp=0x00007f345e42cdb8 mode 2
Event: 4.460 Executing VM operation: ParallelGCFailedAllocation


Dynamic libraries:
00400000-00401000 r-xp 00000000 08:01 1454135                            /usr/lib/jvm/java-8-oracle/bin/java
00600000-00601000 rw-p 00000000 08:01 1454135                            /usr/lib/jvm/java-8-oracle/bin/java
01789000-017aa000 rw-p 00000000 00:00 0                                  [heap]
6c0000000-6c5300000 rw-p 00000000 00:00 0 
6c5300000-76ab00000 ---p 00000000 00:00 0 
76ab00000-77de00000 rw-p 00000000 00:00 0 
78f600000-7c0000000 ---p 00000000 00:00 0 
7c0000000-7c00c0000 rw-p 00000000 00:00 0 
7c00c0000-800000000 ---p 00000000 00:00 0 
7f3408000000-7f3408027000 rw-p 00000000 00:00 0 
7f3408027000-7f340c000000 ---p 00000000 00:00 0 
7f3410000000-7f3410021000 rw-p 00000000 00:00 0 
7f3410021000-7f3414000000 ---p 00000000 00:00 0 
7f3414000000-7f3414021000 rw-p 00000000 00:00 0 
7f3414021000-7f3418000000 ---p 00000000 00:00 0 
7f3418000000-7f3418030000 rw-p 00000000 00:00 0 
7f3418030000-7f341c000000 ---p 00000000 00:00 0 
7f341c000000-7f341c021000 rw-p 00000000 00:00 0 
7f341c021000-7f3420000000 ---p 00000000 00:00 0 
7f3420000000-7f3420021000 rw-p 00000000 00:00 0 
7f3420021000-7f3424000000 ---p 00000000 00:00 0 
7f3424000000-7f3424021000 rw-p 00000000 00:00 0 
7f3424021000-7f3428000000 ---p 00000000 00:00 0 
7f3428000000-7f3428d05000 rw-p 00000000 00:00 0 
7f3428d05000-7f342c000000 ---p 00000000 00:00 0 
7f342c000000-7f342c91a000 rw-p 00000000 00:00 0 
7f342c91a000-7f3430000000 ---p 00000000 00:00 0 
7f3430000000-7f3430021000 rw-p 00000000 00:00 0 
7f3430021000-7f3434000000 ---p 00000000 00:00 0 
7f3434000000-7f3434fce000 rw-p 00000000 00:00 0 
7f3434fce000-7f3438000000 ---p 00000000 00:00 0 
7f3438000000-7f3438021000 rw-p 00000000 00:00 0 
7f3438021000-7f343c000000 ---p 00000000 00:00 0 
7f343c000000-7f343c021000 rw-p 00000000 00:00 0 
7f343c021000-7f3440000000 ---p 00000000 00:00 0 
7f3440000000-7f3448000000 rw-p 00000000 00:00 0 
7f3448000000-7f3448021000 rw-p 00000000 00:00 0 
7f3448021000-7f344c000000 ---p 00000000 00:00 0 
7f344c000000-7f344c28c000 rw-p 00000000 00:00 0 
7f344c28c000-7f3450000000 ---p 00000000 00:00 0 
7f3450000000-7f3450021000 rw-p 00000000 00:00 0 
7f3450021000-7f3454000000 ---p 00000000 00:00 0 
7f3458000000-7f3458021000 rw-p 00000000 00:00 0 
7f3458021000-7f345c000000 ---p 00000000 00:00 0 
7f345df2a000-7f345df2d000 ---p 00000000 00:00 0 
7f345df2d000-7f345e02b000 rw-p 00000000 00:00 0 
7f345e02b000-7f345e02e000 ---p 00000000 00:00 0 
7f345e02e000-7f345e12c000 rw-p 00000000 00:00 0 
7f345e12c000-7f345e12f000 ---p 00000000 00:00 0 
7f345e12f000-7f345e22d000 rw-p 00000000 00:00 0 
7f345e22d000-7f345e230000 ---p 00000000 00:00 0 
7f345e230000-7f345e32e000 rw-p 00000000 00:00 0 
7f345e32e000-7f345e331000 ---p 00000000 00:00 0 
7f345e331000-7f345e42f000 rw-p 00000000 00:00 0 
7f345e42f000-7f345e465000 r--s 002b8000 08:05 4855664                    /home/onmymobile/AndroidStudioProjects/Heritage/SmsCapture (2)/app/build/intermediates/transforms/jarMerging/release/jars/1/1f/combined.jar
7f345e465000-7f345e466000 ---p 00000000 00:00 0 
7f345e466000-7f345e566000 rw-p 00000000 00:00 0 
7f345e566000-7f345e569000 ---p 00000000 00:00 0 
7f345e569000-7f345e667000 rw-p 00000000 00:00 0 
7f345e667000-7f345e66a000 ---p 00000000 00:00 0 
7f345e66a000-7f345e768000 rw-p 00000000 00:00 0 
7f345e768000-7f345e76b000 ---p 00000000 00:00 0 
7f345e76b000-7f345e869000 rw-p 00000000 00:00 0 
7f345e869000-7f345e86c000 ---p 00000000 00:00 0 
7f345e86c000-7f345e96a000 rw-p 00000000 00:00 0 
7f345e96a000-7f345e96d000 ---p 00000000 00:00 0 
7f345e96d000-7f345ea6b000 rw-p 00000000 00:00 0 
7f345ea6b000-7f345f14d000 r--p 00000000 08:01 1448881                    /usr/lib/locale/locale-archive
7f345f14d000-7f345f150000 ---p 00000000 00:00 0 
7f345f150000-7f345f24e000 rw-p 00000000 00:00 0 
7f345f24e000-7f345f251000 ---p 00000000 00:00 0 
7f345f251000-7f345f34f000 rw-p 00000000 00:00 0 
7f345f34f000-7f345f350000 ---p 00000000 00:00 0 
7f345f350000-7f3460000000 rw-p 00000000 00:00 0 
7f3460000000-7f3460021000 rw-p 00000000 00:00 0 
7f3460021000-7f3464000000 ---p 00000000 00:00 0 
7f3464000000-7f3464680000 rw-p 00000000 00:00 0 
7f3464680000-7f3464800000 ---p 00000000 00:00 0 
7f3464800000-7f3465000000 rw-p 00000000 00:00 0 
7f3465000000-7f3465860000 rwxp 00000000 00:00 0 
7f3465860000-7f3474000000 ---p 00000000 00:00 0 
7f3474000000-7f3474396000 rw-p 00000000 00:00 0 
7f3474396000-7f3478000000 ---p 00000000 00:00 0 
7f347800a000-7f347845d000 rw-p 00000000 00:00 0 
7f347845d000-7f3478636000 r--s 03d1f000 08:01 1452558                    /usr/lib/jvm/java-8-oracle/jre/lib/rt.jar
7f3478636000-7f34786ac000 rw-p 00000000 00:00 0 
7f34786ac000-7f34786ad000 ---p 00000000 00:00 0 
7f34786ad000-7f34787ad000 rw-p 00000000 00:00 0 
7f34787ad000-7f34787ae000 ---p 00000000 00:00 0 
7f34787ae000-7f34788ae000 rw-p 00000000 00:00 0 
7f34788ae000-7f34788af000 ---p 00000000 00:00 0 
7f34788af000-7f34789af000 rw-p 00000000 00:00 0 
7f34789af000-7f34789b0000 ---p 00000000 00:00 0 
7f34789b0000-7f3478ada000 rw-p 00000000 00:00 0 
7f3478ada000-7f3479006000 ---p 00000000 00:00 0 
7f3479006000-7f3479030000 rw-p 00000000 00:00 0 
7f3479030000-7f347955b000 ---p 00000000 00:00 0 
7f347955b000-7f34795f5000 rw-p 00000000 00:00 0 
7f34795f5000-7f3479806000 ---p 00000000 00:00 0 
7f3479806000-7f3479829000 rw-p 00000000 00:00 0 
7f3479829000-7f3479bc7000 ---p 00000000 00:00 0 
7f3479bc7000-7f3479be1000 r-xp 00000000 08:01 1452613                    /usr/lib/jvm/java-8-oracle/jre/lib/amd64/libzip.so
7f3479be1000-7f3479de1000 ---p 0001a000 08:01 1452613                    /usr/lib/jvm/java-8-oracle/jre/lib/amd64/libzip.so
7f3479de1000-7f3479de2000 rw-p 0001a000 08:01 1452613                    /usr/lib/jvm/java-8-oracle/jre/lib/amd64/libzip.so
7f3479de2000-7f3479dec000 r-xp 00000000 08:01 7078098                    /lib/x86_64-linux-gnu/libnss_files-2.19.so
7f3479dec000-7f3479feb000 ---p 0000a000 08:01 7078098                    /lib/x86_64-linux-gnu/libnss_files-2.19.so
7f3479feb000-7f3479fec000 r--p 00009000 08:01 7078098                    /lib/x86_64-linux-gnu/libnss_files-2.19.so
7f3479fec000-7f3479fed000 rw-p 0000a000 08:01 7078098                    /lib/x86_64-linux-gnu/libnss_files-2.19.so
7f3479fed000-7f3479ff8000 r-xp 00000000 08:01 7078090                    /lib/x86_64-linux-gnu/libnss_nis-2.19.so
7f3479ff8000-7f347a1f7000 ---p 0000b000 08:01 7078090                    /lib/x86_64-linux-gnu/libnss_nis-2.19.so
7f347a1f7000-7f347a1f8000 r--p 0000a000 08:01 7078090                    /lib/x86_64-linux-gnu/libnss_nis-2.19.so
7f347a1f8000-7f347a1f9000 rw-p 0000b000 08:01 7078090                    /lib/x86_64-linux-gnu/libnss_nis-2.19.so
7f347a1f9000-7f347a210000 r-xp 00000000 08:01 7078086                    /lib/x86_64-linux-gnu/libnsl-2.19.so
7f347a210000-7f347a40f000 ---p 00017000 08:01 7078086                    /lib/x86_64-linux-gnu/libnsl-2.19.so
7f347a40f000-7f347a410000 r--p 00016000 08:01 7078086                    /lib/x86_64-linux-gnu/libnsl-2.19.so
7f347a410000-7f347a411000 rw-p 00017000 08:01 7078086                    /lib/x86_64-linux-gnu/libnsl-2.19.so
7f347a411000-7f347a413000 rw-p 00000000 00:00 0 
7f347a413000-7f347a41c000 r-xp 00000000 08:01 7078085                    /lib/x86_64-linux-gnu/libnss_compat-2.19.so
7f347a41c000-7f347a61b000 ---p 00009000 08:01 7078085                    /lib/x86_64-linux-gnu/libnss_compat-2.19.so
7f347a61b000-7f347a61c000 r--p 00008000 08:01 7078085                    /lib/x86_64-linux-gnu/libnss_compat-2.19.so
7f347a61c000-7f347a61d000 rw-p 00009000 08:01 7078085                    /lib/x86_64-linux-gnu/libnss_compat-2.19.so
7f347a61d000-7f347a647000 r-xp 00000000 08:01 1452593                    /usr/lib/jvm/java-8-oracle/jre/lib/amd64/libjava.so
7f347a647000-7f347a847000 ---p 0002a000 08:01 1452593                    /usr/lib/jvm/java-8-oracle/jre/lib/amd64/libjava.so
7f347a847000-7f347a849000 rw-p 0002a000 08:01 1452593                    /usr/lib/jvm/java-8-oracle/jre/lib/amd64/libjava.so
7f347a849000-7f347a856000 r-xp 00000000 08:01 1452610                    /usr/lib/jvm/java-8-oracle/jre/lib/amd64/libverify.so
7f347a856000-7f347aa56000 ---p 0000d000 08:01 1452610                    /usr/lib/jvm/java-8-oracle/jre/lib/amd64/libverify.so
7f347aa56000-7f347aa58000 rw-p 0000d000 08:01 1452610                    /usr/lib/jvm/java-8-oracle/jre/lib/amd64/libverify.so
7f347aa58000-7f347aa5f000 r-xp 00000000 08:01 7078094                    /lib/x86_64-linux-gnu/librt-2.19.so
7f347aa5f000-7f347ac5e000 ---p 00007000 08:01 7078094                    /lib/x86_64-linux-gnu/librt-2.19.so
7f347ac5e000-7f347ac5f000 r--p 00006000 08:01 7078094                    /lib/x86_64-linux-gnu/librt-2.19.so
7f347ac5f000-7f347ac60000 rw-p 00007000 08:01 7078094                    /lib/x86_64-linux-gnu/librt-2.19.so
7f347ac60000-7f347ad65000 r-xp 00000000 08:01 7078080                    /lib/x86_64-linux-gnu/libm-2.19.so
7f347ad65000-7f347af64000 ---p 00105000 08:01 7078080                    /lib/x86_64-linux-gnu/libm-2.19.so
7f347af64000-7f347af65000 r--p 00104000 08:01 7078080                    /lib/x86_64-linux-gnu/libm-2.19.so
7f347af65000-7f347af66000 rw-p 00105000 08:01 7078080                    /lib/x86_64-linux-gnu/libm-2.19.so
7f347af66000-7f347bc26000 r-xp 00000000 08:01 1452601                    /usr/lib/jvm/java-8-oracle/jre/lib/amd64/server/libjvm.so
7f347bc26000-7f347be26000 ---p 00cc0000 08:01 1452601                    /usr/lib/jvm/java-8-oracle/jre/lib/amd64/server/libjvm.so
7f347be26000-7f347befe000 rw-p 00cc0000 08:01 1452601                    /usr/lib/jvm/java-8-oracle/jre/lib/amd64/server/libjvm.so
7f347befe000-7f347bf49000 rw-p 00000000 00:00 0 
7f347bf49000-7f347c103000 r-xp 00000000 08:01 7078095                    /lib/x86_64-linux-gnu/libc-2.19.so
7f347c103000-7f347c303000 ---p 001ba000 08:01 7078095                    /lib/x86_64-linux-gnu/libc-2.19.so
7f347c303000-7f347c307000 r--p 001ba000 08:01 7078095                    /lib/x86_64-linux-gnu/libc-2.19.so
7f347c307000-7f347c309000 rw-p 001be000 08:01 7078095                    /lib/x86_64-linux-gnu/libc-2.19.so
7f347c309000-7f347c30e000 rw-p 00000000 00:00 0 
7f347c30e000-7f347c311000 r-xp 00000000 08:01 7078082                    /lib/x86_64-linux-gnu/libdl-2.19.so
7f347c311000-7f347c510000 ---p 00003000 08:01 7078082                    /lib/x86_64-linux-gnu/libdl-2.19.so
7f347c510000-7f347c511000 r--p 00002000 08:01 7078082                    /lib/x86_64-linux-gnu/libdl-2.19.so
7f347c511000-7f347c512000 rw-p 00003000 08:01 7078082                    /lib/x86_64-linux-gnu/libdl-2.19.so
7f347c512000-7f347c527000 r-xp 00000000 08:01 1454079                    /usr/lib/jvm/java-8-oracle/lib/amd64/jli/libjli.so
7f347c527000-7f347c727000 ---p 00015000 08:01 1454079                    /usr/lib/jvm/java-8-oracle/lib/amd64/jli/libjli.so
7f347c727000-7f347c728000 rw-p 00015000 08:01 1454079                    /usr/lib/jvm/java-8-oracle/lib/amd64/jli/libjli.so
7f347c728000-7f347c741000 r-xp 00000000 08:01 7078087                    /lib/x86_64-linux-gnu/libpthread-2.19.so
7f347c741000-7f347c940000 ---p 00019000 08:01 7078087                    /lib/x86_64-linux-gnu/libpthread-2.19.so
7f347c940000-7f347c941000 r--p 00018000 08:01 7078087                    /lib/x86_64-linux-gnu/libpthread-2.19.so
7f347c941000-7f347c942000 rw-p 00019000 08:01 7078087                    /lib/x86_64-linux-gnu/libpthread-2.19.so
7f347c942000-7f347c946000 rw-p 00000000 00:00 0 
7f347c946000-7f347c969000 r-xp 00000000 08:01 7078088                    /lib/x86_64-linux-gnu/ld-2.19.so
7f347c971000-7f347ca44000 rw-p 00000000 00:00 0 
7f347ca44000-7f347ca47000 ---p 00000000 00:00 0 
7f347ca47000-7f347cb49000 rw-p 00000000 00:00 0 
7f347cb4c000-7f347cb4d000 rw-p 00000000 00:00 0 
7f347cb4d000-7f347cb5c000 r--s 000df000 08:05 264644                     /home/onmymobile/Android/Sdk/build-tools/23.0.3/lib/dx.jar
7f347cb5c000-7f347cb64000 rw-s 00000000 08:01 524433                     /tmp/hsperfdata_onmymobile/17283
7f347cb64000-7f347cb65000 rw-p 00000000 00:00 0 
7f347cb65000-7f347cb66000 ---p 00000000 00:00 0 
7f347cb66000-7f347cb68000 rw-p 00000000 00:00 0 
7f347cb68000-7f347cb69000 r--p 00022000 08:01 7078088                    /lib/x86_64-linux-gnu/ld-2.19.so
7f347cb69000-7f347cb6a000 rw-p 00023000 08:01 7078088                    /lib/x86_64-linux-gnu/ld-2.19.so
7f347cb6a000-7f347cb6b000 rw-p 00000000 00:00 0 
7ffdefa9b000-7ffdefabc000 rw-p 00000000 00:00 0                          [stack]
7ffdefaf1000-7ffdefaf3000 r--p 00000000 00:00 0                          [vvar]
7ffdefaf3000-7ffdefaf5000 r-xp 00000000 00:00 0                          [vdso]
ffffffffff600000-ffffffffff601000 r-xp 00000000 00:00 0                  [vsyscall]

VM Arguments:
jvm_args: -Djava.awt.headless=true -Xmx4g -Dfile.encoding=UTF-8 -Duser.country=IN -Duser.language=en -Duser.variant 
java_command: com.android.dx.command.Main --dex --num-threads=4 --multi-dex --main-dex-list /home/onmymobile/AndroidStudioProjects/Heritage/SmsCapture (2)/app/build/intermediates/multi-dex/release/maindexlist.txt --output /home/onmymobile/AndroidStudioProjects/Heritage/SmsCapture (2)/app/build/intermediates/transforms/dex/release/folders/1000/1f/main /home/onmymobile/AndroidStudioProjects/Heritage/SmsCapture (2)/app/build/intermediates/transforms/jarMerging/release/jars/1/1f/combined.jar
java_class_path (initial): /home/onmymobile/Android/Sdk/build-tools/23.0.3/lib/dx.jar
Launcher Type: SUN_STANDARD

Environment Variables:
JAVA_HOME=/usr/lib/jvm/java-8-oracle
PATH=/home/onmymobile/bin:/usr/local/sbin:/usr/local/bin:/usr/sbin:/usr/bin:/sbin:/bin:/usr/games:/usr/local/games:/usr/lib/jvm/java-8-oracle/bin:/usr/lib/jvm/java-8-oracle/db/bin:/usr/lib/jvm/java-8-oracle/jre/bin
SHELL=/bin/bash
DISPLAY=:0

Signal Handlers:
SIGSEGV: [libjvm.so+0xabca10], sa_mask[0]=11111111011111111101111111111110, sa_flags=SA_RESTART|SA_SIGINFO
SIGBUS: [libjvm.so+0xabca10], sa_mask[0]=11111111011111111101111111111110, sa_flags=SA_RESTART|SA_SIGINFO
SIGFPE: [libjvm.so+0x919a20], sa_mask[0]=11111111011111111101111111111110, sa_flags=SA_RESTART|SA_SIGINFO
SIGPIPE: [libjvm.so+0x919a20], sa_mask[0]=11111111011111111101111111111110, sa_flags=SA_RESTART|SA_SIGINFO
SIGXFSZ: [libjvm.so+0x919a20], sa_mask[0]=11111111011111111101111111111110, sa_flags=SA_RESTART|SA_SIGINFO
SIGILL: [libjvm.so+0x919a20], sa_mask[0]=11111111011111111101111111111110, sa_flags=SA_RESTART|SA_SIGINFO
SIGUSR1: SIG_DFL, sa_mask[0]=00000000000000000000000000000000, sa_flags=none
SIGUSR2: [libjvm.so+0x91b050], sa_mask[0]=00100000000000000000000000000000, sa_flags=SA_RESTART|SA_SIGINFO
SIGHUP: [libjvm.so+0x91c450], sa_mask[0]=11111111011111111101111111111110, sa_flags=SA_RESTART|SA_SIGINFO
SIGINT: [libjvm.so+0x91c450], sa_mask[0]=11111111011111111101111111111110, sa_flags=SA_RESTART|SA_SIGINFO
SIGTERM: [libjvm.so+0x91c450], sa_mask[0]=11111111011111111101111111111110, sa_flags=SA_RESTART|SA_SIGINFO
SIGQUIT: [libjvm.so+0x91c450], sa_mask[0]=11111111011111111101111111111110, sa_flags=SA_RESTART|SA_SIGINFO


---------------  S Y S T E M  ---------------

OS:DISTRIB_ID=Ubuntu
DISTRIB_RELEASE=14.04
DISTRIB_CODENAME=trusty
DISTRIB_DESCRIPTION="Ubuntu 14.04.4 LTS"

uname:Linux 4.2.0-42-generic #49~14.04.1-Ubuntu SMP Wed Jun 29 20:22:11 UTC 2016 x86_64
libc:glibc 2.19 NPTL 2.19 
rlimit: STACK 8192k, CORE 0k, NPROC 31336, NOFILE 4096, AS infinity
load average:1.70 1.53 1.30

/proc/meminfo:
MemTotal:        8044164 kB
MemFree:          142576 kB
MemAvailable:      92440 kB
Buffers:             760 kB
Cached:          1058020 kB
SwapCached:            0 kB
Active:          6815160 kB
Inactive:         864648 kB
Active(anon):    6802936 kB
Inactive(anon):   852312 kB
Active(file):      12224 kB
Inactive(file):    12336 kB
Unevictable:         156 kB
Mlocked:             156 kB
SwapTotal:             0 kB
SwapFree:              0 kB
Dirty:              1056 kB
Writeback:             0 kB
AnonPages:       6621276 kB
Mapped:           461792 kB
Shmem:           1034140 kB
Slab:              88204 kB
SReclaimable:      44100 kB
SUnreclaim:        44104 kB
KernelStack:       12656 kB
PageTables:        65308 kB
NFS_Unstable:          0 kB
Bounce:                0 kB
WritebackTmp:          0 kB
CommitLimit:     4022080 kB
Committed_AS:   13738956 kB
VmallocTotal:   34359738367 kB
VmallocUsed:      358884 kB
VmallocChunk:   34358947836 kB
HardwareCorrupted:     0 kB
AnonHugePages:   4020224 kB
CmaTotal:              0 kB
CmaFree:               0 kB
HugePages_Total:       0
HugePages_Free:        0
HugePages_Rsvd:        0
HugePages_Surp:        0
Hugepagesize:       2048 kB
DirectMap4k:      196128 kB
DirectMap2M:     8060928 kB


CPU:total 4 (2 cores per cpu, 2 threads per core) family 6 model 58 stepping 9, cmov, cx8, fxsr, mmx, sse, sse2, sse3, ssse3, sse4.1, sse4.2, popcnt, avx, aes, clmul, erms, ht, tsc, tscinvbit, tscinv

/proc/cpuinfo:
processor	: 0
vendor_id	: GenuineIntel
cpu family	: 6
model		: 58
model name	: Intel(R) Core(TM) i5-3340M CPU @ 2.70GHz
stepping	: 9
microcode	: 0x15
cpu MHz		: 3243.164
cache size	: 3072 KB
physical id	: 0
siblings	: 4
core id		: 0
cpu cores	: 2
apicid		: 0
initial apicid	: 0
fpu		: yes
fpu_exception	: yes
cpuid level	: 13
wp		: yes
flags		: fpu vme de pse tsc msr pae mce cx8 apic sep mtrr pge mca cmov pat pse36 clflush dts acpi mmx fxsr sse sse2 ss ht tm pbe syscall nx rdtscp lm constant_tsc arch_perfmon pebs bts rep_good nopl xtopology nonstop_tsc aperfmperf eagerfpu pni pclmulqdq dtes64 monitor ds_cpl vmx smx est tm2 ssse3 cx16 xtpr pdcm pcid sse4_1 sse4_2 x2apic popcnt tsc_deadline_timer aes xsave avx f16c rdrand lahf_lm ida arat epb pln pts dtherm tpr_shadow vnmi flexpriority ept vpid fsgsbase smep erms xsaveopt
bugs		:
bogomips	: 5382.55
clflush size	: 64
cache_alignment	: 64
address sizes	: 36 bits physical, 48 bits virtual
power management:

processor	: 1
vendor_id	: GenuineIntel
cpu family	: 6
model		: 58
model name	: Intel(R) Core(TM) i5-3340M CPU @ 2.70GHz
stepping	: 9
microcode	: 0x15
cpu MHz		: 3199.921
cache size	: 3072 KB
physical id	: 0
siblings	: 4
core id		: 1
cpu cores	: 2
apicid		: 2
initial apicid	: 2
fpu		: yes
fpu_exception	: yes
cpuid level	: 13
wp		: yes
flags		: fpu vme de pse tsc msr pae mce cx8 apic sep mtrr pge mca cmov pat pse36 clflush dts acpi mmx fxsr sse sse2 ss ht tm pbe syscall nx rdtscp lm constant_tsc arch_perfmon pebs bts rep_good nopl xtopology nonstop_tsc aperfmperf eagerfpu pni pclmulqdq dtes64 monitor ds_cpl vmx smx est tm2 ssse3 cx16 xtpr pdcm pcid sse4_1 sse4_2 x2apic popcnt tsc_deadline_timer aes xsave avx f16c rdrand lahf_lm ida arat epb pln pts dtherm tpr_shadow vnmi flexpriority ept vpid fsgsbase smep erms xsaveopt
bugs		:
bogomips	: 5382.55
clflush size	: 64
cache_alignment	: 64
address sizes	: 36 bits physical, 48 bits virtual
power management:

processor	: 2
vendor_id	: GenuineIntel
cpu family	: 6
model		: 58
model name	: Intel(R) Core(TM) i5-3340M CPU @ 2.70GHz
stepping	: 9
microcode	: 0x15
cpu MHz		: 3211.101
cache size	: 3072 KB
physical id	: 0
siblings	: 4
core id		: 0
cpu cores	: 2
apicid		: 1
initial apicid	: 1
fpu		: yes
fpu_exception	: yes
cpuid level	: 13
wp		: yes
flags		: fpu vme de pse tsc msr pae mce cx8 apic sep mtrr pge mca cmov pat pse36 clflush dts acpi mmx fxsr sse sse2 ss ht tm pbe syscall nx rdtscp lm constant_tsc arch_perfmon pebs bts rep_good nopl xtopology nonstop_tsc aperfmperf eagerfpu pni pclmulqdq dtes64 monitor ds_cpl vmx smx est tm2 ssse3 cx16 xtpr pdcm pcid sse4_1 sse4_2 x2apic popcnt tsc_deadline_timer aes xsave avx f16c rdrand lahf_lm ida arat epb pln pts dtherm tpr_shadow vnmi flexpriority ept vpid fsgsbase smep erms xsaveopt
bugs		:
bogomips	: 5382.55
clflush size	: 64
cache_alignment	: 64
address sizes	: 36 bits physical, 48 bits virtual
power management:

processor	: 3
vendor_id	: GenuineIntel
cpu family	: 6
model		: 58
model name	: Intel(R) Core(TM) i5-3340M CPU @ 2.70GHz
stepping	: 9
microcode	: 0x15
cpu MHz		: 3200.027
cache size	: 3072 KB
physical id	: 0
siblings	: 4
core id		: 1
cpu cores	: 2
apicid		: 3
initial apicid	: 3
fpu		: yes
fpu_exception	: yes
cpuid level	: 13
wp		: yes
flags		: fpu vme de pse tsc msr pae mce cx8 apic sep mtrr pge mca cmov pat pse36 clflush dts acpi mmx fxsr sse sse2 ss ht tm pbe syscall nx rdtscp lm constant_tsc arch_perfmon pebs bts rep_good nopl xtopology nonstop_tsc aperfmperf eagerfpu pni pclmulqdq dtes64 monitor ds_cpl vmx smx est tm2 ssse3 cx16 xtpr pdcm pcid sse4_1 sse4_2 x2apic popcnt tsc_deadline_timer aes xsave avx f16c rdrand lahf_lm ida arat epb pln pts dtherm tpr_shadow vnmi flexpriority ept vpid fsgsbase smep erms xsaveopt
bugs		:
bogomips	: 5382.55
clflush size	: 64
cache_alignment	: 64
address sizes	: 36 bits physical, 48 bits virtual
power management:



Memory: 4k page, physical 8044164k(142576k free), swap 0k(0k free)

vm_info: Java HotSpot(TM) 64-Bit Server VM (25.91-b14) for linux-amd64 JRE (1.8.0_91-b14), built on Apr  1 2016 00:57:21 by "java_re" with gcc 4.3.0 20080428 (Red Hat 4.3.0-8)

time: Thu Jul 21 16:54:18 2016
elapsed time: 4 seconds (0d 0h 0m 4s)

