#
# There is insufficient memory for the Java Runtime Environment to continue.
# Native memory allocation (mmap) failed to map 115867648 bytes for committing reserved memory.
# Possible reasons:
#   The system is out of physical RAM or swap space
#   In 32 bit mode, the process size limit was hit
# Possible solutions:
#   Reduce memory load on the system
#   Increase physical memory or swap space
#   Check if swap backing store is full
#   Use 64 bit Java on a 64 bit OS
#   Decrease Java heap size (-Xmx/-Xms)
#   Decrease number of Java threads
#   Decrease Java thread stack sizes (-Xss)
#   Set larger code cache with -XX:ReservedCodeCacheSize=
# This output file may be truncated or incomplete.
#
#  Out of Memory Error (os_linux.cpp:2627), pid=8687, tid=0x00007f8645a2a700
#
# JRE version: Java(TM) SE Runtime Environment (8.0_101-b13) (build 1.8.0_101-b13)
# Java VM: Java HotSpot(TM) 64-Bit Server VM (25.101-b13 mixed mode linux-amd64 compressed oops)
# Failed to write core dump. Core dumps have been disabled. To enable core dumping, try "ulimit -c unlimited" before starting Java again
#

---------------  T H R E A D  ---------------

Current thread (0x00007f8658078000):  VMThread [stack: 0x00007f864592a000,0x00007f8645a2b000] [id=8697]

Stack: [0x00007f864592a000,0x00007f8645a2b000],  sp=0x00007f8645a29160,  free space=1020k
Native frames: (J=compiled Java code, j=interpreted, Vv=VM code, C=native code)
V  [libjvm.so+0xac3f0a]  VMError::report_and_die()+0x2ba
V  [libjvm.so+0x4fbf9b]  report_vm_out_of_memory(char const*, int, unsigned long, VMErrorType, char const*)+0x8b
V  [libjvm.so+0x9222d3]  os::Linux::commit_memory_impl(char*, unsigned long, bool)+0x103
V  [libjvm.so+0x922829]  os::pd_commit_memory(char*, unsigned long, unsigned long, bool)+0x29
V  [libjvm.so+0x91cb2a]  os::commit_memory(char*, unsigned long, unsigned long, bool)+0x2a
V  [libjvm.so+0x991053]  PSVirtualSpace::expand_by(unsigned long)+0x53
V  [libjvm.so+0x992458]  PSYoungGen::resize_generation(unsigned long, unsigned long)+0xf8
V  [libjvm.so+0x9915b2]  PSYoungGen::resize(unsigned long, unsigned long)+0x22
V  [libjvm.so+0x98e88b]  PSScavenge::invoke_no_policy()+0xf3b
V  [libjvm.so+0x98f011]  PSScavenge::invoke()+0x41
V  [libjvm.so+0x945fc0]  ParallelScavengeHeap::failed_mem_allocate(unsigned long)+0x70
V  [libjvm.so+0xac5927]  VM_ParallelGCFailedAllocation::doit()+0x97
V  [libjvm.so+0xacd405]  VM_Operation::evaluate()+0x55
V  [libjvm.so+0xacb7da]  VMThread::evaluate_operation(VM_Operation*)+0xba
V  [libjvm.so+0xacbb5e]  VMThread::loop()+0x1ce
V  [libjvm.so+0xacbfd0]  VMThread::run()+0x70
V  [libjvm.so+0x924698]  java_start(Thread*)+0x108

VM_Operation (0x00007f86445a3f20): ParallelGCFailedAllocation, mode: safepoint, requested by thread 0x00007f86581d9000


---------------  P R O C E S S  ---------------

Java Threads: ( => current thread )
  0x00007f86581d9000 JavaThread "pool-1-thread-1" [_thread_blocked, id=8714, stack(0x00007f86444a5000,0x00007f86445a6000)]
  0x00007f86580c8800 JavaThread "Service Thread" daemon [_thread_blocked, id=8704, stack(0x00007f8644b41000,0x00007f8644c42000)]
  0x00007f86580bd000 JavaThread "C1 CompilerThread2" daemon [_thread_blocked, id=8703, stack(0x00007f8644c42000,0x00007f8644d43000)]
  0x00007f86580bb800 JavaThread "C2 CompilerThread1" daemon [_thread_blocked, id=8702, stack(0x00007f8644d43000,0x00007f8644e44000)]
  0x00007f86580b8800 JavaThread "C2 CompilerThread0" daemon [_thread_blocked, id=8701, stack(0x00007f8644e44000,0x00007f8644f45000)]
  0x00007f86580b7000 JavaThread "Signal Dispatcher" daemon [_thread_blocked, id=8700, stack(0x00007f8644f45000,0x00007f8645046000)]
  0x00007f8658084000 JavaThread "Finalizer" daemon [_thread_blocked, id=8699, stack(0x00007f8645728000,0x00007f8645829000)]
  0x00007f865807f800 JavaThread "Reference Handler" daemon [_thread_blocked, id=8698, stack(0x00007f8645829000,0x00007f864592a000)]
  0x00007f865800a000 JavaThread "main" [_thread_blocked, id=8692, stack(0x00007f865f03a000,0x00007f865f13b000)]

Other Threads:
=>0x00007f8658078000 VMThread [stack: 0x00007f864592a000,0x00007f8645a2b000] [id=8697]
  0x00007f86580cb000 WatcherThread [stack: 0x00007f8644a40000,0x00007f8644b41000] [id=8705]

VM state:at safepoint (normal execution)

VM Mutex/Monitor currently owned by a thread:  ([mutex/lock_event])
[0x00007f86580065b0] Threads_lock - owner thread: 0x00007f8658078000
[0x00007f8658006ab0] Heap_lock - owner thread: 0x00007f86581d9000

Heap:
 PSYoungGen      total 897024K, used 271522K [0x000000076ab00000, 0x00000007b9180000, 0x00000007c0000000)
  eden space 591360K, 0% used [0x000000076ab00000,0x000000076ab00000,0x000000078ec80000)
  from space 305664K, 88% used [0x00000007a6700000,0x00000007b70289b8,0x00000007b9180000)
  to   space 291840K, 0% used [0x000000078ec80000,0x000000078ec80000,0x00000007a0980000)
 ParOldGen       total 751616K, used 612589K [0x00000006c0000000, 0x00000006ede00000, 0x000000076ab00000)
  object space 751616K, 81% used [0x00000006c0000000,0x00000006e563b498,0x00000006ede00000)
 Metaspace       used 6714K, capacity 7384K, committed 7680K, reserved 1056768K
  class space    used 623K, capacity 656K, committed 768K, reserved 1048576K

Card table byte_map: [0x00007f864843f000,0x00007f8648c40000] byte_map_base: 0x00007f8644e3f000

Marking Bits: (ParMarkBitMap*) 0x00007f865e516120
 Begin Bits: [0x00007f8620000000, 0x00007f8624000000)
 End Bits:   [0x00007f8624000000, 0x00007f8628000000)

Polling page: 0x00007f865f15f000

CodeCache: size=245760Kb used=11183Kb max_used=11732Kb free=234576Kb
 bounds [0x00007f8649000000, 0x00007f8649b90000, 0x00007f8658000000]
 total_blobs=2731 nmethods=2462 adapters=182
 compilation: enabled

Compilation events (10 events):
Event: 23.649 Thread 0x00007f86580b8800 nmethod 3017 0x00007f86491e4ad0 code [0x00007f86491e4c60, 0x00007f86491e4fc8]
Event: 23.649 Thread 0x00007f86580b8800 2887       4       com.android.dx.ssa.back.SsaToRop::convertBasicBlocks (151 bytes)
Event: 23.655 Thread 0x00007f86580bb800 nmethod 1922% 0x00007f86493d7190 code [0x00007f86493d7300, 0x00007f86493d7898]
Event: 23.655 Thread 0x00007f86580bb800 2884       4       com.android.dx.ssa.SsaMethod::getCountReachableBlocks (44 bytes)
Event: 23.663 Thread 0x00007f86580bb800 nmethod 2884 0x00007f86493d6950 code [0x00007f86493d6ac0, 0x00007f86493d6ed8]
Event: 23.663 Thread 0x00007f86580bb800 3018       4       java.util.HashMap$HashIterator::<init> (79 bytes)
Event: 23.668 Thread 0x00007f86580bb800 nmethod 3018 0x00007f8649b3fd90 code [0x00007f8649b3fee0, 0x00007f8649b401d8]
Event: 23.668 Thread 0x00007f86580bb800 3019       4       com.android.dx.rop.cst.CstType::<init> (46 bytes)
Event: 23.669 Thread 0x00007f86580bb800 nmethod 3019 0x00007f86493a7050 code [0x00007f86493a71a0, 0x00007f86493a7278]
Event: 23.669 Thread 0x00007f86580bb800 1314 %     4       com.android.dx.ssa.DeadCodeRemover::pruneDeadInstructions @ 26 (246 bytes)

GC Heap History (10 events):
Event: 16.178 GC heap after
Heap after GC invocations=17 (full 3):
 PSYoungGen      total 708096K, used 196089K [0x000000076ab00000, 0x00000007af800000, 0x00000007c0000000)
  eden space 512000K, 0% used [0x000000076ab00000,0x000000076ab00000,0x0000000789f00000)
  from space 196096K, 99% used [0x000000079aa80000,0x00000007a69fe790,0x00000007a6a00000)
  to   space 273920K, 0% used [0x0000000789f00000,0x0000000789f00000,0x000000079aa80000)
 ParOldGen       total 492544K, used 432108K [0x00000006c0000000, 0x00000006de100000, 0x000000076ab00000)
  object space 492544K, 87% used [0x00000006c0000000,0x00000006da5fb328,0x00000006de100000)
 Metaspace       used 6598K, capacity 7320K, committed 7680K, reserved 1056768K
  class space    used 616K, capacity 656K, committed 768K, reserved 1048576K
}
Event: 16.178 GC heap before
{Heap before GC invocations=18 (full 4):
 PSYoungGen      total 708096K, used 196089K [0x000000076ab00000, 0x00000007af800000, 0x00000007c0000000)
  eden space 512000K, 0% used [0x000000076ab00000,0x000000076ab00000,0x0000000789f00000)
  from space 196096K, 99% used [0x000000079aa80000,0x00000007a69fe790,0x00000007a6a00000)
  to   space 273920K, 0% used [0x0000000789f00000,0x0000000789f00000,0x000000079aa80000)
 ParOldGen       total 492544K, used 432108K [0x00000006c0000000, 0x00000006de100000, 0x000000076ab00000)
  object space 492544K, 87% used [0x00000006c0000000,0x00000006da5fb328,0x00000006de100000)
 Metaspace       used 6598K, capacity 7320K, committed 7680K, reserved 1056768K
  class space    used 616K, capacity 656K, committed 768K, reserved 1048576K
Event: 17.368 GC heap after
Heap after GC invocations=18 (full 4):
 PSYoungGen      total 708096K, used 125837K [0x000000076ab00000, 0x00000007af800000, 0x00000007c0000000)
  eden space 512000K, 0% used [0x000000076ab00000,0x000000076ab00000,0x0000000789f00000)
  from space 196096K, 64% used [0x000000079aa80000,0x00000007a2563418,0x00000007a6a00000)
  to   space 273920K, 0% used [0x0000000789f00000,0x0000000789f00000,0x000000079aa80000)
 ParOldGen       total 751616K, used 492238K [0x00000006c0000000, 0x00000006ede00000, 0x000000076ab00000)
  object space 751616K, 65% used [0x00000006c0000000,0x00000006de0b3b38,0x00000006ede00000)
 Metaspace       used 6598K, capacity 7320K, committed 7680K, reserved 1056768K
  class space    used 616K, capacity 656K, committed 768K, reserved 1048576K
}
Event: 19.230 GC heap before
{Heap before GC invocations=19 (full 4):
 PSYoungGen      total 708096K, used 637837K [0x000000076ab00000, 0x00000007af800000, 0x00000007c0000000)
  eden space 512000K, 100% used [0x000000076ab00000,0x0000000789f00000,0x0000000789f00000)
  from space 196096K, 64% used [0x000000079aa80000,0x00000007a2563418,0x00000007a6a00000)
  to   space 273920K, 0% used [0x0000000789f00000,0x0000000789f00000,0x000000079aa80000)
 ParOldGen       total 751616K, used 492238K [0x00000006c0000000, 0x00000006ede00000, 0x000000076ab00000)
  object space 751616K, 65% used [0x00000006c0000000,0x00000006de0b3b38,0x00000006ede00000)
 Metaspace       used 6600K, capacity 7320K, committed 7680K, reserved 1056768K
  class space    used 616K, capacity 656K, committed 768K, reserved 1048576K
Event: 19.477 GC heap after
Heap after GC invocations=19 (full 4):
 PSYoungGen      total 785920K, used 153274K [0x000000076ab00000, 0x00000007b1980000, 0x00000007c0000000)
  eden space 512000K, 0% used [0x000000076ab00000,0x000000076ab00000,0x0000000789f00000)
  from space 273920K, 55% used [0x0000000789f00000,0x00000007934ae890,0x000000079aa80000)
  to   space 278528K, 0% used [0x00000007a0980000,0x00000007a0980000,0x00000007b1980000)
 ParOldGen       total 751616K, used 612581K [0x00000006c0000000, 0x00000006ede00000, 0x000000076ab00000)
  object space 751616K, 81% used [0x00000006c0000000,0x00000006e5639498,0x00000006ede00000)
 Metaspace       used 6600K, capacity 7320K, committed 7680K, reserved 1056768K
  class space    used 616K, capacity 656K, committed 768K, reserved 1048576K
}
Event: 20.428 GC heap before
{Heap before GC invocations=20 (full 4):
 PSYoungGen      total 785920K, used 665274K [0x000000076ab00000, 0x00000007b1980000, 0x00000007c0000000)
  eden space 512000K, 100% used [0x000000076ab00000,0x0000000789f00000,0x0000000789f00000)
  from space 273920K, 55% used [0x0000000789f00000,0x00000007934ae890,0x000000079aa80000)
  to   space 278528K, 0% used [0x00000007a0980000,0x00000007a0980000,0x00000007b1980000)
 ParOldGen       total 751616K, used 612581K [0x00000006c0000000, 0x00000006ede00000, 0x000000076ab00000)
  object space 751616K, 81% used [0x00000006c0000000,0x00000006e5639498,0x00000006ede00000)
 Metaspace       used 6600K, capacity 7320K, committed 7680K, reserved 1056768K
  class space    used 616K, capacity 656K, committed 768K, reserved 1048576K
Event: 20.579 GC heap after
Heap after GC invocations=20 (full 4):
 PSYoungGen      total 869888K, used 183171K [0x000000076ab00000, 0x00000007b3a00000, 0x00000007c0000000)
  eden space 591360K, 0% used [0x000000076ab00000,0x000000076ab00000,0x000000078ec80000)
  from space 278528K, 65% used [0x00000007a0980000,0x00000007abc60e68,0x00000007b1980000)
  to   space 291840K, 0% used [0x000000078ec80000,0x000000078ec80000,0x00000007a0980000)
 ParOldGen       total 751616K, used 612581K [0x00000006c0000000, 0x00000006ede00000, 0x000000076ab00000)
  object space 751616K, 81% used [0x00000006c0000000,0x00000006e5639498,0x00000006ede00000)
 Metaspace       used 6600K, capacity 7320K, committed 7680K, reserved 1056768K
  class space    used 616K, capacity 656K, committed 768K, reserved 1048576K
}
Event: 21.914 GC heap before
{Heap before GC invocations=21 (full 4):
 PSYoungGen      total 869888K, used 774531K [0x000000076ab00000, 0x00000007b3a00000, 0x00000007c0000000)
  eden space 591360K, 100% used [0x000000076ab00000,0x000000078ec80000,0x000000078ec80000)
  from space 278528K, 65% used [0x00000007a0980000,0x00000007abc60e68,0x00000007b1980000)
  to   space 291840K, 0% used [0x000000078ec80000,0x000000078ec80000,0x00000007a0980000)
 ParOldGen       total 751616K, used 612581K [0x00000006c0000000, 0x00000006ede00000, 0x000000076ab00000)
  object space 751616K, 81% used [0x00000006c0000000,0x00000006e5639498,0x00000006ede00000)
 Metaspace       used 6604K, capacity 7320K, committed 7680K, reserved 1056768K
  class space    used 617K, capacity 656K, committed 768K, reserved 1048576K
Event: 22.161 GC heap after
Heap after GC invocations=21 (full 4):
 PSYoungGen      total 883200K, used 194658K [0x000000076ab00000, 0x00000007b9180000, 0x00000007c0000000)
  eden space 591360K, 0% used [0x000000076ab00000,0x000000076ab00000,0x000000078ec80000)
  from space 291840K, 66% used [0x000000078ec80000,0x000000079aa989d0,0x00000007a0980000)
  to   space 305664K, 0% used [0x00000007a6700000,0x00000007a6700000,0x00000007b9180000)
 ParOldGen       total 751616K, used 612589K [0x00000006c0000000, 0x00000006ede00000, 0x000000076ab00000)
  object space 751616K, 81% used [0x00000006c0000000,0x00000006e563b498,0x00000006ede00000)
 Metaspace       used 6604K, capacity 7320K, committed 7680K, reserved 1056768K
  class space    used 617K, capacity 656K, committed 768K, reserved 1048576K
}
Event: 23.718 GC heap before
{Heap before GC invocations=22 (full 4):
 PSYoungGen      total 883200K, used 786018K [0x000000076ab00000, 0x00000007b9180000, 0x00000007c0000000)
  eden space 591360K, 100% used [0x000000076ab00000,0x000000078ec80000,0x000000078ec80000)
  from space 291840K, 66% used [0x000000078ec80000,0x000000079aa989d0,0x00000007a0980000)
  to   space 305664K, 0% used [0x00000007a6700000,0x00000007a6700000,0x00000007b9180000)
 ParOldGen       total 751616K, used 612589K [0x00000006c0000000, 0x00000006ede00000, 0x000000076ab00000)
  object space 751616K, 81% used [0x00000006c0000000,0x00000006e563b498,0x00000006ede00000)
 Metaspace       used 6714K, capacity 7384K, committed 7680K, reserved 1056768K
  class space    used 623K, capacity 656K, committed 768K, reserved 1048576K

Deoptimization events (10 events):
Event: 22.775 Thread 0x00007f86581d9000 Uncommon trap: reason=unstable_if action=reinterpret pc=0x00007f86493965b4 method=com.android.dx.rop.code.RegisterSpec.equals(ILcom/android/dx/rop/type/TypeBearer;Lcom/android/dx/rop/code/LocalItem;)Z @ 42
Event: 22.968 Thread 0x00007f86581d7800 Uncommon trap: reason=null_check action=make_not_entrant pc=0x00007f86493dc064 method=com.android.dx.dex.file.FieldIdsSection.intern(Lcom/android/dx/rop/cst/CstFieldRef;)Lcom/android/dx/dex/file/FieldIdItem; @ 26
Event: 22.978 Thread 0x00007f865800a000 Uncommon trap: reason=null_check action=make_not_entrant pc=0x00007f86493dc064 method=com.android.dx.dex.file.FieldIdsSection.intern(Lcom/android/dx/rop/cst/CstFieldRef;)Lcom/android/dx/dex/file/FieldIdItem; @ 26
Event: 23.006 Thread 0x00007f86581d6000 Uncommon trap: reason=unstable_if action=reinterpret pc=0x00007f864966e4e4 method=com.android.dx.cf.code.Merger.mergeType(Lcom/android/dx/rop/type/TypeBearer;Lcom/android/dx/rop/type/TypeBearer;)Lcom/android/dx/rop/type/TypeBearer; @ 77
Event: 23.053 Thread 0x00007f86581d2800 Uncommon trap: reason=null_check action=make_not_entrant pc=0x00007f864971d218 method=com.android.dx.dex.file.FieldIdsSection.intern(Lcom/android/dx/rop/cst/CstFieldRef;)Lcom/android/dx/dex/file/FieldIdItem; @ 26
Event: 23.187 Thread 0x00007f86581d2800 Uncommon trap: reason=unstable_if action=reinterpret pc=0x00007f864962f0bc method=com.android.dx.cf.code.Merger.mergeType(Lcom/android/dx/rop/type/TypeBearer;Lcom/android/dx/rop/type/TypeBearer;)Lcom/android/dx/rop/type/TypeBearer; @ 77
Event: 23.355 Thread 0x00007f86581d9000 Uncommon trap: reason=class_check action=maybe_recompile pc=0x00007f8649405f1c method=java.util.Arrays.hashCode([Ljava/lang/Object;)I @ 43
Event: 23.355 Thread 0x00007f86581d9000 Uncommon trap: reason=class_check action=maybe_recompile pc=0x00007f8649405f1c method=java.util.Arrays.hashCode([Ljava/lang/Object;)I @ 43
Event: 23.355 Thread 0x00007f86581d9000 Uncommon trap: reason=class_check action=maybe_recompile pc=0x00007f8649405f1c method=java.util.Arrays.hashCode([Ljava/lang/Object;)I @ 43
Event: 23.355 Thread 0x00007f86581d9000 Uncommon trap: reason=class_check action=maybe_recompile pc=0x00007f8649405f1c method=java.util.Arrays.hashCode([Ljava/lang/Object;)I @ 43

Internal exceptions (8 events):
Event: 0.034 Thread 0x00007f865800a000 Exception <a 'java/lang/NoSuchMethodError': Method sun.misc.Unsafe.defineClass(Ljava/lang/String;[BII)Ljava/lang/Class; name or signature does not match> (0x000000076ab07cc0) thrown at [/HUDSON3/workspace/8-2-build-linux-amd64/jdk8u101/7261/hotspot/src/sh
Event: 0.034 Thread 0x00007f865800a000 Exception <a 'java/lang/NoSuchMethodError': Method sun.misc.Unsafe.prefetchRead(Ljava/lang/Object;J)V name or signature does not match> (0x000000076ab07fa8) thrown at [/HUDSON3/workspace/8-2-build-linux-amd64/jdk8u101/7261/hotspot/src/share/vm/prims/jni.c
Event: 1.172 Thread 0x00007f86581d6000 Implicit null exception at 0x00007f864932065e to 0x00007f864932391d
Event: 2.282 Thread 0x00007f86581d7800 Exception <a 'java/lang/ArrayIndexOutOfBoundsException': 18> (0x000000076b1b2ba8) thrown at [/HUDSON3/workspace/8-2-build-linux-amd64/jdk8u101/7261/hotspot/src/share/vm/interpreter/interpreterRuntime.cpp, line 366]
Event: 2.283 Thread 0x00007f86581d7800 Exception <a 'java/lang/ArrayIndexOutOfBoundsException': 145> (0x000000076b1b4728) thrown at [/HUDSON3/workspace/8-2-build-linux-amd64/jdk8u101/7261/hotspot/src/share/vm/interpreter/interpreterRuntime.cpp, line 366]
Event: 2.285 Thread 0x00007f86581d7800 Exception <a 'java/lang/ArrayIndexOutOfBoundsException': 40> (0x000000076b1b5a10) thrown at [/HUDSON3/workspace/8-2-build-linux-amd64/jdk8u101/7261/hotspot/src/share/vm/interpreter/interpreterRuntime.cpp, line 366]
Event: 6.434 Thread 0x00007f86581d2800 Implicit null exception at 0x00007f86495fe6bb to 0x00007f86495ffe41
Event: 22.239 Thread 0x00007f86581d6000 Implicit null exception at 0x00007f8649aebf6a to 0x00007f8649aecef1

Events (10 events):
Event: 23.357 loading class com/android/dx/rop/cst/Zeroes done
Event: 23.421 Thread 0x00007f86581d9000 DEOPT PACKING pc=0x00007f86492799b2 sp=0x00007f86445a3f50
Event: 23.421 Thread 0x00007f86581d9000 DEOPT UNPACKING pc=0x00007f8649047633 sp=0x00007f86445a3c90 mode 0
Event: 23.533 Thread 0x00007f86581d9000 DEOPT PACKING pc=0x00007f86496a1f70 sp=0x00007f86445a3e90
Event: 23.533 Thread 0x00007f86581d9000 DEOPT UNPACKING pc=0x00007f8649047633 sp=0x00007f86445a3bb0 mode 0
Event: 23.555 loading class com/android/dx/dex/file/CatchStructs
Event: 23.555 loading class com/android/dx/dex/file/CatchStructs done
Event: 23.568 Thread 0x00007f86581d9000 DEOPT PACKING pc=0x00007f86493a7d16 sp=0x00007f86445a40f0
Event: 23.568 Thread 0x00007f86581d9000 DEOPT UNPACKING pc=0x00007f8649047633 sp=0x00007f86445a3ea0 mode 0
Event: 23.717 Executing VM operation: ParallelGCFailedAllocation


Dynamic libraries:
00400000-00401000 r-xp 00000000 08:01 1454053                            /usr/lib/jvm/java-8-oracle/bin/java
00600000-00601000 rw-p 00000000 08:01 1454053                            /usr/lib/jvm/java-8-oracle/bin/java
00e83000-00ea4000 rw-p 00000000 00:00 0                                  [heap]
6c0000000-6ede00000 rw-p 00000000 00:00 0 
6ede00000-76ab00000 ---p 00000000 00:00 0 
76ab00000-7b9180000 rw-p 00000000 00:00 0 
7c0000000-7c00c0000 rw-p 00000000 00:00 0 
7c00c0000-800000000 ---p 00000000 00:00 0 
7f85e8000000-7f85e8039000 rw-p 00000000 00:00 0 
7f85e8039000-7f85ec000000 ---p 00000000 00:00 0 
7f85f0000000-7f85f004d000 rw-p 00000000 00:00 0 
7f85f004d000-7f85f4000000 ---p 00000000 00:00 0 
7f85f4000000-7f85f4021000 rw-p 00000000 00:00 0 
7f85f4021000-7f85f8000000 ---p 00000000 00:00 0 
7f85f8000000-7f85f8042000 rw-p 00000000 00:00 0 
7f85f8042000-7f85fc000000 ---p 00000000 00:00 0 
7f85fc000000-7f85fc021000 rw-p 00000000 00:00 0 
7f85fc021000-7f8600000000 ---p 00000000 00:00 0 
7f8600000000-7f8600021000 rw-p 00000000 00:00 0 
7f8600021000-7f8604000000 ---p 00000000 00:00 0 
7f8604000000-7f8604021000 rw-p 00000000 00:00 0 
7f8604021000-7f8608000000 ---p 00000000 00:00 0 
7f8608000000-7f8609831000 rw-p 00000000 00:00 0 
7f8609831000-7f860c000000 ---p 00000000 00:00 0 
7f860c000000-7f860cc23000 rw-p 00000000 00:00 0 
7f860cc23000-7f8610000000 ---p 00000000 00:00 0 
7f8610000000-7f8610021000 rw-p 00000000 00:00 0 
7f8610021000-7f8614000000 ---p 00000000 00:00 0 
7f8614000000-7f861513a000 rw-p 00000000 00:00 0 
7f861513a000-7f8618000000 ---p 00000000 00:00 0 
7f8618000000-7f8618021000 rw-p 00000000 00:00 0 
7f8618021000-7f861c000000 ---p 00000000 00:00 0 
7f861c000000-7f861c021000 rw-p 00000000 00:00 0 
7f861c021000-7f8620000000 ---p 00000000 00:00 0 
7f8620000000-7f8628000000 rw-p 00000000 00:00 0 
7f8628000000-7f8628021000 rw-p 00000000 00:00 0 
7f8628021000-7f862c000000 ---p 00000000 00:00 0 
7f862c000000-7f862c290000 rw-p 00000000 00:00 0 
7f862c290000-7f8630000000 ---p 00000000 00:00 0 
7f8630000000-7f8630021000 rw-p 00000000 00:00 0 
7f8630021000-7f8634000000 ---p 00000000 00:00 0 
7f8638000000-7f8638021000 rw-p 00000000 00:00 0 
7f8638021000-7f863c000000 ---p 00000000 00:00 0 
7f8640000000-7f8640021000 rw-p 00000000 00:00 0 
7f8640021000-7f8644000000 ---p 00000000 00:00 0 
7f86444a5000-7f86444a8000 ---p 00000000 00:00 0 
7f86444a8000-7f86445a6000 rw-p 00000000 00:00 0 
7f86445a6000-7f86445a9000 ---p 00000000 00:00 0 
7f86445a9000-7f86446a7000 rw-p 00000000 00:00 0 
7f86446a7000-7f86446aa000 ---p 00000000 00:00 0 
7f86446aa000-7f86447a8000 rw-p 00000000 00:00 0 
7f86447a8000-7f86447ab000 ---p 00000000 00:00 0 
7f86447ab000-7f86448a9000 rw-p 00000000 00:00 0 
7f86448a9000-7f86448ac000 ---p 00000000 00:00 0 
7f86448ac000-7f86449aa000 rw-p 00000000 00:00 0 
7f8644a40000-7f8644a41000 ---p 00000000 00:00 0 
7f8644a41000-7f8644b41000 rw-p 00000000 00:00 0 
7f8644b41000-7f8644b44000 ---p 00000000 00:00 0 
7f8644b44000-7f8644c42000 rw-p 00000000 00:00 0 
7f8644c42000-7f8644c45000 ---p 00000000 00:00 0 
7f8644c45000-7f8644d43000 rw-p 00000000 00:00 0 
7f8644d43000-7f8644d46000 ---p 00000000 00:00 0 
7f8644d46000-7f8644e44000 rw-p 00000000 00:00 0 
7f8644e44000-7f8644e47000 ---p 00000000 00:00 0 
7f8644e47000-7f8644f45000 rw-p 00000000 00:00 0 
7f8644f45000-7f8644f48000 ---p 00000000 00:00 0 
7f8644f48000-7f8645046000 rw-p 00000000 00:00 0 
7f8645046000-7f8645728000 r--p 00000000 08:01 1448881                    /usr/lib/locale/locale-archive
7f8645728000-7f864572b000 ---p 00000000 00:00 0 
7f864572b000-7f8645829000 rw-p 00000000 00:00 0 
7f8645829000-7f864582c000 ---p 00000000 00:00 0 
7f864582c000-7f864592a000 rw-p 00000000 00:00 0 
7f864592a000-7f864592b000 ---p 00000000 00:00 0 
7f864592b000-7f8646a0d000 rw-p 00000000 00:00 0 
7f8646a0d000-7f8646be6000 r--s 03d29000 08:01 1452475                    /usr/lib/jvm/java-8-oracle/jre/lib/rt.jar
7f8646be6000-7f86472a6000 rw-p 00000000 00:00 0 
7f86472a6000-7f86473e6000 ---p 00000000 00:00 0 
7f86473e6000-7f8647be6000 rw-p 00000000 00:00 0 
7f8647be6000-7f8647be7000 ---p 00000000 00:00 0 
7f8647be7000-7f8647ce7000 rw-p 00000000 00:00 0 
7f8647ce7000-7f8647ce8000 ---p 00000000 00:00 0 
7f8647ce8000-7f8647de8000 rw-p 00000000 00:00 0 
7f8647de8000-7f8647de9000 ---p 00000000 00:00 0 
7f8647de9000-7f8648058000 rw-p 00000000 00:00 0 
7f8648058000-7f864843f000 ---p 00000000 00:00 0 
7f864843f000-7f86485ae000 rw-p 00000000 00:00 0 
7f86485ae000-7f8648994000 ---p 00000000 00:00 0 
7f8648994000-7f8648c08000 rw-p 00000000 00:00 0 
7f8648c08000-7f8648c3f000 ---p 00000000 00:00 0 
7f8648c3f000-7f8648c6f000 rw-p 00000000 00:00 0 
7f8648c6f000-7f8649000000 ---p 00000000 00:00 0 
7f8649000000-7f8649b90000 rwxp 00000000 00:00 0 
7f8649b90000-7f8658000000 ---p 00000000 00:00 0 
7f8658000000-7f86583b7000 rw-p 00000000 00:00 0 
7f86583b7000-7f865c000000 ---p 00000000 00:00 0 
7f865c01e000-7f865c0b5000 rw-p 00000000 00:00 0 
7f865c0b5000-7f865c0b6000 ---p 00000000 00:00 0 
7f865c0b6000-7f865c1b6000 rw-p 00000000 00:00 0 
7f865c1b6000-7f865c1d0000 r-xp 00000000 08:01 1452530                    /usr/lib/jvm/java-8-oracle/jre/lib/amd64/libzip.so
7f865c1d0000-7f865c3d0000 ---p 0001a000 08:01 1452530                    /usr/lib/jvm/java-8-oracle/jre/lib/amd64/libzip.so
7f865c3d0000-7f865c3d1000 rw-p 0001a000 08:01 1452530                    /usr/lib/jvm/java-8-oracle/jre/lib/amd64/libzip.so
7f865c3d1000-7f865c3db000 r-xp 00000000 08:01 7078098                    /lib/x86_64-linux-gnu/libnss_files-2.19.so
7f865c3db000-7f865c5da000 ---p 0000a000 08:01 7078098                    /lib/x86_64-linux-gnu/libnss_files-2.19.so
7f865c5da000-7f865c5db000 r--p 00009000 08:01 7078098                    /lib/x86_64-linux-gnu/libnss_files-2.19.so
7f865c5db000-7f865c5dc000 rw-p 0000a000 08:01 7078098                    /lib/x86_64-linux-gnu/libnss_files-2.19.so
7f865c5dc000-7f865c5e7000 r-xp 00000000 08:01 7078090                    /lib/x86_64-linux-gnu/libnss_nis-2.19.so
7f865c5e7000-7f865c7e6000 ---p 0000b000 08:01 7078090                    /lib/x86_64-linux-gnu/libnss_nis-2.19.so
7f865c7e6000-7f865c7e7000 r--p 0000a000 08:01 7078090                    /lib/x86_64-linux-gnu/libnss_nis-2.19.so
7f865c7e7000-7f865c7e8000 rw-p 0000b000 08:01 7078090                    /lib/x86_64-linux-gnu/libnss_nis-2.19.so
7f865c7e8000-7f865c7ff000 r-xp 00000000 08:01 7078086                    /lib/x86_64-linux-gnu/libnsl-2.19.so
7f865c7ff000-7f865c9fe000 ---p 00017000 08:01 7078086                    /lib/x86_64-linux-gnu/libnsl-2.19.so
7f865c9fe000-7f865c9ff000 r--p 00016000 08:01 7078086                    /lib/x86_64-linux-gnu/libnsl-2.19.so
7f865c9ff000-7f865ca00000 rw-p 00017000 08:01 7078086                    /lib/x86_64-linux-gnu/libnsl-2.19.so
7f865ca00000-7f865ca02000 rw-p 00000000 00:00 0 
7f865ca02000-7f865ca0b000 r-xp 00000000 08:01 7078085                    /lib/x86_64-linux-gnu/libnss_compat-2.19.so
7f865ca0b000-7f865cc0a000 ---p 00009000 08:01 7078085                    /lib/x86_64-linux-gnu/libnss_compat-2.19.so
7f865cc0a000-7f865cc0b000 r--p 00008000 08:01 7078085                    /lib/x86_64-linux-gnu/libnss_compat-2.19.so
7f865cc0b000-7f865cc0c000 rw-p 00009000 08:01 7078085                    /lib/x86_64-linux-gnu/libnss_compat-2.19.so
7f865cc0c000-7f865cc36000 r-xp 00000000 08:01 1452510                    /usr/lib/jvm/java-8-oracle/jre/lib/amd64/libjava.so
7f865cc36000-7f865ce36000 ---p 0002a000 08:01 1452510                    /usr/lib/jvm/java-8-oracle/jre/lib/amd64/libjava.so
7f865ce36000-7f865ce38000 rw-p 0002a000 08:01 1452510                    /usr/lib/jvm/java-8-oracle/jre/lib/amd64/libjava.so
7f865ce38000-7f865ce45000 r-xp 00000000 08:01 1452527                    /usr/lib/jvm/java-8-oracle/jre/lib/amd64/libverify.so
7f865ce45000-7f865d045000 ---p 0000d000 08:01 1452527                    /usr/lib/jvm/java-8-oracle/jre/lib/amd64/libverify.so
7f865d045000-7f865d047000 rw-p 0000d000 08:01 1452527                    /usr/lib/jvm/java-8-oracle/jre/lib/amd64/libverify.so
7f865d047000-7f865d04e000 r-xp 00000000 08:01 7078094                    /lib/x86_64-linux-gnu/librt-2.19.so
7f865d04e000-7f865d24d000 ---p 00007000 08:01 7078094                    /lib/x86_64-linux-gnu/librt-2.19.so
7f865d24d000-7f865d24e000 r--p 00006000 08:01 7078094                    /lib/x86_64-linux-gnu/librt-2.19.so
7f865d24e000-7f865d24f000 rw-p 00007000 08:01 7078094                    /lib/x86_64-linux-gnu/librt-2.19.so
7f865d24f000-7f865d354000 r-xp 00000000 08:01 7078080                    /lib/x86_64-linux-gnu/libm-2.19.so
7f865d354000-7f865d553000 ---p 00105000 08:01 7078080                    /lib/x86_64-linux-gnu/libm-2.19.so
7f865d553000-7f865d554000 r--p 00104000 08:01 7078080                    /lib/x86_64-linux-gnu/libm-2.19.so
7f865d554000-7f865d555000 rw-p 00105000 08:01 7078080                    /lib/x86_64-linux-gnu/libm-2.19.so
7f865d555000-7f865e220000 r-xp 00000000 08:01 1452518                    /usr/lib/jvm/java-8-oracle/jre/lib/amd64/server/libjvm.so
7f865e220000-7f865e41f000 ---p 00ccb000 08:01 1452518                    /usr/lib/jvm/java-8-oracle/jre/lib/amd64/server/libjvm.so
7f865e41f000-7f865e4f8000 rw-p 00cca000 08:01 1452518                    /usr/lib/jvm/java-8-oracle/jre/lib/amd64/server/libjvm.so
7f865e4f8000-7f865e543000 rw-p 00000000 00:00 0 
7f865e543000-7f865e6fd000 r-xp 00000000 08:01 7078095                    /lib/x86_64-linux-gnu/libc-2.19.so
7f865e6fd000-7f865e8fd000 ---p 001ba000 08:01 7078095                    /lib/x86_64-linux-gnu/libc-2.19.so
7f865e8fd000-7f865e901000 r--p 001ba000 08:01 7078095                    /lib/x86_64-linux-gnu/libc-2.19.so
7f865e901000-7f865e903000 rw-p 001be000 08:01 7078095                    /lib/x86_64-linux-gnu/libc-2.19.so
7f865e903000-7f865e908000 rw-p 00000000 00:00 0 
7f865e908000-7f865e90b000 r-xp 00000000 08:01 7078082                    /lib/x86_64-linux-gnu/libdl-2.19.so
7f865e90b000-7f865eb0a000 ---p 00003000 08:01 7078082                    /lib/x86_64-linux-gnu/libdl-2.19.so
7f865eb0a000-7f865eb0b000 r--p 00002000 08:01 7078082                    /lib/x86_64-linux-gnu/libdl-2.19.so
7f865eb0b000-7f865eb0c000 rw-p 00003000 08:01 7078082                    /lib/x86_64-linux-gnu/libdl-2.19.so
7f865eb0c000-7f865eb21000 r-xp 00000000 08:01 1453997                    /usr/lib/jvm/java-8-oracle/lib/amd64/jli/libjli.so
7f865eb21000-7f865ed21000 ---p 00015000 08:01 1453997                    /usr/lib/jvm/java-8-oracle/lib/amd64/jli/libjli.so
7f865ed21000-7f865ed22000 rw-p 00015000 08:01 1453997                    /usr/lib/jvm/java-8-oracle/lib/amd64/jli/libjli.so
7f865ed22000-7f865ed3b000 r-xp 00000000 08:01 7078087                    /lib/x86_64-linux-gnu/libpthread-2.19.so
7f865ed3b000-7f865ef3a000 ---p 00019000 08:01 7078087                    /lib/x86_64-linux-gnu/libpthread-2.19.so
7f865ef3a000-7f865ef3b000 r--p 00018000 08:01 7078087                    /lib/x86_64-linux-gnu/libpthread-2.19.so
7f865ef3b000-7f865ef3c000 rw-p 00019000 08:01 7078087                    /lib/x86_64-linux-gnu/libpthread-2.19.so
7f865ef3c000-7f865ef40000 rw-p 00000000 00:00 0 
7f865ef40000-7f865ef63000 r-xp 00000000 08:01 7078088                    /lib/x86_64-linux-gnu/ld-2.19.so
7f865ef67000-7f865f03a000 rw-p 00000000 00:00 0 
7f865f03a000-7f865f03d000 ---p 00000000 00:00 0 
7f865f03d000-7f865f13f000 rw-p 00000000 00:00 0 
7f865f146000-7f865f147000 rw-p 00000000 00:00 0 
7f865f147000-7f865f156000 r--s 000df000 08:05 264644                     /home/onmymobile/Android/Sdk/build-tools/23.0.3/lib/dx.jar
7f865f156000-7f865f15e000 rw-s 00000000 08:01 524406                     /tmp/hsperfdata_onmymobile/8687
7f865f15e000-7f865f15f000 rw-p 00000000 00:00 0 
7f865f15f000-7f865f160000 ---p 00000000 00:00 0 
7f865f160000-7f865f162000 rw-p 00000000 00:00 0 
7f865f162000-7f865f163000 r--p 00022000 08:01 7078088                    /lib/x86_64-linux-gnu/ld-2.19.so
7f865f163000-7f865f164000 rw-p 00023000 08:01 7078088                    /lib/x86_64-linux-gnu/ld-2.19.so
7f865f164000-7f865f165000 rw-p 00000000 00:00 0 
7ffd73abe000-7ffd73ae0000 rw-p 00000000 00:00 0                          [stack]
7ffd73b3e000-7ffd73b40000 r--p 00000000 00:00 0                          [vvar]
7ffd73b40000-7ffd73b42000 r-xp 00000000 00:00 0                          [vdso]
ffffffffff600000-ffffffffff601000 r-xp 00000000 00:00 0                  [vsyscall]

VM Arguments:
jvm_args: -Djava.awt.headless=true -Xmx4g -Dfile.encoding=UTF-8 -Duser.country=IN -Duser.language=en -Duser.variant 
java_command: com.android.dx.command.Main --dex --num-threads=4 --multi-dex --main-dex-list /home/onmymobile/AndroidStudioProjects/Heritage/Heritage/app/build/intermediates/multi-dex/debug/maindexlist.txt --output /home/onmymobile/AndroidStudioProjects/Heritage/Heritage/app/build/intermediates/transforms/dex/debug/folders/1000/1f/main /home/onmymobile/AndroidStudioProjects/Heritage/Heritage/app/build/intermediates/transforms/jarMerging/debug/jars/1/1f/combined.jar
java_class_path (initial): /home/onmymobile/Android/Sdk/build-tools/23.0.3/lib/dx.jar
Launcher Type: SUN_STANDARD

Environment Variables:
JAVA_HOME=/usr/lib/jvm/java-8-oracle
PATH=/home/onmymobile/bin:/usr/local/sbin:/usr/local/bin:/usr/sbin:/usr/bin:/sbin:/bin:/usr/games:/usr/local/games:/usr/lib/jvm/java-8-oracle/bin:/usr/lib/jvm/java-8-oracle/db/bin:/usr/lib/jvm/java-8-oracle/jre/bin
LD_LIBRARY_PATH=.:
SHELL=/bin/bash
DISPLAY=:0

Signal Handlers:
SIGSEGV: [libjvm.so+0xac4790], sa_mask[0]=11111111011111111101111111111110, sa_flags=SA_RESTART|SA_SIGINFO
SIGBUS: [libjvm.so+0xac4790], sa_mask[0]=11111111011111111101111111111110, sa_flags=SA_RESTART|SA_SIGINFO
SIGFPE: [libjvm.so+0x91f140], sa_mask[0]=11111111011111111101111111111110, sa_flags=SA_RESTART|SA_SIGINFO
SIGPIPE: [libjvm.so+0x91f140], sa_mask[0]=11111111011111111101111111111110, sa_flags=SA_RESTART|SA_SIGINFO
SIGXFSZ: [libjvm.so+0x91f140], sa_mask[0]=11111111011111111101111111111110, sa_flags=SA_RESTART|SA_SIGINFO
SIGILL: [libjvm.so+0x91f140], sa_mask[0]=11111111011111111101111111111110, sa_flags=SA_RESTART|SA_SIGINFO
SIGUSR1: SIG_DFL, sa_mask[0]=00000000000000000000000000000000, sa_flags=none
SIGUSR2: [libjvm.so+0x920770], sa_mask[0]=00100000000000000000000000000000, sa_flags=SA_RESTART|SA_SIGINFO
SIGHUP: [libjvm.so+0x921b70], sa_mask[0]=11111111011111111101111111111110, sa_flags=SA_RESTART|SA_SIGINFO
SIGINT: [libjvm.so+0x921b70], sa_mask[0]=11111111011111111101111111111110, sa_flags=SA_RESTART|SA_SIGINFO
SIGTERM: [libjvm.so+0x921b70], sa_mask[0]=11111111011111111101111111111110, sa_flags=SA_RESTART|SA_SIGINFO
SIGQUIT: [libjvm.so+0x921b70], sa_mask[0]=11111111011111111101111111111110, sa_flags=SA_RESTART|SA_SIGINFO


---------------  S Y S T E M  ---------------

OS:DISTRIB_ID=Ubuntu
DISTRIB_RELEASE=14.04
DISTRIB_CODENAME=trusty
DISTRIB_DESCRIPTION="Ubuntu 14.04.5 LTS"

uname:Linux 4.4.0-36-generic #55~14.04.1-Ubuntu SMP Fri Aug 12 11:49:30 UTC 2016 x86_64
libc:glibc 2.19 NPTL 2.19 
rlimit: STACK 8192k, CORE 0k, NPROC 31334, NOFILE 4096, AS infinity
load average:27.42 13.37 6.73

/proc/meminfo:
MemTotal:        8043772 kB
MemFree:          112660 kB
MemAvailable:          0 kB
Buffers:             280 kB
Cached:           405412 kB
SwapCached:            0 kB
Active:          7349776 kB
Inactive:         374580 kB
Active(anon):    7347868 kB
Inactive(anon):   372656 kB
Active(file):       1908 kB
Inactive(file):     1924 kB
Unevictable:         176 kB
Mlocked:             176 kB
SwapTotal:             0 kB
SwapFree:              0 kB
Dirty:                36 kB
Writeback:             0 kB
AnonPages:       7320328 kB
Mapped:           174028 kB
Shmem:            400372 kB
Slab:              82728 kB
SReclaimable:      40208 kB
SUnreclaim:        42520 kB
KernelStack:       11856 kB
PageTables:        61092 kB
NFS_Unstable:          0 kB
Bounce:                0 kB
WritebackTmp:          0 kB
CommitLimit:     4021884 kB
Committed_AS:   12936440 kB
VmallocTotal:   34359738367 kB
VmallocUsed:           0 kB
VmallocChunk:          0 kB
HardwareCorrupted:     0 kB
AnonHugePages:   4882432 kB
CmaTotal:              0 kB
CmaFree:               0 kB
HugePages_Total:       0
HugePages_Free:        0
HugePages_Rsvd:        0
HugePages_Surp:        0
Hugepagesize:       2048 kB
DirectMap4k:      134688 kB
DirectMap2M:     8122368 kB


CPU:total 4 (2 cores per cpu, 2 threads per core) family 6 model 58 stepping 9, cmov, cx8, fxsr, mmx, sse, sse2, sse3, ssse3, sse4.1, sse4.2, popcnt, avx, aes, clmul, erms, ht, tsc, tscinvbit, tscinv

/proc/cpuinfo:
processor	: 0
vendor_id	: GenuineIntel
cpu family	: 6
model		: 58
model name	: Intel(R) Core(TM) i5-3340M CPU @ 2.70GHz
stepping	: 9
microcode	: 0x15
cpu MHz		: 3200.132
cache size	: 3072 KB
physical id	: 0
siblings	: 4
core id		: 0
cpu cores	: 2
apicid		: 0
initial apicid	: 0
fpu		: yes
fpu_exception	: yes
cpuid level	: 13
wp		: yes
flags		: fpu vme de pse tsc msr pae mce cx8 apic sep mtrr pge mca cmov pat pse36 clflush dts acpi mmx fxsr sse sse2 ss ht tm pbe syscall nx rdtscp lm constant_tsc arch_perfmon pebs bts rep_good nopl xtopology nonstop_tsc aperfmperf eagerfpu pni pclmulqdq dtes64 monitor ds_cpl vmx smx est tm2 ssse3 cx16 xtpr pdcm pcid sse4_1 sse4_2 x2apic popcnt tsc_deadline_timer aes xsave avx f16c rdrand lahf_lm epb tpr_shadow vnmi flexpriority ept vpid fsgsbase smep erms xsaveopt dtherm ida arat pln pts
bugs		:
bogomips	: 5382.47
clflush size	: 64
cache_alignment	: 64
address sizes	: 36 bits physical, 48 bits virtual
power management:

processor	: 1
vendor_id	: GenuineIntel
cpu family	: 6
model		: 58
model name	: Intel(R) Core(TM) i5-3340M CPU @ 2.70GHz
stepping	: 9
microcode	: 0x15
cpu MHz		: 2608.136
cache size	: 3072 KB
physical id	: 0
siblings	: 4
core id		: 1
cpu cores	: 2
apicid		: 2
initial apicid	: 2
fpu		: yes
fpu_exception	: yes
cpuid level	: 13
wp		: yes
flags		: fpu vme de pse tsc msr pae mce cx8 apic sep mtrr pge mca cmov pat pse36 clflush dts acpi mmx fxsr sse sse2 ss ht tm pbe syscall nx rdtscp lm constant_tsc arch_perfmon pebs bts rep_good nopl xtopology nonstop_tsc aperfmperf eagerfpu pni pclmulqdq dtes64 monitor ds_cpl vmx smx est tm2 ssse3 cx16 xtpr pdcm pcid sse4_1 sse4_2 x2apic popcnt tsc_deadline_timer aes xsave avx f16c rdrand lahf_lm epb tpr_shadow vnmi flexpriority ept vpid fsgsbase smep erms xsaveopt dtherm ida arat pln pts
bugs		:
bogomips	: 5382.47
clflush size	: 64
cache_alignment	: 64
address sizes	: 36 bits physical, 48 bits virtual
power management:

processor	: 2
vendor_id	: GenuineIntel
cpu family	: 6
model		: 58
model name	: Intel(R) Core(TM) i5-3340M CPU @ 2.70GHz
stepping	: 9
microcode	: 0x15
cpu MHz		: 3200.027
cache size	: 3072 KB
physical id	: 0
siblings	: 4
core id		: 0
cpu cores	: 2
apicid		: 1
initial apicid	: 1
fpu		: yes
fpu_exception	: yes
cpuid level	: 13
wp		: yes
flags		: fpu vme de pse tsc msr pae mce cx8 apic sep mtrr pge mca cmov pat pse36 clflush dts acpi mmx fxsr sse sse2 ss ht tm pbe syscall nx rdtscp lm constant_tsc arch_perfmon pebs bts rep_good nopl xtopology nonstop_tsc aperfmperf eagerfpu pni pclmulqdq dtes64 monitor ds_cpl vmx smx est tm2 ssse3 cx16 xtpr pdcm pcid sse4_1 sse4_2 x2apic popcnt tsc_deadline_timer aes xsave avx f16c rdrand lahf_lm epb tpr_shadow vnmi flexpriority ept vpid fsgsbase smep erms xsaveopt dtherm ida arat pln pts
bugs		:
bogomips	: 5382.47
clflush size	: 64
cache_alignment	: 64
address sizes	: 36 bits physical, 48 bits virtual
power management:

processor	: 3
vendor_id	: GenuineIntel
cpu family	: 6
model		: 58
model name	: Intel(R) Core(TM) i5-3340M CPU @ 2.70GHz
stepping	: 9
microcode	: 0x15
cpu MHz		: 3109.957
cache size	: 3072 KB
physical id	: 0
siblings	: 4
core id		: 1
cpu cores	: 2
apicid		: 3
initial apicid	: 3
fpu		: yes
fpu_exception	: yes
cpuid level	: 13
wp		: yes
flags		: fpu vme de pse tsc msr pae mce cx8 apic sep mtrr pge mca cmov pat pse36 clflush dts acpi mmx fxsr sse sse2 ss ht tm pbe syscall nx rdtscp lm constant_tsc arch_perfmon pebs bts rep_good nopl xtopology nonstop_tsc aperfmperf eagerfpu pni pclmulqdq dtes64 monitor ds_cpl vmx smx est tm2 ssse3 cx16 xtpr pdcm pcid sse4_1 sse4_2 x2apic popcnt tsc_deadline_timer aes xsave avx f16c rdrand lahf_lm epb tpr_shadow vnmi flexpriority ept vpid fsgsbase smep erms xsaveopt dtherm ida arat pln pts
bugs		:
bogomips	: 5382.47
clflush size	: 64
cache_alignment	: 64
address sizes	: 36 bits physical, 48 bits virtual
power management:



Memory: 4k page, physical 8043772k(112532k free), swap 0k(0k free)

vm_info: Java HotSpot(TM) 64-Bit Server VM (25.101-b13) for linux-amd64 JRE (1.8.0_101-b13), built on Jun 22 2016 02:59:44 by "java_re" with gcc 4.3.0 20080428 (Red Hat 4.3.0-8)

time: Wed Sep 14 18:23:19 2016
elapsed time: 124 seconds (0d 0h 2m 4s)

