#
# There is insufficient memory for the Java Runtime Environment to continue.
# Native memory allocation (mmap) failed to map 182452224 bytes for committing reserved memory.
# Possible reasons:
#   The system is out of physical RAM or swap space
#   In 32 bit mode, the process size limit was hit
# Possible solutions:
#   Reduce memory load on the system
#   Increase physical memory or swap space
#   Check if swap backing store is full
#   Use 64 bit Java on a 64 bit OS
#   Decrease Java heap size (-Xmx/-Xms)
#   Decrease number of Java threads
#   Decrease Java thread stack sizes (-Xss)
#   Set larger code cache with -XX:ReservedCodeCacheSize=
# This output file may be truncated or incomplete.
#
#  Out of Memory Error (os_linux.cpp:2627), pid=17132, tid=140334181766912
#
# JRE version: Java(TM) SE Runtime Environment (8.0_91-b14) (build 1.8.0_91-b14)
# Java VM: Java HotSpot(TM) 64-Bit Server VM (25.91-b14 mixed mode linux-amd64 compressed oops)
# Failed to write core dump. Core dumps have been disabled. To enable core dumping, try "ulimit -c unlimited" before starting Java again
#

---------------  T H R E A D  ---------------

Current thread (0x00007fa22c078000):  VMThread [stack: 0x00007fa218fdd000,0x00007fa2190de000] [id=17141]

Stack: [0x00007fa218fdd000,0x00007fa2190de000],  sp=0x00007fa2190dc2e0,  free space=1020k
Native frames: (J=compiled Java code, j=interpreted, Vv=VM code, C=native code)
V  [libjvm.so+0xabc18a]  VMError::report_and_die()+0x2ba
V  [libjvm.so+0x4fafeb]  report_vm_out_of_memory(char const*, int, unsigned long, VMErrorType, char const*)+0x8b
V  [libjvm.so+0x91cbb3]  os::Linux::commit_memory_impl(char*, unsigned long, bool)+0x103
V  [libjvm.so+0x91d109]  os::pd_commit_memory(char*, unsigned long, unsigned long, bool)+0x29
V  [libjvm.so+0x91740a]  os::commit_memory(char*, unsigned long, unsigned long, bool)+0x2a
V  [libjvm.so+0x98b033]  PSVirtualSpace::expand_by(unsigned long)+0x53
V  [libjvm.so+0x98c438]  PSYoungGen::resize_generation(unsigned long, unsigned long)+0xf8
V  [libjvm.so+0x98b592]  PSYoungGen::resize(unsigned long, unsigned long)+0x22
V  [libjvm.so+0x98886b]  PSScavenge::invoke_no_policy()+0xf3b
V  [libjvm.so+0x988ff1]  PSScavenge::invoke()+0x41
V  [libjvm.so+0x9408b0]  ParallelScavengeHeap::failed_mem_allocate(unsigned long)+0x70
V  [libjvm.so+0xabdba7]  VM_ParallelGCFailedAllocation::doit()+0x97
V  [libjvm.so+0xac55d5]  VM_Operation::evaluate()+0x55
V  [libjvm.so+0xac39aa]  VMThread::evaluate_operation(VM_Operation*)+0xba
V  [libjvm.so+0xac3d2e]  VMThread::loop()+0x1ce
V  [libjvm.so+0xac41a0]  VMThread::run()+0x70
V  [libjvm.so+0x91ef78]  java_start(Thread*)+0x108

VM_Operation (0x00007fa213bf9c50): ParallelGCFailedAllocation, mode: safepoint, requested by thread 0x00007fa22c1c8000


---------------  P R O C E S S  ---------------

Java Threads: ( => current thread )
  0x00007fa22c1c8000 JavaThread "pool-2-thread-4" [_thread_blocked, id=17154, stack(0x00007fa213afb000,0x00007fa213bfc000)]
  0x00007fa22c1c6000 JavaThread "pool-2-thread-3" [_thread_blocked, id=17153, stack(0x00007fa213bfc000,0x00007fa213cfd000)]
  0x00007fa22c1c4800 JavaThread "pool-2-thread-2" [_thread_blocked, id=17152, stack(0x00007fa213cfd000,0x00007fa213dfe000)]
  0x00007fa22c1c3800 JavaThread "pool-3-thread-1" [_thread_blocked, id=17151, stack(0x00007fa213dfe000,0x00007fa213eff000)]
  0x00007fa22c1c1000 JavaThread "pool-2-thread-1" [_thread_blocked, id=17150, stack(0x00007fa213eff000,0x00007fa214000000)]
  0x00007fa22c0c0800 JavaThread "Service Thread" daemon [_thread_blocked, id=17148, stack(0x00007fa2181f4000,0x00007fa2182f5000)]
  0x00007fa22c0bd000 JavaThread "C1 CompilerThread2" daemon [_thread_blocked, id=17147, stack(0x00007fa2182f5000,0x00007fa2183f6000)]
  0x00007fa22c0bb800 JavaThread "C2 CompilerThread1" daemon [_thread_blocked, id=17146, stack(0x00007fa2183f6000,0x00007fa2184f7000)]
  0x00007fa22c0b8800 JavaThread "C2 CompilerThread0" daemon [_thread_blocked, id=17145, stack(0x00007fa2184f7000,0x00007fa2185f8000)]
  0x00007fa22c0b7000 JavaThread "Signal Dispatcher" daemon [_thread_blocked, id=17144, stack(0x00007fa2185f8000,0x00007fa2186f9000)]
  0x00007fa22c084000 JavaThread "Finalizer" daemon [_thread_blocked, id=17143, stack(0x00007fa218ddb000,0x00007fa218edc000)]
  0x00007fa22c07f800 JavaThread "Reference Handler" daemon [_thread_blocked, id=17142, stack(0x00007fa218edc000,0x00007fa218fdd000)]
  0x00007fa22c00a000 JavaThread "main" [_thread_blocked, id=17136, stack(0x00007fa2326cf000,0x00007fa2327d0000)]

Other Threads:
=>0x00007fa22c078000 VMThread [stack: 0x00007fa218fdd000,0x00007fa2190de000] [id=17141]
  0x00007fa22c0c3000 WatcherThread [stack: 0x00007fa2180f3000,0x00007fa2181f4000] [id=17149]

VM state:at safepoint (normal execution)

VM Mutex/Monitor currently owned by a thread:  ([mutex/lock_event])
[0x00007fa22c0065f0] Threads_lock - owner thread: 0x00007fa22c078000
[0x00007fa22c006af0] Heap_lock - owner thread: 0x00007fa22c1c8000

Heap:
 PSYoungGen      total 281088K, used 36832K [0x000000076ab00000, 0x000000077e800000, 0x00000007c0000000)
  eden space 244224K, 0% used [0x000000076ab00000,0x000000076ab00000,0x0000000779980000)
  from space 36864K, 99% used [0x0000000779980000,0x000000077bd782e8,0x000000077bd80000)
  to   space 30208K, 0% used [0x000000077bd80000,0x000000077bd80000,0x000000077db00000)
 ParOldGen       total 84992K, used 66250K [0x00000006c0000000, 0x00000006c5300000, 0x000000076ab00000)
  object space 84992K, 77% used [0x00000006c0000000,0x00000006c40b2b68,0x00000006c5300000)
 Metaspace       used 6530K, capacity 7256K, committed 7424K, reserved 1056768K
  class space    used 615K, capacity 656K, committed 768K, reserved 1048576K

Card table byte_map: [0x00007fa21bbf3000,0x00007fa21c3f4000] byte_map_base: 0x00007fa2185f3000

Marking Bits: (ParMarkBitMap*) 0x00007fa231ba7d60
 Begin Bits: [0x00007fa1f4000000, 0x00007fa1f8000000)
 End Bits:   [0x00007fa1f8000000, 0x00007fa1fc000000)

Polling page: 0x00007fa2327f0000

CodeCache: size=245760Kb used=9249Kb max_used=9258Kb free=236510Kb
 bounds [0x00007fa21c7b4000, 0x00007fa21d0d4000, 0x00007fa22b7b4000]
 total_blobs=2552 nmethods=2284 adapters=182
 compilation: enabled

Compilation events (10 events):
Event: 4.342 Thread 0x00007fa22c0bd000 2414   !   2       com.android.dx.command.dexer.Main$DirectClassFileConsumer::call (344 bytes)
Event: 4.346 Thread 0x00007fa22c0bd000 nmethod 2414 0x00007fa21d0b5e90 code [0x00007fa21d0b6140, 0x00007fa21d0b72a8]
Event: 4.351 Thread 0x00007fa22c0b8800 nmethod 2358 0x00007fa21d0b2350 code [0x00007fa21d0b24c0, 0x00007fa21d0b29b8]
Event: 4.351 Thread 0x00007fa22c0b8800 2046       4       com.android.dx.cf.code.BaseMachine::storeResults (90 bytes)
Event: 4.372 Thread 0x00007fa22c0b8800 nmethod 2046 0x00007fa21d0c61d0 code [0x00007fa21d0c6460, 0x00007fa21d0c72e0]
Event: 4.372 Thread 0x00007fa22c0b8800 2039       4       com.android.dx.cf.code.RopperMachine::getSources (264 bytes)
Event: 4.382 Thread 0x00007fa22c0bd000 2415       2       com.android.dx.cf.code.BaseMachine::storeResults (90 bytes)
Event: 4.383 Thread 0x00007fa22c0bd000 nmethod 2415 0x00007fa21d0b1810 code [0x00007fa21d0b19e0, 0x00007fa21d0b1e88]
Event: 4.390 Thread 0x00007fa22c0bd000 2417 %     3       com.android.dx.cf.iface.StdAttributeList::byteLength @ 9 (35 bytes)
Event: 4.390 Thread 0x00007fa22c0bd000 nmethod 2417% 0x00007fa21d0c5710 code [0x00007fa21d0c58c0, 0x00007fa21d0c5f78]

GC Heap History (10 events):
Event: 1.515 GC heap after
Heap after GC invocations=4 (full 0):
 PSYoungGen      total 68608K, used 5117K [0x000000076ab00000, 0x000000076f300000, 0x00000007c0000000)
  eden space 63488K, 0% used [0x000000076ab00000,0x000000076ab00000,0x000000076e900000)
  from space 5120K, 99% used [0x000000076ee00000,0x000000076f2ff550,0x000000076f300000)
  to   space 5120K, 0% used [0x000000076e900000,0x000000076e900000,0x000000076ee00000)
 ParOldGen       total 84992K, used 11988K [0x00000006c0000000, 0x00000006c5300000, 0x000000076ab00000)
  object space 84992K, 14% used [0x00000006c0000000,0x00000006c0bb5360,0x00000006c5300000)
 Metaspace       used 6008K, capacity 6960K, committed 7040K, reserved 1056768K
  class space    used 594K, capacity 616K, committed 640K, reserved 1048576K
}
Event: 1.909 GC heap before
{Heap before GC invocations=5 (full 0):
 PSYoungGen      total 68608K, used 68605K [0x000000076ab00000, 0x000000076f300000, 0x00000007c0000000)
  eden space 63488K, 100% used [0x000000076ab00000,0x000000076e900000,0x000000076e900000)
  from space 5120K, 99% used [0x000000076ee00000,0x000000076f2ff550,0x000000076f300000)
  to   space 5120K, 0% used [0x000000076e900000,0x000000076e900000,0x000000076ee00000)
 ParOldGen       total 84992K, used 11988K [0x00000006c0000000, 0x00000006c5300000, 0x000000076ab00000)
  object space 84992K, 14% used [0x00000006c0000000,0x00000006c0bb5360,0x00000006c5300000)
 Metaspace       used 6074K, capacity 7024K, committed 7296K, reserved 1056768K
  class space    used 595K, capacity 616K, committed 640K, reserved 1048576K
Event: 1.951 GC heap after
Heap after GC invocations=5 (full 0):
 PSYoungGen      total 68608K, used 5093K [0x000000076ab00000, 0x0000000774c00000, 0x00000007c0000000)
  eden space 63488K, 0% used [0x000000076ab00000,0x000000076ab00000,0x000000076e900000)
  from space 5120K, 99% used [0x000000076e900000,0x000000076edf9630,0x000000076ee00000)
  to   space 18944K, 0% used [0x0000000773980000,0x0000000773980000,0x0000000774c00000)
 ParOldGen       total 84992K, used 21745K [0x00000006c0000000, 0x00000006c5300000, 0x000000076ab00000)
  object space 84992K, 25% used [0x00000006c0000000,0x00000006c153c440,0x00000006c5300000)
 Metaspace       used 6074K, capacity 7024K, committed 7296K, reserved 1056768K
  class space    used 595K, capacity 616K, committed 640K, reserved 1048576K
}
Event: 2.251 GC heap before
{Heap before GC invocations=6 (full 0):
 PSYoungGen      total 68608K, used 68581K [0x000000076ab00000, 0x0000000774c00000, 0x00000007c0000000)
  eden space 63488K, 100% used [0x000000076ab00000,0x000000076e900000,0x000000076e900000)
  from space 5120K, 99% used [0x000000076e900000,0x000000076edf9630,0x000000076ee00000)
  to   space 18944K, 0% used [0x0000000773980000,0x0000000773980000,0x0000000774c00000)
 ParOldGen       total 84992K, used 21745K [0x00000006c0000000, 0x00000006c5300000, 0x000000076ab00000)
  object space 84992K, 25% used [0x00000006c0000000,0x00000006c153c440,0x00000006c5300000)
 Metaspace       used 6183K, capacity 7088K, committed 7296K, reserved 1056768K
  class space    used 595K, capacity 616K, committed 640K, reserved 1048576K
Event: 2.302 GC heap after
Heap after GC invocations=6 (full 0):
 PSYoungGen      total 144384K, used 14841K [0x000000076ab00000, 0x0000000774f00000, 0x00000007c0000000)
  eden space 125440K, 0% used [0x000000076ab00000,0x000000076ab00000,0x0000000772580000)
  from space 18944K, 78% used [0x0000000773980000,0x00000007747fe7f8,0x0000000774c00000)
  to   space 20480K, 0% used [0x0000000772580000,0x0000000772580000,0x0000000773980000)
 ParOldGen       total 84992K, used 21753K [0x00000006c0000000, 0x00000006c5300000, 0x000000076ab00000)
  object space 84992K, 25% used [0x00000006c0000000,0x00000006c153e440,0x00000006c5300000)
 Metaspace       used 6183K, capacity 7088K, committed 7296K, reserved 1056768K
  class space    used 595K, capacity 616K, committed 640K, reserved 1048576K
}
Event: 2.844 GC heap before
{Heap before GC invocations=7 (full 0):
 PSYoungGen      total 144384K, used 140281K [0x000000076ab00000, 0x0000000774f00000, 0x00000007c0000000)
  eden space 125440K, 100% used [0x000000076ab00000,0x0000000772580000,0x0000000772580000)
  from space 18944K, 78% used [0x0000000773980000,0x00000007747fe7f8,0x0000000774c00000)
  to   space 20480K, 0% used [0x0000000772580000,0x0000000772580000,0x0000000773980000)
 ParOldGen       total 84992K, used 21753K [0x00000006c0000000, 0x00000006c5300000, 0x000000076ab00000)
  object space 84992K, 25% used [0x00000006c0000000,0x00000006c153e440,0x00000006c5300000)
 Metaspace       used 6361K, capacity 7192K, committed 7424K, reserved 1056768K
  class space    used 615K, capacity 656K, committed 768K, reserved 1048576K
Event: 2.923 GC heap after
Heap after GC invocations=7 (full 0):
 PSYoungGen      total 145920K, used 20459K [0x000000076ab00000, 0x000000077db00000, 0x00000007c0000000)
  eden space 125440K, 0% used [0x000000076ab00000,0x000000076ab00000,0x0000000772580000)
  from space 20480K, 99% used [0x0000000772580000,0x000000077397ae78,0x0000000773980000)
  to   space 30208K, 0% used [0x000000077bd80000,0x000000077bd80000,0x000000077db00000)
 ParOldGen       total 84992K, used 32713K [0x00000006c0000000, 0x00000006c5300000, 0x000000076ab00000)
  object space 84992K, 38% used [0x00000006c0000000,0x00000006c1ff27b0,0x00000006c5300000)
 Metaspace       used 6361K, capacity 7192K, committed 7424K, reserved 1056768K
  class space    used 615K, capacity 656K, committed 768K, reserved 1048576K
}
Event: 3.256 GC heap before
{Heap before GC invocations=8 (full 0):
 PSYoungGen      total 145920K, used 145899K [0x000000076ab00000, 0x000000077db00000, 0x00000007c0000000)
  eden space 125440K, 100% used [0x000000076ab00000,0x0000000772580000,0x0000000772580000)
  from space 20480K, 99% used [0x0000000772580000,0x000000077397ae78,0x0000000773980000)
  to   space 30208K, 0% used [0x000000077bd80000,0x000000077bd80000,0x000000077db00000)
 ParOldGen       total 84992K, used 32713K [0x00000006c0000000, 0x00000006c5300000, 0x000000076ab00000)
  object space 84992K, 38% used [0x00000006c0000000,0x00000006c1ff27b0,0x00000006c5300000)
 Metaspace       used 6412K, capacity 7256K, committed 7424K, reserved 1056768K
  class space    used 615K, capacity 656K, committed 768K, reserved 1048576K
Event: 3.369 GC heap after
Heap after GC invocations=8 (full 0):
 PSYoungGen      total 274432K, used 30197K [0x000000076ab00000, 0x000000077e800000, 0x00000007c0000000)
  eden space 244224K, 0% used [0x000000076ab00000,0x000000076ab00000,0x0000000779980000)
  from space 30208K, 99% used [0x000000077bd80000,0x000000077dafd750,0x000000077db00000)
  to   space 36864K, 0% used [0x0000000779980000,0x0000000779980000,0x000000077bd80000)
 ParOldGen       total 84992K, used 35703K [0x00000006c0000000, 0x00000006c5300000, 0x000000076ab00000)
  object space 84992K, 42% used [0x00000006c0000000,0x00000006c22ddf70,0x00000006c5300000)
 Metaspace       used 6412K, capacity 7256K, committed 7424K, reserved 1056768K
  class space    used 615K, capacity 656K, committed 768K, reserved 1048576K
}
Event: 4.396 GC heap before
{Heap before GC invocations=9 (full 0):
 PSYoungGen      total 274432K, used 274421K [0x000000076ab00000, 0x000000077e800000, 0x00000007c0000000)
  eden space 244224K, 100% used [0x000000076ab00000,0x0000000779980000,0x0000000779980000)
  from space 30208K, 99% used [0x000000077bd80000,0x000000077dafd750,0x000000077db00000)
  to   space 36864K, 0% used [0x0000000779980000,0x0000000779980000,0x000000077bd80000)
 ParOldGen       total 84992K, used 35703K [0x00000006c0000000, 0x00000006c5300000, 0x000000076ab00000)
  object space 84992K, 42% used [0x00000006c0000000,0x00000006c22ddf70,0x00000006c5300000)
 Metaspace       used 6530K, capacity 7256K, committed 7424K, reserved 1056768K
  class space    used 615K, capacity 656K, committed 768K, reserved 1048576K

Deoptimization events (10 events):
Event: 2.363 Thread 0x00007fa22c1c1000 Uncommon trap: reason=unstable_if action=reinterpret pc=0x00007fa21cc11a80 method=java.util.HashMap.putVal(ILjava/lang/Object;Ljava/lang/Object;ZZ)Ljava/lang/Object; @ 109
Event: 2.419 Thread 0x00007fa22c1c4800 Uncommon trap: reason=unstable_if action=reinterpret pc=0x00007fa21ce75d14 method=com.android.dx.rop.code.RegisterSpec.intersect(Lcom/android/dx/rop/code/RegisterSpec;Z)Lcom/android/dx/rop/code/RegisterSpec; @ 8
Event: 2.621 Thread 0x00007fa22c1c8000 Uncommon trap: reason=unstable_if action=reinterpret pc=0x00007fa21ceb1d2c method=com.android.dx.rop.code.RegisterSpec.intersect(Lcom/android/dx/rop/code/RegisterSpec;Z)Lcom/android/dx/rop/code/RegisterSpec; @ 8
Event: 2.643 Thread 0x00007fa22c1c1000 Uncommon trap: reason=unstable_if action=reinterpret pc=0x00007fa21cb50198 method=com.android.dx.dex.code.OutputFinisher.hasLocalInfo(Lcom/android/dx/dex/code/DalvInsn;)Z @ 24
Event: 2.686 Thread 0x00007fa22c1c6000 Uncommon trap: reason=unstable_if action=reinterpret pc=0x00007fa21cdf12c0 method=com.android.dx.ssa.SCCP.simulateBranch(Lcom/android/dx/ssa/SsaInsn;)V @ 64
Event: 3.804 Thread 0x00007fa22c1c6000 Uncommon trap: reason=unstable_if action=reinterpret pc=0x00007fa21d01aa90 method=com.android.dx.rop.code.DexTranslationAdvice.hasConstantOperation(Lcom/android/dx/rop/code/Rop;Lcom/android/dx/rop/code/RegisterSpec;Lcom/android/dx/rop/code/RegisterSpec;)Z
Event: 3.887 Thread 0x00007fa22c1c1000 Uncommon trap: reason=unstable_if action=reinterpret pc=0x00007fa21d042c14 method=com.android.dx.rop.code.RegisterSpec.intersect(Lcom/android/dx/rop/code/RegisterSpec;Z)Lcom/android/dx/rop/code/RegisterSpec; @ 42
Event: 3.888 Thread 0x00007fa22c1c1000 Uncommon trap: reason=unstable_if action=reinterpret pc=0x00007fa21d04eec0 method=com.android.dx.rop.code.RegisterSpec.intersect(Lcom/android/dx/rop/code/RegisterSpec;Z)Lcom/android/dx/rop/code/RegisterSpec; @ 42
Event: 4.126 Thread 0x00007fa22c1c6000 Uncommon trap: reason=unstable_if action=reinterpret pc=0x00007fa21cd2f960 method=com.android.dx.rop.code.RegisterSpecSet.<init>(I)V @ 2
Event: 4.382 Thread 0x00007fa22c1c1000 Uncommon trap: reason=unstable_if action=reinterpret pc=0x00007fa21d0c6c78 method=com.android.dx.cf.code.ExecutionStack.push(Lcom/android/dx/rop/type/TypeBearer;)V @ 58

Internal exceptions (7 events):
Event: 0.063 Thread 0x00007fa22c00a000 Exception <a 'java/lang/NoSuchMethodError': Method sun.misc.Unsafe.defineClass(Ljava/lang/String;[BII)Ljava/lang/Class; name or signature does not match> (0x000000076ab07cc0) thrown at [/HUDSON/workspace/8-2-build-linux-amd64/jdk8u91/6644/hotspot/src/shar
Event: 0.063 Thread 0x00007fa22c00a000 Exception <a 'java/lang/NoSuchMethodError': Method sun.misc.Unsafe.prefetchRead(Ljava/lang/Object;J)V name or signature does not match> (0x000000076ab07fa8) thrown at [/HUDSON/workspace/8-2-build-linux-amd64/jdk8u91/6644/hotspot/src/share/vm/prims/jni.cpp
Event: 1.120 Thread 0x00007fa22c1c1000 Implicit null exception at 0x00007fa21ca94326 to 0x00007fa21ca96671
Event: 1.120 Thread 0x00007fa22c1c1000 Implicit null exception at 0x00007fa21ca7e95a to 0x00007fa21ca80bc9
Event: 2.341 Thread 0x00007fa22c1c8000 Exception <a 'java/lang/ArrayIndexOutOfBoundsException': 18> (0x000000076b2c1028) thrown at [/HUDSON/workspace/8-2-build-linux-amd64/jdk8u91/6644/hotspot/src/share/vm/interpreter/interpreterRuntime.cpp, line 366]
Event: 2.342 Thread 0x00007fa22c1c8000 Exception <a 'java/lang/ArrayIndexOutOfBoundsException': 145> (0x000000076b2c2ba8) thrown at [/HUDSON/workspace/8-2-build-linux-amd64/jdk8u91/6644/hotspot/src/share/vm/interpreter/interpreterRuntime.cpp, line 366]
Event: 2.343 Thread 0x00007fa22c1c8000 Exception <a 'java/lang/ArrayIndexOutOfBoundsException'> (0x000000076b2c3e90) thrown at [/HUDSON/workspace/8-2-build-linux-amd64/jdk8u91/6644/hotspot/src/share/vm/runtime/sharedRuntime.cpp, line 605]

Events (10 events):
Event: 4.372 Thread 0x00007fa22c1c1000 DEOPT PACKING pc=0x00007fa21ca6876b sp=0x00007fa213ffdcb0
Event: 4.372 Thread 0x00007fa22c1c1000 DEOPT UNPACKING pc=0x00007fa21c7fb633 sp=0x00007fa213ffda18 mode 0
Event: 4.372 Thread 0x00007fa22c1c1000 DEOPT PACKING pc=0x00007fa21ca6876b sp=0x00007fa213ffddb0
Event: 4.372 Thread 0x00007fa22c1c1000 DEOPT UNPACKING pc=0x00007fa21c7fb633 sp=0x00007fa213ffdb18 mode 0
Event: 4.382 Thread 0x00007fa22c1c1000 Uncommon trap: trap_request=0xffffff65 fr.pc=0x00007fa21d0c6c78
Event: 4.382 Thread 0x00007fa22c1c1000 DEOPT PACKING pc=0x00007fa21d0c6c78 sp=0x00007fa213ffd360
Event: 4.382 Thread 0x00007fa22c1c1000 DEOPT UNPACKING pc=0x00007fa21c7b9229 sp=0x00007fa213ffd2c0 mode 2
Event: 4.390 Thread 0x00007fa22c00a000 DEOPT PACKING pc=0x00007fa21cdd5e39 sp=0x00007fa2327cd910
Event: 4.390 Thread 0x00007fa22c00a000 DEOPT UNPACKING pc=0x00007fa21c7fb633 sp=0x00007fa2327cd620 mode 0
Event: 4.396 Executing VM operation: ParallelGCFailedAllocation


Dynamic libraries:
00400000-00401000 r-xp 00000000 08:01 1454135                            /usr/lib/jvm/java-8-oracle/bin/java
00600000-00601000 rw-p 00000000 08:01 1454135                            /usr/lib/jvm/java-8-oracle/bin/java
01606000-01627000 rw-p 00000000 00:00 0                                  [heap]
6c0000000-6c5300000 rw-p 00000000 00:00 0 
6c5300000-76ab00000 ---p 00000000 00:00 0 
76ab00000-77e800000 rw-p 00000000 00:00 0 
789600000-7c0000000 ---p 00000000 00:00 0 
7c0000000-7c00c0000 rw-p 00000000 00:00 0 
7c00c0000-800000000 ---p 00000000 00:00 0 
7fa1bc000000-7fa1bc021000 rw-p 00000000 00:00 0 
7fa1bc021000-7fa1c0000000 ---p 00000000 00:00 0 
7fa1c4000000-7fa1c4021000 rw-p 00000000 00:00 0 
7fa1c4021000-7fa1c8000000 ---p 00000000 00:00 0 
7fa1c8000000-7fa1c8021000 rw-p 00000000 00:00 0 
7fa1c8021000-7fa1cc000000 ---p 00000000 00:00 0 
7fa1cc000000-7fa1cc03c000 rw-p 00000000 00:00 0 
7fa1cc03c000-7fa1d0000000 ---p 00000000 00:00 0 
7fa1d0000000-7fa1d0021000 rw-p 00000000 00:00 0 
7fa1d0021000-7fa1d4000000 ---p 00000000 00:00 0 
7fa1d4000000-7fa1d4021000 rw-p 00000000 00:00 0 
7fa1d4021000-7fa1d8000000 ---p 00000000 00:00 0 
7fa1d8000000-7fa1d8021000 rw-p 00000000 00:00 0 
7fa1d8021000-7fa1dc000000 ---p 00000000 00:00 0 
7fa1dc000000-7fa1dcbf4000 rw-p 00000000 00:00 0 
7fa1dcbf4000-7fa1e0000000 ---p 00000000 00:00 0 
7fa1e0000000-7fa1e0a7a000 rw-p 00000000 00:00 0 
7fa1e0a7a000-7fa1e4000000 ---p 00000000 00:00 0 
7fa1e4000000-7fa1e4021000 rw-p 00000000 00:00 0 
7fa1e4021000-7fa1e8000000 ---p 00000000 00:00 0 
7fa1e8000000-7fa1e8aac000 rw-p 00000000 00:00 0 
7fa1e8aac000-7fa1ec000000 ---p 00000000 00:00 0 
7fa1ec000000-7fa1ec021000 rw-p 00000000 00:00 0 
7fa1ec021000-7fa1f0000000 ---p 00000000 00:00 0 
7fa1f0000000-7fa1f0021000 rw-p 00000000 00:00 0 
7fa1f0021000-7fa1f4000000 ---p 00000000 00:00 0 
7fa1f4000000-7fa1fc000000 rw-p 00000000 00:00 0 
7fa1fc000000-7fa1fc021000 rw-p 00000000 00:00 0 
7fa1fc021000-7fa200000000 ---p 00000000 00:00 0 
7fa200000000-7fa20028c000 rw-p 00000000 00:00 0 
7fa20028c000-7fa204000000 ---p 00000000 00:00 0 
7fa204000000-7fa204021000 rw-p 00000000 00:00 0 
7fa204021000-7fa208000000 ---p 00000000 00:00 0 
7fa20c000000-7fa20c021000 rw-p 00000000 00:00 0 
7fa20c021000-7fa210000000 ---p 00000000 00:00 0 
7fa213afb000-7fa213afe000 ---p 00000000 00:00 0 
7fa213afe000-7fa213bfc000 rw-p 00000000 00:00 0 
7fa213bfc000-7fa213bff000 ---p 00000000 00:00 0 
7fa213bff000-7fa213cfd000 rw-p 00000000 00:00 0 
7fa213cfd000-7fa213d00000 ---p 00000000 00:00 0 
7fa213d00000-7fa213dfe000 rw-p 00000000 00:00 0 
7fa213dfe000-7fa213e01000 ---p 00000000 00:00 0 
7fa213e01000-7fa213eff000 rw-p 00000000 00:00 0 
7fa213eff000-7fa213f02000 ---p 00000000 00:00 0 
7fa213f02000-7fa214000000 rw-p 00000000 00:00 0 
7fa214000000-7fa214021000 rw-p 00000000 00:00 0 
7fa214021000-7fa218000000 ---p 00000000 00:00 0 
7fa2180bd000-7fa2180f3000 r--s 002b8000 08:05 4855664                    /home/onmymobile/AndroidStudioProjects/Heritage/SmsCapture (2)/app/build/intermediates/transforms/jarMerging/release/jars/1/1f/combined.jar
7fa2180f3000-7fa2180f4000 ---p 00000000 00:00 0 
7fa2180f4000-7fa2181f4000 rw-p 00000000 00:00 0 
7fa2181f4000-7fa2181f7000 ---p 00000000 00:00 0 
7fa2181f7000-7fa2182f5000 rw-p 00000000 00:00 0 
7fa2182f5000-7fa2182f8000 ---p 00000000 00:00 0 
7fa2182f8000-7fa2183f6000 rw-p 00000000 00:00 0 
7fa2183f6000-7fa2183f9000 ---p 00000000 00:00 0 
7fa2183f9000-7fa2184f7000 rw-p 00000000 00:00 0 
7fa2184f7000-7fa2184fa000 ---p 00000000 00:00 0 
7fa2184fa000-7fa2185f8000 rw-p 00000000 00:00 0 
7fa2185f8000-7fa2185fb000 ---p 00000000 00:00 0 
7fa2185fb000-7fa2186f9000 rw-p 00000000 00:00 0 
7fa2186f9000-7fa218ddb000 r--p 00000000 08:01 1448881                    /usr/lib/locale/locale-archive
7fa218ddb000-7fa218dde000 ---p 00000000 00:00 0 
7fa218dde000-7fa218edc000 rw-p 00000000 00:00 0 
7fa218edc000-7fa218edf000 ---p 00000000 00:00 0 
7fa218edf000-7fa218fdd000 rw-p 00000000 00:00 0 
7fa218fdd000-7fa218fde000 ---p 00000000 00:00 0 
7fa218fde000-7fa21a0c0000 rw-p 00000000 00:00 0 
7fa21a0c0000-7fa21a299000 r--s 03d1f000 08:01 1452558                    /usr/lib/jvm/java-8-oracle/jre/lib/rt.jar
7fa21a299000-7fa21a919000 rw-p 00000000 00:00 0 
7fa21a919000-7fa21aa99000 ---p 00000000 00:00 0 
7fa21aa99000-7fa21b299000 rw-p 00000000 00:00 0 
7fa21b299000-7fa21b29a000 ---p 00000000 00:00 0 
7fa21b29a000-7fa21b39a000 rw-p 00000000 00:00 0 
7fa21b39a000-7fa21b39b000 ---p 00000000 00:00 0 
7fa21b39b000-7fa21b49b000 rw-p 00000000 00:00 0 
7fa21b49b000-7fa21b49c000 ---p 00000000 00:00 0 
7fa21b49c000-7fa21b59c000 rw-p 00000000 00:00 0 
7fa21b59c000-7fa21b59d000 ---p 00000000 00:00 0 
7fa21b59d000-7fa21b6c7000 rw-p 00000000 00:00 0 
7fa21b6c7000-7fa21bbf3000 ---p 00000000 00:00 0 
7fa21bbf3000-7fa21bc1d000 rw-p 00000000 00:00 0 
7fa21bc1d000-7fa21c148000 ---p 00000000 00:00 0 
7fa21c148000-7fa21c1e7000 rw-p 00000000 00:00 0 
7fa21c1e7000-7fa21c3f3000 ---p 00000000 00:00 0 
7fa21c3f3000-7fa21c419000 rw-p 00000000 00:00 0 
7fa21c419000-7fa21c7b4000 ---p 00000000 00:00 0 
7fa21c7b4000-7fa21d0d4000 rwxp 00000000 00:00 0 
7fa21d0d4000-7fa22b7b4000 ---p 00000000 00:00 0 
7fa22b7b4000-7fa22b7ce000 r-xp 00000000 08:01 1452613                    /usr/lib/jvm/java-8-oracle/jre/lib/amd64/libzip.so
7fa22b7ce000-7fa22b9ce000 ---p 0001a000 08:01 1452613                    /usr/lib/jvm/java-8-oracle/jre/lib/amd64/libzip.so
7fa22b9ce000-7fa22b9cf000 rw-p 0001a000 08:01 1452613                    /usr/lib/jvm/java-8-oracle/jre/lib/amd64/libzip.so
7fa22b9cf000-7fa22b9d9000 r-xp 00000000 08:01 7078098                    /lib/x86_64-linux-gnu/libnss_files-2.19.so
7fa22b9d9000-7fa22bbd8000 ---p 0000a000 08:01 7078098                    /lib/x86_64-linux-gnu/libnss_files-2.19.so
7fa22bbd8000-7fa22bbd9000 r--p 00009000 08:01 7078098                    /lib/x86_64-linux-gnu/libnss_files-2.19.so
7fa22bbd9000-7fa22bbda000 rw-p 0000a000 08:01 7078098                    /lib/x86_64-linux-gnu/libnss_files-2.19.so
7fa22bbda000-7fa22bbe5000 r-xp 00000000 08:01 7078090                    /lib/x86_64-linux-gnu/libnss_nis-2.19.so
7fa22bbe5000-7fa22bde4000 ---p 0000b000 08:01 7078090                    /lib/x86_64-linux-gnu/libnss_nis-2.19.so
7fa22bde4000-7fa22bde5000 r--p 0000a000 08:01 7078090                    /lib/x86_64-linux-gnu/libnss_nis-2.19.so
7fa22bde5000-7fa22bde6000 rw-p 0000b000 08:01 7078090                    /lib/x86_64-linux-gnu/libnss_nis-2.19.so
7fa22bde6000-7fa22bdfd000 r-xp 00000000 08:01 7078086                    /lib/x86_64-linux-gnu/libnsl-2.19.so
7fa22bdfd000-7fa22bffc000 ---p 00017000 08:01 7078086                    /lib/x86_64-linux-gnu/libnsl-2.19.so
7fa22bffc000-7fa22bffd000 r--p 00016000 08:01 7078086                    /lib/x86_64-linux-gnu/libnsl-2.19.so
7fa22bffd000-7fa22bffe000 rw-p 00017000 08:01 7078086                    /lib/x86_64-linux-gnu/libnsl-2.19.so
7fa22bffe000-7fa22c000000 rw-p 00000000 00:00 0 
7fa22c000000-7fa22c3bb000 rw-p 00000000 00:00 0 
7fa22c3bb000-7fa230000000 ---p 00000000 00:00 0 
7fa230007000-7fa23009e000 rw-p 00000000 00:00 0 
7fa23009e000-7fa2300a7000 r-xp 00000000 08:01 7078085                    /lib/x86_64-linux-gnu/libnss_compat-2.19.so
7fa2300a7000-7fa2302a6000 ---p 00009000 08:01 7078085                    /lib/x86_64-linux-gnu/libnss_compat-2.19.so
7fa2302a6000-7fa2302a7000 r--p 00008000 08:01 7078085                    /lib/x86_64-linux-gnu/libnss_compat-2.19.so
7fa2302a7000-7fa2302a8000 rw-p 00009000 08:01 7078085                    /lib/x86_64-linux-gnu/libnss_compat-2.19.so
7fa2302a8000-7fa2302d2000 r-xp 00000000 08:01 1452593                    /usr/lib/jvm/java-8-oracle/jre/lib/amd64/libjava.so
7fa2302d2000-7fa2304d2000 ---p 0002a000 08:01 1452593                    /usr/lib/jvm/java-8-oracle/jre/lib/amd64/libjava.so
7fa2304d2000-7fa2304d4000 rw-p 0002a000 08:01 1452593                    /usr/lib/jvm/java-8-oracle/jre/lib/amd64/libjava.so
7fa2304d4000-7fa2304e1000 r-xp 00000000 08:01 1452610                    /usr/lib/jvm/java-8-oracle/jre/lib/amd64/libverify.so
7fa2304e1000-7fa2306e1000 ---p 0000d000 08:01 1452610                    /usr/lib/jvm/java-8-oracle/jre/lib/amd64/libverify.so
7fa2306e1000-7fa2306e3000 rw-p 0000d000 08:01 1452610                    /usr/lib/jvm/java-8-oracle/jre/lib/amd64/libverify.so
7fa2306e3000-7fa2306ea000 r-xp 00000000 08:01 7078094                    /lib/x86_64-linux-gnu/librt-2.19.so
7fa2306ea000-7fa2308e9000 ---p 00007000 08:01 7078094                    /lib/x86_64-linux-gnu/librt-2.19.so
7fa2308e9000-7fa2308ea000 r--p 00006000 08:01 7078094                    /lib/x86_64-linux-gnu/librt-2.19.so
7fa2308ea000-7fa2308eb000 rw-p 00007000 08:01 7078094                    /lib/x86_64-linux-gnu/librt-2.19.so
7fa2308eb000-7fa2309f0000 r-xp 00000000 08:01 7078080                    /lib/x86_64-linux-gnu/libm-2.19.so
7fa2309f0000-7fa230bef000 ---p 00105000 08:01 7078080                    /lib/x86_64-linux-gnu/libm-2.19.so
7fa230bef000-7fa230bf0000 r--p 00104000 08:01 7078080                    /lib/x86_64-linux-gnu/libm-2.19.so
7fa230bf0000-7fa230bf1000 rw-p 00105000 08:01 7078080                    /lib/x86_64-linux-gnu/libm-2.19.so
7fa230bf1000-7fa2318b1000 r-xp 00000000 08:01 1452601                    /usr/lib/jvm/java-8-oracle/jre/lib/amd64/server/libjvm.so
7fa2318b1000-7fa231ab1000 ---p 00cc0000 08:01 1452601                    /usr/lib/jvm/java-8-oracle/jre/lib/amd64/server/libjvm.so
7fa231ab1000-7fa231b89000 rw-p 00cc0000 08:01 1452601                    /usr/lib/jvm/java-8-oracle/jre/lib/amd64/server/libjvm.so
7fa231b89000-7fa231bd4000 rw-p 00000000 00:00 0 
7fa231bd4000-7fa231d8e000 r-xp 00000000 08:01 7078095                    /lib/x86_64-linux-gnu/libc-2.19.so
7fa231d8e000-7fa231f8e000 ---p 001ba000 08:01 7078095                    /lib/x86_64-linux-gnu/libc-2.19.so
7fa231f8e000-7fa231f92000 r--p 001ba000 08:01 7078095                    /lib/x86_64-linux-gnu/libc-2.19.so
7fa231f92000-7fa231f94000 rw-p 001be000 08:01 7078095                    /lib/x86_64-linux-gnu/libc-2.19.so
7fa231f94000-7fa231f99000 rw-p 00000000 00:00 0 
7fa231f99000-7fa231f9c000 r-xp 00000000 08:01 7078082                    /lib/x86_64-linux-gnu/libdl-2.19.so
7fa231f9c000-7fa23219b000 ---p 00003000 08:01 7078082                    /lib/x86_64-linux-gnu/libdl-2.19.so
7fa23219b000-7fa23219c000 r--p 00002000 08:01 7078082                    /lib/x86_64-linux-gnu/libdl-2.19.so
7fa23219c000-7fa23219d000 rw-p 00003000 08:01 7078082                    /lib/x86_64-linux-gnu/libdl-2.19.so
7fa23219d000-7fa2321b2000 r-xp 00000000 08:01 1454079                    /usr/lib/jvm/java-8-oracle/lib/amd64/jli/libjli.so
7fa2321b2000-7fa2323b2000 ---p 00015000 08:01 1454079                    /usr/lib/jvm/java-8-oracle/lib/amd64/jli/libjli.so
7fa2323b2000-7fa2323b3000 rw-p 00015000 08:01 1454079                    /usr/lib/jvm/java-8-oracle/lib/amd64/jli/libjli.so
7fa2323b3000-7fa2323cc000 r-xp 00000000 08:01 7078087                    /lib/x86_64-linux-gnu/libpthread-2.19.so
7fa2323cc000-7fa2325cb000 ---p 00019000 08:01 7078087                    /lib/x86_64-linux-gnu/libpthread-2.19.so
7fa2325cb000-7fa2325cc000 r--p 00018000 08:01 7078087                    /lib/x86_64-linux-gnu/libpthread-2.19.so
7fa2325cc000-7fa2325cd000 rw-p 00019000 08:01 7078087                    /lib/x86_64-linux-gnu/libpthread-2.19.so
7fa2325cd000-7fa2325d1000 rw-p 00000000 00:00 0 
7fa2325d1000-7fa2325f4000 r-xp 00000000 08:01 7078088                    /lib/x86_64-linux-gnu/ld-2.19.so
7fa2325fc000-7fa2326cf000 rw-p 00000000 00:00 0 
7fa2326cf000-7fa2326d2000 ---p 00000000 00:00 0 
7fa2326d2000-7fa2327d4000 rw-p 00000000 00:00 0 
7fa2327d7000-7fa2327d8000 rw-p 00000000 00:00 0 
7fa2327d8000-7fa2327e7000 r--s 000df000 08:05 264644                     /home/onmymobile/Android/Sdk/build-tools/23.0.3/lib/dx.jar
7fa2327e7000-7fa2327ef000 rw-s 00000000 08:01 524430                     /tmp/hsperfdata_onmymobile/17132
7fa2327ef000-7fa2327f0000 rw-p 00000000 00:00 0 
7fa2327f0000-7fa2327f1000 ---p 00000000 00:00 0 
7fa2327f1000-7fa2327f3000 rw-p 00000000 00:00 0 
7fa2327f3000-7fa2327f4000 r--p 00022000 08:01 7078088                    /lib/x86_64-linux-gnu/ld-2.19.so
7fa2327f4000-7fa2327f5000 rw-p 00023000 08:01 7078088                    /lib/x86_64-linux-gnu/ld-2.19.so
7fa2327f5000-7fa2327f6000 rw-p 00000000 00:00 0 
7ffe7f8cd000-7ffe7f8ee000 rw-p 00000000 00:00 0                          [stack]
7ffe7f8f3000-7ffe7f8f5000 r--p 00000000 00:00 0                          [vvar]
7ffe7f8f5000-7ffe7f8f7000 r-xp 00000000 00:00 0                          [vdso]
ffffffffff600000-ffffffffff601000 r-xp 00000000 00:00 0                  [vsyscall]

VM Arguments:
jvm_args: -Djava.awt.headless=true -Xmx4g -Dfile.encoding=UTF-8 -Duser.country=IN -Duser.language=en -Duser.variant 
java_command: com.android.dx.command.Main --dex --num-threads=4 --multi-dex --main-dex-list /home/onmymobile/AndroidStudioProjects/Heritage/SmsCapture (2)/app/build/intermediates/multi-dex/release/maindexlist.txt --output /home/onmymobile/AndroidStudioProjects/Heritage/SmsCapture (2)/app/build/intermediates/transforms/dex/release/folders/1000/1f/main /home/onmymobile/AndroidStudioProjects/Heritage/SmsCapture (2)/app/build/intermediates/transforms/jarMerging/release/jars/1/1f/combined.jar
java_class_path (initial): /home/onmymobile/Android/Sdk/build-tools/23.0.3/lib/dx.jar
Launcher Type: SUN_STANDARD

Environment Variables:
JAVA_HOME=/usr/lib/jvm/java-8-oracle
PATH=/home/onmymobile/bin:/usr/local/sbin:/usr/local/bin:/usr/sbin:/usr/bin:/sbin:/bin:/usr/games:/usr/local/games:/usr/lib/jvm/java-8-oracle/bin:/usr/lib/jvm/java-8-oracle/db/bin:/usr/lib/jvm/java-8-oracle/jre/bin
SHELL=/bin/bash
DISPLAY=:0

Signal Handlers:
SIGSEGV: [libjvm.so+0xabca10], sa_mask[0]=11111111011111111101111111111110, sa_flags=SA_RESTART|SA_SIGINFO
SIGBUS: [libjvm.so+0xabca10], sa_mask[0]=11111111011111111101111111111110, sa_flags=SA_RESTART|SA_SIGINFO
SIGFPE: [libjvm.so+0x919a20], sa_mask[0]=11111111011111111101111111111110, sa_flags=SA_RESTART|SA_SIGINFO
SIGPIPE: [libjvm.so+0x919a20], sa_mask[0]=11111111011111111101111111111110, sa_flags=SA_RESTART|SA_SIGINFO
SIGXFSZ: [libjvm.so+0x919a20], sa_mask[0]=11111111011111111101111111111110, sa_flags=SA_RESTART|SA_SIGINFO
SIGILL: [libjvm.so+0x919a20], sa_mask[0]=11111111011111111101111111111110, sa_flags=SA_RESTART|SA_SIGINFO
SIGUSR1: SIG_DFL, sa_mask[0]=00000000000000000000000000000000, sa_flags=none
SIGUSR2: [libjvm.so+0x91b050], sa_mask[0]=00100000000000000000000000000000, sa_flags=SA_RESTART|SA_SIGINFO
SIGHUP: [libjvm.so+0x91c450], sa_mask[0]=11111111011111111101111111111110, sa_flags=SA_RESTART|SA_SIGINFO
SIGINT: [libjvm.so+0x91c450], sa_mask[0]=11111111011111111101111111111110, sa_flags=SA_RESTART|SA_SIGINFO
SIGTERM: [libjvm.so+0x91c450], sa_mask[0]=11111111011111111101111111111110, sa_flags=SA_RESTART|SA_SIGINFO
SIGQUIT: [libjvm.so+0x91c450], sa_mask[0]=11111111011111111101111111111110, sa_flags=SA_RESTART|SA_SIGINFO


---------------  S Y S T E M  ---------------

OS:DISTRIB_ID=Ubuntu
DISTRIB_RELEASE=14.04
DISTRIB_CODENAME=trusty
DISTRIB_DESCRIPTION="Ubuntu 14.04.4 LTS"

uname:Linux 4.2.0-42-generic #49~14.04.1-Ubuntu SMP Wed Jun 29 20:22:11 UTC 2016 x86_64
libc:glibc 2.19 NPTL 2.19 
rlimit: STACK 8192k, CORE 0k, NPROC 31336, NOFILE 4096, AS infinity
load average:1.86 1.83 1.35

/proc/meminfo:
MemTotal:        8044164 kB
MemFree:          138564 kB
MemAvailable:      90088 kB
Buffers:             708 kB
Cached:          1061228 kB
SwapCached:            0 kB
Active:          6812028 kB
Inactive:         872456 kB
Active(anon):    6804032 kB
Inactive(anon):   852396 kB
Active(file):       7996 kB
Inactive(file):    20060 kB
Unevictable:         156 kB
Mlocked:             156 kB
SwapTotal:             0 kB
SwapFree:              0 kB
Dirty:               276 kB
Writeback:             0 kB
AnonPages:       6622804 kB
Mapped:           459180 kB
Shmem:           1033780 kB
Slab:              88048 kB
SReclaimable:      43928 kB
SUnreclaim:        44120 kB
KernelStack:       12752 kB
PageTables:        65328 kB
NFS_Unstable:          0 kB
Bounce:                0 kB
WritebackTmp:          0 kB
CommitLimit:     4022080 kB
Committed_AS:   13764256 kB
VmallocTotal:   34359738367 kB
VmallocUsed:      358884 kB
VmallocChunk:   34358947836 kB
HardwareCorrupted:     0 kB
AnonHugePages:   3966976 kB
CmaTotal:              0 kB
CmaFree:               0 kB
HugePages_Total:       0
HugePages_Free:        0
HugePages_Rsvd:        0
HugePages_Surp:        0
Hugepagesize:       2048 kB
DirectMap4k:      196128 kB
DirectMap2M:     8060928 kB


CPU:total 4 (2 cores per cpu, 2 threads per core) family 6 model 58 stepping 9, cmov, cx8, fxsr, mmx, sse, sse2, sse3, ssse3, sse4.1, sse4.2, popcnt, avx, aes, clmul, erms, ht, tsc, tscinvbit, tscinv

/proc/cpuinfo:
processor	: 0
vendor_id	: GenuineIntel
cpu family	: 6
model		: 58
model name	: Intel(R) Core(TM) i5-3340M CPU @ 2.70GHz
stepping	: 9
microcode	: 0x15
cpu MHz		: 3203.507
cache size	: 3072 KB
physical id	: 0
siblings	: 4
core id		: 0
cpu cores	: 2
apicid		: 0
initial apicid	: 0
fpu		: yes
fpu_exception	: yes
cpuid level	: 13
wp		: yes
flags		: fpu vme de pse tsc msr pae mce cx8 apic sep mtrr pge mca cmov pat pse36 clflush dts acpi mmx fxsr sse sse2 ss ht tm pbe syscall nx rdtscp lm constant_tsc arch_perfmon pebs bts rep_good nopl xtopology nonstop_tsc aperfmperf eagerfpu pni pclmulqdq dtes64 monitor ds_cpl vmx smx est tm2 ssse3 cx16 xtpr pdcm pcid sse4_1 sse4_2 x2apic popcnt tsc_deadline_timer aes xsave avx f16c rdrand lahf_lm ida arat epb pln pts dtherm tpr_shadow vnmi flexpriority ept vpid fsgsbase smep erms xsaveopt
bugs		:
bogomips	: 5382.55
clflush size	: 64
cache_alignment	: 64
address sizes	: 36 bits physical, 48 bits virtual
power management:

processor	: 1
vendor_id	: GenuineIntel
cpu family	: 6
model		: 58
model name	: Intel(R) Core(TM) i5-3340M CPU @ 2.70GHz
stepping	: 9
microcode	: 0x15
cpu MHz		: 3182.519
cache size	: 3072 KB
physical id	: 0
siblings	: 4
core id		: 1
cpu cores	: 2
apicid		: 2
initial apicid	: 2
fpu		: yes
fpu_exception	: yes
cpuid level	: 13
wp		: yes
flags		: fpu vme de pse tsc msr pae mce cx8 apic sep mtrr pge mca cmov pat pse36 clflush dts acpi mmx fxsr sse sse2 ss ht tm pbe syscall nx rdtscp lm constant_tsc arch_perfmon pebs bts rep_good nopl xtopology nonstop_tsc aperfmperf eagerfpu pni pclmulqdq dtes64 monitor ds_cpl vmx smx est tm2 ssse3 cx16 xtpr pdcm pcid sse4_1 sse4_2 x2apic popcnt tsc_deadline_timer aes xsave avx f16c rdrand lahf_lm ida arat epb pln pts dtherm tpr_shadow vnmi flexpriority ept vpid fsgsbase smep erms xsaveopt
bugs		:
bogomips	: 5382.55
clflush size	: 64
cache_alignment	: 64
address sizes	: 36 bits physical, 48 bits virtual
power management:

processor	: 2
vendor_id	: GenuineIntel
cpu family	: 6
model		: 58
model name	: Intel(R) Core(TM) i5-3340M CPU @ 2.70GHz
stepping	: 9
microcode	: 0x15
cpu MHz		: 3199.921
cache size	: 3072 KB
physical id	: 0
siblings	: 4
core id		: 0
cpu cores	: 2
apicid		: 1
initial apicid	: 1
fpu		: yes
fpu_exception	: yes
cpuid level	: 13
wp		: yes
flags		: fpu vme de pse tsc msr pae mce cx8 apic sep mtrr pge mca cmov pat pse36 clflush dts acpi mmx fxsr sse sse2 ss ht tm pbe syscall nx rdtscp lm constant_tsc arch_perfmon pebs bts rep_good nopl xtopology nonstop_tsc aperfmperf eagerfpu pni pclmulqdq dtes64 monitor ds_cpl vmx smx est tm2 ssse3 cx16 xtpr pdcm pcid sse4_1 sse4_2 x2apic popcnt tsc_deadline_timer aes xsave avx f16c rdrand lahf_lm ida arat epb pln pts dtherm tpr_shadow vnmi flexpriority ept vpid fsgsbase smep erms xsaveopt
bugs		:
bogomips	: 5382.55
clflush size	: 64
cache_alignment	: 64
address sizes	: 36 bits physical, 48 bits virtual
power management:

processor	: 3
vendor_id	: GenuineIntel
cpu family	: 6
model		: 58
model name	: Intel(R) Core(TM) i5-3340M CPU @ 2.70GHz
stepping	: 9
microcode	: 0x15
cpu MHz		: 3199.921
cache size	: 3072 KB
physical id	: 0
siblings	: 4
core id		: 1
cpu cores	: 2
apicid		: 3
initial apicid	: 3
fpu		: yes
fpu_exception	: yes
cpuid level	: 13
wp		: yes
flags		: fpu vme de pse tsc msr pae mce cx8 apic sep mtrr pge mca cmov pat pse36 clflush dts acpi mmx fxsr sse sse2 ss ht tm pbe syscall nx rdtscp lm constant_tsc arch_perfmon pebs bts rep_good nopl xtopology nonstop_tsc aperfmperf eagerfpu pni pclmulqdq dtes64 monitor ds_cpl vmx smx est tm2 ssse3 cx16 xtpr pdcm pcid sse4_1 sse4_2 x2apic popcnt tsc_deadline_timer aes xsave avx f16c rdrand lahf_lm ida arat epb pln pts dtherm tpr_shadow vnmi flexpriority ept vpid fsgsbase smep erms xsaveopt
bugs		:
bogomips	: 5382.55
clflush size	: 64
cache_alignment	: 64
address sizes	: 36 bits physical, 48 bits virtual
power management:



Memory: 4k page, physical 8044164k(138564k free), swap 0k(0k free)

vm_info: Java HotSpot(TM) 64-Bit Server VM (25.91-b14) for linux-amd64 JRE (1.8.0_91-b14), built on Apr  1 2016 00:57:21 by "java_re" with gcc 4.3.0 20080428 (Red Hat 4.3.0-8)

time: Thu Jul 21 16:50:58 2016
elapsed time: 4 seconds (0d 0h 0m 4s)

